Removed Pin From Net: NetName=VDD Pin=J3-10
Removed Pin From Net: NetName=VDD Pin=R3-2
Removed Pin From Net: NetName=VDD Pin=R4-1
Removed Pin From Net: NetName=VDD Pin=R5-1
Removed Pin From Net: NetName=VDD Pin=R7-2
Removed Pin From Net: NetName=VDD Pin=R16-1
Removed Pin From Net: NetName=VDD Pin=R17-1
Removed Pin From Net: NetName=VDD Pin=R18-1
Removed Pin From Net: NetName=NetR27_1 Pin=R27-1
Change Component Designator: OldDesignator=R11 NewDesignator=R13
Change Component Designator: OldDesignator=R12 NewDesignator=R14
Change Component Designator: OldDesignator=R13 NewDesignator=R15
Change Component Designator: OldDesignator=R14 NewDesignator=R16
Change Component Designator: OldDesignator=R15 NewDesignator=R17
Change Component Designator: OldDesignator=R16 NewDesignator=R20
Change Component Designator: OldDesignator=R17 NewDesignator=R21
Change Component Designator: OldDesignator=R18 NewDesignator=R22
Change Component Designator: OldDesignator=R19 NewDesignator=R24
Change Component Designator: OldDesignator=R20 NewDesignator=R25
Change Component Designator: OldDesignator=R21 NewDesignator=R26
Change Component Designator: OldDesignator=R22 NewDesignator=R27
Change Component Designator: OldDesignator=R23 NewDesignator=R28
Change Component Designator: OldDesignator=R24 NewDesignator=R29
Change Component Designator: OldDesignator=R25 NewDesignator=R30
Change Component Designator: OldDesignator=R26 NewDesignator=R31
Change Component Designator: OldDesignator=R27 NewDesignator=R32
Added Component: Designator=R11(0603R)
Add component (AddParameter): Name = "Published"; Value = "8-Jun-2000"; VariantName = "[No Variations]"
Add component (AddParameter): Name = "Publisher"; Value = "Altium Limited"; VariantName = "[No Variations]"
Add component (AddParameter): Name = "Revision"; Value = "July-2002: Re-released for DXP Platform."; VariantName = "[No Variations]"
Add component (AddParameter): Name = "Value"; Value = "1K"; VariantName = "[No Variations]"
Added Component: Designator=R12(0603R)
Add component (AddParameter): Name = "Published"; Value = "8-Jun-2000"; VariantName = "[No Variations]"
Add component (AddParameter): Name = "Publisher"; Value = "Altium Limited"; VariantName = "[No Variations]"
Add component (AddParameter): Name = "Revision"; Value = "July-2002: Re-released for DXP Platform."; VariantName = "[No Variations]"
Add component (AddParameter): Name = "Value"; Value = "1K"; VariantName = "[No Variations]"
Added Component: Designator=R18(0603R)
Add component (AddParameter): Name = "Published"; Value = "8-Jun-2000"; VariantName = "[No Variations]"
Add component (AddParameter): Name = "Publisher"; Value = "Altium Limited"; VariantName = "[No Variations]"
Add component (AddParameter): Name = "Revision"; Value = "July-2002: Re-released for DXP Platform."; VariantName = "[No Variations]"
Add component (AddParameter): Name = "Value"; Value = "1K"; VariantName = "[No Variations]"
Added Component: Designator=R19(0603R)
Add component (AddParameter): Name = "Published"; Value = "8-Jun-2000"; VariantName = "[No Variations]"
Add component (AddParameter): Name = "Publisher"; Value = "Altium Limited"; VariantName = "[No Variations]"
Add component (AddParameter): Name = "Revision"; Value = "July-2002: Re-released for DXP Platform."; VariantName = "[No Variations]"
Add component (AddParameter): Name = "Value"; Value = "1K"; VariantName = "[No Variations]"
Added Component: Designator=R23(0603R)
Add component (AddParameter): Name = "Published"; Value = "8-Jun-2000"; VariantName = "[No Variations]"
Add component (AddParameter): Name = "Publisher"; Value = "Altium Limited"; VariantName = "[No Variations]"
Add component (AddParameter): Name = "Revision"; Value = "July-2002: Re-released for DXP Platform."; VariantName = "[No Variations]"
Add component (AddParameter): Name = "Value"; Value = "1K"; VariantName = "[No Variations]"
Added Pin To Net: NetName=NetR13_1 Pin=J4-5
Added Pin To Net: NetName=NetC4_1 Pin=J4-6
Added Pin To Net: NetName=GND Pin=J4-S1
Added Pin To Net: NetName=GND Pin=J4-S2
Added Pin To Net: NetName=VDD Pin=Q3-3
Added Pin To Net: NetName=NetC4_1 Pin=R3-2
Added Pin To Net: NetName=NetC4_1 Pin=R4-1
Added Pin To Net: NetName=NetC4_1 Pin=R5-1
Added Pin To Net: NetName=NetC4_1 Pin=R7-2
Added Pin To Net: NetName=VDD Pin=R11-1
Added Pin To Net: NetName=NetC4_1 Pin=R11-2
Added Pin To Net: NetName=VDD Pin=R12-1
Added Pin To Net: NetName=NetC4_1 Pin=R12-2
Added Pin To Net: NetName=VDD Pin=R18-1
Added Pin To Net: NetName=NetC4_1 Pin=R18-2
Added Pin To Net: NetName=NetC4_1 Pin=R19-2
Added Pin To Net: NetName=NetC4_1 Pin=R20-1
Added Pin To Net: NetName=NetC4_1 Pin=R21-1
Added Pin To Net: NetName=NetC4_1 Pin=R22-1
Added Pin To Net: NetName=NetJ4_1 Pin=R23-1
Added Pin To Net: NetName=NetR27_1 Pin=R27-1
Added Pin To Net: NetName=NetR13_1 Pin=R30-1
Added Pin To Net: NetName=VDD Pin=U2-2
Added Pin To Net: NetName=NetR27_1 Pin=U2-25
Added Pin To Net: NetName=NetIC2_1 Pin=U2-26
Added Pin To Net: NetName=NetIC2_5 Pin=U2-27
Added Pin To Net: NetName=NetIC3_4 Pin=U2-28
Change Net Name : Old Net Name=NetC4_1 New Net Name=VDD
Change Net Name : Old Net Name=NetR13_1 New Net Name=NetJ4_5
Change Net Name : Old Net Name=VDD New Net Name=3.3V_MCU
Added Pin To Net: NetName=NetJ3_10 Pin=J3-10
Added Pin To Net: NetName=NetJ3_10 Pin=R19-1
Added Pin To Net: NetName=NetJ3_10 Pin=R23-2
Added Net: Name=NetJ3_10
Added Pin To Net: NetName=NetR32_1 Pin=R32-1
Added Pin To Net: NetName=NetR32_1 Pin=U2-14
Added Net: Name=NetR32_1
Added Member To Class: ClassName=U_Connectors Member=Component J4 532610671
Added Member To Class: ClassName=U_MCU Member=Component R13 4.7K
Added Member To Class: ClassName=U_MCU Member=Component R14 4.7K
Added Member To Class: ClassName=U_MCU Member=Component R16 4.7K
Added Member To Class: ClassName=U_MCU Member=Component R18 NC
Added Member To Class: ClassName=U_Connectors Member=Component R19 NC
Added Member To Class: ClassName=U_Connectors Member=Component R20 10K
Added Member To Class: ClassName=U_Connectors Member=Component R22 10K
Added Member To Class: ClassName=U_Connectors Member=Component R23 0R
