Change Component Footprint: Designator=L1 Old Footprint=WE-TPC_3510 New Footprint=IND_ASPI-0315S-220M-T
Change Component Comment : Designator=L1 Old Comment=744030002 New Comment=22uH
Change component parameters: Designator = "L1" ("L1"); Footprint = "WE-TPC_3510"; UniqueID = "\LEGHVGHF" ("\LEGHVGHF")
Change component parameters (AddParameter): Name = "Category"; Value = "Fixed Inductors"; VariantName = "[No Variations]"
Change component parameters (AddParameter): Name = "ComponentLink1Description"; Value = "https://datasheet.ciiva.com/1080/aspi-s315-4614rd-1080391.pdf?src-supplier=Digikey"; VariantName = "[No Variations]"
Change component parameters (AddParameter): Name = "ComponentLink1URL"; Value = "https://datasheet.ciiva.com/1080/aspi-s315-4614rd-1080391.pdf?src-supplier=Digikey"; VariantName = "[No Variations]"
Change component parameters (AddParameter): Name = "ComponentLink2Description"; Value = "https://datasheet.ciiva.com/1080/aspi-0315s-1080392.pdf?src-supplier=Digikey"; VariantName = "[No Variations]"
Change component parameters (AddParameter): Name = "ComponentLink2URL"; Value = "https://datasheet.ciiva.com/1080/aspi-0315s-1080392.pdf?src-supplier=Digikey"; VariantName = "[No Variations]"
Change component parameters (AddParameter): Name = "ComponentLink3Description"; Value = "https://datasheet.ciiva.com/8518/aspi-0315s-8518249.pdf?src-supplier=Avnet"; VariantName = "[No Variations]"
Change component parameters (AddParameter): Name = "ComponentLink3URL"; Value = "https://datasheet.ciiva.com/8518/aspi-0315s-8518249.pdf?src-supplier=Avnet"; VariantName = "[No Variations]"
Change component parameters (AddParameter): Name = "Manufacturer"; Value = "Abracon"; VariantName = "[No Variations]"
Change component parameters (AddParameter): Name = "Manufacturer Part Number"; Value = "ASPI-0315S-220M-T"; VariantName = "[No Variations]"
Change component parameters (AddParameter): Name = "Pricing 1"; Value = "1=0.54, 10=0.446, 100=0.3666, 1000=0.30148 (USD)"; VariantName = "[No Variations]"
Change component parameters (AddParameter): Name = "RoHS"; Value = "Yes"; VariantName = "[No Variations]"
Change component parameters (AddParameter): Name = "Stock 1"; Value = "2923"; VariantName = "[No Variations]"
Change component parameters (AddParameter): Name = "Supplier 1"; Value = "Digikey"; VariantName = "[No Variations]"
Change component parameters (AddParameter): Name = "Supplier Part Number 1"; Value = "535-ASPI-0315S-220M-TCT-ND"; VariantName = "[No Variations]"
Added Pin To Net: NetName=GND Pin=D1-C
Added Pin To Net: NetName=GND Pin=U1-2
Added Net: Name=GND
Added Pin To Net: NetName=NetD1_A Pin=D1-A
Added Pin To Net: NetName=NetD1_A Pin=L1-2
Added Pin To Net: NetName=NetD1_A Pin=U1-4
Added Net: Name=NetD1_A
Added Pin To Net: NetName=NetL1_1 Pin=L1-1
Added Pin To Net: NetName=NetL1_1 Pin=U1-1
Added Pin To Net: NetName=NetL1_1 Pin=U1-5
Added Net: Name=NetL1_1
