Added Component: Designator=D1(LED_OF-SMD2835Y)
Add component (AddParameter): Name = "Case Code (Imperial)"; Value = "1113"; VariantName = "[No Variations]"
Add component (AddParameter): Name = "Case/Package"; Value = "1113"; VariantName = "[No Variations]"
Add component (AddParameter): Name = "Color"; Value = "White"; VariantName = "[No Variations]"
Add component (AddParameter): Name = "Color Rendering Index (CRI)"; Value = "80"; VariantName = "[No Variations]"
Add component (AddParameter): Name = "ComponentLink1Description"; Value = "http://www.bridgelux.com/sites/default/files/resource_media/DS58_Rev%20B%20Gen2%20SMD%202835%201W%209V%20Data%20sheet.pdf?src-supplier=Digikey"; VariantName = "[No Variations]"
Add component (AddParameter): Name = "ComponentLink1URL"; Value = "http://www.bridgelux.com/sites/default/files/resource_media/DS58_Rev%20B%20Gen2%20SMD%202835%201W%209V%20Data%20sheet.pdf?src-supplier=Digikey"; VariantName = "[No Variations]"
Add component (AddParameter): Name = "Correlated Color Temperature (CCT)"; Value = "4000K"; VariantName = "[No Variations]"
Add component (AddParameter): Name = "Forward Voltage"; Value = "9.2V"; VariantName = "[No Variations]"
Add component (AddParameter): Name = "Manufacturer"; Value = "Bridgelux"; VariantName = "[No Variations]"
Add component (AddParameter): Name = "Manufacturer Part Number"; Value = "BXEN-40E-13H-9B-00-0-0"; VariantName = "[No Variations]"
Add component (AddParameter): Name = "Max Current Rating"; Value = "120mA"; VariantName = "[No Variations]"
Add component (AddParameter): Name = "Mount"; Value = "Surface Mount"; VariantName = "[No Variations]"
Add component (AddParameter): Name = "Packaging"; Value = "Cut Tape"; VariantName = "[No Variations]"
Add component (AddParameter): Name = "Pricing 1"; Value = "17000=0.03041, 34000=0.02845, 51000=0.02747, 85000=0.02639, 119000=0.02576, 170000=0.02515 (USD)"; VariantName = "[No Variations]"
Add component (AddParameter): Name = "RoHS"; Value = "No"; VariantName = "[No Variations]"
Add component (AddParameter): Name = "Series"; Value = "2835"; VariantName = "[No Variations]"
Add component (AddParameter): Name = "Stock 1"; Value = "17000"; VariantName = "[No Variations]"
Add component (AddParameter): Name = "Supplier 1"; Value = "Digikey"; VariantName = "[No Variations]"
Add component (AddParameter): Name = "Supplier Part Number 1"; Value = "976-1620-2-ND"; VariantName = "[No Variations]"
Add component (AddParameter): Name = "Test Current"; Value = "100mA"; VariantName = "[No Variations]"
Add component (AddParameter): Name = "Thermal Resistance of Package"; Value = "10°C/W"; VariantName = "[No Variations]"
Add component (AddParameter): Name = "Viewing Angle"; Value = "116°"; VariantName = "[No Variations]"
Added Member To Class: ClassName=Ledtourch Member=Component D1 LED2830
Added Room: Name=Ledtourch
