Add Component: Footprint Not Found CAPC1005X56X25NL10T15
Add Component: Footprint Not Found CAPC1005X56X25NL10T15
Add Component: Footprint Not Found CAPC1005X56X25NL10T15
Add Component: Footprint Not Found CAPC1005X56X25NL10T15
Add Component: Footprint Not Found CAPC1005X56X25NL10T15
Add Component: Footprint Not Found CAPC1005X56X25NL10T15
Add Component: Footprint Not Found CAPC1005X56X25NL10T15
Add Component: Footprint Not Found CAPC1005X56X25NL10T15
Add Component: Footprint Not Found CAPC1005X56X25NL10T15
Add Component: Footprint Not Found CAPC1005X56X25NL10T15
Add Component: Footprint Not Found CAPC1005X56X25NL10T15
Add Component: Footprint Not Found CAPC1005X56X25NL10T15
Add Component: Footprint Not Found CAPC1005X56X25NL10T15
Add Component: Footprint Not Found CAPC1005X56X25NL10T15
Add Component: Footprint Not Found CAPC1005X56X25NL10T15
Add Component: Footprint Not Found CAPC1005X56X25NL10T15
Add Component: Footprint Not Found CAPC1005X56X25NL10T15
Add Component: Footprint Not Found CAPC1005X56X25NL10T15
Add Component: Footprint Not Found CAPC1005X56X25NL10T15
Add Component: Footprint Not Found CAPC1005X56X25NL10T15
Add Component: Footprint Not Found CAPC1005X56X25NL10T15
Add Component: Footprint Not Found CAPC1005X56X25NL10T15
Add Component: Footprint Not Found CAPC1005X56X25NL10T15
Add Component: Footprint Not Found CAPC1005X56X25NL10T15
Add Component: Footprint Not Found CAPC1005X56X25NL10T15
Add Component: Footprint Not Found CAPC1005X56X25NL10T15
Add Component: Footprint Not Found CAPC1005X56X25NL10T15
Add Component: Footprint Not Found CAPC1005X56X25NL10T15
Add Component: Footprint Not Found CAPC1005X56X25NL10T15
Add Component: Footprint Not Found CAPC1005X56X25NL10T15
Add Component: Footprint Not Found CAPC1005X56X25NL10T15
Add Component: Footprint Not Found CAPC1005X56X25NL10T15
Add Component: Footprint Not Found CAPC1005X56X25NL10T15
Add Component: Footprint Not Found CAPC1005X56X25NL10T15
Add Component: Footprint Not Found CAPC1005X56X25NL10T15
Add Component: Footprint Not Found CAPC1005X56X25NL10T15
Add Component: Footprint Not Found CAPC1005X56X25NL10T15
Add Component: Footprint Not Found CAPC1005X56X25NL10T15
Add Component: Footprint Not Found CAPC1005X56X25NL10T15
Add Component: Footprint Not Found CAPC1005X56X25NL10T15
Add Component: Footprint Not Found CAPC1005X56X25NL10T15
Add Component: Footprint Not Found CAPC1005X56X25NL10T15
Add Component: Footprint Not Found CAPC1005X56X25NL10T15
Add Component: Footprint Not Found CAPC1005X56X25NL10T15
Add Component: Footprint Not Found CAPC1005X56X25NL10T15
Add Component: Footprint Not Found CAPC1005X56X25NL10T15
Add Component: Footprint Not Found CAPC1005X56X25NL10T15
Add Component: Footprint Not Found CAPC1005X56X25NL10T15
Add Component: Footprint Not Found CAPC1005X56X25NL10T15
Add Component: Footprint Not Found CAPC1005X56X25NL10T15
Add Component: Footprint Not Found CAPC1005X56X25NL10T15
Add Component: Footprint Not Found CAPC1005X56X25NL10T15
Add Component: Footprint Not Found CAPC1005X56X25NL10T15
Add Component: Footprint Not Found CAPC1005X56X25NL10T15
Add Component: Footprint Not Found CAPC1005X56X25NL10T15
Add Component: Footprint Not Found CAPC1005X56X25NL10T15
Add Component: Footprint Not Found CAPC1005X56X25NL10T15
Add Component: Footprint Not Found CAPC1005X56X25NL10T15
Add Component: Footprint Not Found CAPC1005X56X25NL10T15
Add Component: Footprint Not Found CAPC1005X56X25NL10T15
Add Component: Footprint Not Found CAPC1005X56X25NL10T15
Add Component: Footprint Not Found CAPC1005X56X25NL10T15
Add Component: Footprint Not Found CAPC1005X56X25NL10T15
Add Component: Footprint Not Found CAPC1005X56X25NL10T15
Add Component: Footprint Not Found CAPC1005X56X25NL10T15
Add Component: Footprint Not Found CAPC1005X56X25NL10T15
Added Component: Designator=Connector In1(PM254-2-05-S-8.5)
Add component (AddParameter): Name = "ComponentLink1Description"; Value = "New link"; VariantName = "[No Variations]"
Add component (AddParameter): Name = "ComponentLink1URL"; Value = "https://www.lcsc.com/product-detail/Female-Headers_HCTL-PM254-2-05-S-8-5_C3975150.html"; VariantName = "[No Variations]"
Added Component: Designator=Connector Out1(PM254-2-05-S-8.5)
Add component (AddParameter): Name = "ComponentLink1Description"; Value = "New link"; VariantName = "[No Variations]"
Add component (AddParameter): Name = "ComponentLink1URL"; Value = "https://www.lcsc.com/product-detail/Female-Headers_HCTL-PM254-2-05-S-8-5_C3975150.html"; VariantName = "[No Variations]"
Add Component: Footprint Not Found Liansheng_FH-00148_Footprint_01
Add Component: Footprint Not Found Harwin 40 pin Female
Add Component: Footprint Not Found PCB-18681qzhn4j348g96a9l-1
Add Component: Footprint Not Found PCB-18681qzhn4j348g96a9l-1
Add Component: Footprint Not Found PCB-18681qzhn4j348g96a9l-1
Added Component: Designator=MH1(Mounting Hole 14mm)
Added Component: Designator=MH2(Mounting Hole 14mm)
Added Component: Designator=MH3(Mounting Hole 14mm)
Added Component: Designator=MH4(Mounting Hole 14mm)
Added Component: Designator=MH5(Mounting Hole 14mm)
Added Component: Designator=MH6(Mounting Hole 14mm)
Added Component: Designator=MH7(Mounting Hole 14mm)
Added Component: Designator=MH8(Mounting Hole 14mm)
Added Component: Designator=MH9(Mounting Hole 14mm)
Added Component: Designator=MH10(Mounting Hole 14mm)
Added Component: Designator=MH11(Mounting Hole 14mm)
Added Component: Designator=MH12(Mounting Hole 14mm)
Added Component: Designator=MH13(Mounting Hole 14mm)
Added Component: Designator=MH14(Mounting Hole 14mm)
Added Component: Designator=MH15(Mounting Hole 14mm)
Added Component: Designator=MH16(Mounting Hole 14mm)
Added Component: Designator=MH17(Mounting Hole 14mm)
Added Component: Designator=MH18(Mounting Hole 14mm)
Added Component: Designator=MH19(Mounting Hole 14mm)
Added Component: Designator=MH20(Mounting Hole 14mm)
Added Component: Designator=MH21(Mounting Hole 14mm)
Added Component: Designator=MH22(Mounting Hole 12mm)
Added Component: Designator=MH23(Mounting Hole 12mm)
Added Component: Designator=MH24(Mounting Hole 12mm)
Added Component: Designator=MH25(Mounting Hole 12mm)
Added Component: Designator=MH26(Mounting Hole 12mm)
Added Component: Designator=MH27(Mounting Hole 12mm)
Add Component: Footprint Not Found PCB-q0vxx67e01kaxtvhakkm-1
Add Component: Footprint Not Found PCB-q0vxx67e01kaxtvhakkm-1
Add Component: Footprint Not Found PCB-q0vxx67e01kaxtvhakkm-1
Add Component: Footprint Not Found PCB-q0vxx67e01kaxtvhakkm-1
Add Component: Footprint Not Found PCB-q0vxx67e01kaxtvhakkm-1
Add Component: Footprint Not Found PCB-q0vxx67e01kaxtvhakkm-1
Add Component: Footprint Not Found PCB-q0vxx67e01kaxtvhakkm-1
Add Component: Footprint Not Found PCB-q0vxx67e01kaxtvhakkm-1
Add Component: Footprint Not Found PCB-q0vxx67e01kaxtvhakkm-1
Add Component: Footprint Not Found PCB-q0vxx67e01kaxtvhakkm-1
Add Component: Footprint Not Found PCB-q0vxx67e01kaxtvhakkm-1
Add Component: Footprint Not Found PCB-q0vxx67e01kaxtvhakkm-1
Add Component: Footprint Not Found PCB-q0vxx67e01kaxtvhakkm-1
Add Component: Footprint Not Found PCB-q0vxx67e01kaxtvhakkm-1
Add Component: Footprint Not Found PCB-q0vxx67e01kaxtvhakkm-1
Add Component: Footprint Not Found PCB-q0vxx67e01kaxtvhakkm-1
Add Component: Footprint Not Found PCB-q0vxx67e01kaxtvhakkm-1
Add Component: Footprint Not Found PCB-q0vxx67e01kaxtvhakkm-1
Add Component: Footprint Not Found PCB-18681qzhn4j348g96a9l-1
Add Component: Footprint Not Found PCB-18681qzhn4j348g96a9l-1
Add Component: Footprint Not Found PCB-18681qzhn4j348g96a9l-1
Add Component: Footprint Not Found PCB-18681qzhn4j348g96a9l-1
Add Component: Footprint Not Found PCB-18681qzhn4j348g96a9l-1
Add Component: Footprint Not Found PCB-18681qzhn4j348g96a9l-1
Add Component: Footprint Not Found PCB-18681qzhn4j348g96a9l-1
Add Component: Footprint Not Found PCB-18681qzhn4j348g96a9l-1
Add Component: Footprint Not Found PCB-18681qzhn4j348g96a9l-1
Add Component: Footprint Not Found PCB-18681qzhn4j348g96a9l-1
Add Component: Footprint Not Found PCB-18681qzhn4j348g96a9l-1
Add Component: Footprint Not Found PCB-18681qzhn4j348g96a9l-1
Add Component: Footprint Not Found PCB-18681qzhn4j348g96a9l-1
Add Component: Footprint Not Found PCB-18681qzhn4j348g96a9l-1
Add Component: Footprint Not Found PCB-18681qzhn4j348g96a9l-1
Add Component: Footprint Not Found PCB-18681qzhn4j348g96a9l-1
Add Component: Footprint Not Found PCB-18681qzhn4j348g96a9l-1
Add Component: Footprint Not Found PCB-18681qzhn4j348g96a9l-1
Add Component: Footprint Not Found PCB-18681qzhn4j348g96a9l-1
Add Component: Footprint Not Found PCB-18681qzhn4j348g96a9l-1
Add Component: Footprint Not Found PCB-18681qzhn4j348g96a9l-1
Add Component: Footprint Not Found PCB-18681qzhn4j348g96a9l-1
Add Component: Footprint Not Found PCB-18681qzhn4j348g96a9l-1
Add Component: Footprint Not Found PCB-18681qzhn4j348g96a9l-1
Add Component: Footprint Not Found PCB-18681qzhn4j348g96a9l-1
Add Component: Footprint Not Found PCB-18681qzhn4j348g96a9l-1
Add Component: Footprint Not Found PCB-18681qzhn4j348g96a9l-1
Add Component: Footprint Not Found PCB-18681qzhn4j348g96a9l-1
Add Component: Footprint Not Found PCB-18681qzhn4j348g96a9l-1
Add Component: Footprint Not Found PCB-18681qzhn4j348g96a9l-1
Add Component: Footprint Not Found PCB-18681qzhn4j348g96a9l-1
Add Component: Footprint Not Found PCB-18681qzhn4j348g96a9l-1
Add Component: Footprint Not Found PCB-18681qzhn4j348g96a9l-1
Add Component: Footprint Not Found PCB-18681qzhn4j348g96a9l-1
Add Component: Footprint Not Found PCB-18681qzhn4j348g96a9l-1
Add Component: Footprint Not Found PCB-18681qzhn4j348g96a9l-1
Add Component: Footprint Not Found PCB-18681qzhn4j348g96a9l-1
Add Component: Footprint Not Found PCB-18681qzhn4j348g96a9l-1
Add Component: Footprint Not Found PCB-18681qzhn4j348g96a9l-1
Add Component: Footprint Not Found PCB-18681qzhn4j348g96a9l-1
Add Component: Footprint Not Found PCB-18681qzhn4j348g96a9l-1
Add Component: Footprint Not Found PCB-18681qzhn4j348g96a9l-1
Add Component: Footprint Not Found PCB-18681qzhn4j348g96a9l-1
Add Component: Footprint Not Found PCB-18681qzhn4j348g96a9l-1
Add Component: Footprint Not Found PCB-18681qzhn4j348g96a9l-1
Add Component: Footprint Not Found PCB-18681qzhn4j348g96a9l-1
Add Component: Footprint Not Found PCB-18681qzhn4j348g96a9l-1
Add Component: Footprint Not Found PCB-18681qzhn4j348g96a9l-1
Add Component: Footprint Not Found PCB-18681qzhn4j348g96a9l-1
Add Component: Footprint Not Found PCB-18681qzhn4j348g96a9l-1
Add Component: Footprint Not Found PCB-18681qzhn4j348g96a9l-1
Add Component: Footprint Not Found PCB-18681qzhn4j348g96a9l-1
Add Component: Footprint Not Found PCB-18681qzhn4j348g96a9l-1
Add Component: Footprint Not Found PCB-18681qzhn4j348g96a9l-1
Add Component: Footprint Not Found PCB-18681qzhn4j348g96a9l-1
Add Component: Footprint Not Found PCB-18681qzhn4j348g96a9l-1
Add Component: Footprint Not Found PCB-18681qzhn4j348g96a9l-1
Add Component: Footprint Not Found PCB-18681qzhn4j348g96a9l-1
Add Component: Footprint Not Found PCB-18681qzhn4j348g96a9l-1
Add Component: Footprint Not Found PCB-18681qzhn4j348g96a9l-1
Add Component: Footprint Not Found PCB-18681qzhn4j348g96a9l-1
Add Component: Footprint Not Found PCB-0kdx5sneyudsmu18l6zv-1
Add Component: Footprint Not Found PCB-0kdx5sneyudsmu18l6zv-1
Add Component: Footprint Not Found 282836-3
Add Component: Footprint Not Found 282836-3
Add Component: Footprint Not Found PCB-h5dulpljww4oyv25n50t-1
Add Component: Footprint Not Found PCB-18681qzhn4j348g96a9l-1
Add Component: Footprint Not Found CAPC1608X90X35NL15T15
Add Component: Footprint Not Found CAPC1608X90X35NL15T15
Add Component: Footprint Not Found PCB-q0vxx67e01kaxtvhakkm-1
Add Component: Footprint Not Found PCB-q0vxx67e01kaxtvhakkm-1
Add Component: Footprint Not Found PCB-q0vxx67e01kaxtvhakkm-1
Add Component: Footprint Not Found PCB-q0vxx67e01kaxtvhakkm-1
Add Component: Footprint Not Found PCB-q0vxx67e01kaxtvhakkm-1
Add Component: Footprint Not Found PCB-q0vxx67e01kaxtvhakkm-1
Add Component: Footprint Not Found PCB-q0vxx67e01kaxtvhakkm-1
Add Component: Footprint Not Found PCB-q0vxx67e01kaxtvhakkm-1
Add Component: Footprint Not Found PCB-19361381-1
Add Component: Footprint Not Found PCB-4n9l8bvb0hxmq9svv09s-1
Add Component: Footprint Not Found Hooya USB-310M-B-SU-Footprint-1
Added Component: Designator=VFR?(PCB-18681qzhn4j348g96a9l-1)
Add component (AddParameter): Name = "Manufacturer Part Number"; Value = "WS2812B-2020"; VariantName = "[No Variations]"
Add component (AddParameter): Name = "Octopart URL"; Value = "https://octopart.com/ws2812b-2020-worldsemi-118049406"; VariantName = "[No Variations]"
Add component (AddParameter): Name = "OctopartID"; Value = "30b1feb25fa9ef76"; VariantName = "[No Variations]"
Add Component: Footprint Not Found PCB-18681qzhn4j348g96a9l-1
Add Pin To Net: Unknown Pin: Pin C1-1
Add Pin To Net: Unknown Pin: Pin C1-2
Add Pin To Net: Unknown Pin: Pin C2-1
Add Pin To Net: Unknown Pin: Pin C2-2
Add Pin To Net: Unknown Pin: Pin C3-1
Add Pin To Net: Unknown Pin: Pin C3-2
Add Pin To Net: Unknown Pin: Pin C4-1
Add Pin To Net: Unknown Pin: Pin C4-2
Add Pin To Net: Unknown Pin: Pin C5-1
Add Pin To Net: Unknown Pin: Pin C5-2
Add Pin To Net: Unknown Pin: Pin C6-1
Add Pin To Net: Unknown Pin: Pin C6-2
Add Pin To Net: Unknown Pin: Pin C7-1
Add Pin To Net: Unknown Pin: Pin C7-2
Add Pin To Net: Unknown Pin: Pin C8-1
Add Pin To Net: Unknown Pin: Pin C8-2
Add Pin To Net: Unknown Pin: Pin C9-1
Add Pin To Net: Unknown Pin: Pin C9-2
Add Pin To Net: Unknown Pin: Pin C10-1
Add Pin To Net: Unknown Pin: Pin C10-2
Add Pin To Net: Unknown Pin: Pin C11-1
Add Pin To Net: Unknown Pin: Pin C11-2
Add Pin To Net: Unknown Pin: Pin C12-1
Add Pin To Net: Unknown Pin: Pin C12-2
Add Pin To Net: Unknown Pin: Pin C13-1
Add Pin To Net: Unknown Pin: Pin C13-2
Add Pin To Net: Unknown Pin: Pin C14-1
Add Pin To Net: Unknown Pin: Pin C14-2
Add Pin To Net: Unknown Pin: Pin C15-1
Add Pin To Net: Unknown Pin: Pin C15-2
Add Pin To Net: Unknown Pin: Pin C16-1
Add Pin To Net: Unknown Pin: Pin C16-2
Add Pin To Net: Unknown Pin: Pin C17-1
Add Pin To Net: Unknown Pin: Pin C17-2
Add Pin To Net: Unknown Pin: Pin C18-1
Add Pin To Net: Unknown Pin: Pin C18-2
Add Pin To Net: Unknown Pin: Pin C19-1
Add Pin To Net: Unknown Pin: Pin C19-2
Add Pin To Net: Unknown Pin: Pin C20-1
Add Pin To Net: Unknown Pin: Pin C20-2
Add Pin To Net: Unknown Pin: Pin C21-1
Add Pin To Net: Unknown Pin: Pin C21-2
Add Pin To Net: Unknown Pin: Pin C22-1
Add Pin To Net: Unknown Pin: Pin C22-2
Add Pin To Net: Unknown Pin: Pin C23-1
Add Pin To Net: Unknown Pin: Pin C23-2
Add Pin To Net: Unknown Pin: Pin C24-1
Add Pin To Net: Unknown Pin: Pin C24-2
Add Pin To Net: Unknown Pin: Pin C25-1
Add Pin To Net: Unknown Pin: Pin C25-2
Add Pin To Net: Unknown Pin: Pin C26-1
Add Pin To Net: Unknown Pin: Pin C26-2
Add Pin To Net: Unknown Pin: Pin C27-1
Add Pin To Net: Unknown Pin: Pin C27-2
Add Pin To Net: Unknown Pin: Pin C28-1
Add Pin To Net: Unknown Pin: Pin C28-2
Add Pin To Net: Unknown Pin: Pin C29-1
Add Pin To Net: Unknown Pin: Pin C29-2
Add Pin To Net: Unknown Pin: Pin C30-1
Add Pin To Net: Unknown Pin: Pin C30-2
Add Pin To Net: Unknown Pin: Pin C31-1
Add Pin To Net: Unknown Pin: Pin C31-2
Add Pin To Net: Unknown Pin: Pin C32-1
Add Pin To Net: Unknown Pin: Pin C32-2
Add Pin To Net: Unknown Pin: Pin C33-1
Add Pin To Net: Unknown Pin: Pin C33-2
Add Pin To Net: Unknown Pin: Pin C34-2
Add Pin To Net: Unknown Pin: Pin C35-1
Add Pin To Net: Unknown Pin: Pin C35-2
Add Pin To Net: Unknown Pin: Pin C36-1
Add Pin To Net: Unknown Pin: Pin C36-2
Add Pin To Net: Unknown Pin: Pin C37-1
Add Pin To Net: Unknown Pin: Pin C37-2
Add Pin To Net: Unknown Pin: Pin C38-1
Add Pin To Net: Unknown Pin: Pin C38-2
Add Pin To Net: Unknown Pin: Pin C39-1
Add Pin To Net: Unknown Pin: Pin C39-2
Add Pin To Net: Unknown Pin: Pin C40-2
Add Pin To Net: Unknown Pin: Pin C41-1
Add Pin To Net: Unknown Pin: Pin C41-2
Add Pin To Net: Unknown Pin: Pin C42-1
Add Pin To Net: Unknown Pin: Pin C42-2
Add Pin To Net: Unknown Pin: Pin C43-1
Add Pin To Net: Unknown Pin: Pin C43-2
Add Pin To Net: Unknown Pin: Pin C44-1
Add Pin To Net: Unknown Pin: Pin C44-2
Add Pin To Net: Unknown Pin: Pin C45-1
Add Pin To Net: Unknown Pin: Pin C45-2
Add Pin To Net: Unknown Pin: Pin C46-2
Add Pin To Net: Unknown Pin: Pin C47-1
Add Pin To Net: Unknown Pin: Pin C47-2
Add Pin To Net: Unknown Pin: Pin C48-1
Add Pin To Net: Unknown Pin: Pin C48-2
Add Pin To Net: Unknown Pin: Pin C49-1
Add Pin To Net: Unknown Pin: Pin C49-2
Add Pin To Net: Unknown Pin: Pin C50-1
Add Pin To Net: Unknown Pin: Pin C50-2
Add Pin To Net: Unknown Pin: Pin C51-1
Add Pin To Net: Unknown Pin: Pin C51-2
Add Pin To Net: Unknown Pin: Pin C52-2
Add Pin To Net: Unknown Pin: Pin C53-1
Add Pin To Net: Unknown Pin: Pin C53-2
Add Pin To Net: Unknown Pin: Pin C54-1
Add Pin To Net: Unknown Pin: Pin C54-2
Add Pin To Net: Unknown Pin: Pin C55-1
Add Pin To Net: Unknown Pin: Pin C55-2
Add Pin To Net: Unknown Pin: Pin C56-1
Add Pin To Net: Unknown Pin: Pin C56-2
Add Pin To Net: Unknown Pin: Pin C57-2
Add Pin To Net: Unknown Pin: Pin C58-1
Add Pin To Net: Unknown Pin: Pin C58-2
Add Pin To Net: Unknown Pin: Pin C59-1
Add Pin To Net: Unknown Pin: Pin C59-2
Add Pin To Net: Unknown Pin: Pin C60-1
Add Pin To Net: Unknown Pin: Pin C60-2
Add Pin To Net: Unknown Pin: Pin C61-1
Add Pin To Net: Unknown Pin: Pin C61-2
Add Pin To Net: Unknown Pin: Pin C62-2
Add Pin To Net: Unknown Pin: Pin C63-1
Add Pin To Net: Unknown Pin: Pin C63-2
Add Pin To Net: Unknown Pin: Pin C64-1
Add Pin To Net: Unknown Pin: Pin C64-2
Add Pin To Net: Unknown Pin: Pin C65-1
Add Pin To Net: Unknown Pin: Pin C65-2
Add Pin To Net: Unknown Pin: Pin C66-1
Add Pin To Net: Unknown Pin: Pin C66-2
Added Pin To Net: NetName=GND Pin=Connector In1-1
Added Pin To Net: NetName=GND Pin=Connector In1-2
Added Pin To Net: NetName=1A Pin=Connector In1-3
Added Pin To Net: NetName=VDD Pin=Connector In1-4
Added Pin To Net: NetName=VDD Pin=Connector In1-5
Added Pin To Net: NetName=GND Pin=Connector In1-6
Added Pin To Net: NetName=GND Pin=Connector In1-7
Added Pin To Net: NetName=1A Pin=Connector In1-8
Added Pin To Net: NetName=VDD Pin=Connector In1-9
Added Pin To Net: NetName=VDD Pin=Connector In1-10
Added Pin To Net: NetName=GND Pin=Connector Out1-1
Added Pin To Net: NetName=GND Pin=Connector Out1-2
Added Pin To Net: NetName=Out Pin=Connector Out1-3
Added Pin To Net: NetName=VDD Pin=Connector Out1-4
Added Pin To Net: NetName=VDD Pin=Connector Out1-5
Added Pin To Net: NetName=GND Pin=Connector Out1-6
Added Pin To Net: NetName=GND Pin=Connector Out1-7
Added Pin To Net: NetName=Out Pin=Connector Out1-8
Added Pin To Net: NetName=VDD Pin=Connector Out1-9
Added Pin To Net: NetName=VDD Pin=Connector Out1-10
Add Pin To Net: Unknown Pin: Pin CPU-Con1-1
Add Pin To Net: Unknown Pin: Pin CPU-Con1-2
Add Pin To Net: Unknown Pin: Pin CPU-Con1-3
Add Pin To Net: Unknown Pin: Pin CPU-Con1-6
Add Pin To Net: Unknown Pin: Pin CPU-Con1-7
Add Pin To Net: Unknown Pin: Pin CPU-Con1-10
Add Pin To Net: Unknown Pin: Pin CPU-Con1-15
Add Pin To Net: Unknown Pin: Pin CPU-Con1-17
Add Pin To Net: Unknown Pin: Pin CPU-Con1-25
Add Pin To Net: Unknown Pin: Pin CPU-Con1-33
Add Pin To Net: Unknown Pin: Pin CPU-Con1-40
Add Pin To Net: Unknown Pin: Pin CPU Con1-1
Add Pin To Net: Unknown Pin: Pin CPU Con1-3
Add Pin To Net: Unknown Pin: Pin CPU Con1-5
Add Pin To Net: Unknown Pin: Pin CPU Con1-10
Add Pin To Net: Unknown Pin: Pin CPU Con1-11
Add Pin To Net: Unknown Pin: Pin CPU Con1-13
Add Pin To Net: Unknown Pin: Pin CPU Con1-19
Add Pin To Net: Unknown Pin: Pin CPU Con1-26
Add Pin To Net: Unknown Pin: Pin CPU Con1-29
Add Pin To Net: Unknown Pin: Pin CPU Con1-33
Add Pin To Net: Unknown Pin: Pin CPU Con1-40
Add Pin To Net: Unknown Pin: Pin IFR-1
Add Pin To Net: Unknown Pin: Pin IFR-2
Add Pin To Net: Unknown Pin: Pin IFR-3
Add Pin To Net: Unknown Pin: Pin IFR-4
Add Pin To Net: Unknown Pin: Pin INVALID-1
Add Pin To Net: Unknown Pin: Pin INVALID-2
Add Pin To Net: Unknown Pin: Pin INVALID-3
Add Pin To Net: Unknown Pin: Pin INVALID-4
Add Pin To Net: Unknown Pin: Pin LIFR-1
Add Pin To Net: Unknown Pin: Pin LIFR-2
Add Pin To Net: Unknown Pin: Pin LIFR-3
Add Pin To Net: Unknown Pin: Pin LIFR-4
Add Pin To Net: Unknown Pin: Pin MVFR-1
Add Pin To Net: Unknown Pin: Pin MVFR-2
Add Pin To Net: Unknown Pin: Pin MVFR-3
Add Pin To Net: Unknown Pin: Pin MVFR-4
Add Pin To Net: Unknown Pin: Pin PABL-1
Add Pin To Net: Unknown Pin: Pin PABL-2
Add Pin To Net: Unknown Pin: Pin PABL-3
Add Pin To Net: Unknown Pin: Pin PABL-4
Add Pin To Net: Unknown Pin: Pin PABR-1
Add Pin To Net: Unknown Pin: Pin PABR-2
Add Pin To Net: Unknown Pin: Pin PABR-3
Add Pin To Net: Unknown Pin: Pin PABR-4
Add Pin To Net: Unknown Pin: Pin PABT-1
Add Pin To Net: Unknown Pin: Pin PABT-2
Add Pin To Net: Unknown Pin: Pin PABT-3
Add Pin To Net: Unknown Pin: Pin PABT-4
Add Pin To Net: Unknown Pin: Pin PACM-1
Add Pin To Net: Unknown Pin: Pin PACM-2
Add Pin To Net: Unknown Pin: Pin PACM-3
Add Pin To Net: Unknown Pin: Pin PACM-4
Add Pin To Net: Unknown Pin: Pin PACX-1
Add Pin To Net: Unknown Pin: Pin PACX-2
Add Pin To Net: Unknown Pin: Pin PACX-3
Add Pin To Net: Unknown Pin: Pin PACX-4
Add Pin To Net: Unknown Pin: Pin PACZ-1
Add Pin To Net: Unknown Pin: Pin PACZ-2
Add Pin To Net: Unknown Pin: Pin PACZ-3
Add Pin To Net: Unknown Pin: Pin PACZ-4
Add Pin To Net: Unknown Pin: Pin PADE-1
Add Pin To Net: Unknown Pin: Pin PADE-2
Add Pin To Net: Unknown Pin: Pin PADE-3
Add Pin To Net: Unknown Pin: Pin PADE-4
Add Pin To Net: Unknown Pin: Pin PADG-1
Add Pin To Net: Unknown Pin: Pin PADG-2
Add Pin To Net: Unknown Pin: Pin PADG-3
Add Pin To Net: Unknown Pin: Pin PADG-4
Add Pin To Net: Unknown Pin: Pin PADM-1
Add Pin To Net: Unknown Pin: Pin PADM-2
Add Pin To Net: Unknown Pin: Pin PADM-3
Add Pin To Net: Unknown Pin: Pin PADM-4
Add Pin To Net: Unknown Pin: Pin PAFA-1
Add Pin To Net: Unknown Pin: Pin PAFA-2
Add Pin To Net: Unknown Pin: Pin PAFA-3
Add Pin To Net: Unknown Pin: Pin PAFA-4
Add Pin To Net: Unknown Pin: Pin PAFB-1
Add Pin To Net: Unknown Pin: Pin PAFB-2
Add Pin To Net: Unknown Pin: Pin PAFB-3
Add Pin To Net: Unknown Pin: Pin PAFB-4
Add Pin To Net: Unknown Pin: Pin PAFM-1
Add Pin To Net: Unknown Pin: Pin PAFM-2
Add Pin To Net: Unknown Pin: Pin PAFM-3
Add Pin To Net: Unknown Pin: Pin PAFM-4
Add Pin To Net: Unknown Pin: Pin PAFS-1
Add Pin To Net: Unknown Pin: Pin PAFS-2
Add Pin To Net: Unknown Pin: Pin PAFS-3
Add Pin To Net: Unknown Pin: Pin PAFS-4
Add Pin To Net: Unknown Pin: Pin PAGA-1
Add Pin To Net: Unknown Pin: Pin PAGA-2
Add Pin To Net: Unknown Pin: Pin PAGA-3
Add Pin To Net: Unknown Pin: Pin PAGA-4
Add Pin To Net: Unknown Pin: Pin PAGB-1
Add Pin To Net: Unknown Pin: Pin PAGB-2
Add Pin To Net: Unknown Pin: Pin PAGB-3
Add Pin To Net: Unknown Pin: Pin PAGB-4
Add Pin To Net: Unknown Pin: Pin PAGH-1
Add Pin To Net: Unknown Pin: Pin PAGH-2
Add Pin To Net: Unknown Pin: Pin PAGH-3
Add Pin To Net: Unknown Pin: Pin PAGH-4
Add Pin To Net: Unknown Pin: Pin PAGL-1
Add Pin To Net: Unknown Pin: Pin PAGL-2
Add Pin To Net: Unknown Pin: Pin PAGL-3
Add Pin To Net: Unknown Pin: Pin PAGL-4
Add Pin To Net: Unknown Pin: Pin PAHC-1
Add Pin To Net: Unknown Pin: Pin PAHC-2
Add Pin To Net: Unknown Pin: Pin PAHC-3
Add Pin To Net: Unknown Pin: Pin PAHC-4
Add Pin To Net: Unknown Pin: Pin PAHL-1
Add Pin To Net: Unknown Pin: Pin PAHL-2
Add Pin To Net: Unknown Pin: Pin PAHL-3
Add Pin To Net: Unknown Pin: Pin PAHL-4
Add Pin To Net: Unknown Pin: Pin PAHX-1
Add Pin To Net: Unknown Pin: Pin PAHX-2
Add Pin To Net: Unknown Pin: Pin PAHX-3
Add Pin To Net: Unknown Pin: Pin PAHX-4
Add Pin To Net: Unknown Pin: Pin PAIK-1
Add Pin To Net: Unknown Pin: Pin PAIK-2
Add Pin To Net: Unknown Pin: Pin PAIK-3
Add Pin To Net: Unknown Pin: Pin PAIK-4
Add Pin To Net: Unknown Pin: Pin PAIM-1
Add Pin To Net: Unknown Pin: Pin PAIM-2
Add Pin To Net: Unknown Pin: Pin PAIM-3
Add Pin To Net: Unknown Pin: Pin PAIM-4
Add Pin To Net: Unknown Pin: Pin PAIN-1
Add Pin To Net: Unknown Pin: Pin PAIN-2
Add Pin To Net: Unknown Pin: Pin PAIN-3
Add Pin To Net: Unknown Pin: Pin PAIN-4
Add Pin To Net: Unknown Pin: Pin PAIW-1
Add Pin To Net: Unknown Pin: Pin PAIW-2
Add Pin To Net: Unknown Pin: Pin PAIW-3
Add Pin To Net: Unknown Pin: Pin PAIW-4
Add Pin To Net: Unknown Pin: Pin PAKK-1
Add Pin To Net: Unknown Pin: Pin PAKK-2
Add Pin To Net: Unknown Pin: Pin PAKK-3
Add Pin To Net: Unknown Pin: Pin PAKK-4
Add Pin To Net: Unknown Pin: Pin PAKP-1
Add Pin To Net: Unknown Pin: Pin PAKP-2
Add Pin To Net: Unknown Pin: Pin PAKP-3
Add Pin To Net: Unknown Pin: Pin PAKP-4
Add Pin To Net: Unknown Pin: Pin PAKU-1
Add Pin To Net: Unknown Pin: Pin PAKU-2
Add Pin To Net: Unknown Pin: Pin PAKU-3
Add Pin To Net: Unknown Pin: Pin PAKU-4
Add Pin To Net: Unknown Pin: Pin PAKV-1
Add Pin To Net: Unknown Pin: Pin PAKV-2
Add Pin To Net: Unknown Pin: Pin PAKV-3
Add Pin To Net: Unknown Pin: Pin PAKV-4
Add Pin To Net: Unknown Pin: Pin PALP-1
Add Pin To Net: Unknown Pin: Pin PALP-2
Add Pin To Net: Unknown Pin: Pin PALP-3
Add Pin To Net: Unknown Pin: Pin PALP-4
Add Pin To Net: Unknown Pin: Pin PALU-1
Add Pin To Net: Unknown Pin: Pin PALU-2
Add Pin To Net: Unknown Pin: Pin PALU-3
Add Pin To Net: Unknown Pin: Pin PALU-4
Add Pin To Net: Unknown Pin: Pin PAMC-1
Add Pin To Net: Unknown Pin: Pin PAMC-2
Add Pin To Net: Unknown Pin: Pin PAMC-3
Add Pin To Net: Unknown Pin: Pin PAMC-4
Add Pin To Net: Unknown Pin: Pin PAMH-1
Add Pin To Net: Unknown Pin: Pin PAMH-2
Add Pin To Net: Unknown Pin: Pin PAMH-3
Add Pin To Net: Unknown Pin: Pin PAMH-4
Add Pin To Net: Unknown Pin: Pin PAMK-1
Add Pin To Net: Unknown Pin: Pin PAMK-2
Add Pin To Net: Unknown Pin: Pin PAMK-3
Add Pin To Net: Unknown Pin: Pin PAMK-4
Add Pin To Net: Unknown Pin: Pin PAMO-1
Add Pin To Net: Unknown Pin: Pin PAMO-2
Add Pin To Net: Unknown Pin: Pin PAMO-3
Add Pin To Net: Unknown Pin: Pin PAMO-4
Add Pin To Net: Unknown Pin: Pin PANN-1
Add Pin To Net: Unknown Pin: Pin PANN-2
Add Pin To Net: Unknown Pin: Pin PANN-3
Add Pin To Net: Unknown Pin: Pin PANN-4
Add Pin To Net: Unknown Pin: Pin PANU-1
Add Pin To Net: Unknown Pin: Pin PANU-2
Add Pin To Net: Unknown Pin: Pin PANU-3
Add Pin To Net: Unknown Pin: Pin PANU-4
Add Pin To Net: Unknown Pin: Pin PANV-1
Add Pin To Net: Unknown Pin: Pin PANV-2
Add Pin To Net: Unknown Pin: Pin PANV-3
Add Pin To Net: Unknown Pin: Pin PANV-4
Add Pin To Net: Unknown Pin: Pin PAOM-1
Add Pin To Net: Unknown Pin: Pin PAOM-2
Add Pin To Net: Unknown Pin: Pin PAOM-3
Add Pin To Net: Unknown Pin: Pin PAOM-4
Add Pin To Net: Unknown Pin: Pin PAOT-1
Add Pin To Net: Unknown Pin: Pin PAOT-2
Add Pin To Net: Unknown Pin: Pin PAOT-3
Add Pin To Net: Unknown Pin: Pin PAOT-4
Add Pin To Net: Unknown Pin: Pin PAPO-1
Add Pin To Net: Unknown Pin: Pin PAPO-2
Add Pin To Net: Unknown Pin: Pin PAPO-3
Add Pin To Net: Unknown Pin: Pin PAPO-4
Add Pin To Net: Unknown Pin: Pin PAPR-1
Add Pin To Net: Unknown Pin: Pin PAPR-2
Add Pin To Net: Unknown Pin: Pin PAPR-3
Add Pin To Net: Unknown Pin: Pin PAPR-4
Add Pin To Net: Unknown Pin: Pin PAQT-1
Add Pin To Net: Unknown Pin: Pin PAQT-2
Add Pin To Net: Unknown Pin: Pin PAQT-3
Add Pin To Net: Unknown Pin: Pin PAQT-4
Add Pin To Net: Unknown Pin: Pin PARS-1
Add Pin To Net: Unknown Pin: Pin PARS-2
Add Pin To Net: Unknown Pin: Pin PARS-3
Add Pin To Net: Unknown Pin: Pin PARS-4
Add Pin To Net: Unknown Pin: Pin PARY-1
Add Pin To Net: Unknown Pin: Pin PARY-2
Add Pin To Net: Unknown Pin: Pin PARY-3
Add Pin To Net: Unknown Pin: Pin PARY-4
Add Pin To Net: Unknown Pin: Pin PASH-1
Add Pin To Net: Unknown Pin: Pin PASH-2
Add Pin To Net: Unknown Pin: Pin PASH-3
Add Pin To Net: Unknown Pin: Pin PASH-4
Add Pin To Net: Unknown Pin: Pin PASK-1
Add Pin To Net: Unknown Pin: Pin PASK-2
Add Pin To Net: Unknown Pin: Pin PASK-3
Add Pin To Net: Unknown Pin: Pin PASK-4
Add Pin To Net: Unknown Pin: Pin PASM-1
Add Pin To Net: Unknown Pin: Pin PASM-2
Add Pin To Net: Unknown Pin: Pin PASM-3
Add Pin To Net: Unknown Pin: Pin PASM-4
Add Pin To Net: Unknown Pin: Pin PATA-1
Add Pin To Net: Unknown Pin: Pin PATA-2
Add Pin To Net: Unknown Pin: Pin PATA-3
Add Pin To Net: Unknown Pin: Pin PATA-4
Add Pin To Net: Unknown Pin: Pin PATC-1
Add Pin To Net: Unknown Pin: Pin PATC-2
Add Pin To Net: Unknown Pin: Pin PATC-3
Add Pin To Net: Unknown Pin: Pin PATC-4
Add Pin To Net: Unknown Pin: Pin PATE-1
Add Pin To Net: Unknown Pin: Pin PATE-2
Add Pin To Net: Unknown Pin: Pin PATE-3
Add Pin To Net: Unknown Pin: Pin PATE-4
Add Pin To Net: Unknown Pin: Pin PATL-1
Add Pin To Net: Unknown Pin: Pin PATL-2
Add Pin To Net: Unknown Pin: Pin PATL-3
Add Pin To Net: Unknown Pin: Pin PATL-4
Add Pin To Net: Unknown Pin: Pin PATQ-1
Add Pin To Net: Unknown Pin: Pin PATQ-2
Add Pin To Net: Unknown Pin: Pin PATQ-3
Add Pin To Net: Unknown Pin: Pin PATQ-4
Add Pin To Net: Unknown Pin: Pin PAUN-1
Add Pin To Net: Unknown Pin: Pin PAUN-2
Add Pin To Net: Unknown Pin: Pin PAUN-3
Add Pin To Net: Unknown Pin: Pin PAUN-4
Add Pin To Net: Unknown Pin: Pin PAVA-1
Add Pin To Net: Unknown Pin: Pin PAVA-2
Add Pin To Net: Unknown Pin: Pin PAVA-3
Add Pin To Net: Unknown Pin: Pin PAVA-4
Add Pin To Net: Unknown Pin: Pin PAVL-1
Add Pin To Net: Unknown Pin: Pin PAVL-2
Add Pin To Net: Unknown Pin: Pin PAVL-3
Add Pin To Net: Unknown Pin: Pin PAVL-4
Add Pin To Net: Unknown Pin: Pin PAWM-1
Add Pin To Net: Unknown Pin: Pin PAWM-2
Add Pin To Net: Unknown Pin: Pin PAWM-3
Add Pin To Net: Unknown Pin: Pin PAWM-4
Add Pin To Net: Unknown Pin: Pin PAWN-1
Add Pin To Net: Unknown Pin: Pin PAWN-2
Add Pin To Net: Unknown Pin: Pin PAWN-3
Add Pin To Net: Unknown Pin: Pin PAWN-4
Add Pin To Net: Unknown Pin: Pin PFEL-1
Add Pin To Net: Unknown Pin: Pin PFEL-2
Add Pin To Net: Unknown Pin: Pin PFEL-3
Add Pin To Net: Unknown Pin: Pin PFEL-4
Add Pin To Net: Unknown Pin: Pin PFKT-1
Add Pin To Net: Unknown Pin: Pin PFKT-2
Add Pin To Net: Unknown Pin: Pin PFKT-3
Add Pin To Net: Unknown Pin: Pin PFKT-4
Add Pin To Net: Unknown Pin: Pin PFSH-1
Add Pin To Net: Unknown Pin: Pin PFSH-2
Add Pin To Net: Unknown Pin: Pin PFSH-3
Add Pin To Net: Unknown Pin: Pin PFSH-4
Add Pin To Net: Unknown Pin: Pin Power1-1
Add Pin To Net: Unknown Pin: Pin Power1-2
Add Pin To Net: Unknown Pin: Pin Power2-1
Add Pin To Net: Unknown Pin: Pin Power2-2
Add Pin To Net: Unknown Pin: Pin Power / LED in1-1
Add Pin To Net: Unknown Pin: Pin Power / LED in1-2
Add Pin To Net: Unknown Pin: Pin Power / LED in1-3
Add Pin To Net: Unknown Pin: Pin Power / LED out1-1
Add Pin To Net: Unknown Pin: Pin Power / LED out1-2
Add Pin To Net: Unknown Pin: Pin Power / LED out1-3
Add Pin To Net: Unknown Pin: Pin Power Conn1-1
Add Pin To Net: Unknown Pin: Pin Power Conn1-2
Add Pin To Net: Unknown Pin: Pin PPIZ-1
Add Pin To Net: Unknown Pin: Pin PPIZ-2
Add Pin To Net: Unknown Pin: Pin PPIZ-3
Add Pin To Net: Unknown Pin: Pin PPIZ-4
Add Pin To Net: Unknown Pin: Pin R1-1
Add Pin To Net: Unknown Pin: Pin R1-2
Add Pin To Net: Unknown Pin: Pin R2-1
Add Pin To Net: Unknown Pin: Pin R2-2
Add Pin To Net: Unknown Pin: Pin U1-1
Add Pin To Net: Unknown Pin: Pin U1-2
Add Pin To Net: Unknown Pin: Pin U1-3
Add Pin To Net: Unknown Pin: Pin U1-7
Add Pin To Net: Unknown Pin: Pin U1-14
Add Pin To Net: Unknown Pin: Pin U2-1
Add Pin To Net: Unknown Pin: Pin U2-2
Add Pin To Net: Unknown Pin: Pin U2-3
Add Pin To Net: Unknown Pin: Pin U2-7
Add Pin To Net: Unknown Pin: Pin U2-14
Add Pin To Net: Unknown Pin: Pin USB-C1-A1B12
Add Pin To Net: Unknown Pin: Pin USB-C1-A4B9
Add Pin To Net: Unknown Pin: Pin USB-C1-A5
Add Pin To Net: Unknown Pin: Pin USB-C1-B1A12
Add Pin To Net: Unknown Pin: Pin USB-C1-B4A9
Add Pin To Net: Unknown Pin: Pin USB-C1-B5
Add Pin To Net: Unknown Pin: Pin VFR-1
Add Pin To Net: Unknown Pin: Pin VFR-2
Add Pin To Net: Unknown Pin: Pin VFR-3
Add Pin To Net: Unknown Pin: Pin VFR-4
Add Class Member: Failed to add class member : Component C1 16V
Add Class Member: Failed to add class member : Component C2 16V
Add Class Member: Failed to add class member : Component C3 16V
Add Class Member: Failed to add class member : Component C4 16V
Add Class Member: Failed to add class member : Component C5 16V
Add Class Member: Failed to add class member : Component C6 16V
Add Class Member: Failed to add class member : Component C7 16V
Add Class Member: Failed to add class member : Component C8 16V
Add Class Member: Failed to add class member : Component C9 16V
Add Class Member: Failed to add class member : Component C10 16V
Add Class Member: Failed to add class member : Component C11 16V
Add Class Member: Failed to add class member : Component C12 16V
Add Class Member: Failed to add class member : Component C13 16V
Add Class Member: Failed to add class member : Component C14 16V
Add Class Member: Failed to add class member : Component C15 16V
Add Class Member: Failed to add class member : Component C16 16V
Add Class Member: Failed to add class member : Component C17 16V
Add Class Member: Failed to add class member : Component C18 16V
Add Class Member: Failed to add class member : Component C19 16V
Add Class Member: Failed to add class member : Component C20 16V
Add Class Member: Failed to add class member : Component C21 16V
Add Class Member: Failed to add class member : Component C22 16V
Add Class Member: Failed to add class member : Component C23 16V
Add Class Member: Failed to add class member : Component C24 16V
Add Class Member: Failed to add class member : Component C25 16V
Add Class Member: Failed to add class member : Component C26 16V
Add Class Member: Failed to add class member : Component C27 16V
Add Class Member: Failed to add class member : Component C28 16V
Add Class Member: Failed to add class member : Component C29 16V
Add Class Member: Failed to add class member : Component C30 16V
Add Class Member: Failed to add class member : Component C31 16V
Add Class Member: Failed to add class member : Component C32 16V
Add Class Member: Failed to add class member : Component C33 16V
Add Class Member: Failed to add class member : Component C34 16V
Add Class Member: Failed to add class member : Component C35 16V
Add Class Member: Failed to add class member : Component C36 16V
Add Class Member: Failed to add class member : Component C37 16V
Add Class Member: Failed to add class member : Component C38 16V
Add Class Member: Failed to add class member : Component C39 16V
Add Class Member: Failed to add class member : Component C40 16V
Add Class Member: Failed to add class member : Component C41 16V
Add Class Member: Failed to add class member : Component C42 16V
Add Class Member: Failed to add class member : Component C43 16V
Add Class Member: Failed to add class member : Component C44 16V
Add Class Member: Failed to add class member : Component C45 16V
Add Class Member: Failed to add class member : Component C46 16V
Add Class Member: Failed to add class member : Component C47 16V
Add Class Member: Failed to add class member : Component C48 16V
Add Class Member: Failed to add class member : Component C49 16V
Add Class Member: Failed to add class member : Component C50 16V
Add Class Member: Failed to add class member : Component C51 16V
Add Class Member: Failed to add class member : Component C52 16V
Add Class Member: Failed to add class member : Component C53 16V
Add Class Member: Failed to add class member : Component C54 16V
Add Class Member: Failed to add class member : Component C55 16V
Add Class Member: Failed to add class member : Component C56 16V
Add Class Member: Failed to add class member : Component C57 16V
Add Class Member: Failed to add class member : Component C58 16V
Add Class Member: Failed to add class member : Component C59 16V
Add Class Member: Failed to add class member : Component C60 16V
Add Class Member: Failed to add class member : Component C61 16V
Add Class Member: Failed to add class member : Component C62 16V
Add Class Member: Failed to add class member : Component C63 16V
Add Class Member: Failed to add class member : Component C64 16V
Add Class Member: Failed to add class member : Component C65 16V
Add Class Member: Failed to add class member : Component C66 16V
Added Member To Class: ClassName=Alaska 1-1 Member=Component Connector In1 HCTL PM254-2-05-S-8.5
Added Member To Class: ClassName=Alaska 1-1 Member=Component Connector Out1 HCTL PM254-2-05-S-8.5
Add Class Member: Failed to add class member : Component CPU-Con1 Liansheng FH-00148
Add Class Member: Failed to add class member : Component CPU Con1 40 pin Female connector
Add Class Member: Failed to add class member : Component IFR Worldsemi WS2812B-2020
Add Class Member: Failed to add class member : Component INVALID Worldsemi WS2812B-2020
Add Class Member: Failed to add class member : Component LIFR Worldsemi WS2812B-2020
Added Member To Class: ClassName=Alaska 1-1 Member=Component MH1 Hole 14mm diameter
Added Member To Class: ClassName=Alaska 1-1 Member=Component MH2 Hole 14mm diameter
Added Member To Class: ClassName=Alaska 1-1 Member=Component MH3 Hole 14mm diameter
Added Member To Class: ClassName=Alaska 1-1 Member=Component MH4 Hole 14mm diameter
Added Member To Class: ClassName=Alaska 1-1 Member=Component MH5 Hole 14mm diameter
Added Member To Class: ClassName=Alaska 1-1 Member=Component MH6 Hole 14mm diameter
Added Member To Class: ClassName=Alaska 1-1 Member=Component MH7 Hole 14mm diameter
Added Member To Class: ClassName=Alaska 1-1 Member=Component MH8 Hole 14mm diameter
Added Member To Class: ClassName=Alaska 1-1 Member=Component MH9 Hole 14mm diameter
Added Member To Class: ClassName=Alaska 1-1 Member=Component MH10 Hole 14mm diameter
Added Member To Class: ClassName=Alaska 1-1 Member=Component MH11 Hole 14mm diameter
Added Member To Class: ClassName=Alaska 1-1 Member=Component MH12 Hole 14mm diameter
Added Member To Class: ClassName=Alaska 1-1 Member=Component MH13 Hole 14mm diameter
Added Member To Class: ClassName=Alaska 1-1 Member=Component MH14 Hole 14mm diameter
Added Member To Class: ClassName=Alaska 1-1 Member=Component MH15 Hole 14mm diameter
Added Member To Class: ClassName=Alaska 1-1 Member=Component MH16 Hole 14mm diameter
Added Member To Class: ClassName=Alaska 1-1 Member=Component MH17 Hole 14mm diameter
Added Member To Class: ClassName=Alaska 1-1 Member=Component MH18 Hole 14mm diameter
Added Member To Class: ClassName=Alaska 1-1 Member=Component MH19 Hole 14mm diameter
Added Member To Class: ClassName=Alaska 1-1 Member=Component MH20 Hole 14mm diameter
Added Member To Class: ClassName=Alaska 1-1 Member=Component MH21 Hole 14mm diameter
Added Member To Class: ClassName=Alaska 1-1 Member=Component MH22 Hole 12mm diameter
Added Member To Class: ClassName=Alaska 1-1 Member=Component MH23 Hole 12mm diameter
Added Member To Class: ClassName=Alaska 1-1 Member=Component MH24 Hole 12mm diameter
Added Member To Class: ClassName=Alaska 1-1 Member=Component MH25 Hole 12mm diameter
Added Member To Class: ClassName=Alaska 1-1 Member=Component MH26 Hole 12mm diameter
Added Member To Class: ClassName=Alaska 1-1 Member=Component MH27 Hole 12mm diameter
Add Class Member: Failed to add class member : Component Mount_foot1 Mount_foot2
Add Class Member: Failed to add class member : Component Mount_Foot2 Mount_foot1
Add Class Member: Failed to add class member : Component Mounting Case 1 Mounting Hole
Add Class Member: Failed to add class member : Component Mounting Case 2 Mounting Hole
Add Class Member: Failed to add class member : Component Mounting Case 3 Mounting Hole
Add Class Member: Failed to add class member : Component Mounting Case 4 Mounting Hole
Add Class Member: Failed to add class member : Component Mounting Frame 1 Mounting Hole
Add Class Member: Failed to add class member : Component Mounting Frame 2 Mounting Hole
Add Class Member: Failed to add class member : Component Mounting Frame 3 Mounting Hole
Add Class Member: Failed to add class member : Component Mounting Frame 4 Mounting Hole
Add Class Member: Failed to add class member : Component Mounting Frame 5 Mounting Hole
Add Class Member: Failed to add class member : Component Mounting Frame 6 Mounting Hole
Add Class Member: Failed to add class member : Component Mounting Frame 7 Mounting Hole
Add Class Member: Failed to add class member : Component Mounting Frame 8 Mounting Hole
Add Class Member: Failed to add class member : Component Mounting Frame 9 Mounting Hole
Add Class Member: Failed to add class member : Component Mounting Frame 10 Mounting Hole
Add Class Member: Failed to add class member : Component Mounting Frame 11 Mounting Hole
Add Class Member: Failed to add class member : Component Mounting Frame 12 Mounting Hole
Add Class Member: Failed to add class member : Component MVFR Worldsemi WS2812B-2020
Add Class Member: Failed to add class member : Component PABL Worldsemi WS2812B-2020
Add Class Member: Failed to add class member : Component PABR Worldsemi WS2812B-2020
Add Class Member: Failed to add class member : Component PABT Worldsemi WS2812B-2020
Add Class Member: Failed to add class member : Component PACM Worldsemi WS2812B-2020
Add Class Member: Failed to add class member : Component PACX Worldsemi WS2812B-2020
Add Class Member: Failed to add class member : Component PACZ Worldsemi WS2812B-2020
Add Class Member: Failed to add class member : Component PADE Worldsemi WS2812B-2020
Add Class Member: Failed to add class member : Component PADG Worldsemi WS2812B-2020
Add Class Member: Failed to add class member : Component PADM Worldsemi WS2812B-2020
Add Class Member: Failed to add class member : Component PAFA Worldsemi WS2812B-2020
Add Class Member: Failed to add class member : Component PAFB Worldsemi WS2812B-2020
Add Class Member: Failed to add class member : Component PAFM Worldsemi WS2812B-2020
Add Class Member: Failed to add class member : Component PAFS Worldsemi WS2812B-2020
Add Class Member: Failed to add class member : Component PAGA Worldsemi WS2812B-2020
Add Class Member: Failed to add class member : Component PAGB Worldsemi WS2812B-2020
Add Class Member: Failed to add class member : Component PAGH Worldsemi WS2812B-2020
Add Class Member: Failed to add class member : Component PAGL Worldsemi WS2812B-2020
Add Class Member: Failed to add class member : Component PAHC Worldsemi WS2812B-2020
Add Class Member: Failed to add class member : Component PAHL Worldsemi WS2812B-2020
Add Class Member: Failed to add class member : Component PAHX Worldsemi WS2812B-2020
Add Class Member: Failed to add class member : Component PAIK Worldsemi WS2812B-2020
Add Class Member: Failed to add class member : Component PAIM Worldsemi WS2812B-2020
Add Class Member: Failed to add class member : Component PAIN Worldsemi WS2812B-2020
Add Class Member: Failed to add class member : Component PAIW Worldsemi WS2812B-2020
Add Class Member: Failed to add class member : Component PAKK Worldsemi WS2812B-2020
Add Class Member: Failed to add class member : Component PAKP Worldsemi WS2812B-2020
Add Class Member: Failed to add class member : Component PAKU Worldsemi WS2812B-2020
Add Class Member: Failed to add class member : Component PAKV Worldsemi WS2812B-2020
Add Class Member: Failed to add class member : Component PALP Worldsemi WS2812B-2020
Add Class Member: Failed to add class member : Component PALU Worldsemi WS2812B-2020
Add Class Member: Failed to add class member : Component PAMC Worldsemi WS2812B-2020
Add Class Member: Failed to add class member : Component PAMH Worldsemi WS2812B-2020
Add Class Member: Failed to add class member : Component PAMK Worldsemi WS2812B-2020
Add Class Member: Failed to add class member : Component PAMO Worldsemi WS2812B-2020
Add Class Member: Failed to add class member : Component PANN Worldsemi WS2812B-2020
Add Class Member: Failed to add class member : Component PANU Worldsemi WS2812B-2020
Add Class Member: Failed to add class member : Component PANV Worldsemi WS2812B-2020
Add Class Member: Failed to add class member : Component PAOM Worldsemi WS2812B-2020
Add Class Member: Failed to add class member : Component PAOT Worldsemi WS2812B-2020
Add Class Member: Failed to add class member : Component PAPO Worldsemi WS2812B-2020
Add Class Member: Failed to add class member : Component PAPR Worldsemi WS2812B-2020
Add Class Member: Failed to add class member : Component PAQT Worldsemi WS2812B-2020
Add Class Member: Failed to add class member : Component PARS Worldsemi WS2812B-2020
Add Class Member: Failed to add class member : Component PARY Worldsemi WS2812B-2020
Add Class Member: Failed to add class member : Component PASH Worldsemi WS2812B-2020
Add Class Member: Failed to add class member : Component PASK Worldsemi WS2812B-2020
Add Class Member: Failed to add class member : Component PASM Worldsemi WS2812B-2020
Add Class Member: Failed to add class member : Component PATA Worldsemi WS2812B-2020
Add Class Member: Failed to add class member : Component PATC Worldsemi WS2812B-2020
Add Class Member: Failed to add class member : Component PATE Worldsemi WS2812B-2020
Add Class Member: Failed to add class member : Component PATL Worldsemi WS2812B-2020
Add Class Member: Failed to add class member : Component PATQ Worldsemi WS2812B-2020
Add Class Member: Failed to add class member : Component PAUN Worldsemi WS2812B-2020
Add Class Member: Failed to add class member : Component PAVA Worldsemi WS2812B-2020
Add Class Member: Failed to add class member : Component PAVL Worldsemi WS2812B-2020
Add Class Member: Failed to add class member : Component PAWM Worldsemi WS2812B-2020
Add Class Member: Failed to add class member : Component PAWN Worldsemi WS2812B-2020
Add Class Member: Failed to add class member : Component PFEL Worldsemi WS2812B-2020
Add Class Member: Failed to add class member : Component PFKT Worldsemi WS2812B-2020
Add Class Member: Failed to add class member : Component PFSH Worldsemi WS2812B-2020
Add Class Member: Failed to add class member : Component Power1 TE Connectivity 282836-2
Add Class Member: Failed to add class member : Component Power2 TE Connectivity 282836-2
Add Class Member: Failed to add class member : Component Power / LED in1 TE Connectivity 282836-3
Add Class Member: Failed to add class member : Component Power / LED out1 TE Connectivity 282836-3
Add Class Member: Failed to add class member : Component Power Conn1 SYM-d2791a514fce0dbe-1
Add Class Member: Failed to add class member : Component PPIZ Worldsemi WS2812B-2020
Add Class Member: Failed to add class member : Component R1 5.1k 0603
Add Class Member: Failed to add class member : Component R2 5.1k 0603
Add Class Member: Failed to add class member : Component Side1 Mounting Hole
Add Class Member: Failed to add class member : Component Side2 Mounting Hole
Add Class Member: Failed to add class member : Component Side3 Mounting Hole
Add Class Member: Failed to add class member : Component Side4 Mounting Hole
Add Class Member: Failed to add class member : Component Side5 Mounting Hole
Add Class Member: Failed to add class member : Component Side6 Mounting Hole
Add Class Member: Failed to add class member : Component Side7 Mounting Hole
Add Class Member: Failed to add class member : Component Side8 Mounting Hole
Add Class Member: Failed to add class member : Component U1 TI (Texas Instruments) SN74AHCT125PWR
Add Class Member: Failed to add class member : Component U2 Texas Instruments SN74AHCT125DR
Add Class Member: Failed to add class member : Component USB-C1 Hooya USB-310M-B-SU
Added Member To Class: ClassName=Alaska 1-1 Member=Component VFR? Worldsemi WS2812B-2020
Add Class Member: Failed to add class member : Component VFR Worldsemi WS2812B-2020
