Replace Part Mount_foot1 CMP-q3gk3wg8yin1w7wp8pag-1 in J:\projekte\#############2021\live sectional pcb\Alaska\altium\1-1\Alaska 1-1\Alaska 1-1.SchDoc with CMP-q3gk3wg8yin1w7wp8pag-1 from PCB_Project.IntLib
Replace Part Mount_Foot2 CMP-q3gk3wg8yin1w7wp8pag-1 in J:\projekte\#############2021\live sectional pcb\Alaska\altium\1-1\Alaska 1-1\Alaska 1-1.SchDoc with CMP-q3gk3wg8yin1w7wp8pag-1 from PCB_Project.IntLib
Replace Part Mounting Case 1 CMP-q3gk3wg8yin1w7wp8pag-1 in J:\projekte\#############2021\live sectional pcb\Alaska\altium\1-1\Alaska 1-1\Alaska 1-1.SchDoc with CMP-q3gk3wg8yin1w7wp8pag-1 from PCB_Project.IntLib
Replace Part Mounting Case 2 CMP-q3gk3wg8yin1w7wp8pag-1 in J:\projekte\#############2021\live sectional pcb\Alaska\altium\1-1\Alaska 1-1\Alaska 1-1.SchDoc with CMP-q3gk3wg8yin1w7wp8pag-1 from PCB_Project.IntLib
Replace Part Mounting Case 3 CMP-q3gk3wg8yin1w7wp8pag-1 in J:\projekte\#############2021\live sectional pcb\Alaska\altium\1-1\Alaska 1-1\Alaska 1-1.SchDoc with CMP-q3gk3wg8yin1w7wp8pag-1 from PCB_Project.IntLib
Replace Part Mounting Case 4 CMP-q3gk3wg8yin1w7wp8pag-1 in J:\projekte\#############2021\live sectional pcb\Alaska\altium\1-1\Alaska 1-1\Alaska 1-1.SchDoc with CMP-q3gk3wg8yin1w7wp8pag-1 from PCB_Project.IntLib
Replace Part Mounting Frame 1 CMP-q3gk3wg8yin1w7wp8pag-1 in J:\projekte\#############2021\live sectional pcb\Alaska\altium\1-1\Alaska 1-1\Alaska 1-1.SchDoc with CMP-q3gk3wg8yin1w7wp8pag-1 from PCB_Project.IntLib
Replace Part Mounting Frame 2 CMP-q3gk3wg8yin1w7wp8pag-1 in J:\projekte\#############2021\live sectional pcb\Alaska\altium\1-1\Alaska 1-1\Alaska 1-1.SchDoc with CMP-q3gk3wg8yin1w7wp8pag-1 from PCB_Project.IntLib
Replace Part Mounting Frame 3 CMP-q3gk3wg8yin1w7wp8pag-1 in J:\projekte\#############2021\live sectional pcb\Alaska\altium\1-1\Alaska 1-1\Alaska 1-1.SchDoc with CMP-q3gk3wg8yin1w7wp8pag-1 from PCB_Project.IntLib
Replace Part Mounting Frame 4 CMP-q3gk3wg8yin1w7wp8pag-1 in J:\projekte\#############2021\live sectional pcb\Alaska\altium\1-1\Alaska 1-1\Alaska 1-1.SchDoc with CMP-q3gk3wg8yin1w7wp8pag-1 from PCB_Project.IntLib
Replace Part Mounting Frame 5 CMP-q3gk3wg8yin1w7wp8pag-1 in J:\projekte\#############2021\live sectional pcb\Alaska\altium\1-1\Alaska 1-1\Alaska 1-1.SchDoc with CMP-q3gk3wg8yin1w7wp8pag-1 from PCB_Project.IntLib
Replace Part Mounting Frame 6 CMP-q3gk3wg8yin1w7wp8pag-1 in J:\projekte\#############2021\live sectional pcb\Alaska\altium\1-1\Alaska 1-1\Alaska 1-1.SchDoc with CMP-q3gk3wg8yin1w7wp8pag-1 from PCB_Project.IntLib
Replace Part Mounting Frame 7 CMP-q3gk3wg8yin1w7wp8pag-1 in J:\projekte\#############2021\live sectional pcb\Alaska\altium\1-1\Alaska 1-1\Alaska 1-1.SchDoc with CMP-q3gk3wg8yin1w7wp8pag-1 from PCB_Project.IntLib
Replace Part Mounting Frame 8 CMP-q3gk3wg8yin1w7wp8pag-1 in J:\projekte\#############2021\live sectional pcb\Alaska\altium\1-1\Alaska 1-1\Alaska 1-1.SchDoc with CMP-q3gk3wg8yin1w7wp8pag-1 from PCB_Project.IntLib
Replace Part Mounting Frame 9 CMP-q3gk3wg8yin1w7wp8pag-1 in J:\projekte\#############2021\live sectional pcb\Alaska\altium\1-1\Alaska 1-1\Alaska 1-1.SchDoc with CMP-q3gk3wg8yin1w7wp8pag-1 from PCB_Project.IntLib
Replace Part Mounting Frame 10 CMP-q3gk3wg8yin1w7wp8pag-1 in J:\projekte\#############2021\live sectional pcb\Alaska\altium\1-1\Alaska 1-1\Alaska 1-1.SchDoc with CMP-q3gk3wg8yin1w7wp8pag-1 from PCB_Project.IntLib
Replace Part Mounting Frame 11 CMP-q3gk3wg8yin1w7wp8pag-1 in J:\projekte\#############2021\live sectional pcb\Alaska\altium\1-1\Alaska 1-1\Alaska 1-1.SchDoc with CMP-q3gk3wg8yin1w7wp8pag-1 from PCB_Project.IntLib
Replace Part Mounting Frame 12 CMP-q3gk3wg8yin1w7wp8pag-1 in J:\projekte\#############2021\live sectional pcb\Alaska\altium\1-1\Alaska 1-1\Alaska 1-1.SchDoc with CMP-q3gk3wg8yin1w7wp8pag-1 from PCB_Project.IntLib
Replace Part Side1 CMP-q3gk3wg8yin1w7wp8pag-1 in J:\projekte\#############2021\live sectional pcb\Alaska\altium\1-1\Alaska 1-1\Alaska 1-1.SchDoc with CMP-q3gk3wg8yin1w7wp8pag-1 from PCB_Project.IntLib
Replace Part Side2 CMP-q3gk3wg8yin1w7wp8pag-1 in J:\projekte\#############2021\live sectional pcb\Alaska\altium\1-1\Alaska 1-1\Alaska 1-1.SchDoc with CMP-q3gk3wg8yin1w7wp8pag-1 from PCB_Project.IntLib
Replace Part Side3 CMP-q3gk3wg8yin1w7wp8pag-1 in J:\projekte\#############2021\live sectional pcb\Alaska\altium\1-1\Alaska 1-1\Alaska 1-1.SchDoc with CMP-q3gk3wg8yin1w7wp8pag-1 from PCB_Project.IntLib
Replace Part Side4 CMP-q3gk3wg8yin1w7wp8pag-1 in J:\projekte\#############2021\live sectional pcb\Alaska\altium\1-1\Alaska 1-1\Alaska 1-1.SchDoc with CMP-q3gk3wg8yin1w7wp8pag-1 from PCB_Project.IntLib
Replace Part Side5 CMP-q3gk3wg8yin1w7wp8pag-1 in J:\projekte\#############2021\live sectional pcb\Alaska\altium\1-1\Alaska 1-1\Alaska 1-1.SchDoc with CMP-q3gk3wg8yin1w7wp8pag-1 from PCB_Project.IntLib
Replace Part Side6 CMP-q3gk3wg8yin1w7wp8pag-1 in J:\projekte\#############2021\live sectional pcb\Alaska\altium\1-1\Alaska 1-1\Alaska 1-1.SchDoc with CMP-q3gk3wg8yin1w7wp8pag-1 from PCB_Project.IntLib
Replace Part Side7 CMP-q3gk3wg8yin1w7wp8pag-1 in J:\projekte\#############2021\live sectional pcb\Alaska\altium\1-1\Alaska 1-1\Alaska 1-1.SchDoc with CMP-q3gk3wg8yin1w7wp8pag-1 from PCB_Project.IntLib
Replace Part Side8 CMP-q3gk3wg8yin1w7wp8pag-1 in J:\projekte\#############2021\live sectional pcb\Alaska\altium\1-1\Alaska 1-1\Alaska 1-1.SchDoc with CMP-q3gk3wg8yin1w7wp8pag-1 from PCB_Project.IntLib
