Replace Part IFR CMP-30b1feb25fa9ef76-6 in J:\projekte\#############2021\live sectional pcb\Alaska\altium\1-1\Alaska 1-1\Alaska 1-1.SchDoc with CMP-30b1feb25fa9ef76-6 from PCB_Project.IntLib
Replace Part INVALID CMP-30b1feb25fa9ef76-6 in J:\projekte\#############2021\live sectional pcb\Alaska\altium\1-1\Alaska 1-1\Alaska 1-1.SchDoc with CMP-30b1feb25fa9ef76-6 from PCB_Project.IntLib
Replace Part LIFR CMP-30b1feb25fa9ef76-6 in J:\projekte\#############2021\live sectional pcb\Alaska\altium\1-1\Alaska 1-1\Alaska 1-1.SchDoc with CMP-30b1feb25fa9ef76-6 from PCB_Project.IntLib
Replace Part MVFR CMP-30b1feb25fa9ef76-6 in J:\projekte\#############2021\live sectional pcb\Alaska\altium\1-1\Alaska 1-1\Alaska 1-1.SchDoc with CMP-30b1feb25fa9ef76-6 from PCB_Project.IntLib
Replace Part PABL CMP-30b1feb25fa9ef76-6 in J:\projekte\#############2021\live sectional pcb\Alaska\altium\1-1\Alaska 1-1\Alaska 1-1.SchDoc with CMP-30b1feb25fa9ef76-6 from PCB_Project.IntLib
Replace Part PABR CMP-30b1feb25fa9ef76-6 in J:\projekte\#############2021\live sectional pcb\Alaska\altium\1-1\Alaska 1-1\Alaska 1-1.SchDoc with CMP-30b1feb25fa9ef76-6 from PCB_Project.IntLib
Replace Part PABT CMP-30b1feb25fa9ef76-6 in J:\projekte\#############2021\live sectional pcb\Alaska\altium\1-1\Alaska 1-1\Alaska 1-1.SchDoc with CMP-30b1feb25fa9ef76-6 from PCB_Project.IntLib
Replace Part PACM CMP-30b1feb25fa9ef76-6 in J:\projekte\#############2021\live sectional pcb\Alaska\altium\1-1\Alaska 1-1\Alaska 1-1.SchDoc with CMP-30b1feb25fa9ef76-6 from PCB_Project.IntLib
Replace Part PACX CMP-30b1feb25fa9ef76-6 in J:\projekte\#############2021\live sectional pcb\Alaska\altium\1-1\Alaska 1-1\Alaska 1-1.SchDoc with CMP-30b1feb25fa9ef76-6 from PCB_Project.IntLib
Replace Part PACZ CMP-30b1feb25fa9ef76-6 in J:\projekte\#############2021\live sectional pcb\Alaska\altium\1-1\Alaska 1-1\Alaska 1-1.SchDoc with CMP-30b1feb25fa9ef76-6 from PCB_Project.IntLib
Replace Part PADE CMP-30b1feb25fa9ef76-6 in J:\projekte\#############2021\live sectional pcb\Alaska\altium\1-1\Alaska 1-1\Alaska 1-1.SchDoc with CMP-30b1feb25fa9ef76-6 from PCB_Project.IntLib
Replace Part PADG CMP-30b1feb25fa9ef76-6 in J:\projekte\#############2021\live sectional pcb\Alaska\altium\1-1\Alaska 1-1\Alaska 1-1.SchDoc with CMP-30b1feb25fa9ef76-6 from PCB_Project.IntLib
Replace Part PADM CMP-30b1feb25fa9ef76-6 in J:\projekte\#############2021\live sectional pcb\Alaska\altium\1-1\Alaska 1-1\Alaska 1-1.SchDoc with CMP-30b1feb25fa9ef76-6 from PCB_Project.IntLib
Replace Part PAFA CMP-30b1feb25fa9ef76-6 in J:\projekte\#############2021\live sectional pcb\Alaska\altium\1-1\Alaska 1-1\Alaska 1-1.SchDoc with CMP-30b1feb25fa9ef76-6 from PCB_Project.IntLib
Replace Part PAFB CMP-30b1feb25fa9ef76-6 in J:\projekte\#############2021\live sectional pcb\Alaska\altium\1-1\Alaska 1-1\Alaska 1-1.SchDoc with CMP-30b1feb25fa9ef76-6 from PCB_Project.IntLib
Replace Part PAFM CMP-30b1feb25fa9ef76-6 in J:\projekte\#############2021\live sectional pcb\Alaska\altium\1-1\Alaska 1-1\Alaska 1-1.SchDoc with CMP-30b1feb25fa9ef76-6 from PCB_Project.IntLib
Replace Part PAFS CMP-30b1feb25fa9ef76-6 in J:\projekte\#############2021\live sectional pcb\Alaska\altium\1-1\Alaska 1-1\Alaska 1-1.SchDoc with CMP-30b1feb25fa9ef76-6 from PCB_Project.IntLib
Replace Part PAGA CMP-30b1feb25fa9ef76-6 in J:\projekte\#############2021\live sectional pcb\Alaska\altium\1-1\Alaska 1-1\Alaska 1-1.SchDoc with CMP-30b1feb25fa9ef76-6 from PCB_Project.IntLib
Replace Part PAGB CMP-30b1feb25fa9ef76-6 in J:\projekte\#############2021\live sectional pcb\Alaska\altium\1-1\Alaska 1-1\Alaska 1-1.SchDoc with CMP-30b1feb25fa9ef76-6 from PCB_Project.IntLib
Replace Part PAGH CMP-30b1feb25fa9ef76-6 in J:\projekte\#############2021\live sectional pcb\Alaska\altium\1-1\Alaska 1-1\Alaska 1-1.SchDoc with CMP-30b1feb25fa9ef76-6 from PCB_Project.IntLib
Replace Part PAGL CMP-30b1feb25fa9ef76-6 in J:\projekte\#############2021\live sectional pcb\Alaska\altium\1-1\Alaska 1-1\Alaska 1-1.SchDoc with CMP-30b1feb25fa9ef76-6 from PCB_Project.IntLib
Replace Part PAHC CMP-30b1feb25fa9ef76-6 in J:\projekte\#############2021\live sectional pcb\Alaska\altium\1-1\Alaska 1-1\Alaska 1-1.SchDoc with CMP-30b1feb25fa9ef76-6 from PCB_Project.IntLib
Replace Part PAHL CMP-30b1feb25fa9ef76-6 in J:\projekte\#############2021\live sectional pcb\Alaska\altium\1-1\Alaska 1-1\Alaska 1-1.SchDoc with CMP-30b1feb25fa9ef76-6 from PCB_Project.IntLib
Replace Part PAHX CMP-30b1feb25fa9ef76-6 in J:\projekte\#############2021\live sectional pcb\Alaska\altium\1-1\Alaska 1-1\Alaska 1-1.SchDoc with CMP-30b1feb25fa9ef76-6 from PCB_Project.IntLib
Replace Part PAIK CMP-30b1feb25fa9ef76-6 in J:\projekte\#############2021\live sectional pcb\Alaska\altium\1-1\Alaska 1-1\Alaska 1-1.SchDoc with CMP-30b1feb25fa9ef76-6 from PCB_Project.IntLib
Replace Part PAIM CMP-30b1feb25fa9ef76-6 in J:\projekte\#############2021\live sectional pcb\Alaska\altium\1-1\Alaska 1-1\Alaska 1-1.SchDoc with CMP-30b1feb25fa9ef76-6 from PCB_Project.IntLib
Replace Part PAIN CMP-30b1feb25fa9ef76-6 in J:\projekte\#############2021\live sectional pcb\Alaska\altium\1-1\Alaska 1-1\Alaska 1-1.SchDoc with CMP-30b1feb25fa9ef76-6 from PCB_Project.IntLib
Replace Part PAIW CMP-30b1feb25fa9ef76-6 in J:\projekte\#############2021\live sectional pcb\Alaska\altium\1-1\Alaska 1-1\Alaska 1-1.SchDoc with CMP-30b1feb25fa9ef76-6 from PCB_Project.IntLib
Replace Part PAKK CMP-30b1feb25fa9ef76-6 in J:\projekte\#############2021\live sectional pcb\Alaska\altium\1-1\Alaska 1-1\Alaska 1-1.SchDoc with CMP-30b1feb25fa9ef76-6 from PCB_Project.IntLib
Replace Part PAKP CMP-30b1feb25fa9ef76-6 in J:\projekte\#############2021\live sectional pcb\Alaska\altium\1-1\Alaska 1-1\Alaska 1-1.SchDoc with CMP-30b1feb25fa9ef76-6 from PCB_Project.IntLib
Replace Part PAKU CMP-30b1feb25fa9ef76-6 in J:\projekte\#############2021\live sectional pcb\Alaska\altium\1-1\Alaska 1-1\Alaska 1-1.SchDoc with CMP-30b1feb25fa9ef76-6 from PCB_Project.IntLib
Replace Part PAKV CMP-30b1feb25fa9ef76-6 in J:\projekte\#############2021\live sectional pcb\Alaska\altium\1-1\Alaska 1-1\Alaska 1-1.SchDoc with CMP-30b1feb25fa9ef76-6 from PCB_Project.IntLib
Replace Part PALP CMP-30b1feb25fa9ef76-6 in J:\projekte\#############2021\live sectional pcb\Alaska\altium\1-1\Alaska 1-1\Alaska 1-1.SchDoc with CMP-30b1feb25fa9ef76-6 from PCB_Project.IntLib
Replace Part PALU CMP-30b1feb25fa9ef76-6 in J:\projekte\#############2021\live sectional pcb\Alaska\altium\1-1\Alaska 1-1\Alaska 1-1.SchDoc with CMP-30b1feb25fa9ef76-6 from PCB_Project.IntLib
Replace Part PAMC CMP-30b1feb25fa9ef76-6 in J:\projekte\#############2021\live sectional pcb\Alaska\altium\1-1\Alaska 1-1\Alaska 1-1.SchDoc with CMP-30b1feb25fa9ef76-6 from PCB_Project.IntLib
Replace Part PAMH CMP-30b1feb25fa9ef76-6 in J:\projekte\#############2021\live sectional pcb\Alaska\altium\1-1\Alaska 1-1\Alaska 1-1.SchDoc with CMP-30b1feb25fa9ef76-6 from PCB_Project.IntLib
Replace Part PAMK CMP-30b1feb25fa9ef76-6 in J:\projekte\#############2021\live sectional pcb\Alaska\altium\1-1\Alaska 1-1\Alaska 1-1.SchDoc with CMP-30b1feb25fa9ef76-6 from PCB_Project.IntLib
Replace Part PAMO CMP-30b1feb25fa9ef76-6 in J:\projekte\#############2021\live sectional pcb\Alaska\altium\1-1\Alaska 1-1\Alaska 1-1.SchDoc with CMP-30b1feb25fa9ef76-6 from PCB_Project.IntLib
Replace Part PANN CMP-30b1feb25fa9ef76-6 in J:\projekte\#############2021\live sectional pcb\Alaska\altium\1-1\Alaska 1-1\Alaska 1-1.SchDoc with CMP-30b1feb25fa9ef76-6 from PCB_Project.IntLib
Replace Part PANU CMP-30b1feb25fa9ef76-6 in J:\projekte\#############2021\live sectional pcb\Alaska\altium\1-1\Alaska 1-1\Alaska 1-1.SchDoc with CMP-30b1feb25fa9ef76-6 from PCB_Project.IntLib
Replace Part PANV CMP-30b1feb25fa9ef76-6 in J:\projekte\#############2021\live sectional pcb\Alaska\altium\1-1\Alaska 1-1\Alaska 1-1.SchDoc with CMP-30b1feb25fa9ef76-6 from PCB_Project.IntLib
Replace Part PAOM CMP-30b1feb25fa9ef76-6 in J:\projekte\#############2021\live sectional pcb\Alaska\altium\1-1\Alaska 1-1\Alaska 1-1.SchDoc with CMP-30b1feb25fa9ef76-6 from PCB_Project.IntLib
Replace Part PAOT CMP-30b1feb25fa9ef76-6 in J:\projekte\#############2021\live sectional pcb\Alaska\altium\1-1\Alaska 1-1\Alaska 1-1.SchDoc with CMP-30b1feb25fa9ef76-6 from PCB_Project.IntLib
Replace Part PAPO CMP-30b1feb25fa9ef76-6 in J:\projekte\#############2021\live sectional pcb\Alaska\altium\1-1\Alaska 1-1\Alaska 1-1.SchDoc with CMP-30b1feb25fa9ef76-6 from PCB_Project.IntLib
Replace Part PAPR CMP-30b1feb25fa9ef76-6 in J:\projekte\#############2021\live sectional pcb\Alaska\altium\1-1\Alaska 1-1\Alaska 1-1.SchDoc with CMP-30b1feb25fa9ef76-6 from PCB_Project.IntLib
Replace Part PAQT CMP-30b1feb25fa9ef76-6 in J:\projekte\#############2021\live sectional pcb\Alaska\altium\1-1\Alaska 1-1\Alaska 1-1.SchDoc with CMP-30b1feb25fa9ef76-6 from PCB_Project.IntLib
Replace Part PARS CMP-30b1feb25fa9ef76-6 in J:\projekte\#############2021\live sectional pcb\Alaska\altium\1-1\Alaska 1-1\Alaska 1-1.SchDoc with CMP-30b1feb25fa9ef76-6 from PCB_Project.IntLib
Replace Part PARY CMP-30b1feb25fa9ef76-6 in J:\projekte\#############2021\live sectional pcb\Alaska\altium\1-1\Alaska 1-1\Alaska 1-1.SchDoc with CMP-30b1feb25fa9ef76-6 from PCB_Project.IntLib
Replace Part PASH CMP-30b1feb25fa9ef76-6 in J:\projekte\#############2021\live sectional pcb\Alaska\altium\1-1\Alaska 1-1\Alaska 1-1.SchDoc with CMP-30b1feb25fa9ef76-6 from PCB_Project.IntLib
Replace Part PASK CMP-30b1feb25fa9ef76-6 in J:\projekte\#############2021\live sectional pcb\Alaska\altium\1-1\Alaska 1-1\Alaska 1-1.SchDoc with CMP-30b1feb25fa9ef76-6 from PCB_Project.IntLib
Replace Part PASM CMP-30b1feb25fa9ef76-6 in J:\projekte\#############2021\live sectional pcb\Alaska\altium\1-1\Alaska 1-1\Alaska 1-1.SchDoc with CMP-30b1feb25fa9ef76-6 from PCB_Project.IntLib
Replace Part PATA CMP-30b1feb25fa9ef76-6 in J:\projekte\#############2021\live sectional pcb\Alaska\altium\1-1\Alaska 1-1\Alaska 1-1.SchDoc with CMP-30b1feb25fa9ef76-6 from PCB_Project.IntLib
Replace Part PATC CMP-30b1feb25fa9ef76-6 in J:\projekte\#############2021\live sectional pcb\Alaska\altium\1-1\Alaska 1-1\Alaska 1-1.SchDoc with CMP-30b1feb25fa9ef76-6 from PCB_Project.IntLib
Replace Part PATE CMP-30b1feb25fa9ef76-6 in J:\projekte\#############2021\live sectional pcb\Alaska\altium\1-1\Alaska 1-1\Alaska 1-1.SchDoc with CMP-30b1feb25fa9ef76-6 from PCB_Project.IntLib
Replace Part PATL CMP-30b1feb25fa9ef76-6 in J:\projekte\#############2021\live sectional pcb\Alaska\altium\1-1\Alaska 1-1\Alaska 1-1.SchDoc with CMP-30b1feb25fa9ef76-6 from PCB_Project.IntLib
Replace Part PATQ CMP-30b1feb25fa9ef76-6 in J:\projekte\#############2021\live sectional pcb\Alaska\altium\1-1\Alaska 1-1\Alaska 1-1.SchDoc with CMP-30b1feb25fa9ef76-6 from PCB_Project.IntLib
Replace Part PAUN CMP-30b1feb25fa9ef76-6 in J:\projekte\#############2021\live sectional pcb\Alaska\altium\1-1\Alaska 1-1\Alaska 1-1.SchDoc with CMP-30b1feb25fa9ef76-6 from PCB_Project.IntLib
Replace Part PAVA CMP-30b1feb25fa9ef76-6 in J:\projekte\#############2021\live sectional pcb\Alaska\altium\1-1\Alaska 1-1\Alaska 1-1.SchDoc with CMP-30b1feb25fa9ef76-6 from PCB_Project.IntLib
Replace Part PAVL CMP-30b1feb25fa9ef76-6 in J:\projekte\#############2021\live sectional pcb\Alaska\altium\1-1\Alaska 1-1\Alaska 1-1.SchDoc with CMP-30b1feb25fa9ef76-6 from PCB_Project.IntLib
Replace Part PAWM CMP-30b1feb25fa9ef76-6 in J:\projekte\#############2021\live sectional pcb\Alaska\altium\1-1\Alaska 1-1\Alaska 1-1.SchDoc with CMP-30b1feb25fa9ef76-6 from PCB_Project.IntLib
Replace Part PAWN CMP-30b1feb25fa9ef76-6 in J:\projekte\#############2021\live sectional pcb\Alaska\altium\1-1\Alaska 1-1\Alaska 1-1.SchDoc with CMP-30b1feb25fa9ef76-6 from PCB_Project.IntLib
Replace Part PFEL CMP-30b1feb25fa9ef76-6 in J:\projekte\#############2021\live sectional pcb\Alaska\altium\1-1\Alaska 1-1\Alaska 1-1.SchDoc with CMP-30b1feb25fa9ef76-6 from PCB_Project.IntLib
Replace Part PFKT CMP-30b1feb25fa9ef76-6 in J:\projekte\#############2021\live sectional pcb\Alaska\altium\1-1\Alaska 1-1\Alaska 1-1.SchDoc with CMP-30b1feb25fa9ef76-6 from PCB_Project.IntLib
Replace Part PFSH CMP-30b1feb25fa9ef76-6 in J:\projekte\#############2021\live sectional pcb\Alaska\altium\1-1\Alaska 1-1\Alaska 1-1.SchDoc with CMP-30b1feb25fa9ef76-6 from PCB_Project.IntLib
Replace Part PPIZ CMP-30b1feb25fa9ef76-6 in J:\projekte\#############2021\live sectional pcb\Alaska\altium\1-1\Alaska 1-1\Alaska 1-1.SchDoc with CMP-30b1feb25fa9ef76-6 from PCB_Project.IntLib
Replace Part VFR CMP-30b1feb25fa9ef76-6 in J:\projekte\#############2021\live sectional pcb\Alaska\altium\1-1\Alaska 1-1\Alaska 1-1.SchDoc with CMP-30b1feb25fa9ef76-6 from PCB_Project.IntLib
