Add Component: Footprint Not Found CAPC1005X56X25NL10T15
Add Component: Footprint Not Found CAPC1005X56X25NL10T15
Add Component: Footprint Not Found CAPC1005X56X25NL10T15
Add Component: Footprint Not Found CAPC1005X56X25NL10T15
Add Component: Footprint Not Found CAPC1005X56X25NL10T15
Add Component: Footprint Not Found CAPC1005X56X25NL10T15
Add Component: Footprint Not Found CAPC1005X56X25NL10T15
Add Component: Footprint Not Found CAPC1005X56X25NL10T15
Add Component: Footprint Not Found CAPC1005X56X25NL10T15
Add Component: Footprint Not Found CAPC1005X56X25NL10T15
Add Component: Footprint Not Found CAPC1005X56X25NL10T15
Add Component: Footprint Not Found CAPC1005X56X25NL10T15
Add Component: Footprint Not Found CAPC1005X56X25NL10T15
Add Component: Footprint Not Found CAPC1005X56X25NL10T15
Add Component: Footprint Not Found CAPC1005X56X25NL10T15
Add Component: Footprint Not Found CAPC1005X56X25NL10T15
Add Component: Footprint Not Found CAPC1005X56X25NL10T15
Add Component: Footprint Not Found CAPC1005X56X25NL10T15
Add Component: Footprint Not Found CAPC1005X56X25NL10T15
Add Component: Footprint Not Found CAPC1005X56X25NL10T15
Add Component: Footprint Not Found CAPC1005X56X25NL10T15
Add Component: Footprint Not Found CAPC1005X56X25NL10T15
Add Component: Footprint Not Found CAPC1005X56X25NL10T15
Add Component: Footprint Not Found CAPC1005X56X25NL10T15
Add Component: Footprint Not Found CAPC1005X56X25NL10T15
Add Component: Footprint Not Found CAPC1005X56X25NL10T15
Add Component: Footprint Not Found CAPC1005X56X25NL10T15
Add Component: Footprint Not Found CAPC1005X56X25NL10T15
Add Component: Footprint Not Found CAPC1005X56X25NL10T15
Add Component: Footprint Not Found CAPC1005X56X25NL10T15
Add Component: Footprint Not Found CAPC1005X56X25NL10T15
Add Component: Footprint Not Found CAPC1005X56X25NL10T15
Add Component: Footprint Not Found CAPC1005X56X25NL10T15
Add Component: Footprint Not Found CAPC1005X56X25NL10T15
Add Component: Footprint Not Found CAPC1005X56X25NL10T15
Add Component: Footprint Not Found CAPC1005X56X25NL10T15
Add Component: Footprint Not Found CAPC1005X56X25NL10T15
Add Component: Footprint Not Found CAPC1005X56X25NL10T15
Add Component: Footprint Not Found CAPC1005X56X25NL10T15
Add Component: Footprint Not Found CAPC1005X56X25NL10T15
Add Component: Footprint Not Found CAPC1005X56X25NL10T15
Add Component: Footprint Not Found CAPC1005X56X25NL10T15
Add Component: Footprint Not Found CAPC1005X56X25NL10T15
Add Component: Footprint Not Found CAPC1005X56X25NL10T15
Add Component: Footprint Not Found CAPC1005X56X25NL10T15
Add Component: Footprint Not Found CAPC1005X56X25NL10T15
Add Component: Footprint Not Found CAPC1005X56X25NL10T15
Add Component: Footprint Not Found CAPC1005X56X25NL10T15
Add Component: Footprint Not Found CAPC1005X56X25NL10T15
Add Component: Footprint Not Found CAPC1005X56X25NL10T15
Add Component: Footprint Not Found CAPC1005X56X25NL10T15
Add Component: Footprint Not Found CAPC1005X56X25NL10T15
Add Component: Footprint Not Found CAPC1005X56X25NL10T15
Add Component: Footprint Not Found CAPC1005X56X25NL10T15
Add Component: Footprint Not Found CAPC1005X56X25NL10T15
Add Component: Footprint Not Found CAPC1005X56X25NL10T15
Add Component: Footprint Not Found CAPC1005X56X25NL10T15
Add Component: Footprint Not Found CAPC1005X56X25NL10T15
Add Component: Footprint Not Found CAPC1005X56X25NL10T15
Add Component: Footprint Not Found CAPC1005X56X25NL10T15
Add Component: Footprint Not Found CAPC1005X56X25NL10T15
Add Component: Footprint Not Found CAPC1005X56X25NL10T15
Add Component: Footprint Not Found CAPC1005X56X25NL10T15
Add Component: Footprint Not Found CAPC1005X56X25NL10T15
Add Component: Footprint Not Found CAPC1005X56X25NL10T15
Add Component: Footprint Not Found CAPC1005X56X25NL10T15
Added Component: Designator=Connector In1(PM254-2-05-S-8.5)
Added Component: Designator=Connector Out1(PM254-2-05-S-8.5)
Add Component: Footprint Not Found Liansheng_FH-00148_Footprint_01
Add Component: Footprint Not Found Harwin 40 pin Female
Add Component: Footprint Not Found PCB-18681qzhn4j348g96a9l-1
Add Component: Footprint Not Found PCB-18681qzhn4j348g96a9l-1
Add Component: Footprint Not Found PCB-18681qzhn4j348g96a9l-1
Added Component: Designator=MH1(Mounting Hole 14mm)
Added Component: Designator=MH2(Mounting Hole 14mm)
Added Component: Designator=MH3(Mounting Hole 14mm)
Added Component: Designator=MH4(Mounting Hole 14mm)
Added Component: Designator=MH5(Mounting Hole 14mm)
Added Component: Designator=MH6(Mounting Hole 14mm)
Added Component: Designator=MH7(Mounting Hole 14mm)
Added Component: Designator=MH8(Mounting Hole 14mm)
Added Component: Designator=MH9(Mounting Hole 14mm)
Added Component: Designator=MH10(Mounting Hole 14mm)
Added Component: Designator=MH11(Mounting Hole 14mm)
Added Component: Designator=MH12(Mounting Hole 14mm)
Added Component: Designator=MH13(Mounting Hole 14mm)
Added Component: Designator=MH14(Mounting Hole 14mm)
Added Component: Designator=MH15(Mounting Hole 14mm)
Added Component: Designator=MH16(Mounting Hole 14mm)
Added Component: Designator=MH17(Mounting Hole 14mm)
Added Component: Designator=MH18(Mounting Hole 14mm)
Added Component: Designator=MH19(Mounting Hole 14mm)
Added Component: Designator=MH20(Mounting Hole 14mm)
Added Component: Designator=MH21(Mounting Hole 14mm)
Added Component: Designator=MH22(Mounting Hole 12mm)
Added Component: Designator=MH23(Mounting Hole 12mm)
Added Component: Designator=MH24(Mounting Hole 12mm)
Added Component: Designator=MH25(Mounting Hole 12mm)
Added Component: Designator=MH26(Mounting Hole 12mm)
Added Component: Designator=MH27(Mounting Hole 12mm)
Add Component: Footprint Not Found PCB-q0vxx67e01kaxtvhakkm-1
Add Component: Footprint Not Found PCB-q0vxx67e01kaxtvhakkm-1
Add Component: Footprint Not Found PCB-q0vxx67e01kaxtvhakkm-1
Add Component: Footprint Not Found PCB-q0vxx67e01kaxtvhakkm-1
Add Component: Footprint Not Found PCB-q0vxx67e01kaxtvhakkm-1
Add Component: Footprint Not Found PCB-q0vxx67e01kaxtvhakkm-1
Add Component: Footprint Not Found PCB-q0vxx67e01kaxtvhakkm-1
Add Component: Footprint Not Found PCB-q0vxx67e01kaxtvhakkm-1
Add Component: Footprint Not Found PCB-q0vxx67e01kaxtvhakkm-1
Add Component: Footprint Not Found PCB-q0vxx67e01kaxtvhakkm-1
Add Component: Footprint Not Found PCB-q0vxx67e01kaxtvhakkm-1
Add Component: Footprint Not Found PCB-q0vxx67e01kaxtvhakkm-1
Add Component: Footprint Not Found PCB-q0vxx67e01kaxtvhakkm-1
Add Component: Footprint Not Found PCB-q0vxx67e01kaxtvhakkm-1
Add Component: Footprint Not Found PCB-q0vxx67e01kaxtvhakkm-1
Add Component: Footprint Not Found PCB-q0vxx67e01kaxtvhakkm-1
Add Component: Footprint Not Found PCB-q0vxx67e01kaxtvhakkm-1
Add Component: Footprint Not Found PCB-q0vxx67e01kaxtvhakkm-1
Add Component: Footprint Not Found PCB-18681qzhn4j348g96a9l-1
Add Component: Footprint Not Found PCB-18681qzhn4j348g96a9l-1
Add Component: Footprint Not Found PCB-18681qzhn4j348g96a9l-1
Add Component: Footprint Not Found PCB-18681qzhn4j348g96a9l-1
Add Component: Footprint Not Found PCB-18681qzhn4j348g96a9l-1
Add Component: Footprint Not Found PCB-18681qzhn4j348g96a9l-1
Add Component: Footprint Not Found PCB-18681qzhn4j348g96a9l-1
Add Component: Footprint Not Found PCB-18681qzhn4j348g96a9l-1
Add Component: Footprint Not Found PCB-18681qzhn4j348g96a9l-1
Add Component: Footprint Not Found PCB-18681qzhn4j348g96a9l-1
Add Component: Footprint Not Found PCB-18681qzhn4j348g96a9l-1
Add Component: Footprint Not Found PCB-18681qzhn4j348g96a9l-1
Add Component: Footprint Not Found PCB-18681qzhn4j348g96a9l-1
Add Component: Footprint Not Found PCB-18681qzhn4j348g96a9l-1
Add Component: Footprint Not Found PCB-18681qzhn4j348g96a9l-1
Add Component: Footprint Not Found PCB-18681qzhn4j348g96a9l-1
Add Component: Footprint Not Found PCB-18681qzhn4j348g96a9l-1
Add Component: Footprint Not Found PCB-18681qzhn4j348g96a9l-1
Add Component: Footprint Not Found PCB-18681qzhn4j348g96a9l-1
Add Component: Footprint Not Found PCB-18681qzhn4j348g96a9l-1
Add Component: Footprint Not Found PCB-18681qzhn4j348g96a9l-1
Add Component: Footprint Not Found PCB-18681qzhn4j348g96a9l-1
Add Component: Footprint Not Found PCB-18681qzhn4j348g96a9l-1
Add Component: Footprint Not Found PCB-18681qzhn4j348g96a9l-1
Add Component: Footprint Not Found PCB-18681qzhn4j348g96a9l-1
Add Component: Footprint Not Found PCB-18681qzhn4j348g96a9l-1
Add Component: Footprint Not Found PCB-18681qzhn4j348g96a9l-1
Add Component: Footprint Not Found PCB-18681qzhn4j348g96a9l-1
Add Component: Footprint Not Found PCB-18681qzhn4j348g96a9l-1
Add Component: Footprint Not Found PCB-18681qzhn4j348g96a9l-1
Add Component: Footprint Not Found PCB-18681qzhn4j348g96a9l-1
Add Component: Footprint Not Found PCB-18681qzhn4j348g96a9l-1
Add Component: Footprint Not Found PCB-18681qzhn4j348g96a9l-1
Add Component: Footprint Not Found PCB-18681qzhn4j348g96a9l-1
Add Component: Footprint Not Found PCB-18681qzhn4j348g96a9l-1
Add Component: Footprint Not Found PCB-18681qzhn4j348g96a9l-1
Add Component: Footprint Not Found PCB-18681qzhn4j348g96a9l-1
Add Component: Footprint Not Found PCB-18681qzhn4j348g96a9l-1
Add Component: Footprint Not Found PCB-18681qzhn4j348g96a9l-1
Add Component: Footprint Not Found PCB-18681qzhn4j348g96a9l-1
Add Component: Footprint Not Found PCB-18681qzhn4j348g96a9l-1
Add Component: Footprint Not Found PCB-18681qzhn4j348g96a9l-1
Add Component: Footprint Not Found PCB-18681qzhn4j348g96a9l-1
Add Component: Footprint Not Found PCB-18681qzhn4j348g96a9l-1
Add Component: Footprint Not Found PCB-18681qzhn4j348g96a9l-1
Add Component: Footprint Not Found PCB-18681qzhn4j348g96a9l-1
Add Component: Footprint Not Found PCB-18681qzhn4j348g96a9l-1
Add Component: Footprint Not Found PCB-18681qzhn4j348g96a9l-1
Add Component: Footprint Not Found PCB-18681qzhn4j348g96a9l-1
Add Component: Footprint Not Found PCB-18681qzhn4j348g96a9l-1
Add Component: Footprint Not Found PCB-18681qzhn4j348g96a9l-1
Add Component: Footprint Not Found PCB-18681qzhn4j348g96a9l-1
Add Component: Footprint Not Found PCB-18681qzhn4j348g96a9l-1
Add Component: Footprint Not Found PCB-18681qzhn4j348g96a9l-1
Add Component: Footprint Not Found PCB-18681qzhn4j348g96a9l-1
Add Component: Footprint Not Found PCB-18681qzhn4j348g96a9l-1
Add Component: Footprint Not Found PCB-18681qzhn4j348g96a9l-1
Add Component: Footprint Not Found PCB-18681qzhn4j348g96a9l-1
Add Component: Footprint Not Found PCB-18681qzhn4j348g96a9l-1
Add Component: Footprint Not Found PCB-18681qzhn4j348g96a9l-1
Add Component: Footprint Not Found PCB-18681qzhn4j348g96a9l-1
Add Component: Footprint Not Found PCB-0kdx5sneyudsmu18l6zv-1
Add Component: Footprint Not Found PCB-0kdx5sneyudsmu18l6zv-1
Add Component: Footprint Not Found 282836-3
Add Component: Footprint Not Found 282836-3
Add Component: Footprint Not Found PCB-h5dulpljww4oyv25n50t-1
Add Component: Footprint Not Found PCB-18681qzhn4j348g96a9l-1
Add Component: Footprint Not Found CAPC1608X90X35NL15T15
Add Component: Footprint Not Found CAPC1608X90X35NL15T15
Add Component: Footprint Not Found PCB-q0vxx67e01kaxtvhakkm-1
Add Component: Footprint Not Found PCB-q0vxx67e01kaxtvhakkm-1
Add Component: Footprint Not Found PCB-q0vxx67e01kaxtvhakkm-1
Add Component: Footprint Not Found PCB-q0vxx67e01kaxtvhakkm-1
Add Component: Footprint Not Found PCB-q0vxx67e01kaxtvhakkm-1
Add Component: Footprint Not Found PCB-q0vxx67e01kaxtvhakkm-1
Add Component: Footprint Not Found PCB-q0vxx67e01kaxtvhakkm-1
Add Component: Footprint Not Found PCB-q0vxx67e01kaxtvhakkm-1
Add Component: Footprint Not Found PCB-19361381-1
Add Component: Footprint Not Found PCB-4n9l8bvb0hxmq9svv09s-1
Add Component: Footprint Not Found Hooya USB-310M-B-SU-Footprint-1
Add Component: Footprint Not Found PCB-18681qzhn4j348g96a9l-1
Added Net: Name=1A
Added Net: Name=GND
Added Net: Name=LED in
Added Net: Name=NetIFR_1
Added Net: Name=NetIFR_3
Added Net: Name=NetINVALID_1
Added Net: Name=NetINVALID_3
Added Net: Name=NetMVFR_1
Added Net: Name=NetPABL_1
Added Net: Name=NetPABL_3
Added Net: Name=NetPABR_1
Added Net: Name=NetPABR_3
Added Net: Name=NetPABT_1
Added Net: Name=NetPABT_3
Added Net: Name=NetPACM_1
Added Net: Name=NetPACM_3
Added Net: Name=NetPACX_1
Added Net: Name=NetPACX_3
Added Net: Name=NetPACZ_1
Added Net: Name=NetPADE_1
Added Net: Name=NetPADE_3
Added Net: Name=NetPADG_3
Added Net: Name=NetPADM_1
Added Net: Name=NetPADM_3
Added Net: Name=NetPAFA_1
Added Net: Name=NetPAFB_1
Added Net: Name=NetPAFB_3
Added Net: Name=NetPAFM_1
Added Net: Name=NetPAFM_3
Added Net: Name=NetPAFS_1
Added Net: Name=NetPAFS_3
Added Net: Name=NetPAGA_1
Added Net: Name=NetPAGA_3
Added Net: Name=NetPAGH_1
Added Net: Name=NetPAGL_1
Added Net: Name=NetPAGL_3
Added Net: Name=NetPAHC_1
Added Net: Name=NetPAHC_3
Added Net: Name=NetPAHL_1
Added Net: Name=NetPAHX_1
Added Net: Name=NetPAHX_3
Added Net: Name=NetPAIK_3
Added Net: Name=NetPAIM_1
Added Net: Name=NetPAKP_1
Added Net: Name=NetPAKP_3
Added Net: Name=NetPAKU_3
Added Net: Name=NetPAKV_1
Added Net: Name=NetPALU_1
Added Net: Name=NetPALU_3
Added Net: Name=NetPAMC_1
Added Net: Name=NetPAMH_3
Added Net: Name=NetPAMK_1
Added Net: Name=NetPAMK_3
Added Net: Name=NetPAMO_1
Added Net: Name=NetPAMO_3
Added Net: Name=NetPANU_1
Added Net: Name=NetPAOM_1
Added Net: Name=NetPAOT_1
Added Net: Name=NetPAPO_3
Added Net: Name=NetPAPR_1
Added Net: Name=NetPAQT_3
Added Net: Name=NetPARY_3
Added Net: Name=NetPASH_1
Added Net: Name=NetPASH_3
Added Net: Name=NetPATE_1
Added Net: Name=NetPATE_3
Added Net: Name=NetPATQ_3
Added Net: Name=NetPFEL_3
Added Net: Name=NetR1_2
Added Net: Name=NetR2_2
Added Net: Name=Out
Added Net: Name=VDD
Added Class: Name=Alaska 1-1
