Change Component Designator: Old Designator=C? New Designator=C1
Change Component Designator: Old Designator=C? New Designator=C2
Change Component Designator: Old Designator=C? New Designator=C3
Change Component Designator: Old Designator=C? New Designator=C4
Change Component Designator: Old Designator=C? New Designator=C5
Change Component Designator: Old Designator=C? New Designator=C6
Change Component Designator: Old Designator=C? New Designator=C7
Change Component Designator: Old Designator=C? New Designator=C8
Change Component Designator: Old Designator=C? New Designator=C9
Change Component Designator: Old Designator=C? New Designator=C10
Change Component Designator: Old Designator=C? New Designator=C11
Change Component Designator: Old Designator=C? New Designator=C12
Change Component Designator: Old Designator=C? New Designator=C13
Change Component Designator: Old Designator=C? New Designator=C14
Change Component Designator: Old Designator=C? New Designator=C15
Change Component Designator: Old Designator=C? New Designator=C16
Change Component Designator: Old Designator=C? New Designator=C17
Change Component Designator: Old Designator=C? New Designator=C18
Change Component Designator: Old Designator=C? New Designator=C19
Change Component Designator: Old Designator=C? New Designator=C20
Change Component Designator: Old Designator=C? New Designator=C21
Change Component Designator: Old Designator=C? New Designator=C22
Change Component Designator: Old Designator=C? New Designator=C23
Change Component Designator: Old Designator=C? New Designator=C24
Change Component Designator: Old Designator=C? New Designator=C25
Change Component Designator: Old Designator=C? New Designator=C26
Change Component Designator: Old Designator=C? New Designator=C27
Change Component Designator: Old Designator=C? New Designator=C28
Change Component Designator: Old Designator=C? New Designator=C29
Change Component Designator: Old Designator=C? New Designator=C30
Change Component Designator: Old Designator=C? New Designator=C31
Change Component Designator: Old Designator=C? New Designator=C32
Change Component Designator: Old Designator=C? New Designator=C33
Change Component Designator: Old Designator=C? New Designator=C34
Change Component Designator: Old Designator=C? New Designator=C35
Change Component Designator: Old Designator=C? New Designator=C36
Change Component Designator: Old Designator=C? New Designator=C37
Change Component Designator: Old Designator=C? New Designator=C38
Change Component Designator: Old Designator=C? New Designator=C39
Change Component Designator: Old Designator=C? New Designator=C40
Change Component Designator: Old Designator=C? New Designator=C41
Change Component Designator: Old Designator=C? New Designator=C42
Change Component Designator: Old Designator=C? New Designator=C43
Change Component Designator: Old Designator=C? New Designator=C44
Change Component Designator: Old Designator=C? New Designator=C45
Change Component Designator: Old Designator=C? New Designator=C46
Change Component Designator: Old Designator=C? New Designator=C47
Change Component Designator: Old Designator=C? New Designator=C48
Change Component Designator: Old Designator=C? New Designator=C49
Change Component Designator: Old Designator=C? New Designator=C50
Change Component Designator: Old Designator=C? New Designator=C51
Change Component Designator: Old Designator=Connector In? New Designator=Connector In1
Change Component Designator: Old Designator=Connector Out? New Designator=Connector Out1
Change Component Designator: Old Designator=CPU-Con? New Designator=CPU-Con1
Change Component Designator: Old Designator=CPU Con? New Designator=CPU Con1
Change Component Designator: Old Designator=IFR? New Designator=IFR1
Change Component Designator: Old Designator=INVALID? New Designator=INVALID1
Change Component Designator: Old Designator=K? New Designator=K1
Change Component Designator: Old Designator=KA? New Designator=KA1
Change Component Designator: Old Designator=KABQ? New Designator=KABQ1
Change Component Designator: Old Designator=KAEG? New Designator=KAEG1
Change Component Designator: Old Designator=KALS? New Designator=KALS1
Change Component Designator: Old Designator=KAVQ? New Designator=KAVQ1
Change Component Designator: Old Designator=KAVX? New Designator=KAVX1
Change Component Designator: Old Designator=KAZC? New Designator=KAZC1
Change Component Designator: Old Designator=KBCE? New Designator=KBCE1
Change Component Designator: Old Designator=KBFL? New Designator=KBFL1
Change Component Designator: Old Designator=KBLH? New Designator=KBLH1
Change Component Designator: Old Designator=KBRG? New Designator=KBRG1
Change Component Designator: Old Designator=KBUR? New Designator=KBUR1
Change Component Designator: Old Designator=KBVU? New Designator=KBVU1
Change Component Designator: Old Designator=KBXK? New Designator=KBXK1
Change Component Designator: Old Designator=KCEZ? New Designator=KCEZ1
Change Component Designator: Old Designator=KCHD? New Designator=KCHD1
Change Component Designator: Old Designator=KCMR? New Designator=KCMR1
Change Component Designator: Old Designator=KCRQ? New Designator=KCRQ1
Change Component Designator: Old Designator=KDAG? New Designator=KDAG1
Change Component Designator: Old Designator=KDLO? New Designator=KDLO1
Change Component Designator: Old Designator=KDMA? New Designator=KDMA1
Change Component Designator: Old Designator=KDMN? New Designator=KDMN1
Change Component Designator: Old Designator=KDNA? New Designator=KDNA1
Change Component Designator: Old Designator=KDRO? New Designator=KDRO1
Change Component Designator: Old Designator=KDVT? New Designator=KDVT1
Change Component Designator: Old Designator=KEDW? New Designator=KEDW1
Change Component Designator: Old Designator=KEED? New Designator=KEED1
Change Component Designator: Old Designator=KELP? New Designator=KELP1
Change Component Designator: Old Designator=KF? New Designator=KF1
Change Component Designator: Old Designator=KFFZ? New Designator=KFFZ1
Change Component Designator: Old Designator=KFHU? New Designator=KFHU1
Change Component Designator: Old Designator=KFLG? New Designator=KFLG1
Change Component Designator: Old Designator=KFMN? New Designator=KFMN1
Change Component Designator: Old Designator=KGCN? New Designator=KGCN1
Change Component Designator: Old Designator=KGNT? New Designator=KGNT1
Change Component Designator: Old Designator=KGUP? New Designator=KGUP1
Change Component Designator: Old Designator=KGXF? New Designator=KGXF1
Change Component Designator: Old Designator=KGYR? New Designator=KGYR1
Change Component Designator: Old Designator=KHII? New Designator=KHII1
Change Component Designator: Old Designator=KHJO? New Designator=KHJO1
Change Component Designator: Old Designator=KHMN? New Designator=KHMN1
Change Component Designator: Old Designator=KHMT? New Designator=KHMT1
Change Component Designator: Old Designator=KHND? New Designator=KHND1
Change Component Designator: Old Designator=KIFP? New Designator=KIFP1
Change Component Designator: Old Designator=KIGM? New Designator=KIGM1
Change Component Designator: Old Designator=KINS? New Designator=KINS1
Change Component Designator: Old Designator=KIPL? New Designator=KIPL1
Change Component Designator: Old Designator=KIWA? New Designator=KIWA1
Change Component Designator: Old Designator=KJTC? New Designator=KJTC1
Change Component Designator: Old Designator=KKNB? New Designator=KKNB1
Change Component Designator: Old Designator=KL? New Designator=KL1
Change Component Designator: Old Designator=KL? New Designator=KL2
Change Component Designator: Old Designator=KLAM? New Designator=KLAM1
Change Component Designator: Old Designator=KLAS? New Designator=KLAS1
Change Component Designator: Old Designator=KLAX? New Designator=KLAX1
Change Component Designator: Old Designator=KLGB? New Designator=KLGB1
Change Component Designator: Old Designator=KLGF? New Designator=KLGF1
Change Component Designator: Old Designator=KLPC? New Designator=KLPC1
Change Component Designator: Old Designator=KLRU? New Designator=KLRU1
Change Component Designator: Old Designator=KLSV? New Designator=KLSV1
Change Component Designator: Old Designator=KLUP? New Designator=KLUP1
Change Component Designator: Old Designator=KMHV? New Designator=KMHV1
Change Component Designator: Old Designator=KMZJ? New Designator=KMZJ1
Change Component Designator: Old Designator=KNID? New Designator=KNID1
Change Component Designator: Old Designator=KNKX? New Designator=KNKX1
Change Component Designator: Old Designator=KNLC? New Designator=KNLC1
Change Component Designator: Old Designator=KNRS? New Designator=KNRS1
Change Component Designator: Old Designator=KNSI? New Designator=KNSI1
Change Component Designator: Old Designator=KNTD? New Designator=KNTD1
Change Component Designator: Old Designator=KNUC? New Designator=KNUC1
Change Component Designator: Old Designator=KNYL? New Designator=KNYL1
Change Component Designator: Old Designator=KNZY? New Designator=KNZY1
Change Component Designator: Old Designator=KOLS? New Designator=KOLS1
Change Component Designator: Old Designator=KONM? New Designator=KONM1
Change Component Designator: Old Designator=KONT? New Designator=KONT1
Change Component Designator: Old Designator=KOXR? New Designator=KOXR1
Change Component Designator: Old Designator=KP? New Designator=KP1
Change Component Designator: Old Designator=KPAN? New Designator=KPAN1
Change Component Designator: Old Designator=KPGA? New Designator=KPGA1
Change Component Designator: Old Designator=KPHX? New Designator=KPHX1
Change Component Designator: Old Designator=KPMD? New Designator=KPMD1
Change Component Designator: Old Designator=KPOC? New Designator=KPOC1
Change Component Designator: Old Designator=KPRB? New Designator=KPRB1
Change Component Designator: Old Designator=KPRC? New Designator=KPRC1
Change Component Designator: Old Designator=KPSO? New Designator=KPSO1
Change Component Designator: Old Designator=KPSP? New Designator=KPSP1
Change Component Designator: Old Designator=KPTV? New Designator=KPTV1
Change Component Designator: Old Designator=KRAL? New Designator=KRAL1
Change Component Designator: Old Designator=KRCV? New Designator=KRCV1
Change Component Designator: Old Designator=KRIV? New Designator=KRIV1
Change Component Designator: Old Designator=KRNM? New Designator=KRNM1
Change Component Designator: Old Designator=KRQE? New Designator=KRQE1
Change Component Designator: Old Designator=KRYN? New Designator=KRYN1
Change Component Designator: Old Designator=KSAD? New Designator=KSAD1
Change Component Designator: Old Designator=KSAF? New Designator=KSAF1
Change Component Designator: Old Designator=KSBA? New Designator=KSBA1
Change Component Designator: Old Designator=KSBD? New Designator=KSBD1
Change Component Designator: Old Designator=KSBP? New Designator=KSBP1
Change Component Designator: Old Designator=KSDL? New Designator=KSDL1
Change Component Designator: Old Designator=KSEE? New Designator=KSEE1
Change Component Designator: Old Designator=KSEZ? New Designator=KSEZ1
Change Component Designator: Old Designator=KSGU? New Designator=KSGU1
Change Component Designator: Old Designator=KSJN? New Designator=KSJN1
Change Component Designator: Old Designator=KSMX? New Designator=KSMX1
Change Component Designator: Old Designator=KSNA? New Designator=KSNA1
Change Component Designator: Old Designator=KSOW? New Designator=KSOW1
Change Component Designator: Old Designator=KSRR? New Designator=KSRR1
Change Component Designator: Old Designator=KSVC? New Designator=KSVC1
Change Component Designator: Old Designator=KTCS? New Designator=KTCS1
Change Component Designator: Old Designator=KTEX? New Designator=KTEX1
Change Component Designator: Old Designator=KTOA? New Designator=KTOA1
Change Component Designator: Old Designator=KTRM? New Designator=KTRM1
Change Component Designator: Old Designator=KTSP? New Designator=KTSP1
Change Component Designator: Old Designator=KTYL? New Designator=KTYL1
Change Component Designator: Old Designator=KVBG? New Designator=KVBG1
Change Component Designator: Old Designator=KVCV? New Designator=KVCV1
Change Component Designator: Old Designator=KVGT? New Designator=KVGT1
Change Component Designator: Old Designator=KVIS? New Designator=KVIS1
Change Component Designator: Old Designator=KWJF? New Designator=KWJF1
Change Component Designator: Old Designator=LIFR? New Designator=LIFR1
Change Component Designator: Old Designator=MH? New Designator=MH1
Change Component Designator: Old Designator=MH? New Designator=MH2
Change Component Designator: Old Designator=MH? New Designator=MH3
Change Component Designator: Old Designator=MH? New Designator=MH4
Change Component Designator: Old Designator=MH? New Designator=MH5
Change Component Designator: Old Designator=MH? New Designator=MH6
Change Component Designator: Old Designator=MH? New Designator=MH7
Change Component Designator: Old Designator=MH? New Designator=MH8
Change Component Designator: Old Designator=MH? New Designator=MH9
Change Component Designator: Old Designator=MH? New Designator=MH10
Change Component Designator: Old Designator=MH? New Designator=MH11
Change Component Designator: Old Designator=MH? New Designator=MH12
Change Component Designator: Old Designator=MH? New Designator=MH13
Change Component Designator: Old Designator=MH? New Designator=MH14
Change Component Designator: Old Designator=MH? New Designator=MH15
Change Component Designator: Old Designator=MH? New Designator=MH16
Change Component Designator: Old Designator=MH? New Designator=MH17
Change Component Designator: Old Designator=MH? New Designator=MH18
Change Component Designator: Old Designator=MH? New Designator=MH19
Change Component Designator: Old Designator=MH? New Designator=MH20
Change Component Designator: Old Designator=MH? New Designator=MH21
Change Component Designator: Old Designator=MH? New Designator=MH22
Change Component Designator: Old Designator=MH? New Designator=MH23
Change Component Designator: Old Designator=MH? New Designator=MH24
Change Component Designator: Old Designator=MH? New Designator=MH25
Change Component Designator: Old Designator=MH? New Designator=MH26
Change Component Designator: Old Designator=MH? New Designator=MH27
Change Component Designator: Old Designator=MMCN? New Designator=MMCN1
Change Component Designator: Old Designator=MMCS? New Designator=MMCS1
Change Component Designator: Old Designator=MMCU? New Designator=MMCU1
Change Component Designator: Old Designator=MMGM? New Designator=MMGM1
Change Component Designator: Old Designator=MMHO? New Designator=MMHO1
Change Component Designator: Old Designator=MMML? New Designator=MMML1
Change Component Designator: Old Designator=Mount_foot? New Designator=Mount_foot1
Change Component Designator: Old Designator=Mount_Foot? New Designator=Mount_Foot2
Change Component Designator: Old Designator=Mounting Case ? New Designator=Mounting Case 1
Change Component Designator: Old Designator=Mounting Case ? New Designator=Mounting Case 2
Change Component Designator: Old Designator=Mounting Case ? New Designator=Mounting Case 3
Change Component Designator: Old Designator=Mounting Case ? New Designator=Mounting Case 4
Change Component Designator: Old Designator=Mounting Frame ? New Designator=Mounting Frame 1
Change Component Designator: Old Designator=Mounting Frame ? New Designator=Mounting Frame 2
Change Component Designator: Old Designator=Mounting Frame ? New Designator=Mounting Frame 3
Change Component Designator: Old Designator=Mounting Frame ? New Designator=Mounting Frame 4
Change Component Designator: Old Designator=Mounting Frame ? New Designator=Mounting Frame 5
Change Component Designator: Old Designator=Mounting Frame ? New Designator=Mounting Frame 6
Change Component Designator: Old Designator=Mounting Frame ? New Designator=Mounting Frame 7
Change Component Designator: Old Designator=Mounting Frame ? New Designator=Mounting Frame 8
Change Component Designator: Old Designator=Mounting Frame ? New Designator=Mounting Frame 9
Change Component Designator: Old Designator=Mounting Frame ? New Designator=Mounting Frame 10
Change Component Designator: Old Designator=Mounting Frame ? New Designator=Mounting Frame 11
Change Component Designator: Old Designator=Mounting Frame ? New Designator=Mounting Frame 12
Change Component Designator: Old Designator=MVFR? New Designator=MVFR1
Change Component Designator: Old Designator=Power / LED in? New Designator=Power / LED in1
Change Component Designator: Old Designator=Power / LED out? New Designator=Power / LED out1
Change Component Designator: Old Designator=Power? New Designator=Power1
Change Component Designator: Old Designator=Power? New Designator=Power2
Change Component Designator: Old Designator=Power Conn? New Designator=Power Conn1
Change Component Designator: Old Designator=R? New Designator=R1
Change Component Designator: Old Designator=R? New Designator=R2
Change Component Designator: Old Designator=Side? New Designator=Side1
Change Component Designator: Old Designator=Side? New Designator=Side2
Change Component Designator: Old Designator=Side? New Designator=Side3
Change Component Designator: Old Designator=Side? New Designator=Side4
Change Component Designator: Old Designator=Side? New Designator=Side5
Change Component Designator: Old Designator=Side? New Designator=Side6
Change Component Designator: Old Designator=Side? New Designator=Side7
Change Component Designator: Old Designator=Side? New Designator=Side8
Change Component Designator: Old Designator=U? New Designator=U1
Change Component Designator: Old Designator=U? New Designator=U2
Change Component Designator: Old Designator=USB-C? New Designator=USB-C1
Change Component Designator: Old Designator=VFR? New Designator=VFR1
