Change Component Footprint: Designator=Power / LED in1 Old Footprint=282836-3 New Footprint=282836-3
Change Component Footprint: Designator=Power / LED out1 Old Footprint=282836-3 New Footprint=282836-3
Change Component Footprint: Designator=C1 Old Footprint=CAPC1005X56X25NL10T15 New Footprint=CAPC1005X56X25NL10T15
Change Component Footprint: Designator=C2 Old Footprint=CAPC1005X56X25NL10T15 New Footprint=CAPC1005X56X25NL10T15
Change Component Footprint: Designator=C3 Old Footprint=CAPC1005X56X25NL10T15 New Footprint=CAPC1005X56X25NL10T15
Change Component Footprint: Designator=C4 Old Footprint=CAPC1005X56X25NL10T15 New Footprint=CAPC1005X56X25NL10T15
Change Component Footprint: Designator=C5 Old Footprint=CAPC1005X56X25NL10T15 New Footprint=CAPC1005X56X25NL10T15
Change Component Footprint: Designator=C6 Old Footprint=CAPC1005X56X25NL10T15 New Footprint=CAPC1005X56X25NL10T15
Change Component Footprint: Designator=C7 Old Footprint=CAPC1005X56X25NL10T15 New Footprint=CAPC1005X56X25NL10T15
Change Component Footprint: Designator=C8 Old Footprint=CAPC1005X56X25NL10T15 New Footprint=CAPC1005X56X25NL10T15
Change Component Footprint: Designator=C9 Old Footprint=CAPC1005X56X25NL10T15 New Footprint=CAPC1005X56X25NL10T15
Change Component Footprint: Designator=C10 Old Footprint=CAPC1005X56X25NL10T15 New Footprint=CAPC1005X56X25NL10T15
Change Component Footprint: Designator=C11 Old Footprint=CAPC1005X56X25NL10T15 New Footprint=CAPC1005X56X25NL10T15
Change Component Footprint: Designator=C12 Old Footprint=CAPC1005X56X25NL10T15 New Footprint=CAPC1005X56X25NL10T15
Change Component Footprint: Designator=C13 Old Footprint=CAPC1005X56X25NL10T15 New Footprint=CAPC1005X56X25NL10T15
Change Component Footprint: Designator=C14 Old Footprint=CAPC1005X56X25NL10T15 New Footprint=CAPC1005X56X25NL10T15
Change Component Footprint: Designator=C15 Old Footprint=CAPC1005X56X25NL10T15 New Footprint=CAPC1005X56X25NL10T15
Change Component Footprint: Designator=C16 Old Footprint=CAPC1005X56X25NL10T15 New Footprint=CAPC1005X56X25NL10T15
Change Component Footprint: Designator=C17 Old Footprint=CAPC1005X56X25NL10T15 New Footprint=CAPC1005X56X25NL10T15
Change Component Footprint: Designator=C18 Old Footprint=CAPC1005X56X25NL10T15 New Footprint=CAPC1005X56X25NL10T15
Change Component Footprint: Designator=C19 Old Footprint=CAPC1005X56X25NL10T15 New Footprint=CAPC1005X56X25NL10T15
Change Component Footprint: Designator=C20 Old Footprint=CAPC1005X56X25NL10T15 New Footprint=CAPC1005X56X25NL10T15
Change Component Footprint: Designator=C21 Old Footprint=CAPC1005X56X25NL10T15 New Footprint=CAPC1005X56X25NL10T15
Change Component Footprint: Designator=C22 Old Footprint=CAPC1005X56X25NL10T15 New Footprint=CAPC1005X56X25NL10T15
Change Component Footprint: Designator=C23 Old Footprint=CAPC1005X56X25NL10T15 New Footprint=CAPC1005X56X25NL10T15
Change Component Footprint: Designator=C24 Old Footprint=CAPC1005X56X25NL10T15 New Footprint=CAPC1005X56X25NL10T15
Change Component Footprint: Designator=C25 Old Footprint=CAPC1005X56X25NL10T15 New Footprint=CAPC1005X56X25NL10T15
Change Component Footprint: Designator=C26 Old Footprint=CAPC1005X56X25NL10T15 New Footprint=CAPC1005X56X25NL10T15
Change Component Footprint: Designator=C27 Old Footprint=CAPC1005X56X25NL10T15 New Footprint=CAPC1005X56X25NL10T15
Change Component Footprint: Designator=C28 Old Footprint=CAPC1005X56X25NL10T15 New Footprint=CAPC1005X56X25NL10T15
Change Component Footprint: Designator=C29 Old Footprint=CAPC1005X56X25NL10T15 New Footprint=CAPC1005X56X25NL10T15
Change Component Footprint: Designator=C30 Old Footprint=CAPC1005X56X25NL10T15 New Footprint=CAPC1005X56X25NL10T15
Change Component Footprint: Designator=C31 Old Footprint=CAPC1005X56X25NL10T15 New Footprint=CAPC1005X56X25NL10T15
Change Component Footprint: Designator=C32 Old Footprint=CAPC1005X56X25NL10T15 New Footprint=CAPC1005X56X25NL10T15
Change Component Footprint: Designator=C33 Old Footprint=CAPC1005X56X25NL10T15 New Footprint=CAPC1005X56X25NL10T15
Change Component Footprint: Designator=C34 Old Footprint=CAPC1005X56X25NL10T15 New Footprint=CAPC1005X56X25NL10T15
Change Component Footprint: Designator=C35 Old Footprint=CAPC1005X56X25NL10T15 New Footprint=CAPC1005X56X25NL10T15
Change Component Footprint: Designator=C36 Old Footprint=CAPC1005X56X25NL10T15 New Footprint=CAPC1005X56X25NL10T15
Change Component Footprint: Designator=C37 Old Footprint=CAPC1005X56X25NL10T15 New Footprint=CAPC1005X56X25NL10T15
Change Component Footprint: Designator=C38 Old Footprint=CAPC1005X56X25NL10T15 New Footprint=CAPC1005X56X25NL10T15
Change Component Footprint: Designator=C39 Old Footprint=CAPC1005X56X25NL10T15 New Footprint=CAPC1005X56X25NL10T15
Change Component Footprint: Designator=C40 Old Footprint=CAPC1005X56X25NL10T15 New Footprint=CAPC1005X56X25NL10T15
Change Component Footprint: Designator=C41 Old Footprint=CAPC1005X56X25NL10T15 New Footprint=CAPC1005X56X25NL10T15
Change Component Footprint: Designator=C42 Old Footprint=CAPC1005X56X25NL10T15 New Footprint=CAPC1005X56X25NL10T15
Change Component Footprint: Designator=C43 Old Footprint=CAPC1005X56X25NL10T15 New Footprint=CAPC1005X56X25NL10T15
Change Component Footprint: Designator=C44 Old Footprint=CAPC1005X56X25NL10T15 New Footprint=CAPC1005X56X25NL10T15
Change Component Footprint: Designator=C45 Old Footprint=CAPC1005X56X25NL10T15 New Footprint=CAPC1005X56X25NL10T15
Change Component Footprint: Designator=C46 Old Footprint=CAPC1005X56X25NL10T15 New Footprint=CAPC1005X56X25NL10T15
Change Component Footprint: Designator=C47 Old Footprint=CAPC1005X56X25NL10T15 New Footprint=CAPC1005X56X25NL10T15
Change Component Footprint: Designator=C48 Old Footprint=CAPC1005X56X25NL10T15 New Footprint=CAPC1005X56X25NL10T15
Change Component Footprint: Designator=C49 Old Footprint=CAPC1005X56X25NL10T15 New Footprint=CAPC1005X56X25NL10T15
Change Component Footprint: Designator=C50 Old Footprint=CAPC1005X56X25NL10T15 New Footprint=CAPC1005X56X25NL10T15
Change Component Footprint: Designator=C51 Old Footprint=CAPC1005X56X25NL10T15 New Footprint=CAPC1005X56X25NL10T15
Change Component Footprint: Designator=C52 Old Footprint=CAPC1005X56X25NL10T15 New Footprint=CAPC1005X56X25NL10T15
Change Component Footprint: Designator=C53 Old Footprint=CAPC1005X56X25NL10T15 New Footprint=CAPC1005X56X25NL10T15
Change Component Footprint: Designator=C54 Old Footprint=CAPC1005X56X25NL10T15 New Footprint=CAPC1005X56X25NL10T15
Change Component Footprint: Designator=C55 Old Footprint=CAPC1005X56X25NL10T15 New Footprint=CAPC1005X56X25NL10T15
Change Component Footprint: Designator=C56 Old Footprint=CAPC1005X56X25NL10T15 New Footprint=CAPC1005X56X25NL10T15
Change Component Footprint: Designator=C57 Old Footprint=CAPC1005X56X25NL10T15 New Footprint=CAPC1005X56X25NL10T15
Change Component Footprint: Designator=C58 Old Footprint=CAPC1005X56X25NL10T15 New Footprint=CAPC1005X56X25NL10T15
Change Component Footprint: Designator=C59 Old Footprint=CAPC1005X56X25NL10T15 New Footprint=CAPC1005X56X25NL10T15
Change Component Footprint: Designator=C60 Old Footprint=CAPC1005X56X25NL10T15 New Footprint=CAPC1005X56X25NL10T15
Change Component Footprint: Designator=C61 Old Footprint=CAPC1005X56X25NL10T15 New Footprint=CAPC1005X56X25NL10T15
Change Component Footprint: Designator=C62 Old Footprint=CAPC1005X56X25NL10T15 New Footprint=CAPC1005X56X25NL10T15
Change Component Footprint: Designator=C63 Old Footprint=CAPC1005X56X25NL10T15 New Footprint=CAPC1005X56X25NL10T15
Change Component Footprint: Designator=C64 Old Footprint=CAPC1005X56X25NL10T15 New Footprint=CAPC1005X56X25NL10T15
Change Component Footprint: Designator=C65 Old Footprint=CAPC1005X56X25NL10T15 New Footprint=CAPC1005X56X25NL10T15
Change Component Footprint: Designator=C66 Old Footprint=CAPC1005X56X25NL10T15 New Footprint=CAPC1005X56X25NL10T15
Change Component Footprint: Designator=R1 Old Footprint=CAPC1608X90X35NL15T15 New Footprint=CAPC1608X90X35NL15T15
Change Component Footprint: Designator=R2 Old Footprint=CAPC1608X90X35NL15T15 New Footprint=CAPC1608X90X35NL15T15
Change Component Footprint: Designator=CPU Con1 Old Footprint=Harwin 40 pin Female New Footprint=Harwin 40 pin Female
Change Component Footprint: Designator=USB-C1 Old Footprint=Hooya USB-310M-B-SU-Footprint-1 New Footprint=Hooya USB-310M-B-SU-Footprint-1
Change Component Footprint: Designator=CPU-Con1 Old Footprint=Liansheng_FH-00148_Footprint_01 New Footprint=Liansheng_FH-00148_Footprint_01
Change Component Footprint: Designator=Power1 Old Footprint=PCB-0kdx5sneyudsmu18l6zv-1 New Footprint=PCB-0kdx5sneyudsmu18l6zv-1
Change Component Footprint: Designator=Power2 Old Footprint=PCB-0kdx5sneyudsmu18l6zv-1 New Footprint=PCB-0kdx5sneyudsmu18l6zv-1
Change Component Footprint: Designator=U2 Old Footprint=PCB-4n9l8bvb0hxmq9svv09s-1 New Footprint=PCB-4n9l8bvb0hxmq9svv09s-1
Change Component Footprint: Designator=IFR Old Footprint=PCB-18681qzhn4j348g96a9l-1 New Footprint=PCB-18681qzhn4j348g96a9l-1
Change Component Footprint: Designator=INVALID Old Footprint=PCB-18681qzhn4j348g96a9l-1 New Footprint=PCB-18681qzhn4j348g96a9l-1
Change Component Footprint: Designator=LIFR Old Footprint=PCB-18681qzhn4j348g96a9l-1 New Footprint=PCB-18681qzhn4j348g96a9l-1
Change Component Footprint: Designator=MVFR Old Footprint=PCB-18681qzhn4j348g96a9l-1 New Footprint=PCB-18681qzhn4j348g96a9l-1
Change Component Footprint: Designator=PABL Old Footprint=PCB-18681qzhn4j348g96a9l-1 New Footprint=PCB-18681qzhn4j348g96a9l-1
Change Component Footprint: Designator=PABR Old Footprint=PCB-18681qzhn4j348g96a9l-1 New Footprint=PCB-18681qzhn4j348g96a9l-1
Change Component Footprint: Designator=PABT Old Footprint=PCB-18681qzhn4j348g96a9l-1 New Footprint=PCB-18681qzhn4j348g96a9l-1
Change Component Footprint: Designator=PACM Old Footprint=PCB-18681qzhn4j348g96a9l-1 New Footprint=PCB-18681qzhn4j348g96a9l-1
Change Component Footprint: Designator=PACX Old Footprint=PCB-18681qzhn4j348g96a9l-1 New Footprint=PCB-18681qzhn4j348g96a9l-1
Change Component Footprint: Designator=PACZ Old Footprint=PCB-18681qzhn4j348g96a9l-1 New Footprint=PCB-18681qzhn4j348g96a9l-1
Change Component Footprint: Designator=PADE Old Footprint=PCB-18681qzhn4j348g96a9l-1 New Footprint=PCB-18681qzhn4j348g96a9l-1
Change Component Footprint: Designator=PADG Old Footprint=PCB-18681qzhn4j348g96a9l-1 New Footprint=PCB-18681qzhn4j348g96a9l-1
Change Component Footprint: Designator=PADM Old Footprint=PCB-18681qzhn4j348g96a9l-1 New Footprint=PCB-18681qzhn4j348g96a9l-1
Change Component Footprint: Designator=PAFA Old Footprint=PCB-18681qzhn4j348g96a9l-1 New Footprint=PCB-18681qzhn4j348g96a9l-1
Change Component Footprint: Designator=PAFB Old Footprint=PCB-18681qzhn4j348g96a9l-1 New Footprint=PCB-18681qzhn4j348g96a9l-1
Change Component Footprint: Designator=PAFM Old Footprint=PCB-18681qzhn4j348g96a9l-1 New Footprint=PCB-18681qzhn4j348g96a9l-1
Change Component Footprint: Designator=PAFS Old Footprint=PCB-18681qzhn4j348g96a9l-1 New Footprint=PCB-18681qzhn4j348g96a9l-1
Change Component Footprint: Designator=PAGA Old Footprint=PCB-18681qzhn4j348g96a9l-1 New Footprint=PCB-18681qzhn4j348g96a9l-1
Change Component Footprint: Designator=PAGB Old Footprint=PCB-18681qzhn4j348g96a9l-1 New Footprint=PCB-18681qzhn4j348g96a9l-1
Change Component Footprint: Designator=PAGH Old Footprint=PCB-18681qzhn4j348g96a9l-1 New Footprint=PCB-18681qzhn4j348g96a9l-1
Change Component Footprint: Designator=PAGL Old Footprint=PCB-18681qzhn4j348g96a9l-1 New Footprint=PCB-18681qzhn4j348g96a9l-1
Change Component Footprint: Designator=PAHC Old Footprint=PCB-18681qzhn4j348g96a9l-1 New Footprint=PCB-18681qzhn4j348g96a9l-1
Change Component Footprint: Designator=PAHL Old Footprint=PCB-18681qzhn4j348g96a9l-1 New Footprint=PCB-18681qzhn4j348g96a9l-1
Change Component Footprint: Designator=PAHX Old Footprint=PCB-18681qzhn4j348g96a9l-1 New Footprint=PCB-18681qzhn4j348g96a9l-1
Change Component Footprint: Designator=PAIK Old Footprint=PCB-18681qzhn4j348g96a9l-1 New Footprint=PCB-18681qzhn4j348g96a9l-1
Change Component Footprint: Designator=PAIM Old Footprint=PCB-18681qzhn4j348g96a9l-1 New Footprint=PCB-18681qzhn4j348g96a9l-1
Change Component Footprint: Designator=PAIN Old Footprint=PCB-18681qzhn4j348g96a9l-1 New Footprint=PCB-18681qzhn4j348g96a9l-1
Change Component Footprint: Designator=PAIW Old Footprint=PCB-18681qzhn4j348g96a9l-1 New Footprint=PCB-18681qzhn4j348g96a9l-1
Change Component Footprint: Designator=PAKK Old Footprint=PCB-18681qzhn4j348g96a9l-1 New Footprint=PCB-18681qzhn4j348g96a9l-1
Change Component Footprint: Designator=PAKP Old Footprint=PCB-18681qzhn4j348g96a9l-1 New Footprint=PCB-18681qzhn4j348g96a9l-1
Change Component Footprint: Designator=PAKU Old Footprint=PCB-18681qzhn4j348g96a9l-1 New Footprint=PCB-18681qzhn4j348g96a9l-1
Change Component Footprint: Designator=PAKV Old Footprint=PCB-18681qzhn4j348g96a9l-1 New Footprint=PCB-18681qzhn4j348g96a9l-1
Change Component Footprint: Designator=PALP Old Footprint=PCB-18681qzhn4j348g96a9l-1 New Footprint=PCB-18681qzhn4j348g96a9l-1
Change Component Footprint: Designator=PALU Old Footprint=PCB-18681qzhn4j348g96a9l-1 New Footprint=PCB-18681qzhn4j348g96a9l-1
Change Component Footprint: Designator=PAMC Old Footprint=PCB-18681qzhn4j348g96a9l-1 New Footprint=PCB-18681qzhn4j348g96a9l-1
Change Component Footprint: Designator=PAMH Old Footprint=PCB-18681qzhn4j348g96a9l-1 New Footprint=PCB-18681qzhn4j348g96a9l-1
Change Component Footprint: Designator=PAMK Old Footprint=PCB-18681qzhn4j348g96a9l-1 New Footprint=PCB-18681qzhn4j348g96a9l-1
Change Component Footprint: Designator=PAMO Old Footprint=PCB-18681qzhn4j348g96a9l-1 New Footprint=PCB-18681qzhn4j348g96a9l-1
Change Component Footprint: Designator=PANN Old Footprint=PCB-18681qzhn4j348g96a9l-1 New Footprint=PCB-18681qzhn4j348g96a9l-1
Change Component Footprint: Designator=PANU Old Footprint=PCB-18681qzhn4j348g96a9l-1 New Footprint=PCB-18681qzhn4j348g96a9l-1
Change Component Footprint: Designator=PANV Old Footprint=PCB-18681qzhn4j348g96a9l-1 New Footprint=PCB-18681qzhn4j348g96a9l-1
Change Component Footprint: Designator=PAOM Old Footprint=PCB-18681qzhn4j348g96a9l-1 New Footprint=PCB-18681qzhn4j348g96a9l-1
Change Component Footprint: Designator=PAOT Old Footprint=PCB-18681qzhn4j348g96a9l-1 New Footprint=PCB-18681qzhn4j348g96a9l-1
Change Component Footprint: Designator=PAPO Old Footprint=PCB-18681qzhn4j348g96a9l-1 New Footprint=PCB-18681qzhn4j348g96a9l-1
Change Component Footprint: Designator=PAPR Old Footprint=PCB-18681qzhn4j348g96a9l-1 New Footprint=PCB-18681qzhn4j348g96a9l-1
Change Component Footprint: Designator=PAQT Old Footprint=PCB-18681qzhn4j348g96a9l-1 New Footprint=PCB-18681qzhn4j348g96a9l-1
Change Component Footprint: Designator=PARS Old Footprint=PCB-18681qzhn4j348g96a9l-1 New Footprint=PCB-18681qzhn4j348g96a9l-1
Change Component Footprint: Designator=PARY Old Footprint=PCB-18681qzhn4j348g96a9l-1 New Footprint=PCB-18681qzhn4j348g96a9l-1
Change Component Footprint: Designator=PASH Old Footprint=PCB-18681qzhn4j348g96a9l-1 New Footprint=PCB-18681qzhn4j348g96a9l-1
Change Component Footprint: Designator=PASK Old Footprint=PCB-18681qzhn4j348g96a9l-1 New Footprint=PCB-18681qzhn4j348g96a9l-1
Change Component Footprint: Designator=PASM Old Footprint=PCB-18681qzhn4j348g96a9l-1 New Footprint=PCB-18681qzhn4j348g96a9l-1
Change Component Footprint: Designator=PATA Old Footprint=PCB-18681qzhn4j348g96a9l-1 New Footprint=PCB-18681qzhn4j348g96a9l-1
Change Component Footprint: Designator=PATC Old Footprint=PCB-18681qzhn4j348g96a9l-1 New Footprint=PCB-18681qzhn4j348g96a9l-1
Change Component Footprint: Designator=PATE Old Footprint=PCB-18681qzhn4j348g96a9l-1 New Footprint=PCB-18681qzhn4j348g96a9l-1
Change Component Footprint: Designator=PATL Old Footprint=PCB-18681qzhn4j348g96a9l-1 New Footprint=PCB-18681qzhn4j348g96a9l-1
Change Component Footprint: Designator=PATQ Old Footprint=PCB-18681qzhn4j348g96a9l-1 New Footprint=PCB-18681qzhn4j348g96a9l-1
Change Component Footprint: Designator=PAUN Old Footprint=PCB-18681qzhn4j348g96a9l-1 New Footprint=PCB-18681qzhn4j348g96a9l-1
Change Component Footprint: Designator=PAVA Old Footprint=PCB-18681qzhn4j348g96a9l-1 New Footprint=PCB-18681qzhn4j348g96a9l-1
Change Component Footprint: Designator=PAVL Old Footprint=PCB-18681qzhn4j348g96a9l-1 New Footprint=PCB-18681qzhn4j348g96a9l-1
Change Component Footprint: Designator=PAWM Old Footprint=PCB-18681qzhn4j348g96a9l-1 New Footprint=PCB-18681qzhn4j348g96a9l-1
Change Component Footprint: Designator=PAWN Old Footprint=PCB-18681qzhn4j348g96a9l-1 New Footprint=PCB-18681qzhn4j348g96a9l-1
Change Component Footprint: Designator=PFEL Old Footprint=PCB-18681qzhn4j348g96a9l-1 New Footprint=PCB-18681qzhn4j348g96a9l-1
Change Component Footprint: Designator=PFKT Old Footprint=PCB-18681qzhn4j348g96a9l-1 New Footprint=PCB-18681qzhn4j348g96a9l-1
Change Component Footprint: Designator=PFSH Old Footprint=PCB-18681qzhn4j348g96a9l-1 New Footprint=PCB-18681qzhn4j348g96a9l-1
Change Component Footprint: Designator=PPIZ Old Footprint=PCB-18681qzhn4j348g96a9l-1 New Footprint=PCB-18681qzhn4j348g96a9l-1
Change Component Footprint: Designator=VFR Old Footprint=PCB-18681qzhn4j348g96a9l-1 New Footprint=PCB-18681qzhn4j348g96a9l-1
Change Component Footprint: Designator=U1 Old Footprint=PCB-19361381-1 New Footprint=PCB-19361381-1
Change Component Footprint: Designator=Power Conn1 Old Footprint=PCB-h5dulpljww4oyv25n50t-1 New Footprint=PCB-h5dulpljww4oyv25n50t-1
Change Component Footprint: Designator=Mount_foot1 Old Footprint=PCB-q0vxx67e01kaxtvhakkm-1 New Footprint=PCB-q0vxx67e01kaxtvhakkm-1
Change Component Footprint: Designator=Mount_Foot2 Old Footprint=PCB-q0vxx67e01kaxtvhakkm-1 New Footprint=PCB-q0vxx67e01kaxtvhakkm-1
Change Component Footprint: Designator=Mounting Case 1 Old Footprint=PCB-q0vxx67e01kaxtvhakkm-1 New Footprint=PCB-q0vxx67e01kaxtvhakkm-1
Change Component Footprint: Designator=Mounting Case 2 Old Footprint=PCB-q0vxx67e01kaxtvhakkm-1 New Footprint=PCB-q0vxx67e01kaxtvhakkm-1
Change Component Footprint: Designator=Mounting Case 3 Old Footprint=PCB-q0vxx67e01kaxtvhakkm-1 New Footprint=PCB-q0vxx67e01kaxtvhakkm-1
Change Component Footprint: Designator=Mounting Case 4 Old Footprint=PCB-q0vxx67e01kaxtvhakkm-1 New Footprint=PCB-q0vxx67e01kaxtvhakkm-1
Change Component Footprint: Designator=Mounting Frame 1 Old Footprint=PCB-q0vxx67e01kaxtvhakkm-1 New Footprint=PCB-q0vxx67e01kaxtvhakkm-1
Change Component Footprint: Designator=Mounting Frame 2 Old Footprint=PCB-q0vxx67e01kaxtvhakkm-1 New Footprint=PCB-q0vxx67e01kaxtvhakkm-1
Change Component Footprint: Designator=Mounting Frame 3 Old Footprint=PCB-q0vxx67e01kaxtvhakkm-1 New Footprint=PCB-q0vxx67e01kaxtvhakkm-1
Change Component Footprint: Designator=Mounting Frame 4 Old Footprint=PCB-q0vxx67e01kaxtvhakkm-1 New Footprint=PCB-q0vxx67e01kaxtvhakkm-1
Change Component Footprint: Designator=Mounting Frame 5 Old Footprint=PCB-q0vxx67e01kaxtvhakkm-1 New Footprint=PCB-q0vxx67e01kaxtvhakkm-1
Change Component Footprint: Designator=Mounting Frame 6 Old Footprint=PCB-q0vxx67e01kaxtvhakkm-1 New Footprint=PCB-q0vxx67e01kaxtvhakkm-1
Change Component Footprint: Designator=Mounting Frame 7 Old Footprint=PCB-q0vxx67e01kaxtvhakkm-1 New Footprint=PCB-q0vxx67e01kaxtvhakkm-1
Change Component Footprint: Designator=Mounting Frame 8 Old Footprint=PCB-q0vxx67e01kaxtvhakkm-1 New Footprint=PCB-q0vxx67e01kaxtvhakkm-1
Change Component Footprint: Designator=Mounting Frame 9 Old Footprint=PCB-q0vxx67e01kaxtvhakkm-1 New Footprint=PCB-q0vxx67e01kaxtvhakkm-1
Change Component Footprint: Designator=Mounting Frame 10 Old Footprint=PCB-q0vxx67e01kaxtvhakkm-1 New Footprint=PCB-q0vxx67e01kaxtvhakkm-1
Change Component Footprint: Designator=Mounting Frame 11 Old Footprint=PCB-q0vxx67e01kaxtvhakkm-1 New Footprint=PCB-q0vxx67e01kaxtvhakkm-1
Change Component Footprint: Designator=Mounting Frame 12 Old Footprint=PCB-q0vxx67e01kaxtvhakkm-1 New Footprint=PCB-q0vxx67e01kaxtvhakkm-1
Change Component Footprint: Designator=Side1 Old Footprint=PCB-q0vxx67e01kaxtvhakkm-1 New Footprint=PCB-q0vxx67e01kaxtvhakkm-1
Change Component Footprint: Designator=Side2 Old Footprint=PCB-q0vxx67e01kaxtvhakkm-1 New Footprint=PCB-q0vxx67e01kaxtvhakkm-1
Change Component Footprint: Designator=Side3 Old Footprint=PCB-q0vxx67e01kaxtvhakkm-1 New Footprint=PCB-q0vxx67e01kaxtvhakkm-1
Change Component Footprint: Designator=Side4 Old Footprint=PCB-q0vxx67e01kaxtvhakkm-1 New Footprint=PCB-q0vxx67e01kaxtvhakkm-1
Change Component Footprint: Designator=Side5 Old Footprint=PCB-q0vxx67e01kaxtvhakkm-1 New Footprint=PCB-q0vxx67e01kaxtvhakkm-1
Change Component Footprint: Designator=Side6 Old Footprint=PCB-q0vxx67e01kaxtvhakkm-1 New Footprint=PCB-q0vxx67e01kaxtvhakkm-1
Change Component Footprint: Designator=Side7 Old Footprint=PCB-q0vxx67e01kaxtvhakkm-1 New Footprint=PCB-q0vxx67e01kaxtvhakkm-1
Change Component Footprint: Designator=Side8 Old Footprint=PCB-q0vxx67e01kaxtvhakkm-1 New Footprint=PCB-q0vxx67e01kaxtvhakkm-1
Added Component: Designator=C67(CAPC1005X56X25NL10T15)
Add component (AddParameter): Name = "Capacitance"; Value = "100 nF"; VariantName = "[No Variations]"
Add component (AddParameter): Name = "Case"; Value = "0402"; VariantName = "[No Variations]"
Add component (AddParameter): Name = "Dielectric"; Value = "CGO"; VariantName = "[No Variations]"
Add component (AddParameter): Name = "Lead-Free Status"; Value = "Lead Free"; VariantName = "[No Variations]"
Add component (AddParameter): Name = "Manufacturer Part Number"; Value = "TBD"; VariantName = "[No Variations]"
Add component (AddParameter): Name = "Mounting Style"; Value = "Surface Mount"; VariantName = "[No Variations]"
Add component (AddParameter): Name = "Octopart URL"; Value = "TBD"; VariantName = "[No Variations]"
Add component (AddParameter): Name = "OctopartID"; Value = "0755ced2c795d892"; VariantName = "[No Variations]"
Add component (AddParameter): Name = "RoHS"; Value = "Compliant"; VariantName = "[No Variations]"
Add component (AddParameter): Name = "Tolerance"; Value = "±10%"; VariantName = "[No Variations]"
Add component (AddParameter): Name = "Voltage"; Value = "25V"; VariantName = "[No Variations]"
Added Component: Designator=C68(CAPC1005X56X25NL10T15)
Add component (AddParameter): Name = "Capacitance"; Value = "100 nF"; VariantName = "[No Variations]"
Add component (AddParameter): Name = "Case"; Value = "0402"; VariantName = "[No Variations]"
Add component (AddParameter): Name = "Dielectric"; Value = "CGO"; VariantName = "[No Variations]"
Add component (AddParameter): Name = "Lead-Free Status"; Value = "Lead Free"; VariantName = "[No Variations]"
Add component (AddParameter): Name = "Manufacturer Part Number"; Value = "TBD"; VariantName = "[No Variations]"
Add component (AddParameter): Name = "Mounting Style"; Value = "Surface Mount"; VariantName = "[No Variations]"
Add component (AddParameter): Name = "Octopart URL"; Value = "TBD"; VariantName = "[No Variations]"
Add component (AddParameter): Name = "OctopartID"; Value = "0755ced2c795d892"; VariantName = "[No Variations]"
Add component (AddParameter): Name = "RoHS"; Value = "Compliant"; VariantName = "[No Variations]"
Add component (AddParameter): Name = "Tolerance"; Value = "±10%"; VariantName = "[No Variations]"
Add component (AddParameter): Name = "Voltage"; Value = "25V"; VariantName = "[No Variations]"
Added Component: Designator=C69(CAPC1005X56X25NL10T15)
Add component (AddParameter): Name = "Capacitance"; Value = "100 nF"; VariantName = "[No Variations]"
Add component (AddParameter): Name = "Case"; Value = "0402"; VariantName = "[No Variations]"
Add component (AddParameter): Name = "Dielectric"; Value = "CGO"; VariantName = "[No Variations]"
Add component (AddParameter): Name = "Lead-Free Status"; Value = "Lead Free"; VariantName = "[No Variations]"
Add component (AddParameter): Name = "Manufacturer Part Number"; Value = "TBD"; VariantName = "[No Variations]"
Add component (AddParameter): Name = "Mounting Style"; Value = "Surface Mount"; VariantName = "[No Variations]"
Add component (AddParameter): Name = "Octopart URL"; Value = "TBD"; VariantName = "[No Variations]"
Add component (AddParameter): Name = "OctopartID"; Value = "0755ced2c795d892"; VariantName = "[No Variations]"
Add component (AddParameter): Name = "RoHS"; Value = "Compliant"; VariantName = "[No Variations]"
Add component (AddParameter): Name = "Tolerance"; Value = "±10%"; VariantName = "[No Variations]"
Add component (AddParameter): Name = "Voltage"; Value = "25V"; VariantName = "[No Variations]"
Added Pin To Net: NetName=VDD Pin=C67-1
Added Pin To Net: NetName=GND Pin=C67-2
Added Pin To Net: NetName=VDD Pin=C68-1
Added Pin To Net: NetName=GND Pin=C68-2
Added Pin To Net: NetName=VDD Pin=C69-1
Added Pin To Net: NetName=GND Pin=C69-2
Added Member To Class: ClassName=Alaska 1-1 Member=Component C67 16V
Added Member To Class: ClassName=Alaska 1-1 Member=Component C68 16V
Added Member To Class: ClassName=Alaska 1-1 Member=Component C69 16V
