Change Physical Footprint: Designator=C1 Old Footprint=0603-C New Footprint=0603-C
Change Physical Footprint: Designator=C2 Old Footprint=0603-C New Footprint=0603-C
Change Physical Footprint: Designator=C3 Old Footprint=0402-C New Footprint=0402-C
Change Physical Footprint: Designator=C4 Old Footprint=0402-C New Footprint=0402-C
Change Physical Footprint: Designator=C5 Old Footprint=0402-C New Footprint=0402-C
Change Physical Footprint: Designator=C6 Old Footprint=0402-C New Footprint=0402-C
Change Physical Footprint: Designator=C7 Old Footprint=0402-C New Footprint=0402-C
Change Physical Footprint: Designator=C8 Old Footprint=0603-C New Footprint=0603-C
Change Physical Footprint: Designator=C9 Old Footprint=0402-C New Footprint=0402-C
Change Physical Footprint: Designator=C10 Old Footprint=0402-C New Footprint=0402-C
Change Physical Footprint: Designator=C11 Old Footprint=0805-C New Footprint=0805-C
Change Physical Footprint: Designator=C12 Old Footprint=0805-C New Footprint=0805-C
Change Physical Footprint: Designator=C13 Old Footprint=0805-C New Footprint=0805-C
Change Physical Footprint: Designator=C14 Old Footprint=0805-C New Footprint=0805-C
Change Physical Footprint: Designator=C15 Old Footprint=0402-C New Footprint=0402-C
Change Physical Footprint: Designator=C16 Old Footprint=0402-C New Footprint=0402-C
Change Physical Footprint: Designator=C17 Old Footprint=0402-C New Footprint=0402-C
Change Physical Footprint: Designator=C18 Old Footprint=RADIAL-2 New Footprint=RADIAL-2
Change Physical Footprint: Designator=C19 Old Footprint=0402-C New Footprint=0402-C
Change Physical Footprint: Designator=C20 Old Footprint=0603-C New Footprint=0603-C
Change Physical Footprint: Designator=C21 Old Footprint=0603-C New Footprint=0603-C
Change Physical Footprint: Designator=C22 Old Footprint=0402-C New Footprint=0402-C
Change Physical Footprint: Designator=C23 Old Footprint=0402-C New Footprint=0402-C
Change Physical Footprint: Designator=C24 Old Footprint=0402-C New Footprint=0402-C
Change Physical Footprint: Designator=C25 Old Footprint=0402-C New Footprint=0402-C
Change Physical Footprint: Designator=C26 Old Footprint=0402-C New Footprint=0402-C
Change Physical Footprint: Designator=C27 Old Footprint=0402-C New Footprint=0402-C
Change Physical Footprint: Designator=C28 Old Footprint=0402-C New Footprint=0402-C
Change Physical Footprint: Designator=C29 Old Footprint=0402-C New Footprint=0402-C
Change Physical Footprint: Designator=C30 Old Footprint=0402-C New Footprint=0402-C
Change Physical Footprint: Designator=C31 Old Footprint=0402-C New Footprint=0402-C
Change Physical Footprint: Designator=C32 Old Footprint=0402-C New Footprint=0402-C
Change Physical Footprint: Designator=C33 Old Footprint=RADIAL-2 New Footprint=RADIAL-2
Change Physical Footprint: Designator=C34 Old Footprint=RADIAL-2 New Footprint=RADIAL-2
Change Physical Footprint: Designator=C35 Old Footprint=0402-C New Footprint=0402-C
Change Physical Footprint: Designator=C36 Old Footprint=0402-C New Footprint=0402-C
Change Physical Footprint: Designator=C37 Old Footprint=0402-C New Footprint=0402-C
Change Physical Footprint: Designator=C38 Old Footprint=0603-C New Footprint=0603-C
Change Physical Footprint: Designator=C39 Old Footprint=1210-C New Footprint=1210-C
Change Physical Footprint: Designator=C40 Old Footprint=1210-C New Footprint=1210-C
Change Physical Footprint: Designator=C41 Old Footprint=1210-C New Footprint=1210-C
Change Physical Footprint: Designator=C42 Old Footprint=CAP_4TAE470ML New Footprint=CAP_4TAE470ML
Change Physical Footprint: Designator=C43 Old Footprint=0603-C New Footprint=0603-C
Change Physical Footprint: Designator=C44 Old Footprint=0603-C New Footprint=0603-C
Change Physical Footprint: Designator=C45 Old Footprint=0603-C New Footprint=0603-C
Change Physical Footprint: Designator=C46 Old Footprint=1210-C New Footprint=1210-C
Change Physical Footprint: Designator=C47 Old Footprint=1210-C New Footprint=1210-C
Change Physical Footprint: Designator=C48 Old Footprint=1210-C New Footprint=1210-C
Change Physical Footprint: Designator=C49 Old Footprint=1210-C New Footprint=1210-C
Change Physical Footprint: Designator=C50 Old Footprint=0603-C New Footprint=0603-C
Change Physical Footprint: Designator=C51 Old Footprint=0603-C New Footprint=0603-C
Change Physical Footprint: Designator=C52 Old Footprint=0603-C New Footprint=0603-C
Change Physical Footprint: Designator=C53 Old Footprint=1206-C New Footprint=1206-C
Change Physical Footprint: Designator=C54 Old Footprint=CAP_EEEFKE101XAL New Footprint=CAP_EEEFKE101XAL
Change Physical Footprint: Designator=C55 Old Footprint=0603-C New Footprint=0603-C
Change Physical Footprint: Designator=C56 Old Footprint=0603-C New Footprint=0603-C
Change Physical Footprint: Designator=C57 Old Footprint=0603-C New Footprint=0603-C
Change Physical Footprint: Designator=C58 Old Footprint=CAP_EEEFK0J471P New Footprint=CAP_EEEFK0J471P
Change Physical Footprint: Designator=C59 Old Footprint=CAP_EEEFK0J471P New Footprint=CAP_EEEFK0J471P
Change Physical Footprint: Designator=C60 Old Footprint=0603-C New Footprint=0603-C
Change Physical Footprint: Designator=C61 Old Footprint=0603-C New Footprint=0603-C
Change Physical Footprint: Designator=C62 Old Footprint=1206-C New Footprint=1206-C
Change Physical Footprint: Designator=C63 Old Footprint=CAP_EEEFKE101XAL New Footprint=CAP_EEEFKE101XAL
Change Physical Footprint: Designator=C64 Old Footprint=1206-C New Footprint=1206-C
Change Physical Footprint: Designator=C65 Old Footprint=1210-C New Footprint=1210-C
Change Physical Footprint: Designator=C66 Old Footprint=1210-C New Footprint=1210-C
Change Physical Footprint: Designator=C67 Old Footprint=0805-C New Footprint=0805-C
Change Physical Footprint: Designator=C68 Old Footprint=CAP_4TAE470ML New Footprint=CAP_4TAE470ML
Change Physical Footprint: Designator=C69 Old Footprint=0603-C New Footprint=0603-C
Change Physical Footprint: Designator=C70 Old Footprint=1206-C New Footprint=1206-C
Change Physical Footprint: Designator=C71 Old Footprint=0603-C New Footprint=0603-C
Change Physical Footprint: Designator=C72 Old Footprint=1210-C New Footprint=1210-C
Change Physical Footprint: Designator=C73 Old Footprint=1210-C New Footprint=1210-C
Change Physical Footprint: Designator=C74 Old Footprint=1210-C New Footprint=1210-C
Change Physical Footprint: Designator=C75 Old Footprint=1210-C New Footprint=1210-C
Change Physical Footprint: Designator=C76 Old Footprint=0805-C New Footprint=0805-C
Change Physical Footprint: Designator=C77 Old Footprint=CAP_4TAE470ML New Footprint=CAP_4TAE470ML
Change Physical Footprint: Designator=C78 Old Footprint=0603-C New Footprint=0603-C
Change Physical Footprint: Designator=C79 Old Footprint=0603-C New Footprint=0603-C
Change Physical Footprint: Designator=C80 Old Footprint=0603-C New Footprint=0603-C
Change Physical Footprint: Designator=C81 Old Footprint=0603-C New Footprint=0603-C
Change Physical Footprint: Designator=C82 Old Footprint=0603-C New Footprint=0603-C
Change Physical Footprint: Designator=C83 Old Footprint=0603-C New Footprint=0603-C
Change Physical Footprint: Designator=C84 Old Footprint=1206-C New Footprint=1206-C
Change Physical Footprint: Designator=C85 Old Footprint=1206-C New Footprint=1206-C
Change Physical Footprint: Designator=C86 Old Footprint=0603-C New Footprint=0603-C
Change Physical Footprint: Designator=C87 Old Footprint=0603-C New Footprint=0603-C
Change Physical Footprint: Designator=C88 Old Footprint=1206-C New Footprint=1206-C
Change Physical Footprint: Designator=C89 Old Footprint=0603-C New Footprint=0603-C
Change Physical Footprint: Designator=C90 Old Footprint=0603-C New Footprint=0603-C
Change Physical Footprint: Designator=C91 Old Footprint=0603-C New Footprint=0603-C
Change Physical Footprint: Designator=C92 Old Footprint=0603-C New Footprint=0603-C
Change Physical Footprint: Designator=C93 Old Footprint=1206-C New Footprint=1206-C
Change Physical Footprint: Designator=C94 Old Footprint=0603-C New Footprint=0603-C
Change Physical Footprint: Designator=C95 Old Footprint=0603-C New Footprint=0603-C
Change Physical Footprint: Designator=C96 Old Footprint=1206-C New Footprint=1206-C
Change Physical Footprint: Designator=C97 Old Footprint=0603-C New Footprint=0603-C
Change Physical Footprint: Designator=C98 Old Footprint=0603-C New Footprint=0603-C
Change Physical Footprint: Designator=C99 Old Footprint=0603-C New Footprint=0603-C
Change Physical Footprint: Designator=C100 Old Footprint=0603-C New Footprint=0603-C
Change Physical Footprint: Designator=C101 Old Footprint=0603-C New Footprint=0603-C
Change Physical Footprint: Designator=C102 Old Footprint=0603-C New Footprint=0603-C
Change Physical Footprint: Designator=C103 Old Footprint=0603-C New Footprint=0603-C
Change Physical Footprint: Designator=C104 Old Footprint=0603-C New Footprint=0603-C
Change Physical Footprint: Designator=C105 Old Footprint=1206-C New Footprint=1206-C
Change Physical Footprint: Designator=C106 Old Footprint=0805-C New Footprint=0805-C
Change Physical Footprint: Designator=C107 Old Footprint=0402-C New Footprint=0402-C
Change Physical Footprint: Designator=C108 Old Footprint=0603-C New Footprint=0603-C
Change Physical Footprint: Designator=C109 Old Footprint=0402-C New Footprint=0402-C
Change Physical Footprint: Designator=C110 Old Footprint=0402-C New Footprint=0402-C
Change Physical Footprint: Designator=C111 Old Footprint=0402-C New Footprint=0402-C
Change Physical Footprint: Designator=C112 Old Footprint=0402-C New Footprint=0402-C
Change Physical Footprint: Designator=C113 Old Footprint=0402-C New Footprint=0402-C
Change Physical Footprint: Designator=C114 Old Footprint=0402-C New Footprint=0402-C
Change Physical Footprint: Designator=C115 Old Footprint=0603-C New Footprint=0603-C
Change Physical Footprint: Designator=C116 Old Footprint=0402-C New Footprint=0402-C
Change Physical Footprint: Designator=C117 Old Footprint=0402-C New Footprint=0402-C
Change Physical Footprint: Designator=C118 Old Footprint=0402-C New Footprint=0402-C
Change Physical Footprint: Designator=C119 Old Footprint=0402-C New Footprint=0402-C
Change Physical Footprint: Designator=C120 Old Footprint=0402-C New Footprint=0402-C
Change Physical Footprint: Designator=C121 Old Footprint=0402-C New Footprint=0402-C
Change Physical Footprint: Designator=C122 Old Footprint=0402-C New Footprint=0402-C
Change Physical Footprint: Designator=C123 Old Footprint=0402-C New Footprint=0402-C
Change Physical Footprint: Designator=C124 Old Footprint=0402-C New Footprint=0402-C
Change Physical Footprint: Designator=C125 Old Footprint=0603-C New Footprint=0603-C
Change Physical Footprint: Designator=C126 Old Footprint=0402-C New Footprint=0402-C
Change Physical Footprint: Designator=C127 Old Footprint=0402-C New Footprint=0402-C
Change Physical Footprint: Designator=C128 Old Footprint=0402-C New Footprint=0402-C
Change Physical Footprint: Designator=C129 Old Footprint=0402-C New Footprint=0402-C
Change Physical Footprint: Designator=C130 Old Footprint=0402-C New Footprint=0402-C
Change Physical Footprint: Designator=C131 Old Footprint=0402-C New Footprint=0402-C
Change Physical Footprint: Designator=C132 Old Footprint=0603-C New Footprint=0603-C
Change Physical Footprint: Designator=C133 Old Footprint=CAPPRD500W80D2150H950 New Footprint=CAPPRD500W80D2150H950
Change Physical Footprint: Designator=C134 Old Footprint=0603-C New Footprint=0603-C
Change Physical Footprint: Designator=CN1 Old Footprint=GCT_MEM2051-00-195-00-A_REVC New Footprint=GCT_MEM2051-00-195-00-A_REVC
Change Physical Footprint: Designator=CN2 Old Footprint=BEL_SS-6488-NF New Footprint=BEL_SS-6488-NF
Change Physical Footprint: Designator=CON1 Old Footprint=0678008025 New Footprint=0678008025
Change Physical Footprint: Designator=CON2 Old Footprint=0678008025 New Footprint=0678008025
Change Physical Footprint: Designator=D1 Old Footprint=LED_0603 New Footprint=LED_0603
Change Physical Footprint: Designator=D2 Old Footprint=SODFL5336X130N New Footprint=SODFL5336X130N
Change Physical Footprint: Designator=D3 Old Footprint=SODFL5336X130N New Footprint=SODFL5336X130N
Change Physical Footprint: Designator=D4 Old Footprint=SODFL5336X130N New Footprint=SODFL5336X130N
Change Physical Footprint: Designator=D5 Old Footprint=SODFL5336X130N New Footprint=SODFL5336X130N
Change Physical Footprint: Designator=D6 Old Footprint=SODFL5336X130N New Footprint=SODFL5336X130N
Change Physical Footprint: Designator=D7 Old Footprint=LED_0603 New Footprint=LED_0603
Change Physical Footprint: Designator=D8 Old Footprint=SOT416 New Footprint=SOT416
Change Physical Footprint: Designator=DS1 Old Footprint=LED_0603 New Footprint=LED_0603
Change Physical Footprint: Designator=DS2 Old Footprint=LED_0603 New Footprint=LED_0603
Change Physical Footprint: Designator=DS3 Old Footprint=LED_0603 New Footprint=LED_0603
Change Physical Footprint: Designator=DS4 Old Footprint=LED_0603 New Footprint=LED_0603
Change Physical Footprint: Designator=DS5 Old Footprint=LED_0603 New Footprint=LED_0603
Change Physical Footprint: Designator=DS6 Old Footprint=LED_0603 New Footprint=LED_0603
Change Physical Footprint: Designator=DS7 Old Footprint=LED_0603 New Footprint=LED_0603
Change Physical Footprint: Designator=DS8 Old Footprint=LED_0603 New Footprint=LED_0603
Change Physical Footprint: Designator=DS9 Old Footprint=LED_0603 New Footprint=LED_0603
Change Physical Footprint: Designator=DS10 Old Footprint=LED_0603 New Footprint=LED_0603
Change Physical Footprint: Designator=DS11 Old Footprint=LED_0603 New Footprint=LED_0603
Change Physical Footprint: Designator=FD1 Old Footprint=FD New Footprint=FD
Change Physical Footprint: Designator=FD2 Old Footprint=FD New Footprint=FD
Change Physical Footprint: Designator=FD3 Old Footprint=FD New Footprint=FD
Change Physical Footprint: Designator=FD4 Old Footprint=FD New Footprint=FD
Change Physical Footprint: Designator=IC1 Old Footprint=SON50P200X200X80-9N-D New Footprint=SON50P200X200X80-9N-D
Change Physical Footprint: Designator=IC2 Old Footprint=SOT95P280X125-6N New Footprint=SOT95P280X125-6N
Change Physical Footprint: Designator=IC3 Old Footprint=SOT95P280X100-6N New Footprint=SOT95P280X100-6N
Change Physical Footprint: Designator=IC4 Old Footprint=SOT95P280X135-6N New Footprint=SOT95P280X135-6N
Change Physical Footprint: Designator=IC5 Old Footprint=SON80P400X400X100-9N-D New Footprint=SON80P400X400X100-9N-D
Change Physical Footprint: Designator=IC6 Old Footprint=SON50P300X300X100-11N New Footprint=SON50P300X300X100-11N
Change Physical Footprint: Designator=IC7 Old Footprint=SON50P300X300X100-11N New Footprint=SON50P300X300X100-11N
Change Physical Footprint: Designator=J1 Old Footprint=CONN_7X2 New Footprint=CONN_7X2
Change Physical Footprint: Designator=J2 Old Footprint=CONN_4X1 New Footprint=CONN_4X1
Change Physical Footprint: Designator=J3 Old Footprint=SAMTEC_USB-A-S-X-X-VU New Footprint=SAMTEC_USB-A-S-X-X-VU
Change Physical Footprint: Designator=J4 Old Footprint=TE_5-1814832-1 New Footprint=TE_5-1814832-1
Change Physical Footprint: Designator=J5 Old Footprint=TE_5-1814832-1 New Footprint=TE_5-1814832-1
Change Physical Footprint: Designator=J6 Old Footprint=TE_5-1814832-1 New Footprint=TE_5-1814832-1
Change Physical Footprint: Designator=J7 Old Footprint=TE_5-1814832-1 New Footprint=TE_5-1814832-1
Change Physical Footprint: Designator=J8 Old Footprint=CONN_28X2 New Footprint=CONN_28X2
Change Physical Footprint: Designator=J9 Old Footprint=GCT_SIM7100-6-1-15-00-A_REVC New Footprint=GCT_SIM7100-6-1-15-00-A_REVC
Change Physical Footprint: Designator=J10 Old Footprint=DC_JACK New Footprint=DC_JACK
Change Physical Footprint: Designator=J11 Old Footprint=CON_HDR1x2 New Footprint=CON_HDR1x2
Change Physical Footprint: Designator=J12 Old Footprint=CON_HDR1x2 New Footprint=CON_HDR1x2
Change Physical Footprint: Designator=J13 Old Footprint=CON_HDR1x2 New Footprint=CON_HDR1x2
Change Physical Footprint: Designator=J14 Old Footprint=SoM New Footprint=SoM
Change Physical Footprint: Designator=L1 Old Footprint=0805-L New Footprint=0805-L
Change Physical Footprint: Designator=L2 Old Footprint=CDRH103RNP6R8NCB New Footprint=CDRH103RNP6R8NCB
Change Physical Footprint: Designator=L3 Old Footprint=CDRH103RNP6R8NCB New Footprint=CDRH103RNP6R8NCB
Change Physical Footprint: Designator=L4 Old Footprint=CDRH103RNP6R8NCB New Footprint=CDRH103RNP6R8NCB
Change Physical Footprint: Designator=L5 Old Footprint=VLC5045 New Footprint=VLC5045
Change Physical Footprint: Designator=L6 Old Footprint=INDM7676X435N New Footprint=INDM7676X435N
Change Physical Footprint: Designator=L7 Old Footprint=VLC5045 New Footprint=VLC5045
Change Physical Footprint: Designator=L8 Old Footprint=VLC5045 New Footprint=VLC5045
Change Physical Footprint: Designator=P1 Old Footprint=CONN_ARJ14A-MESA-MU2 New Footprint=CONN_ARJ14A-MESA-MU2
Change Physical Footprint: Designator=Q1 Old Footprint=SSOT-3 New Footprint=SSOT-3
Change Physical Footprint: Designator=Q2 Old Footprint=SOT-23-3 New Footprint=SOT-23-3
Change Physical Footprint: Designator=Q3 Old Footprint=SUPERSOT-6 New Footprint=SUPERSOT-6
Change Physical Footprint: Designator=Q4 Old Footprint=SUPERSOT-6 New Footprint=SUPERSOT-6
Change Physical Footprint: Designator=Q5 Old Footprint=SOP65P640X120-8N New Footprint=SOP65P640X120-8N
Change Physical Footprint: Designator=R1 Old Footprint=0402-R New Footprint=0402-R
Change Physical Footprint: Designator=R2 Old Footprint=0603-R New Footprint=0603-R
Change Physical Footprint: Designator=R3 Old Footprint=0402-R New Footprint=0402-R
Change Physical Footprint: Designator=R4 Old Footprint=0603-R New Footprint=0603-R
Change Physical Footprint: Designator=R5 Old Footprint=0402-R New Footprint=0402-R
Change Physical Footprint: Designator=R6 Old Footprint=0402-R New Footprint=0402-R
Change Physical Footprint: Designator=R7 Old Footprint=0402-R New Footprint=0402-R
Change Physical Footprint: Designator=R8 Old Footprint=0402-R New Footprint=0402-R
Change Physical Footprint: Designator=R9 Old Footprint=0402-R New Footprint=0402-R
Change Physical Footprint: Designator=R10 Old Footprint=0402-R New Footprint=0402-R
Change Physical Footprint: Designator=R11 Old Footprint=0402-R New Footprint=0402-R
Change Physical Footprint: Designator=R12 Old Footprint=0402-R New Footprint=0402-R
Change Physical Footprint: Designator=R13 Old Footprint=0402-R New Footprint=0402-R
Change Physical Footprint: Designator=R14 Old Footprint=0402-R New Footprint=0402-R
Change Physical Footprint: Designator=R15 Old Footprint=0402-R New Footprint=0402-R
Change Physical Footprint: Designator=R16 Old Footprint=0402-R New Footprint=0402-R
Change Physical Footprint: Designator=R17 Old Footprint=0402-R New Footprint=0402-R
Change Physical Footprint: Designator=R18 Old Footprint=0402-R New Footprint=0402-R
Change Physical Footprint: Designator=R19 Old Footprint=0402-R New Footprint=0402-R
Change Physical Footprint: Designator=R20 Old Footprint=0402-R New Footprint=0402-R
Change Physical Footprint: Designator=R21 Old Footprint=0402-R New Footprint=0402-R
Change Physical Footprint: Designator=R22 Old Footprint=0402-R New Footprint=0402-R
Change Physical Footprint: Designator=R23 Old Footprint=0402-R New Footprint=0402-R
Change Physical Footprint: Designator=R24 Old Footprint=0402-R New Footprint=0402-R
Change Physical Footprint: Designator=R25 Old Footprint=0402-R New Footprint=0402-R
Change Physical Footprint: Designator=R26 Old Footprint=0402-R New Footprint=0402-R
Change Physical Footprint: Designator=R27 Old Footprint=0402-R New Footprint=0402-R
Change Physical Footprint: Designator=R28 Old Footprint=0402-R New Footprint=0402-R
Change Physical Footprint: Designator=R29 Old Footprint=0402-R New Footprint=0402-R
Change Physical Footprint: Designator=R30 Old Footprint=0402-R New Footprint=0402-R
Change Physical Footprint: Designator=R31 Old Footprint=0402-R New Footprint=0402-R
Change Physical Footprint: Designator=R32 Old Footprint=0402-R New Footprint=0402-R
Change Physical Footprint: Designator=R33 Old Footprint=0402-R New Footprint=0402-R
Change Physical Footprint: Designator=R34 Old Footprint=0402-R New Footprint=0402-R
Change Physical Footprint: Designator=R35 Old Footprint=0402-R New Footprint=0402-R
Change Physical Footprint: Designator=R36 Old Footprint=0402-R New Footprint=0402-R
Change Physical Footprint: Designator=R37 Old Footprint=0603-R New Footprint=0603-R
Change Physical Footprint: Designator=R38 Old Footprint=0603-R New Footprint=0603-R
Change Physical Footprint: Designator=R39 Old Footprint=0805-R New Footprint=0805-R
Change Physical Footprint: Designator=R40 Old Footprint=0805-R New Footprint=0805-R
Change Physical Footprint: Designator=R41 Old Footprint=0805-R New Footprint=0805-R
Change Physical Footprint: Designator=R42 Old Footprint=0805-R New Footprint=0805-R
Change Physical Footprint: Designator=R43 Old Footprint=0402-R New Footprint=0402-R
Change Physical Footprint: Designator=R44 Old Footprint=0402-R New Footprint=0402-R
Change Physical Footprint: Designator=R45 Old Footprint=0402-R New Footprint=0402-R
Change Physical Footprint: Designator=R46 Old Footprint=0402-R New Footprint=0402-R
Change Physical Footprint: Designator=R47 Old Footprint=0402-R New Footprint=0402-R
Change Physical Footprint: Designator=R48 Old Footprint=0402-R New Footprint=0402-R
Change Physical Footprint: Designator=R49 Old Footprint=0603-R New Footprint=0603-R
Change Physical Footprint: Designator=R50 Old Footprint=0402-R New Footprint=0402-R
Change Physical Footprint: Designator=R51 Old Footprint=0402-R New Footprint=0402-R
Change Physical Footprint: Designator=R52 Old Footprint=0402-R New Footprint=0402-R
Change Physical Footprint: Designator=R53 Old Footprint=0402-R New Footprint=0402-R
Change Physical Footprint: Designator=R54 Old Footprint=0402-R New Footprint=0402-R
Change Physical Footprint: Designator=R55 Old Footprint=0402-R New Footprint=0402-R
Change Physical Footprint: Designator=R56 Old Footprint=0402-R New Footprint=0402-R
Change Physical Footprint: Designator=R57 Old Footprint=0402-R New Footprint=0402-R
Change Physical Footprint: Designator=R58 Old Footprint=0603-R New Footprint=0603-R
Change Physical Footprint: Designator=R59 Old Footprint=0402-R New Footprint=0402-R
Change Physical Footprint: Designator=R60 Old Footprint=0402-R New Footprint=0402-R
Change Physical Footprint: Designator=R61 Old Footprint=0402-R New Footprint=0402-R
Change Physical Footprint: Designator=R62 Old Footprint=0402-R New Footprint=0402-R
Change Physical Footprint: Designator=R63 Old Footprint=0402-R New Footprint=0402-R
Change Physical Footprint: Designator=R64 Old Footprint=0402-R New Footprint=0402-R
Change Physical Footprint: Designator=R65 Old Footprint=0805-R New Footprint=0805-R
Change Physical Footprint: Designator=R66 Old Footprint=0402-R New Footprint=0402-R
Change Physical Footprint: Designator=R67 Old Footprint=0402-R New Footprint=0402-R
Change Physical Footprint: Designator=R68 Old Footprint=0603-R New Footprint=0603-R
Change Physical Footprint: Designator=R69 Old Footprint=0603-R New Footprint=0603-R
Change Physical Footprint: Designator=R70 Old Footprint=0402-R New Footprint=0402-R
Change Physical Footprint: Designator=R71 Old Footprint=0402-R New Footprint=0402-R
Change Physical Footprint: Designator=R72 Old Footprint=0603-R New Footprint=0603-R
Change Physical Footprint: Designator=R73 Old Footprint=0402-R New Footprint=0402-R
Change Physical Footprint: Designator=R74 Old Footprint=0603-R New Footprint=0603-R
Change Physical Footprint: Designator=R75 Old Footprint=0603-R New Footprint=0603-R
Change Physical Footprint: Designator=R76 Old Footprint=0603-R New Footprint=0603-R
Change Physical Footprint: Designator=R77 Old Footprint=0603-R New Footprint=0603-R
Change Physical Footprint: Designator=R78 Old Footprint=0603-R New Footprint=0603-R
Change Physical Footprint: Designator=R79 Old Footprint=0603-R New Footprint=0603-R
Change Physical Footprint: Designator=R80 Old Footprint=0603-R New Footprint=0603-R
Change Physical Footprint: Designator=R81 Old Footprint=0603-R New Footprint=0603-R
Change Physical Footprint: Designator=R82 Old Footprint=0603-R New Footprint=0603-R
Change Physical Footprint: Designator=R83 Old Footprint=0603-R New Footprint=0603-R
Change Physical Footprint: Designator=R84 Old Footprint=0603-R New Footprint=0603-R
Change Physical Footprint: Designator=R85 Old Footprint=0603-R New Footprint=0603-R
Change Physical Footprint: Designator=R86 Old Footprint=0603-R New Footprint=0603-R
Change Physical Footprint: Designator=R87 Old Footprint=0603-R New Footprint=0603-R
Change Physical Footprint: Designator=R88 Old Footprint=0603-R New Footprint=0603-R
Change Physical Footprint: Designator=R89 Old Footprint=0603-R New Footprint=0603-R
Change Physical Footprint: Designator=R90 Old Footprint=0603-R New Footprint=0603-R
Change Physical Footprint: Designator=R91 Old Footprint=0603-R New Footprint=0603-R
Change Physical Footprint: Designator=R92 Old Footprint=0603-R New Footprint=0603-R
Change Physical Footprint: Designator=R93 Old Footprint=0603-R New Footprint=0603-R
Change Physical Footprint: Designator=R94 Old Footprint=0603-R New Footprint=0603-R
Change Physical Footprint: Designator=R95 Old Footprint=0603-R New Footprint=0603-R
Change Physical Footprint: Designator=R96 Old Footprint=0603-R New Footprint=0603-R
Change Physical Footprint: Designator=R97 Old Footprint=0603-R New Footprint=0603-R
Change Physical Footprint: Designator=R98 Old Footprint=0603-R New Footprint=0603-R
Change Physical Footprint: Designator=R99 Old Footprint=0603-R New Footprint=0603-R
Change Physical Footprint: Designator=R100 Old Footprint=0603-R New Footprint=0603-R
Change Physical Footprint: Designator=R101 Old Footprint=0603-R New Footprint=0603-R
Change Physical Footprint: Designator=R102 Old Footprint=0603-R New Footprint=0603-R
Change Physical Footprint: Designator=R103 Old Footprint=0603-R New Footprint=0603-R
Change Physical Footprint: Designator=R104 Old Footprint=0603-R New Footprint=0603-R
Change Physical Footprint: Designator=R105 Old Footprint=0603-R New Footprint=0603-R
Change Physical Footprint: Designator=R106 Old Footprint=0603-R New Footprint=0603-R
Change Physical Footprint: Designator=R107 Old Footprint=0603-R New Footprint=0603-R
Change Physical Footprint: Designator=R108 Old Footprint=0603-R New Footprint=0603-R
Change Physical Footprint: Designator=R109 Old Footprint=0603-R New Footprint=0603-R
Change Physical Footprint: Designator=R110 Old Footprint=0603-R New Footprint=0603-R
Change Physical Footprint: Designator=R111 Old Footprint=0603-R New Footprint=0603-R
Change Physical Footprint: Designator=R112 Old Footprint=0603-R New Footprint=0603-R
Change Physical Footprint: Designator=R113 Old Footprint=0603-R New Footprint=0603-R
Change Physical Footprint: Designator=R114 Old Footprint=0603-R New Footprint=0603-R
Change Physical Footprint: Designator=R115 Old Footprint=0603-R New Footprint=0603-R
Change Physical Footprint: Designator=R116 Old Footprint=0603-R New Footprint=0603-R
Change Physical Footprint: Designator=R117 Old Footprint=0402-R New Footprint=0402-R
Change Physical Footprint: Designator=R118 Old Footprint=0402-R New Footprint=0402-R
Change Physical Footprint: Designator=R119 Old Footprint=0402-R New Footprint=0402-R
Change Physical Footprint: Designator=R120 Old Footprint=0402-R New Footprint=0402-R
Change Physical Footprint: Designator=R121 Old Footprint=0402-R New Footprint=0402-R
Change Physical Footprint: Designator=R122 Old Footprint=0402-R New Footprint=0402-R
Change Physical Footprint: Designator=R123 Old Footprint=0402-R New Footprint=0402-R
Change Physical Footprint: Designator=R124 Old Footprint=0402-R New Footprint=0402-R
Change Physical Footprint: Designator=R125 Old Footprint=0402-R New Footprint=0402-R
Change Physical Footprint: Designator=R126 Old Footprint=0402-R New Footprint=0402-R
Change Physical Footprint: Designator=R127 Old Footprint=0402-R New Footprint=0402-R
Change Physical Footprint: Designator=R128 Old Footprint=0603-R New Footprint=0603-R
Change Physical Footprint: Designator=R129 Old Footprint=0603-R New Footprint=0603-R
Change Physical Footprint: Designator=R130 Old Footprint=0603-R New Footprint=0603-R
Change Physical Footprint: Designator=R131 Old Footprint=0603-R New Footprint=0603-R
Change Physical Footprint: Designator=R132 Old Footprint=0603-R New Footprint=0603-R
Change Physical Footprint: Designator=S1 Old Footprint=118250277 New Footprint=118250277
Change Physical Footprint: Designator=S2 Old Footprint=SWITCH New Footprint=SWITCH
Change Physical Footprint: Designator=T1 Old Footprint=SOP127P1600X572-24N New Footprint=SOP127P1600X572-24N
Change Physical Footprint: Designator=T2 Old Footprint=NV6 New Footprint=NV6
Change Physical Footprint: Designator=T3 Old Footprint=NV6 New Footprint=NV6
Change Physical Footprint: Designator=TP1 Old Footprint=TP_SMD New Footprint=TP_SMD
Change Physical Footprint: Designator=TP2 Old Footprint=TP_SMD New Footprint=TP_SMD
Change Physical Footprint: Designator=TP3 Old Footprint=TP_SMD New Footprint=TP_SMD
Change Physical Footprint: Designator=TP4 Old Footprint=TP_SMD New Footprint=TP_SMD
Change Physical Footprint: Designator=TP5 Old Footprint=TP_SMD New Footprint=TP_SMD
Change Physical Footprint: Designator=TP6 Old Footprint=TP_SMD New Footprint=TP_SMD
Change Physical Footprint: Designator=TP7 Old Footprint=TP_SMD New Footprint=TP_SMD
Change Physical Footprint: Designator=TP8 Old Footprint=TP_SMD New Footprint=TP_SMD
Change Physical Footprint: Designator=TP9 Old Footprint=TP_SMD New Footprint=TP_SMD
Change Physical Footprint: Designator=U1 Old Footprint=XTAL_3.2x2.5 New Footprint=XTAL_3.2x2.5
Change Physical Footprint: Designator=U2 Old Footprint=SSOP28 New Footprint=SSOP28
Change Physical Footprint: Designator=U3 Old Footprint=VALCON_VUSB3-A-S-G-TB-FRA New Footprint=VALCON_VUSB3-A-S-G-TB-FRA
Change Physical Footprint: Designator=U4 Old Footprint=SON50P350X135X55-14N New Footprint=SON50P350X135X55-14N
Change Physical Footprint: Designator=U5 Old Footprint=UFDFPN8-DFN8 New Footprint=UFDFPN8-DFN8
Change Physical Footprint: Designator=U6 Old Footprint=SOT-23-6 New Footprint=SOT-23-6
Change Physical Footprint: Designator=U7 Old Footprint=TSOP-48 New Footprint=TSOP-48
Change Physical Footprint: Designator=U8 Old Footprint=TE_1775838-2 New Footprint=TE_1775838-2
Change Physical Footprint: Designator=U9 Old Footprint=SOT143 New Footprint=SOT143
Change Physical Footprint: Designator=U10 Old Footprint=CONV_TPS54560DDAR New Footprint=CONV_TPS54560DDAR
Change Physical Footprint: Designator=U11 Old Footprint=SOT95P280X145-6N New Footprint=SOT95P280X145-6N
Change Physical Footprint: Designator=U12 Old Footprint=SOT95P280X145-6N New Footprint=SOT95P280X145-6N
Change Physical Footprint: Designator=U13 Old Footprint=SOP-8 New Footprint=SOP-8
Change Physical Footprint: Designator=U14 Old Footprint=QFN-48 New Footprint=QFN-48
Change Physical Footprint: Designator=U15 Old Footprint=XTAL_3.2x2.5 New Footprint=XTAL_3.2x2.5
Change Physical Footprint: Designator=U16 Old Footprint=SO-8 New Footprint=SO-8
Change Physical Footprint: Designator=U17 Old Footprint=SOIC127P1032X265-16N New Footprint=SOIC127P1032X265-16N
