FILE_TYPE=LIBRARY_PARTS;
PRIMITIVE 'CDRH2D14NP_2R2NC','CDRH2D14NP_2R2NC_Other';
  PIN
    '1':
      PIN_NUMBER='(1)';
      NO_LOAD_CHECK=BOTH;
      NO_IO_CHECK=BOTH;
      ALLOW_CONNECT=TRUE;
      PINUSE='UNSPEC';
    '2':
      PIN_NUMBER='(2)';
      NO_LOAD_CHECK=BOTH;
      NO_IO_CHECK=BOTH;
      ALLOW_CONNECT=TRUE;
      PINUSE='UNSPEC';
  END_PIN;
  BODY
    PART_NAME='CDRH2D14NP_2R2NC';
    PHYS_DES_PREFIX='L';
    NO_LOAD_CHECK='TRUE';
    PIN_COUNT='2';
    BODY_NAME='CDRH2D14NP_2R2NC';
    JEDEC_TYPE='CDRH2D14';
  END_BODY;
END_PRIMITIVE;
END.
