Added Pin To Net: NetName=GND Pin=U?-21
Added Pin To Net: NetName=ADC6 Pin=U?-19
Added Net: Name=ADC6
Added Pin To Net: NetName=ADC7 Pin=U?-22
Added Net: Name=ADC7
Added Pin To Net: NetName=NetLabel37 Pin=P?-1
Added Net: Name=NetLabel37
Added Pin To Net: NetName=NetLabel38 Pin=P?-2
Added Net: Name=NetLabel38
Added Pin To Net: NetName=NetLabel39 Pin=P?-3
Added Net: Name=NetLabel39
Added Pin To Net: NetName=NetLabel40 Pin=P?-4
Added Net: Name=NetLabel40
Added Pin To Net: NetName=NetLabel41 Pin=P?-5
Added Net: Name=NetLabel41
Added Pin To Net: NetName=NetLabel42 Pin=P?-1
Added Net: Name=NetLabel42
Added Pin To Net: NetName=NetLabel43 Pin=P?-2
Added Net: Name=NetLabel43
Added Pin To Net: NetName=NetLabel44 Pin=P?-3
Added Net: Name=NetLabel44
Added Pin To Net: NetName=NetLabel45 Pin=P?-4
Added Net: Name=NetLabel45
Added Pin To Net: NetName=NetLabel46 Pin=P?-5
Added Net: Name=NetLabel46
Added Pin To Net: NetName=PB2 Pin=P?-3
Added Pin To Net: NetName=PB2 Pin=U?-14
Added Net: Name=PB2
Added Pin To Net: NetName=PB3 Pin=P?-4
Added Pin To Net: NetName=PB3 Pin=U?-15
Added Net: Name=PB3
Added Pin To Net: NetName=PB4 Pin=P?-5
Added Pin To Net: NetName=PB4 Pin=U?-16
Added Net: Name=PB4
Added Pin To Net: NetName=PB5 Pin=P?-1
Added Pin To Net: NetName=PB5 Pin=U?-17
Added Net: Name=PB5
Added Pin To Net: NetName=PB6 Pin=P?-2
Added Pin To Net: NetName=PB6 Pin=U?-7
Added Net: Name=PB6
Added Pin To Net: NetName=PB7 Pin=P?-3
Added Pin To Net: NetName=PB7 Pin=U?-8
Added Net: Name=PB7
Added Pin To Net: NetName=PB8 Pin=P?-4
Added Net: Name=PB8
Added Pin To Net: NetName=PB9 Pin=P?-5
Added Net: Name=PB9
Added Pin To Net: NetName=PC0 Pin=U?-23
Added Net: Name=PC0
Added Pin To Net: NetName=PC1 Pin=U?-24
Added Net: Name=PC1
Added Pin To Net: NetName=PC2 Pin=U?-25
Added Net: Name=PC2
Added Pin To Net: NetName=PC3 Pin=U?-26
Added Net: Name=PC3
Added Pin To Net: NetName=PC4 Pin=U?-27
Added Net: Name=PC4
Added Pin To Net: NetName=PC5 Pin=U?-28
Added Net: Name=PC5
Added Pin To Net: NetName=PD0 Pin=U?-30
Added Net: Name=PD0
Added Pin To Net: NetName=PD1 Pin=U?-31
Added Net: Name=PD1
Added Pin To Net: NetName=PD2 Pin=U?-32
Added Net: Name=PD2
Added Pin To Net: NetName=PD3 Pin=U?-1
Added Net: Name=PD3
Added Pin To Net: NetName=PD4 Pin=U?-2
Added Net: Name=PD4
Added Pin To Net: NetName=PD5 Pin=U?-9
Added Net: Name=PD5
Added Pin To Net: NetName=PD6 Pin=U?-10
Added Net: Name=PD6
Added Pin To Net: NetName=PD7 Pin=U?-11
Added Net: Name=PD7
Added Member To Class: ClassName=nanoboard Member=Component P? Header 5
Added Member To Class: ClassName=nanoboard Member=Component P? Header 5
Added Member To Class: ClassName=nanoboard Member=Component P? Header 5
Added Room: Name=nanoboard
