Change Component Designator: Old Designator=C35 New Designator=C19
Change Component Designator: Old Designator=C36 New Designator=C20
Change Component Designator: Old Designator=C37 New Designator=C21
Change Component Designator: Old Designator=C38 New Designator=C22
Change Component Designator: Old Designator=C39 New Designator=C23
Change Component Designator: Old Designator=C40 New Designator=C24
Change Component Designator: Old Designator=C41 New Designator=C25
Change Component Designator: Old Designator=C42 New Designator=C26
Change Component Designator: Old Designator=D11 New Designator=D9
Change Component Designator: Old Designator=D12 New Designator=D10
Change Component Designator: Old Designator=D13 New Designator=D11
Change Component Designator: Old Designator=D14 New Designator=D12
Change Component Designator: Old Designator=D15 New Designator=D13
Change Component Designator: Old Designator=D16 New Designator=D14
Change Component Designator: Old Designator=D17 New Designator=D15
Change Component Designator: Old Designator=D18 New Designator=D16
Change Component Designator: Old Designator=IC3 New Designator=IC2
Change Component Designator: Old Designator=IC4 New Designator=IC3
Change Component Designator: Old Designator=IC5 New Designator=IC4
Change Component Designator: Old Designator=IC6 New Designator=IC5
Change Component Designator: Old Designator=IC7 New Designator=IC6
Change Component Designator: Old Designator=IC8 New Designator=IC7
Change Component Designator: Old Designator=IC9 New Designator=IC8
Change Component Designator: Old Designator=IC10 New Designator=IC9
Change Component Designator: Old Designator=LED20 New Designator=LED9
Change Component Designator: Old Designator=LED21 New Designator=LED10
Change Component Designator: Old Designator=LED22 New Designator=LED11
Change Component Designator: Old Designator=LED23 New Designator=LED12
Change Component Designator: Old Designator=LED24 New Designator=LED13
Change Component Designator: Old Designator=LED25 New Designator=LED14
Change Component Designator: Old Designator=LED26 New Designator=LED15
Change Component Designator: Old Designator=LED27 New Designator=LED16
Change Component Designator: Old Designator=R57 New Designator=R34
Change Component Designator: Old Designator=R58 New Designator=R35
Change Component Designator: Old Designator=R59 New Designator=R36
Change Component Designator: Old Designator=R60 New Designator=R37
Change Component Designator: Old Designator=R61 New Designator=R38
Change Component Designator: Old Designator=R62 New Designator=R39
Change Component Designator: Old Designator=R63 New Designator=R40
Change Component Designator: Old Designator=R64 New Designator=R41
Change Component Designator: Old Designator=R65 New Designator=R42
Change Component Designator: Old Designator=R66 New Designator=R43
Change Component Designator: Old Designator=R67 New Designator=R44
Change Component Designator: Old Designator=R68 New Designator=R45
Change Component Designator: Old Designator=R69 New Designator=R46
Change Component Designator: Old Designator=R70 New Designator=R47
Change Component Designator: Old Designator=R71 New Designator=R48
Change Component Designator: Old Designator=R72 New Designator=R49
Change Component Designator: Old Designator=R73 New Designator=R50
Change Component Designator: Old Designator=R74 New Designator=R51
Change Component Designator: Old Designator=R75 New Designator=R52
Change Component Designator: Old Designator=R76 New Designator=R53
Change Component Designator: Old Designator=R77 New Designator=R54
Change Component Designator: Old Designator=R78 New Designator=R55
Change Component Designator: Old Designator=R79 New Designator=R56
Change Component Designator: Old Designator=R80 New Designator=R57
Change Component Designator: Old Designator=R81 New Designator=R58
Change Component Designator: Old Designator=R82 New Designator=R59
Change Component Designator: Old Designator=R83 New Designator=R60
Change Component Designator: Old Designator=R84 New Designator=R61
Change Component Designator: Old Designator=R85 New Designator=R62
Change Component Designator: Old Designator=R86 New Designator=R63
Change Component Designator: Old Designator=R87 New Designator=R64
Change Component Designator: Old Designator=R88 New Designator=R65
Change Component Designator: Old Designator=R89 New Designator=R66
Change Component Designator: Old Designator=R90 New Designator=R67
Change Component Designator: Old Designator=R91 New Designator=R68
Change Component Designator: Old Designator=R92 New Designator=R69
Change Component Designator: Old Designator=R93 New Designator=R70
Change Component Designator: Old Designator=R94 New Designator=R71
Change Component Designator: Old Designator=R95 New Designator=R72
Change Component Designator: Old Designator=R96 New Designator=R73
Change Component Designator: Old Designator=R97 New Designator=R74
Change Component Designator: Old Designator=R98 New Designator=R75
Change Component Designator: Old Designator=R99 New Designator=R76
Change Component Designator: Old Designator=R100 New Designator=R77
Change Component Designator: Old Designator=R101 New Designator=R78
Change Component Designator: Old Designator=R102 New Designator=R79
Change Component Designator: Old Designator=R103 New Designator=R80
Change Component Designator: Old Designator=R104 New Designator=R81
Change Component Designator: Old Designator=U1 New Designator=U4
Change Component Designator: Old Designator=U2 New Designator=U5
Change Component Designator: Old Designator=U3 New Designator=U6
Change Component Designator: Old Designator=U4 New Designator=U7
Change Component Designator: Old Designator=U5 New Designator=U8
Change Component Designator: Old Designator=U6 New Designator=U9
Change Component Designator: Old Designator=U7 New Designator=U10
Change Component Designator: Old Designator=U8 New Designator=U11
Change Component Designator: Old Designator=U9 New Designator=U12
Change Component Designator: Old Designator=U10 New Designator=U13
Change Component Designator: Old Designator=U11 New Designator=U14
Change Component Designator: Old Designator=U12 New Designator=U15
Change Component Designator: Old Designator=U13 New Designator=U16
Change Component Designator: Old Designator=U14 New Designator=U17
Change Component Designator: Old Designator=U15 New Designator=U18
Change Component Designator: Old Designator=U16 New Designator=U19
