Removed Member From Class: ClassName=Designator Member=R6
Removed Member From Class: ClassName=Designator Member=R7
Removed Member From Class: ClassName=Designator Member=R8
Added Component: Designator=IC1(SOP64P600X175-20N)
Add component (AddParameter): Name = "Datasheet Link"; Value = "https://componentsearchengine.com/Datasheets/1/SI8380P-IU.pdf"; VariantName = "[No Variations]"
Add component (AddParameter): Name = "Height"; Value = "1.75mm"; VariantName = "[No Variations]"
Add component (AddParameter): Name = "Manufacturer_Name"; Value = "Silicon Labs"; VariantName = "[No Variations]"
Add component (AddParameter): Name = "Manufacturer_Part_Number"; Value = "SI8380P-IU"; VariantName = "[No Variations]"
Add component (AddParameter): Name = "Mouser Part Number"; Value = "634-SI8380P-IU"; VariantName = "[No Variations]"
Add component (AddParameter): Name = "Mouser Price/Stock"; Value = "https://www.mouser.com/Search/Refine.aspx?Keyword=634-SI8380P-IU"; VariantName = "[No Variations]"
Add Component: Footprint Not Found *SOIC127P600X175-8N
Add Component: Footprint Not Found SOP254P940X265-8N
Add Component: Footprint Not Found *SOIC127P600X175-8N
Add Component: Footprint Not Found SOP254P940X265-8N
Add Component: Footprint Not Found *SOIC127P600X175-8N
Add Component: Footprint Not Found SOP254P940X265-8N
Add Component: Footprint Not Found *SOIC127P600X175-8N
Add Component: Footprint Not Found SOP254P940X265-8N
Added Pin To Net: NetName=DI_IN0 Pin=IC1-1
Added Pin To Net: NetName=DI_IN1 Pin=IC1-2
Added Pin To Net: NetName=DI_IN2 Pin=IC1-3
Added Pin To Net: NetName=DI_IN3 Pin=IC1-4
Added Pin To Net: NetName=GND Pin=IC1-5
Added Pin To Net: NetName=GND Pin=IC1-6
Added Pin To Net: NetName=DI_IN4 Pin=IC1-7
Added Pin To Net: NetName=DI_IN5 Pin=IC1-8
Added Pin To Net: NetName=DI_IN6 Pin=IC1-9
Added Pin To Net: NetName=DI_IN7 Pin=IC1-10
Added Pin To Net: NetName=uC_DI7 Pin=IC1-11
Added Pin To Net: NetName=uC_DI6 Pin=IC1-12
Added Pin To Net: NetName=uC_DI5 Pin=IC1-13
Added Pin To Net: NetName=uC_DI4 Pin=IC1-14
Added Pin To Net: NetName=GND0 Pin=IC1-15
Added Pin To Net: NetName=+3.3V_ISO Pin=IC1-16
Added Pin To Net: NetName=uC_DI3 Pin=IC1-17
Added Pin To Net: NetName=uC_DI2 Pin=IC1-18
Added Pin To Net: NetName=uC_DI1 Pin=IC1-19
Added Pin To Net: NetName=uC_DI0 Pin=IC1-20
Add Pin To Net: Unknown Pin: Pin U4-1
Add Pin To Net: Unknown Pin: Pin U4-2
Add Pin To Net: Unknown Pin: Pin U4-3
Add Pin To Net: Unknown Pin: Pin U4-4
Add Pin To Net: Unknown Pin: Pin U4-5
Add Pin To Net: Unknown Pin: Pin U4-6
Add Pin To Net: Unknown Pin: Pin U4-7
Add Pin To Net: Unknown Pin: Pin U4-8
Add Pin To Net: Unknown Pin: Pin U5-1
Add Pin To Net: Unknown Pin: Pin U5-2
Add Pin To Net: Unknown Pin: Pin U5-3
Add Pin To Net: Unknown Pin: Pin U5-4
Add Pin To Net: Unknown Pin: Pin U5-5
Add Pin To Net: Unknown Pin: Pin U5-6
Add Pin To Net: Unknown Pin: Pin U6-1
Add Pin To Net: Unknown Pin: Pin U6-2
Add Pin To Net: Unknown Pin: Pin U6-3
Add Pin To Net: Unknown Pin: Pin U6-4
Add Pin To Net: Unknown Pin: Pin U6-5
Add Pin To Net: Unknown Pin: Pin U6-6
Add Pin To Net: Unknown Pin: Pin U6-7
Add Pin To Net: Unknown Pin: Pin U6-8
Add Pin To Net: Unknown Pin: Pin U7-1
Add Pin To Net: Unknown Pin: Pin U7-2
Add Pin To Net: Unknown Pin: Pin U7-3
Add Pin To Net: Unknown Pin: Pin U7-4
Add Pin To Net: Unknown Pin: Pin U7-5
Add Pin To Net: Unknown Pin: Pin U7-6
Add Pin To Net: Unknown Pin: Pin U8-1
Add Pin To Net: Unknown Pin: Pin U8-2
Add Pin To Net: Unknown Pin: Pin U8-3
Add Pin To Net: Unknown Pin: Pin U8-4
Add Pin To Net: Unknown Pin: Pin U8-5
Add Pin To Net: Unknown Pin: Pin U8-6
Add Pin To Net: Unknown Pin: Pin U8-7
Add Pin To Net: Unknown Pin: Pin U8-8
Add Pin To Net: Unknown Pin: Pin U9-1
Add Pin To Net: Unknown Pin: Pin U9-2
Add Pin To Net: Unknown Pin: Pin U9-3
Add Pin To Net: Unknown Pin: Pin U9-4
Add Pin To Net: Unknown Pin: Pin U9-5
Add Pin To Net: Unknown Pin: Pin U9-6
Add Pin To Net: Unknown Pin: Pin U10-1
Add Pin To Net: Unknown Pin: Pin U10-2
Add Pin To Net: Unknown Pin: Pin U10-3
Add Pin To Net: Unknown Pin: Pin U10-4
Add Pin To Net: Unknown Pin: Pin U10-5
Add Pin To Net: Unknown Pin: Pin U10-6
Add Pin To Net: Unknown Pin: Pin U10-7
Add Pin To Net: Unknown Pin: Pin U10-8
Add Pin To Net: Unknown Pin: Pin U11-1
Add Pin To Net: Unknown Pin: Pin U11-2
Add Pin To Net: Unknown Pin: Pin U11-3
Add Pin To Net: Unknown Pin: Pin U11-4
Add Pin To Net: Unknown Pin: Pin U11-5
Add Pin To Net: Unknown Pin: Pin U11-6
Add Class: Class already exists: Designator
Added Member To Class: ClassName=Designator Member=Component IC1 SI8380P-IU
Added Member To Class: ClassName=U_Connectors Member=Component J1 B6B-XH-A
Added Member To Class: ClassName=U_MCU Member=Component R1 4.7K
Added Member To Class: ClassName=U_MCU Member=Component R2 NC
Added Member To Class: ClassName=U_MCU Member=Component R3 4.7K
Added Member To Class: ClassName=U_MCU Member=Component R4 4.7K
Added Member To Class: ClassName=U_MCU Member=Component R5 4.7K
Added Member To Class: ClassName=U_MCU Member=Component R6 12k
Added Member To Class: ClassName=U_MCU Member=Component R7 12k
Added Member To Class: ClassName=U_RTC Member=Component R8 NC
Added Member To Class: ClassName=U_RTC Member=Component R9 0R
Added Member To Class: ClassName=Designator Member=Component R10 6.2K
Added Member To Class: ClassName=Designator Member=Component R11 6.2K
Added Member To Class: ClassName=Designator Member=Component R12 2.4K
Added Member To Class: ClassName=Designator Member=Component R13 2.4K
Added Member To Class: ClassName=Designator Member=Component R14 6.2K
Added Member To Class: ClassName=Designator Member=Component R15 6.2K
Added Member To Class: ClassName=Designator Member=Component R16 2.4K
Added Member To Class: ClassName=Designator Member=Component R17 2.4K
Added Member To Class: ClassName=Designator Member=Component R19 6.2K
Added Member To Class: ClassName=Designator Member=Component R20 2.4K
Added Member To Class: ClassName=Designator Member=Component R21 2.4K
Added Member To Class: ClassName=Designator Member=Component R22 6.2K
Added Member To Class: ClassName=Designator Member=Component R23 6.2K
Added Member To Class: ClassName=Designator Member=Component R24 2.4K
Added Member To Class: ClassName=Designator Member=Component R25 2.4K
