Removed Member From Class: ClassName=Designator Member=R6
Removed Member From Class: ClassName=Designator Member=R7
Removed Member From Class: ClassName=Designator Member=R8
Added Component: Designator=U4(*SOIC127P600X175-8N)
Add component (AddParameter): Name = "Availability"; Value = "Unavailable"; VariantName = "[No Variations]"
Add component (AddParameter): Name = "MF"; Value = "STMicroelectronics"; VariantName = "[No Variations]"
Add component (AddParameter): Name = "MP"; Value = "LM358ADT"; VariantName = "[No Variations]"
Add component (AddParameter): Name = "Package"; Value = "SOIC-8 STMicroelectronics"; VariantName = "[No Variations]"
Add component (AddParameter): Name = "Price"; Value = "None"; VariantName = "[No Variations]"
Add component (AddParameter): Name = "SnapEDA_Link"; Value = "https://www.snapeda.com/parts/LM358ADT/STMicroelectronics/view-part/?ref=snap"; VariantName = "[No Variations]"
Add component (AddParameter): Name = "Value"; Value = ""; VariantName = "[No Variations]"
Added Component: Designator=U5(SOP254P940X265-8N)
Add Component: Footprint Not Found *SOIC127P600X175-8N
Added Component: Designator=U7(SOP254P940X265-8N)
Added Component: Designator=U8(*SOIC127P600X175-8N)
Add component (AddParameter): Name = "Availability"; Value = "Unavailable"; VariantName = "[No Variations]"
Add component (AddParameter): Name = "MF"; Value = "STMicroelectronics"; VariantName = "[No Variations]"
Add component (AddParameter): Name = "MP"; Value = "LM358ADT"; VariantName = "[No Variations]"
Add component (AddParameter): Name = "Package"; Value = "SOIC-8 STMicroelectronics"; VariantName = "[No Variations]"
Add component (AddParameter): Name = "Price"; Value = "None"; VariantName = "[No Variations]"
Add component (AddParameter): Name = "SnapEDA_Link"; Value = "https://www.snapeda.com/parts/LM358ADT/STMicroelectronics/view-part/?ref=snap"; VariantName = "[No Variations]"
Add component (AddParameter): Name = "Value"; Value = ""; VariantName = "[No Variations]"
Added Component: Designator=U9(SOP254P940X265-8N)
Add Component: Footprint Not Found *SOIC127P600X175-8N
Added Component: Designator=U11(SOP254P940X265-8N)
Added Pin To Net: NetName=NetC20_2 Pin=U4-1
Added Pin To Net: NetName=NetC20_1 Pin=U4-2
Added Pin To Net: NetName=NetR26_1 Pin=U4-3
Added Pin To Net: NetName=GND Pin=U4-4
Added Pin To Net: NetName=NetR30_1 Pin=U4-5
Added Pin To Net: NetName=NetC19_1 Pin=U4-6
Added Pin To Net: NetName=NetC19_2 Pin=U4-7
Added Pin To Net: NetName=+5V Pin=U4-8
Added Pin To Net: NetName=GND Pin=U5-1
Added Pin To Net: NetName=NetR27_2 Pin=U5-2
Added Pin To Net: NetName=+5V Pin=U5-3
Added Pin To Net: NetName=NetC20_1 Pin=U5-4
Added Pin To Net: NetName=NetR34_1 Pin=U5-5
Added Pin To Net: NetName=+5V_ISO Pin=U5-6
Add Pin To Net: Unknown Pin: Pin U6-1
Add Pin To Net: Unknown Pin: Pin U6-2
Add Pin To Net: Unknown Pin: Pin U6-3
Add Pin To Net: Unknown Pin: Pin U6-4
Add Pin To Net: Unknown Pin: Pin U6-5
Add Pin To Net: Unknown Pin: Pin U6-6
Add Pin To Net: Unknown Pin: Pin U6-7
Add Pin To Net: Unknown Pin: Pin U6-8
Added Pin To Net: NetName=GND Pin=U7-1
Added Pin To Net: NetName=NetR29_2 Pin=U7-2
Added Pin To Net: NetName=+5V Pin=U7-3
Added Pin To Net: NetName=NetC19_1 Pin=U7-4
Added Pin To Net: NetName=NetR31_1 Pin=U7-5
Added Pin To Net: NetName=+5V_ISO Pin=U7-6
Added Pin To Net: NetName=NetC22_2 Pin=U8-1
Added Pin To Net: NetName=NetC22_1 Pin=U8-2
Added Pin To Net: NetName=NetR36_1 Pin=U8-3
Added Pin To Net: NetName=GND Pin=U8-4
Added Pin To Net: NetName=NetR40_1 Pin=U8-5
Added Pin To Net: NetName=NetC21_1 Pin=U8-6
Added Pin To Net: NetName=NetC21_2 Pin=U8-7
Added Pin To Net: NetName=+5V Pin=U8-8
Added Pin To Net: NetName=GND Pin=U9-1
Added Pin To Net: NetName=NetR37_2 Pin=U9-2
Added Pin To Net: NetName=+5V Pin=U9-3
Added Pin To Net: NetName=NetC22_1 Pin=U9-4
Added Pin To Net: NetName=NetR44_1 Pin=U9-5
Added Pin To Net: NetName=+5V_ISO Pin=U9-6
Add Pin To Net: Unknown Pin: Pin U10-1
Add Pin To Net: Unknown Pin: Pin U10-2
Add Pin To Net: Unknown Pin: Pin U10-3
Add Pin To Net: Unknown Pin: Pin U10-4
Add Pin To Net: Unknown Pin: Pin U10-5
Add Pin To Net: Unknown Pin: Pin U10-6
Add Pin To Net: Unknown Pin: Pin U10-7
Add Pin To Net: Unknown Pin: Pin U10-8
Added Pin To Net: NetName=GND Pin=U11-1
Added Pin To Net: NetName=NetR39_2 Pin=U11-2
Added Pin To Net: NetName=+5V Pin=U11-3
Added Pin To Net: NetName=NetC21_1 Pin=U11-4
Added Pin To Net: NetName=NetR41_1 Pin=U11-5
Added Pin To Net: NetName=+5V_ISO Pin=U11-6
Add Class: Class already exists: Designator
Added Member To Class: ClassName=U_Connectors Member=Component J1 B6B-XH-A
Added Member To Class: ClassName=U_MCU Member=Component R1 4.7K
Added Member To Class: ClassName=U_MCU Member=Component R2 NC
Added Member To Class: ClassName=U_MCU Member=Component R3 4.7K
Added Member To Class: ClassName=U_MCU Member=Component R4 4.7K
Added Member To Class: ClassName=U_MCU Member=Component R5 4.7K
Added Member To Class: ClassName=U_MCU Member=Component R6 12k
Added Member To Class: ClassName=U_MCU Member=Component R7 12k
Added Member To Class: ClassName=U_RTC Member=Component R8 NC
Added Member To Class: ClassName=U_RTC Member=Component R9 0R
Added Member To Class: ClassName=Designator Member=Component R10 6.2K
Added Member To Class: ClassName=Designator Member=Component R11 6.2K
Added Member To Class: ClassName=Designator Member=Component R12 2.4K
Added Member To Class: ClassName=Designator Member=Component R13 2.4K
Added Member To Class: ClassName=Designator Member=Component R14 6.2K
Added Member To Class: ClassName=Designator Member=Component R15 6.2K
Added Member To Class: ClassName=Designator Member=Component R16 2.4K
Added Member To Class: ClassName=Designator Member=Component R17 2.4K
Added Member To Class: ClassName=Designator Member=Component R19 6.2K
Added Member To Class: ClassName=Designator Member=Component R20 2.4K
Added Member To Class: ClassName=Designator Member=Component R21 2.4K
Added Member To Class: ClassName=Designator Member=Component R22 6.2K
Added Member To Class: ClassName=Designator Member=Component R23 6.2K
Added Member To Class: ClassName=Designator Member=Component R24 2.4K
Added Member To Class: ClassName=Designator Member=Component R25 2.4K
