Removed Member From Class: ClassName=Designator Member=R6
Removed Member From Class: ClassName=Designator Member=R7
Removed Member From Class: ClassName=Designator Member=R8
Added Component: Designator=U6(*SOIC127P600X175-8N)
Add component (AddParameter): Name = "Availability"; Value = "Unavailable"; VariantName = "[No Variations]"
Add component (AddParameter): Name = "MF"; Value = "STMicroelectronics"; VariantName = "[No Variations]"
Add component (AddParameter): Name = "MP"; Value = "LM358ADT"; VariantName = "[No Variations]"
Add component (AddParameter): Name = "Package"; Value = "SOIC-8 STMicroelectronics"; VariantName = "[No Variations]"
Add component (AddParameter): Name = "Price"; Value = "None"; VariantName = "[No Variations]"
Add component (AddParameter): Name = "SnapEDA_Link"; Value = "https://www.snapeda.com/parts/LM358ADT/STMicroelectronics/view-part/?ref=snap"; VariantName = "[No Variations]"
Add component (AddParameter): Name = "Value"; Value = ""; VariantName = "[No Variations]"
Added Component: Designator=U10(*SOIC127P600X175-8N)
Add component (AddParameter): Name = "Availability"; Value = "Unavailable"; VariantName = "[No Variations]"
Add component (AddParameter): Name = "MF"; Value = "STMicroelectronics"; VariantName = "[No Variations]"
Add component (AddParameter): Name = "MP"; Value = "LM358ADT"; VariantName = "[No Variations]"
Add component (AddParameter): Name = "Package"; Value = "SOIC-8 STMicroelectronics"; VariantName = "[No Variations]"
Add component (AddParameter): Name = "Price"; Value = "None"; VariantName = "[No Variations]"
Add component (AddParameter): Name = "SnapEDA_Link"; Value = "https://www.snapeda.com/parts/LM358ADT/STMicroelectronics/view-part/?ref=snap"; VariantName = "[No Variations]"
Add component (AddParameter): Name = "Value"; Value = ""; VariantName = "[No Variations]"
Added Pin To Net: NetName=NetU6_1 Pin=U6-1
Added Pin To Net: NetName=NetU6_1 Pin=U6-2
Added Pin To Net: NetName=NetR34_1 Pin=U6-3
Added Pin To Net: NetName=GND0 Pin=U6-4
Added Pin To Net: NetName=NetR31_1 Pin=U6-5
Added Pin To Net: NetName=NetU6_6 Pin=U6-6
Added Pin To Net: NetName=NetU6_6 Pin=U6-7
Added Pin To Net: NetName=+5V_ISO Pin=U6-8
Added Pin To Net: NetName=NetU10_1 Pin=U10-1
Added Pin To Net: NetName=NetU10_1 Pin=U10-2
Added Pin To Net: NetName=NetR44_1 Pin=U10-3
Added Pin To Net: NetName=GND0 Pin=U10-4
Added Pin To Net: NetName=NetR41_1 Pin=U10-5
Added Pin To Net: NetName=NetU10_6 Pin=U10-6
Added Pin To Net: NetName=NetU10_6 Pin=U10-7
Added Pin To Net: NetName=+5V_ISO Pin=U10-8
Add Class: Class already exists: Designator
Added Member To Class: ClassName=U_Connectors Member=Component J1 B6B-XH-A
Added Member To Class: ClassName=U_MCU Member=Component R1 4.7K
Added Member To Class: ClassName=U_MCU Member=Component R2 NC
Added Member To Class: ClassName=U_MCU Member=Component R3 4.7K
Added Member To Class: ClassName=U_MCU Member=Component R4 4.7K
Added Member To Class: ClassName=U_MCU Member=Component R5 4.7K
Added Member To Class: ClassName=U_MCU Member=Component R6 12k
Added Member To Class: ClassName=U_MCU Member=Component R7 12k
Added Member To Class: ClassName=U_RTC Member=Component R8 NC
Added Member To Class: ClassName=U_RTC Member=Component R9 0R
Added Member To Class: ClassName=Designator Member=Component R10 6.2K
Added Member To Class: ClassName=Designator Member=Component R11 6.2K
Added Member To Class: ClassName=Designator Member=Component R12 2.4K
Added Member To Class: ClassName=Designator Member=Component R13 2.4K
Added Member To Class: ClassName=Designator Member=Component R14 6.2K
Added Member To Class: ClassName=Designator Member=Component R15 6.2K
Added Member To Class: ClassName=Designator Member=Component R16 2.4K
Added Member To Class: ClassName=Designator Member=Component R17 2.4K
Added Member To Class: ClassName=Designator Member=Component R19 6.2K
Added Member To Class: ClassName=Designator Member=Component R20 2.4K
Added Member To Class: ClassName=Designator Member=Component R21 2.4K
Added Member To Class: ClassName=Designator Member=Component R22 6.2K
Added Member To Class: ClassName=Designator Member=Component R23 6.2K
Added Member To Class: ClassName=Designator Member=Component R24 2.4K
Added Member To Class: ClassName=Designator Member=Component R25 2.4K
