Removed Member From Class: ClassName=U_MCU Member=C10
Removed Member From Class: ClassName=U_RTC Member=C10
Removed Member From Class: ClassName=Designator Member=R2
Removed Member From Class: ClassName=U_MCU Member=R2
Removed Member From Class: ClassName=U_RTC Member=R2
Removed Member From Class: ClassName=U_MCU Member=U4
Removed Member From Class: ClassName=U_RTC Member=U4
Change Component Designator: OldDesignator=BT? NewDesignator=BT1
Change Component Designator: OldDesignator=C? NewDesignator=C12
Change Component Designator: OldDesignator=C? NewDesignator=C13
Change Component Designator: OldDesignator=C? NewDesignator=C14
Change Component Designator: OldDesignator=C? NewDesignator=C15
Change Component Designator: OldDesignator=C? NewDesignator=C16
Change Component Designator: OldDesignator=C? NewDesignator=C17
Change Component Designator: OldDesignator=C? NewDesignator=C18
Change Component Designator: OldDesignator=C? NewDesignator=C19
Change Component Designator: OldDesignator=C? NewDesignator=C20
Change Component Designator: OldDesignator=C? NewDesignator=C21
Change Component Designator: OldDesignator=C? NewDesignator=C22
Change Component Designator: OldDesignator=D? NewDesignator=D5
Change Component Designator: OldDesignator=D? NewDesignator=D6
Change Component Designator: OldDesignator=D? NewDesignator=D7
Change Component Designator: OldDesignator=D? NewDesignator=D8
Change Component Designator: OldDesignator=D? NewDesignator=D9
Change Component Designator: OldDesignator=D? NewDesignator=D10
Change Component Designator: OldDesignator=D? NewDesignator=D11
Change Component Designator: OldDesignator=D? NewDesignator=D12
Change Component Designator: OldDesignator=IC? NewDesignator=IC5
Change Component Designator: OldDesignator=Q? NewDesignator=Q1
Change Component Designator: OldDesignator=Q? NewDesignator=Q2
Change Component Designator: OldDesignator=R? NewDesignator=R24
Change Component Designator: OldDesignator=R? NewDesignator=R25
Change Component Designator: OldDesignator=R? NewDesignator=R26
Change Component Designator: OldDesignator=R? NewDesignator=R27
Change Component Designator: OldDesignator=R? NewDesignator=R28
Change Component Designator: OldDesignator=R? NewDesignator=R29
Change Component Designator: OldDesignator=R? NewDesignator=R30
Change Component Designator: OldDesignator=R? NewDesignator=R31
Change Component Designator: OldDesignator=R? NewDesignator=R32
Change Component Designator: OldDesignator=R? NewDesignator=R33
Change Component Designator: OldDesignator=R? NewDesignator=R34
Change Component Designator: OldDesignator=R? NewDesignator=R35
Change Component Designator: OldDesignator=R? NewDesignator=R36
Change Component Designator: OldDesignator=R? NewDesignator=R37
Change Component Designator: OldDesignator=R? NewDesignator=R38
Change Component Designator: OldDesignator=R? NewDesignator=R39
Change Component Designator: OldDesignator=R? NewDesignator=R40
Change Component Designator: OldDesignator=R? NewDesignator=R41
Change Component Designator: OldDesignator=R? NewDesignator=R42
Change Component Designator: OldDesignator=R? NewDesignator=R43
Change Component Designator: OldDesignator=R? NewDesignator=R44
Change Component Designator: OldDesignator=SW? NewDesignator=SW1
Change Component Designator: OldDesignator=SW? NewDesignator=SW2
Change Component Designator: OldDesignator=U? NewDesignator=U10
Change Component Designator: OldDesignator=U? NewDesignator=U11
Change Net Name : Old Net Name=NetBT?_POS New Net Name=NetBT1_POS
Change Net Name : Old Net Name=NetC?_1 New Net Name=NetC13_1
Change Net Name : Old Net Name=NetQ?_1 New Net Name=NetQ1_1
Change Net Name : Old Net Name=NetQ?_1 New Net Name=NetQ2_1
Change Net Name : Old Net Name=NetU?_15 New Net Name=NetU11_15
Change Net Name : Old Net Name=NetU?_16 New Net Name=NetU11_16
Add Class: Class already exists: Designator
Added Member To Class: ClassName=Designator Member=Component C8 100pF/16V
Added Member To Class: ClassName=Designator Member=Component C9 100pF/16V
Added Member To Class: ClassName=Designator Member=Component C11 100pF/16V
Added Member To Class: ClassName=U_MCU Member=Component C12 10uF
Added Member To Class: ClassName=U_RTC Member=Component C13 0.1uF
Added Member To Class: ClassName=U_RTC Member=Component C14 0.1uF
Added Member To Class: ClassName=Designator Member=Component D1 SMAJ33CA
Added Member To Class: ClassName=Designator Member=Component D3 SMAJ33CA
Added Member To Class: ClassName=Designator Member=Component D4 SMAJ33CA
Added Member To Class: ClassName=Designator Member=Component IC1 MAX14626ETT+T
Added Member To Class: ClassName=Designator Member=Component IC3 MAX14626ETT+T
Added Member To Class: ClassName=Designator Member=Component IC4 MAX14626ETT+T
Added Member To Class: ClassName=U_MCU Member=Component Q1 MMBT2222A-G
Added Member To Class: ClassName=Designator Member=Component R5 220R
Added Member To Class: ClassName=Designator Member=Component R6 499R 0.1%
Added Member To Class: ClassName=Designator Member=Component R7 220R
Added Member To Class: ClassName=Designator Member=Component R8 499R 0.1%
Added Member To Class: ClassName=Designator Member=Component R9 55.6K 0.1%
Added Member To Class: ClassName=Designator Member=Component R10 167K 0.1%
Added Member To Class: ClassName=Designator Member=Component R11 499R 0.1%
Added Member To Class: ClassName=Designator Member=Component R12 55.6K 0.1%
Added Member To Class: ClassName=Designator Member=Component R13 167K 0.1%
Added Member To Class: ClassName=Designator Member=Component R14 499R 0.1%
Added Member To Class: ClassName=Designator Member=Component R15 220R
Added Member To Class: ClassName=Designator Member=Component R16 499R 0.1%
Added Member To Class: ClassName=Designator Member=Component R17 220R
Added Member To Class: ClassName=Designator Member=Component R18 499R 0.1%
Added Member To Class: ClassName=Designator Member=Component R19 55.6K 0.1%
Added Member To Class: ClassName=Designator Member=Component R20 167K 0.1%
Added Member To Class: ClassName=Designator Member=Component R21 499R 0.1%
Added Member To Class: ClassName=Designator Member=Component R22 55.6K 0.1%
Added Member To Class: ClassName=Designator Member=Component R23 167K 0.1%
Added Member To Class: ClassName=U_MCU Member=Component R24 4.7K
Added Member To Class: ClassName=U_MCU Member=Component R25 0R
Added Member To Class: ClassName=U_MCU Member=Component R26 4.7K
Added Member To Class: ClassName=U_MCU Member=Component R27 4.7K
Added Member To Class: ClassName=U_MCU Member=Component R28 4.7K
Added Member To Class: ClassName=U_MCU Member=Component R29 12K
Added Member To Class: ClassName=U_MCU Member=Component R30 12K
Added Member To Class: ClassName=U_RTC Member=Component R31 0R
Added Member To Class: ClassName=U_MCU Member=Component SW2 SPST
Added Member To Class: ClassName=Designator Member=Component U2 LM358ADT
Added Member To Class: ClassName=Designator Member=Component U3 LOC111P
Added Member To Class: ClassName=Designator Member=Component U4 LM358ADT
Added Member To Class: ClassName=Designator Member=Component U5 LOC111P
Added Member To Class: ClassName=Designator Member=Component U6 LM358ADT
Added Member To Class: ClassName=Designator Member=Component U7 LOC111P
Added Member To Class: ClassName=Designator Member=Component U8 LM358ADT
Added Member To Class: ClassName=Designator Member=Component U9 LOC111P
Added Member To Class: ClassName=U_MCU Member=Component U10 Esp32
Added Member To Class: ClassName=U_RTC Member=Component U11 DS3231M+TRL
