Removed Member From Class: ClassName=Designator Member=R6
Removed Member From Class: ClassName=Designator Member=R7
Removed Member From Class: ClassName=Designator Member=R8
Add Component: Footprint Not Found DIONM8059X265N
Add Component: Footprint Not Found DIONM8059X265N
Add Component: Footprint Not Found DIONM8059X265N
Add Component: Footprint Not Found DIONM8059X265N
Add Component: Footprint Not Found DIONM8059X265N
Add Component: Footprint Not Found DIONM8059X265N
Add Component: Footprint Not Found DIONM8059X265N
Add Component: Footprint Not Found DIONM8059X265N
Add Component: Footprint Not Found DIONM5026X229N
Add Component: Footprint Not Found DIONM5026X229N
Add Component: Footprint Not Found DIONM5026X229N
Add Component: Footprint Not Found DIONM5026X229N
Add Component: Footprint Not Found DIONM5026X229N
Add Component: Footprint Not Found DIONM5026X229N
Add Component: Footprint Not Found DIONM5026X229N
Add Component: Footprint Not Found DIONM5026X229N
Add Component: Footprint Not Found SOP64P600X175-20N
Add Component: Footprint Not Found LEDC2012X110N
Add Component: Footprint Not Found LEDC2012X110N
Add Component: Footprint Not Found LEDC2012X110N
Add Component: Footprint Not Found LEDC2012X110N
Add Component: Footprint Not Found LEDC2012X110N
Add Component: Footprint Not Found LEDC2012X110N
Add Component: Footprint Not Found LEDC2012X110N
Add Component: Footprint Not Found LEDC2012X110N
Add Component: Footprint Not Found LEDC2012X110N
Add Component: Footprint Not Found LEDC2012X110N
Add Component: Footprint Not Found LEDC2012X110N
Add Component: Footprint Not Found LEDC2012X110N
Add Component: Footprint Not Found LEDC2012X110N
Add Component: Footprint Not Found LEDC2012X110N
Add Component: Footprint Not Found LEDC2012X110N
Add Component: Footprint Not Found LEDC2012X110N
Add Component: Footprint Not Found *SOIC127P600X175-8N
Add Component: Footprint Not Found SOP254P940X265-8N
Add Component: Footprint Not Found *SOIC127P600X175-8N
Add Component: Footprint Not Found SOP254P940X265-8N
Add Component: Footprint Not Found *SOIC127P600X175-8N
Add Component: Footprint Not Found SOP254P940X265-8N
Add Component: Footprint Not Found *SOIC127P600X175-8N
Add Component: Footprint Not Found SOP254P940X265-8N
Add Component: Footprint Not Found *SOIC127P600X175-8N
Add Component: Footprint Not Found SOP254P940X265-8N
Add Component: Footprint Not Found *SOIC127P600X175-8N
Add Component: Footprint Not Found SOP254P940X265-8N
Add Component: Footprint Not Found *SOIC127P600X175-8N
Add Component: Footprint Not Found SOP254P940X265-8N
Add Component: Footprint Not Found *SOIC127P600X175-8N
Add Component: Footprint Not Found SOP254P940X265-8N
Add Pin To Net: Unknown Pin: Pin D1-1
Add Pin To Net: Unknown Pin: Pin D1-2
Add Pin To Net: Unknown Pin: Pin D2-1
Add Pin To Net: Unknown Pin: Pin D2-2
Add Pin To Net: Unknown Pin: Pin D3-1
Add Pin To Net: Unknown Pin: Pin D3-2
Add Pin To Net: Unknown Pin: Pin D4-1
Add Pin To Net: Unknown Pin: Pin D4-2
Add Pin To Net: Unknown Pin: Pin D5-1
Add Pin To Net: Unknown Pin: Pin D5-2
Add Pin To Net: Unknown Pin: Pin D6-1
Add Pin To Net: Unknown Pin: Pin D6-2
Add Pin To Net: Unknown Pin: Pin D7-1
Add Pin To Net: Unknown Pin: Pin D7-2
Add Pin To Net: Unknown Pin: Pin D8-1
Add Pin To Net: Unknown Pin: Pin D8-2
Add Pin To Net: Unknown Pin: Pin D9-1
Add Pin To Net: Unknown Pin: Pin D9-2
Add Pin To Net: Unknown Pin: Pin D10-1
Add Pin To Net: Unknown Pin: Pin D10-2
Add Pin To Net: Unknown Pin: Pin D11-1
Add Pin To Net: Unknown Pin: Pin D11-2
Add Pin To Net: Unknown Pin: Pin D12-1
Add Pin To Net: Unknown Pin: Pin D12-2
Add Pin To Net: Unknown Pin: Pin D13-1
Add Pin To Net: Unknown Pin: Pin D13-2
Add Pin To Net: Unknown Pin: Pin D14-1
Add Pin To Net: Unknown Pin: Pin D14-2
Add Pin To Net: Unknown Pin: Pin D15-1
Add Pin To Net: Unknown Pin: Pin D15-2
Add Pin To Net: Unknown Pin: Pin D16-1
Add Pin To Net: Unknown Pin: Pin D16-2
Add Pin To Net: Unknown Pin: Pin IC1-1
Add Pin To Net: Unknown Pin: Pin IC1-2
Add Pin To Net: Unknown Pin: Pin IC1-3
Add Pin To Net: Unknown Pin: Pin IC1-4
Add Pin To Net: Unknown Pin: Pin IC1-5
Add Pin To Net: Unknown Pin: Pin IC1-6
Add Pin To Net: Unknown Pin: Pin IC1-7
Add Pin To Net: Unknown Pin: Pin IC1-8
Add Pin To Net: Unknown Pin: Pin IC1-9
Add Pin To Net: Unknown Pin: Pin IC1-10
Add Pin To Net: Unknown Pin: Pin IC1-11
Add Pin To Net: Unknown Pin: Pin IC1-12
Add Pin To Net: Unknown Pin: Pin IC1-13
Add Pin To Net: Unknown Pin: Pin IC1-14
Add Pin To Net: Unknown Pin: Pin IC1-15
Add Pin To Net: Unknown Pin: Pin IC1-16
Add Pin To Net: Unknown Pin: Pin IC1-17
Add Pin To Net: Unknown Pin: Pin IC1-18
Add Pin To Net: Unknown Pin: Pin IC1-19
Add Pin To Net: Unknown Pin: Pin IC1-20
Add Pin To Net: Unknown Pin: Pin LED1-1
Add Pin To Net: Unknown Pin: Pin LED1-2
Add Pin To Net: Unknown Pin: Pin LED2-1
Add Pin To Net: Unknown Pin: Pin LED2-2
Add Pin To Net: Unknown Pin: Pin LED3-1
Add Pin To Net: Unknown Pin: Pin LED3-2
Add Pin To Net: Unknown Pin: Pin LED4-1
Add Pin To Net: Unknown Pin: Pin LED4-2
Add Pin To Net: Unknown Pin: Pin LED5-1
Add Pin To Net: Unknown Pin: Pin LED5-2
Add Pin To Net: Unknown Pin: Pin LED6-1
Add Pin To Net: Unknown Pin: Pin LED6-2
Add Pin To Net: Unknown Pin: Pin LED7-1
Add Pin To Net: Unknown Pin: Pin LED7-2
Add Pin To Net: Unknown Pin: Pin LED8-1
Add Pin To Net: Unknown Pin: Pin LED8-2
Add Pin To Net: Unknown Pin: Pin LED9-1
Add Pin To Net: Unknown Pin: Pin LED9-2
Add Pin To Net: Unknown Pin: Pin LED10-1
Add Pin To Net: Unknown Pin: Pin LED10-2
Add Pin To Net: Unknown Pin: Pin LED11-1
Add Pin To Net: Unknown Pin: Pin LED11-2
Add Pin To Net: Unknown Pin: Pin LED12-1
Add Pin To Net: Unknown Pin: Pin LED12-2
Add Pin To Net: Unknown Pin: Pin LED13-1
Add Pin To Net: Unknown Pin: Pin LED13-2
Add Pin To Net: Unknown Pin: Pin LED14-1
Add Pin To Net: Unknown Pin: Pin LED14-2
Add Pin To Net: Unknown Pin: Pin LED15-1
Add Pin To Net: Unknown Pin: Pin LED15-2
Add Pin To Net: Unknown Pin: Pin LED16-1
Add Pin To Net: Unknown Pin: Pin LED16-2
Add Pin To Net: Unknown Pin: Pin U4-1
Add Pin To Net: Unknown Pin: Pin U4-2
Add Pin To Net: Unknown Pin: Pin U4-3
Add Pin To Net: Unknown Pin: Pin U4-4
Add Pin To Net: Unknown Pin: Pin U4-5
Add Pin To Net: Unknown Pin: Pin U4-6
Add Pin To Net: Unknown Pin: Pin U4-7
Add Pin To Net: Unknown Pin: Pin U4-8
Add Pin To Net: Unknown Pin: Pin U5-1
Add Pin To Net: Unknown Pin: Pin U5-2
Add Pin To Net: Unknown Pin: Pin U5-3
Add Pin To Net: Unknown Pin: Pin U5-4
Add Pin To Net: Unknown Pin: Pin U5-5
Add Pin To Net: Unknown Pin: Pin U5-6
Add Pin To Net: Unknown Pin: Pin U6-1
Add Pin To Net: Unknown Pin: Pin U6-2
Add Pin To Net: Unknown Pin: Pin U6-3
Add Pin To Net: Unknown Pin: Pin U6-4
Add Pin To Net: Unknown Pin: Pin U6-5
Add Pin To Net: Unknown Pin: Pin U6-6
Add Pin To Net: Unknown Pin: Pin U6-7
Add Pin To Net: Unknown Pin: Pin U6-8
Add Pin To Net: Unknown Pin: Pin U7-1
Add Pin To Net: Unknown Pin: Pin U7-2
Add Pin To Net: Unknown Pin: Pin U7-3
Add Pin To Net: Unknown Pin: Pin U7-4
Add Pin To Net: Unknown Pin: Pin U7-5
Add Pin To Net: Unknown Pin: Pin U7-6
Add Pin To Net: Unknown Pin: Pin U8-1
Add Pin To Net: Unknown Pin: Pin U8-2
Add Pin To Net: Unknown Pin: Pin U8-3
Add Pin To Net: Unknown Pin: Pin U8-4
Add Pin To Net: Unknown Pin: Pin U8-5
Add Pin To Net: Unknown Pin: Pin U8-6
Add Pin To Net: Unknown Pin: Pin U8-7
Add Pin To Net: Unknown Pin: Pin U8-8
Add Pin To Net: Unknown Pin: Pin U9-1
Add Pin To Net: Unknown Pin: Pin U9-2
Add Pin To Net: Unknown Pin: Pin U9-3
Add Pin To Net: Unknown Pin: Pin U9-4
Add Pin To Net: Unknown Pin: Pin U9-5
Add Pin To Net: Unknown Pin: Pin U9-6
Add Pin To Net: Unknown Pin: Pin U10-1
Add Pin To Net: Unknown Pin: Pin U10-2
Add Pin To Net: Unknown Pin: Pin U10-3
Add Pin To Net: Unknown Pin: Pin U10-4
Add Pin To Net: Unknown Pin: Pin U10-5
Add Pin To Net: Unknown Pin: Pin U10-6
Add Pin To Net: Unknown Pin: Pin U10-7
Add Pin To Net: Unknown Pin: Pin U10-8
Add Pin To Net: Unknown Pin: Pin U11-1
Add Pin To Net: Unknown Pin: Pin U11-2
Add Pin To Net: Unknown Pin: Pin U11-3
Add Pin To Net: Unknown Pin: Pin U11-4
Add Pin To Net: Unknown Pin: Pin U11-5
Add Pin To Net: Unknown Pin: Pin U11-6
Add Pin To Net: Unknown Pin: Pin U12-1
Add Pin To Net: Unknown Pin: Pin U12-2
Add Pin To Net: Unknown Pin: Pin U12-3
Add Pin To Net: Unknown Pin: Pin U12-4
Add Pin To Net: Unknown Pin: Pin U12-5
Add Pin To Net: Unknown Pin: Pin U12-6
Add Pin To Net: Unknown Pin: Pin U12-7
Add Pin To Net: Unknown Pin: Pin U12-8
Add Pin To Net: Unknown Pin: Pin U13-1
Add Pin To Net: Unknown Pin: Pin U13-2
Add Pin To Net: Unknown Pin: Pin U13-3
Add Pin To Net: Unknown Pin: Pin U13-4
Add Pin To Net: Unknown Pin: Pin U13-5
Add Pin To Net: Unknown Pin: Pin U13-6
Add Pin To Net: Unknown Pin: Pin U14-1
Add Pin To Net: Unknown Pin: Pin U14-2
Add Pin To Net: Unknown Pin: Pin U14-3
Add Pin To Net: Unknown Pin: Pin U14-4
Add Pin To Net: Unknown Pin: Pin U14-5
Add Pin To Net: Unknown Pin: Pin U14-6
Add Pin To Net: Unknown Pin: Pin U14-7
Add Pin To Net: Unknown Pin: Pin U14-8
Add Pin To Net: Unknown Pin: Pin U15-1
Add Pin To Net: Unknown Pin: Pin U15-2
Add Pin To Net: Unknown Pin: Pin U15-3
Add Pin To Net: Unknown Pin: Pin U15-4
Add Pin To Net: Unknown Pin: Pin U15-5
Add Pin To Net: Unknown Pin: Pin U15-6
Add Pin To Net: Unknown Pin: Pin U16-1
Add Pin To Net: Unknown Pin: Pin U16-2
Add Pin To Net: Unknown Pin: Pin U16-3
Add Pin To Net: Unknown Pin: Pin U16-4
Add Pin To Net: Unknown Pin: Pin U16-5
Add Pin To Net: Unknown Pin: Pin U16-6
Add Pin To Net: Unknown Pin: Pin U16-7
Add Pin To Net: Unknown Pin: Pin U16-8
Add Pin To Net: Unknown Pin: Pin U17-1
Add Pin To Net: Unknown Pin: Pin U17-2
Add Pin To Net: Unknown Pin: Pin U17-3
Add Pin To Net: Unknown Pin: Pin U17-4
Add Pin To Net: Unknown Pin: Pin U17-5
Add Pin To Net: Unknown Pin: Pin U17-6
Add Pin To Net: Unknown Pin: Pin U18-1
Add Pin To Net: Unknown Pin: Pin U18-2
Add Pin To Net: Unknown Pin: Pin U18-3
Add Pin To Net: Unknown Pin: Pin U18-4
Add Pin To Net: Unknown Pin: Pin U18-5
Add Pin To Net: Unknown Pin: Pin U18-6
Add Pin To Net: Unknown Pin: Pin U18-7
Add Pin To Net: Unknown Pin: Pin U18-8
Add Pin To Net: Unknown Pin: Pin U19-1
Add Pin To Net: Unknown Pin: Pin U19-2
Add Pin To Net: Unknown Pin: Pin U19-3
Add Pin To Net: Unknown Pin: Pin U19-4
Add Pin To Net: Unknown Pin: Pin U19-5
Add Pin To Net: Unknown Pin: Pin U19-6
Add Class: Class already exists: Designator
Add Class Member: Failed to add class member : Component D1 SM15T33CA
Add Class Member: Failed to add class member : Component D2 SM15T33CA
Add Class Member: Failed to add class member : Component D3 SM15T33CA
Add Class Member: Failed to add class member : Component D4 SM15T33CA
Add Class Member: Failed to add class member : Component D5 SM15T33CA
Add Class Member: Failed to add class member : Component D6 SM15T33CA
Add Class Member: Failed to add class member : Component D7 SM15T33CA
Add Class Member: Failed to add class member : Component D8 SM15T33CA
Add Class Member: Failed to add class member : Component IC1 SI8380P-IU
Added Member To Class: ClassName=U_Connectors Member=Component J1 B6B-XH-A
Add Class Member: Failed to add class member : Component LED1 KP-2012SGC
Add Class Member: Failed to add class member : Component LED2 KP-2012SGC
Add Class Member: Failed to add class member : Component LED3 KP-2012SGC
Add Class Member: Failed to add class member : Component LED4 KP-2012SGC
Add Class Member: Failed to add class member : Component LED5 KP-2012SGC
Add Class Member: Failed to add class member : Component LED6 KP-2012SGC
Add Class Member: Failed to add class member : Component LED7 KP-2012SGC
Add Class Member: Failed to add class member : Component LED8 KP-2012SGC
Added Member To Class: ClassName=U_MCU Member=Component R1 4.7K
Added Member To Class: ClassName=U_MCU Member=Component R2 NC
Added Member To Class: ClassName=U_MCU Member=Component R3 4.7K
Added Member To Class: ClassName=U_MCU Member=Component R4 4.7K
Added Member To Class: ClassName=U_MCU Member=Component R5 4.7K
Added Member To Class: ClassName=U_MCU Member=Component R6 12k
Added Member To Class: ClassName=U_MCU Member=Component R7 12k
Added Member To Class: ClassName=U_RTC Member=Component R8 NC
Added Member To Class: ClassName=U_RTC Member=Component R9 0R
Added Member To Class: ClassName=Designator Member=Component R10 6.2K
Added Member To Class: ClassName=Designator Member=Component R11 6.2K
Added Member To Class: ClassName=Designator Member=Component R12 2.4K
Added Member To Class: ClassName=Designator Member=Component R13 1K
Added Member To Class: ClassName=Designator Member=Component R14 1K
