Change Component Designator: OldDesignator=BT1 NewDesignator=BT?
Change Component Designator: OldDesignator=C8 NewDesignator=C?
Change Component Designator: OldDesignator=C9 NewDesignator=C?
Change Component Designator: OldDesignator=C10 NewDesignator=C?
Change Component Designator: OldDesignator=C11 NewDesignator=C?
Change Component Designator: OldDesignator=C12 NewDesignator=C?
Change Component Designator: OldDesignator=C13 NewDesignator=C?
Change Component Designator: OldDesignator=C14 NewDesignator=C?
Change Component Designator: OldDesignator=C15 NewDesignator=C?
Change Component Designator: OldDesignator=C16 NewDesignator=C?
Change Component Designator: OldDesignator=C17 NewDesignator=C?
Change Component Designator: OldDesignator=C18 NewDesignator=C?
Change Component Designator: OldDesignator=C19 NewDesignator=C?
Change Component Designator: OldDesignator=C20 NewDesignator=C?
Change Component Designator: OldDesignator=C21 NewDesignator=C?
Change Component Designator: OldDesignator=C22 NewDesignator=C?
Change Component Designator: OldDesignator=D1 NewDesignator=D?
Change Component Designator: OldDesignator=D2 NewDesignator=D?
Change Component Designator: OldDesignator=D3 NewDesignator=D?
Change Component Designator: OldDesignator=D4 NewDesignator=D?
Change Component Designator: OldDesignator=D5 NewDesignator=D?
Change Component Designator: OldDesignator=D6 NewDesignator=D?
Change Component Designator: OldDesignator=D7 NewDesignator=D?
Change Component Designator: OldDesignator=D8 NewDesignator=D?
Change Component Designator: OldDesignator=D9 NewDesignator=D?
Change Component Designator: OldDesignator=D10 NewDesignator=D?
Change Component Designator: OldDesignator=D11 NewDesignator=D?
Change Component Designator: OldDesignator=D12 NewDesignator=D?
Change Component Designator: OldDesignator=IC1 NewDesignator=IC?
Change Component Designator: OldDesignator=IC2 NewDesignator=IC?
Change Component Designator: OldDesignator=IC3 NewDesignator=IC?
Change Component Designator: OldDesignator=IC4 NewDesignator=IC?
Change Component Designator: OldDesignator=IC5 NewDesignator=IC?
Change Component Designator: OldDesignator=Q1 NewDesignator=Q?
Change Component Designator: OldDesignator=Q2 NewDesignator=Q?
Change Component Designator: OldDesignator=R1 NewDesignator=R?
Change Component Designator: OldDesignator=R2 NewDesignator=R?
Change Component Designator: OldDesignator=R3 NewDesignator=R?
Change Component Designator: OldDesignator=R4 NewDesignator=R?
Change Component Designator: OldDesignator=R5 NewDesignator=R?
Change Component Designator: OldDesignator=R6 NewDesignator=R?
Change Component Designator: OldDesignator=R7 NewDesignator=R?
Change Component Designator: OldDesignator=R8 NewDesignator=R?
Change Component Designator: OldDesignator=R9 NewDesignator=R?
Change Component Designator: OldDesignator=R10 NewDesignator=R?
Change Component Designator: OldDesignator=R11 NewDesignator=R?
Change Component Designator: OldDesignator=R12 NewDesignator=R?
Change Component Designator: OldDesignator=R13 NewDesignator=R?
Change Component Designator: OldDesignator=R14 NewDesignator=R?
Change Component Designator: OldDesignator=R15 NewDesignator=R?
Change Component Designator: OldDesignator=R16 NewDesignator=R?
Change Component Designator: OldDesignator=R17 NewDesignator=R?
Change Component Designator: OldDesignator=R18 NewDesignator=R?
Change Component Designator: OldDesignator=R19 NewDesignator=R?
Change Component Designator: OldDesignator=R20 NewDesignator=R?
Change Component Designator: OldDesignator=R21 NewDesignator=R?
Change Component Designator: OldDesignator=R22 NewDesignator=R?
Change Component Designator: OldDesignator=R23 NewDesignator=R?
Change Component Designator: OldDesignator=R24 NewDesignator=R?
Change Component Designator: OldDesignator=R25 NewDesignator=R?
Change Component Designator: OldDesignator=R26 NewDesignator=R?
Change Component Designator: OldDesignator=R27 NewDesignator=R?
Change Component Designator: OldDesignator=R28 NewDesignator=R?
Change Component Designator: OldDesignator=R29 NewDesignator=R?
Change Component Designator: OldDesignator=R30 NewDesignator=R?
Change Component Designator: OldDesignator=R31 NewDesignator=R?
Change Component Designator: OldDesignator=R32 NewDesignator=R?
Change Component Designator: OldDesignator=R33 NewDesignator=R?
Change Component Designator: OldDesignator=R34 NewDesignator=R?
Change Component Designator: OldDesignator=R35 NewDesignator=R?
Change Component Designator: OldDesignator=R36 NewDesignator=R?
Change Component Designator: OldDesignator=R37 NewDesignator=R?
Change Component Designator: OldDesignator=R38 NewDesignator=R?
Change Component Designator: OldDesignator=R39 NewDesignator=R?
Change Component Designator: OldDesignator=R40 NewDesignator=R?
Change Component Designator: OldDesignator=R41 NewDesignator=R?
Change Component Designator: OldDesignator=R42 NewDesignator=R?
Change Component Designator: OldDesignator=R43 NewDesignator=R?
Change Component Designator: OldDesignator=R44 NewDesignator=R?
Change Component Designator: OldDesignator=SW1 NewDesignator=SW?
Change Component Designator: OldDesignator=SW2 NewDesignator=SW?
Change Component Designator: OldDesignator=U2 NewDesignator=U?
Change Component Designator: OldDesignator=U3 NewDesignator=U?
Change Component Designator: OldDesignator=U4 NewDesignator=U?
Change Component Designator: OldDesignator=U5 NewDesignator=U?
Change Component Designator: OldDesignator=U6 NewDesignator=U?
Change Component Designator: OldDesignator=U7 NewDesignator=U?
Change Component Designator: OldDesignator=U8 NewDesignator=U?
Change Component Designator: OldDesignator=U9 NewDesignator=U?
Change Component Designator: OldDesignator=U10 NewDesignator=U?
Change Component Designator: OldDesignator=U11 NewDesignator=U?
Change Net Name : Old Net Name=NetBT1_POS New Net Name=NetBT?_POS
Change Net Name : Old Net Name=NetC9_1 New Net Name=NetC?_1
Change Net Name : Old Net Name=NetC19_1 New Net Name=NetC?_1
Change Net Name : Old Net Name=NetC19_2 New Net Name=NetC?_2
Change Net Name : Old Net Name=NetC20_1 New Net Name=NetC?_1
Change Net Name : Old Net Name=NetC20_2 New Net Name=NetC?_2
Change Net Name : Old Net Name=NetC21_1 New Net Name=NetC?_1
Change Net Name : Old Net Name=NetC21_2 New Net Name=NetC?_2
Change Net Name : Old Net Name=NetC22_1 New Net Name=NetC?_1
Change Net Name : Old Net Name=NetC22_2 New Net Name=NetC?_2
Change Net Name : Old Net Name=NetIC2_6 New Net Name=NetIC?_6
Change Net Name : Old Net Name=NetIC3_6 New Net Name=NetIC?_6
Change Net Name : Old Net Name=NetIC4_6 New Net Name=NetIC?_6
Change Net Name : Old Net Name=NetIC5_6 New Net Name=NetIC?_6
Change Net Name : Old Net Name=NetQ1_1 New Net Name=NetQ?_1
Change Net Name : Old Net Name=NetQ2_1 New Net Name=NetQ?_1
Change Net Name : Old Net Name=NetR25_1 New Net Name=NetR?_1
Change Net Name : Old Net Name=NetR26_2 New Net Name=NetR?_2
Change Net Name : Old Net Name=NetR28_2 New Net Name=NetR?_2
Change Net Name : Old Net Name=NetR29_1 New Net Name=NetR?_1
Change Net Name : Old Net Name=NetR30_1 New Net Name=NetR?_1
Change Net Name : Old Net Name=NetR33_1 New Net Name=NetR?_1
Change Net Name : Old Net Name=NetR35_1 New Net Name=NetR?_1
Change Net Name : Old Net Name=NetR36_2 New Net Name=NetR?_2
Change Net Name : Old Net Name=NetR38_2 New Net Name=NetR?_2
Change Net Name : Old Net Name=NetR39_1 New Net Name=NetR?_1
Change Net Name : Old Net Name=NetR40_1 New Net Name=NetR?_1
Change Net Name : Old Net Name=NetR43_1 New Net Name=NetR?_1
Change Net Name : Old Net Name=NetU3_15 New Net Name=NetU?_15
Change Net Name : Old Net Name=NetU3_16 New Net Name=NetU?_16
Change Net Name : Old Net Name=NetU6_1 New Net Name=NetU?_1
Change Net Name : Old Net Name=NetU6_6 New Net Name=NetU?_6
Change Net Name : Old Net Name=NetU10_1 New Net Name=NetU?_1
Change Net Name : Old Net Name=NetU10_6 New Net Name=NetU?_6
Add Class: Class already exists: Designator
