Removed Pin From Net: NetName=GND Pin=C1-2
Removed Pin From Net: NetName=GND Pin=C11-2
Removed Pin From Net: NetName=GND Pin=C12-2
Removed Pin From Net: NetName=NetC2_1 Pin=C13-1
Removed Pin From Net: NetName=GND Pin=C13-2
Removed Pin From Net: NetName=NetC2_1 Pin=D1-1
Removed Pin From Net: NetName=+5V_USB1 Pin=D1-2
Removed Pin From Net: NetName=GND Pin=IC1-1
Removed Pin From Net: NetName=GND Pin=IC1-4
Removed Pin From Net: NetName=GND Pin=IC1-6
Removed Pin From Net: NetName=I2C_SCL Pin=IC1-7
Removed Pin From Net: NetName=I2C_SDA Pin=IC1-8
Removed Pin From Net: NetName=GND Pin=IC1-9
Removed Pin From Net: NetName=GND Pin=IC2-2
Removed Pin From Net: NetName=+5V_USB1 Pin=IC2-4
Removed Pin From Net: NetName=GND Pin=IC3-2
Removed Pin From Net: NetName=GND Pin=IC3-3
Removed Pin From Net: NetName=NetC2_1 Pin=IC3-6
Removed Pin From Net: NetName=I2C_SCL Pin=J3-2
Removed Pin From Net: NetName=I2C_SDA Pin=J3-3
Removed Pin From Net: NetName=GND Pin=J3-4
Removed Pin From Net: NetName=GND Pin=J4-1
Removed Pin From Net: NetName=GND Pin=J4-2
Removed Pin From Net: NetName=Keypad_RST Pin=J4-3
Removed Pin From Net: NetName=Keypad_OUT Pin=J4-4
Removed Pin From Net: NetName=I2C_SCL Pin=J4-5
Removed Pin From Net: NetName=I2C_SDA Pin=J4-6
Removed Pin From Net: NetName=Keypad_EN Pin=J4-8
Removed Pin From Net: NetName=Keypad_LED Pin=J4-9
Removed Pin From Net: NetName=GND Pin=J4-MP1
Removed Pin From Net: NetName=GND Pin=J4-MP2
Removed Pin From Net: NetName=VDD Pin=J5-1
Removed Pin From Net: NetName=RX2 Pin=J5-4
Removed Pin From Net: NetName=TX2 Pin=J5-5
Removed Pin From Net: NetName=GND Pin=J5-6
Removed Pin From Net: NetName=GND Pin=J5-S1
Removed Pin From Net: NetName=GND Pin=J5-S2
Removed Pin From Net: NetName=3.3V_MCU Pin=J7-4
Removed Pin From Net: NetName=GND Pin=J8-2
Removed Pin From Net: NetName=GND Pin=J9-2
Removed Pin From Net: NetName=GND Pin=J10-2
Removed Pin From Net: NetName=GND Pin=J11-2
Removed Pin From Net: NetName=GND Pin=J13-2
Removed Pin From Net: NetName=NetC2_1 Pin=Q1-1
Removed Pin From Net: NetName=NetC2_1 Pin=Q1-2
Removed Pin From Net: NetName=NetC2_1 Pin=Q1-5
Removed Pin From Net: NetName=NetC2_1 Pin=Q1-6
Removed Pin From Net: NetName=GND Pin=Q2-6
Removed Pin From Net: NetName=GND Pin=Q2-7
Removed Pin From Net: NetName=GND Pin=Q3-2
Removed Pin From Net: NetName=VDD Pin=Q6-2
Removed Pin From Net: NetName=3.3V_MCU Pin=Q6-3
Removed Pin From Net: NetName=VDD Pin=Q7-2
Removed Pin From Net: NetName=GND Pin=Q8-2
Removed Pin From Net: NetName=GND Pin=Q9-2
Removed Pin From Net: NetName=GND Pin=Q10-2
Removed Pin From Net: NetName=3.3V_MCU Pin=R4-1
Removed Pin From Net: NetName=VDD Pin=R5-1
Removed Pin From Net: NetName=3.3V_MCU Pin=R6-1
Removed Pin From Net: NetName=VDD Pin=R7-1
Removed Pin From Net: NetName=3.3V_MCU Pin=R11-1
Removed Pin From Net: NetName=GND Pin=R12-2
Removed Pin From Net: NetName=VDD Pin=R13-1
Removed Pin From Net: NetName=GND Pin=R15-2
Removed Pin From Net: NetName=3.3V_MCU Pin=R17-2
Removed Pin From Net: NetName=NetR19_1 Pin=R21-1
Removed Pin From Net: NetName=3.3V_MCU Pin=R21-2
Removed Pin From Net: NetName=GND Pin=R26-2
Removed Pin From Net: NetName=VDD Pin=R27-1
Removed Pin From Net: NetName=3.3V_MCU Pin=R29-2
Removed Pin From Net: NetName=3.3V_MCU Pin=R32-1
Removed Pin From Net: NetName=3.3V_MCU Pin=R36-1
Removed Pin From Net: NetName=VDD Pin=R37-1
Removed Pin From Net: NetName=3.3V_MCU Pin=R41-1
Removed Pin From Net: NetName=3.3V_MCU Pin=R42-1
Removed Pin From Net: NetName=VDD Pin=R44-1
Removed Pin From Net: NetName=VDD Pin=R45-1
Removed Pin From Net: NetName=Keypad_OUT Pin=R50-1
Removed Pin From Net: NetName=3.3V_MCU Pin=R52-1
Removed Pin From Net: NetName=VDD Pin=R53-2
Removed Pin From Net: NetName=Keypad_EN Pin=R55-1
Removed Pin From Net: NetName=VDD Pin=R56-1
Removed Pin From Net: NetName=3.3V_MCU Pin=R59-2
Removed Pin From Net: NetName=VDD Pin=R60-1
Removed Pin From Net: NetName=GND Pin=R61-2
Removed Pin From Net: NetName=VDD Pin=R62-1
Removed Pin From Net: NetName=VDD Pin=R63-2
Removed Pin From Net: NetName=GND Pin=R67-1
Removed Pin From Net: NetName=GND Pin=R69-2
Removed Pin From Net: NetName=3.3V_MCU Pin=R74-1
Removed Pin From Net: NetName=GND Pin=SW3-2
Removed Pin From Net: NetName=GND Pin=SW3-G1
Removed Pin From Net: NetName=GND Pin=SW3-G2
Removed Pin From Net: NetName=GND Pin=SW3-G3
Removed Pin From Net: NetName=GND Pin=SW3-G4
Removed Pin From Net: NetName=+5V_USB1 Pin=TB1-1
Removed Pin From Net: NetName=GND Pin=TB4-1
Removed Pin From Net: NetName=NetC2_1 Pin=U3-1
Removed Pin From Net: NetName=GND Pin=U3-4
Removed Pin From Net: NetName=I2C_SDA Pin=U4-15
Removed Pin From Net: NetName=I2C_SCL Pin=U4-16
Removed Member From Class: ClassName=U_MCU Member=C5
Removed Member From Class: ClassName=U_RTC Member=C8
Change Component Designator: OldDesignator=C2 NewDesignator=C1
Change Component Designator: OldDesignator=C3 NewDesignator=C2
Change Component Designator: OldDesignator=C4 NewDesignator=C3
Change Component Designator: OldDesignator=C5 NewDesignator=C4
Change Component Designator: OldDesignator=C6 NewDesignator=C5
Change Component Designator: OldDesignator=C8 NewDesignator=C6
Change Component Designator: OldDesignator=C9 NewDesignator=C7
Change Component Designator: OldDesignator=C10 NewDesignator=C8
Change Component Designator: OldDesignator=C14 NewDesignator=C9
Change Component Designator: OldDesignator=C15 NewDesignator=C10
Change Component Designator: OldDesignator=J7 NewDesignator=J2
Change Component Designator: OldDesignator=Q4 NewDesignator=Q1
Change Component Designator: OldDesignator=Q5 NewDesignator=Q2
Change Component Designator: OldDesignator=R16 NewDesignator=R3
Change Component Designator: OldDesignator=R18 NewDesignator=R4
Change Component Designator: OldDesignator=R19 NewDesignator=R5
Change Component Designator: OldDesignator=R20 NewDesignator=R6
Change Component Designator: OldDesignator=R22 NewDesignator=R7
Change Component Designator: OldDesignator=R23 NewDesignator=R8
Change Component Designator: OldDesignator=R28 NewDesignator=R9
Change Component Designator: OldDesignator=R30 NewDesignator=R10
Change Component Designator: OldDesignator=R47 NewDesignator=R11
Change Component Designator: OldDesignator=R49 NewDesignator=R12
Change Component Designator: OldDesignator=R72 NewDesignator=R13
Change Component Designator: OldDesignator=R73 NewDesignator=R14
Change Component Designator: OldDesignator=TB2 NewDesignator=TB1
Change Component Designator: OldDesignator=TB3 NewDesignator=TB2
Change Component Designator: OldDesignator=U4 NewDesignator=U3
Added Pin To Net: NetName=VDD Pin=J2-4
Change Net Name : Old Net Name=NetC2_1 New Net Name=NetC1_1
Change Net Name : Old Net Name=NetC6_1 New Net Name=NetC5_1
Change Net Name : Old Net Name=NetC14_2 New Net Name=NetC9_2
Change Net Name : Old Net Name=NetQ4_1 New Net Name=NetQ1_1
Change Net Name : Old Net Name=NetQ5_1 New Net Name=NetQ2_1
Change Net Name : Old Net Name=NetR19_1 New Net Name=NetR5_1
Added Pin To Net: NetName=NetR3_1 Pin=R3-1
Added Pin To Net: NetName=NetR3_1 Pin=R4-1
Added Net: Name=NetR3_1
Added Pin To Net: NetName=NetR9_1 Pin=R9-1
Added Pin To Net: NetName=NetR9_1 Pin=R10-1
Added Net: Name=NetR9_1
Added Pin To Net: NetName=NetU2_26 Pin=U2-26
Added Net: Name=NetU2_26
Added Pin To Net: NetName=NetU3_15 Pin=U3-15
Added Net: Name=NetU3_15
Added Pin To Net: NetName=NetU3_16 Pin=U3-16
Added Net: Name=NetU3_16
Added Member To Class: ClassName=U_Power_management Member=Component C1 0.1uF
Added Member To Class: ClassName=U_Power_management Member=Component C3 0.1uF
Added Member To Class: ClassName=U_Power_management Member=Component C4 T493X227K010BH6420_220uF
Added Member To Class: ClassName=U_Power_management Member=Component C5 10nF
Added Member To Class: ClassName=U_MCU Member=Component C7 0.1uF
Added Member To Class: ClassName=U_MCU Member=Component C8 10uF
Added Member To Class: ClassName=U_RTC Member=Component C10 0.1uF/16V
Added Member To Class: ClassName=U_Connectors Member=Component J2 B6B-XH-A
Added Member To Class: ClassName=U_MCU Member=Component Q1 MMBT2222A-G
Added Member To Class: ClassName=U_MCU Member=Component Q2 MMBT2222A-G
Added Member To Class: ClassName=U_MCU Member=Component R3 NC
Added Member To Class: ClassName=U_MCU Member=Component R4 4.7K
Added Member To Class: ClassName=U_MCU Member=Component R5 NC
Added Member To Class: ClassName=U_MCU Member=Component R6 NC
Added Member To Class: ClassName=U_MCU Member=Component R7 4.7K
Added Member To Class: ClassName=U_MCU Member=Component R8 4.7K
Added Member To Class: ClassName=U_MCU Member=Component R9 NC
Added Member To Class: ClassName=U_MCU Member=Component R10 4.7K
Added Member To Class: ClassName=U_MCU Member=Component R11 12k
Added Member To Class: ClassName=U_MCU Member=Component R12 12k
Added Member To Class: ClassName=U_RTC Member=Component R13 NC
Added Member To Class: ClassName=U_RTC Member=Component R14 0R
Added Member To Class: ClassName=U_Power_management Member=Component TB1 Test_Pad
Added Member To Class: ClassName=U_Power_management Member=Component TB2 Test_Pad
Added Member To Class: ClassName=U_RTC Member=Component U3 DS3231M+TRL
