Add Class: Class already exists: Designator
Added Member To Class: ClassName=U_RTC Member=Component BT1 BH32T-C-HITE
Added Member To Class: ClassName=U_Power_management Member=Component C1 0.1uF
Added Member To Class: ClassName=U_Power_management Member=Component C2 22uF
Added Member To Class: ClassName=U_Power_management Member=Component C3 0.1uF
Added Member To Class: ClassName=U_Power_management Member=Component C4 T493X227K010BH6420_220uF
Added Member To Class: ClassName=U_Power_management Member=Component C5 10nF
Added Member To Class: ClassName=U_MCU Member=Component C6 10uF
Added Member To Class: ClassName=U_MCU Member=Component C7 0.1uF
Added Member To Class: ClassName=U_MCU Member=Component C8 10uF
Added Member To Class: ClassName=U_RTC Member=Component C9 1uF
Added Member To Class: ClassName=U_RTC Member=Component C10 0.1uF/16V
Added Member To Class: ClassName=U_Connectors Member=Component J1 B6B-XH-A
Added Member To Class: ClassName=U_MCU Member=Component Q1 MMBT2222A-G
Added Member To Class: ClassName=U_MCU Member=Component Q2 MMBT2222A-G
Added Member To Class: ClassName=U_MCU Member=Component R1 4.7K
Added Member To Class: ClassName=U_MCU Member=Component R2 NC
Added Member To Class: ClassName=U_MCU Member=Component R3 4.7K
Added Member To Class: ClassName=U_MCU Member=Component R4 4.7K
Added Member To Class: ClassName=U_MCU Member=Component R5 4.7K
Added Member To Class: ClassName=U_MCU Member=Component R6 12k
Added Member To Class: ClassName=U_MCU Member=Component R7 12k
Added Member To Class: ClassName=U_RTC Member=Component R8 NC
Added Member To Class: ClassName=U_RTC Member=Component R9 0R
Added Member To Class: ClassName=U_MCU Member=Component SW1 SPST
Added Member To Class: ClassName=U_MCU Member=Component SW2 SPST
Added Member To Class: ClassName=U_Power_management Member=Component TB1 Test_Pad
Added Member To Class: ClassName=U_Power_management Member=Component TB2 Test_Pad
Added Member To Class: ClassName=U_Power_management Member=Component U1 SPX3819M5-L-3-3/TR
Added Member To Class: ClassName=U_MCU Member=Component U2 Esp32
Added Member To Class: ClassName=U_RTC Member=Component U3 DS3231M+TRL
