Removed Member From Class: ClassName=Designator Member=C11
Removed Member From Class: ClassName=Designator Member=C12
Removed Member From Class: ClassName=Designator Member=C13
Removed Member From Class: ClassName=Designator Member=C14
Removed Member From Class: ClassName=Designator Member=C15
Removed Member From Class: ClassName=Designator Member=C16
Removed Member From Class: ClassName=Designator Member=C17
Removed Member From Class: ClassName=Designator Member=C18
Removed Member From Class: ClassName=Designator Member=D1
Removed Member From Class: ClassName=Designator Member=D2
Removed Member From Class: ClassName=Designator Member=D3
Removed Member From Class: ClassName=Designator Member=D4
Removed Member From Class: ClassName=Designator Member=D5
Removed Member From Class: ClassName=Designator Member=D6
Removed Member From Class: ClassName=Designator Member=D7
Removed Member From Class: ClassName=Designator Member=D8
Removed Member From Class: ClassName=Designator Member=IC1
Removed Member From Class: ClassName=Designator Member=R9
Removed Member From Class: ClassName=Designator Member=R10
Removed Member From Class: ClassName=Designator Member=R11
Removed Member From Class: ClassName=Designator Member=R12
Removed Member From Class: ClassName=Designator Member=R13
Removed Member From Class: ClassName=Designator Member=R14
Removed Member From Class: ClassName=Designator Member=R15
Removed Member From Class: ClassName=Designator Member=R16
Removed Member From Class: ClassName=Designator Member=R17
Removed Member From Class: ClassName=Designator Member=R18
Removed Member From Class: ClassName=Designator Member=R19
Removed Member From Class: ClassName=Designator Member=R20
Removed Member From Class: ClassName=Designator Member=R21
Removed Member From Class: ClassName=Designator Member=R22
Removed Member From Class: ClassName=Designator Member=R23
Removed Member From Class: ClassName=Designator Member=R24
Add Class: Class already exists: Designator
