Removed Member From Class: ClassName=Designator Member=U?
Change Component Designator: OldDesignator=C? NewDesignator=C8
Change Component Designator: OldDesignator=C? NewDesignator=C9
Change Component Designator: OldDesignator=C? NewDesignator=C10
Change Component Designator: OldDesignator=C? NewDesignator=C11
Change Component Designator: OldDesignator=D? NewDesignator=D1
Change Component Designator: OldDesignator=D? NewDesignator=D2
Change Component Designator: OldDesignator=D? NewDesignator=D3
Change Component Designator: OldDesignator=D? NewDesignator=D4
Change Component Designator: OldDesignator=IC? NewDesignator=IC1
Change Component Designator: OldDesignator=IC? NewDesignator=IC2
Change Component Designator: OldDesignator=IC? NewDesignator=IC3
Change Component Designator: OldDesignator=IC? NewDesignator=IC4
Change Component Designator: OldDesignator=R? NewDesignator=R1
Change Component Designator: OldDesignator=R? NewDesignator=R2
Change Component Designator: OldDesignator=R? NewDesignator=R3
Change Component Designator: OldDesignator=R? NewDesignator=R4
Change Component Designator: OldDesignator=R? NewDesignator=R5
Change Component Designator: OldDesignator=R? NewDesignator=R6
Change Component Designator: OldDesignator=R? NewDesignator=R7
Change Component Designator: OldDesignator=R? NewDesignator=R8
Change Component Designator: OldDesignator=R? NewDesignator=R9
Change Component Designator: OldDesignator=R? NewDesignator=R10
Change Component Designator: OldDesignator=R? NewDesignator=R11
Change Component Designator: OldDesignator=R? NewDesignator=R12
Change Component Designator: OldDesignator=R? NewDesignator=R13
Change Component Designator: OldDesignator=R? NewDesignator=R14
Change Component Designator: OldDesignator=R? NewDesignator=R15
Change Component Designator: OldDesignator=R? NewDesignator=R16
Change Component Designator: OldDesignator=R? NewDesignator=R17
Change Component Designator: OldDesignator=R? NewDesignator=R18
Change Component Designator: OldDesignator=R? NewDesignator=R19
Change Component Designator: OldDesignator=R? NewDesignator=R20
Change Component Designator: OldDesignator=R? NewDesignator=R21
Change Component Designator: OldDesignator=R? NewDesignator=R22
Change Component Designator: OldDesignator=R? NewDesignator=R23
Change Component Designator: OldDesignator=U? NewDesignator=U2
Change Component Designator: OldDesignator=U? NewDesignator=U3
Change Component Designator: OldDesignator=U? NewDesignator=U4
Change Component Designator: OldDesignator=U? NewDesignator=U5
Change Component Designator: OldDesignator=U? NewDesignator=U6
Change Component Designator: OldDesignator=U? NewDesignator=U7
Change Component Designator: OldDesignator=U? NewDesignator=U8
Change Component Designator: OldDesignator=U? NewDesignator=U9
Change Net Name : Old Net Name=NetC?_1 New Net Name=NetC8_1
Change Net Name : Old Net Name=NetC?_1 New Net Name=NetC9_1
Change Net Name : Old Net Name=NetC?_1 New Net Name=NetC10_1
Change Net Name : Old Net Name=NetC?_1 New Net Name=NetC11_1
Change Net Name : Old Net Name=NetC?_2 New Net Name=NetC8_2
Change Net Name : Old Net Name=NetC?_2 New Net Name=NetC9_2
Change Net Name : Old Net Name=NetC?_2 New Net Name=NetC10_2
Change Net Name : Old Net Name=NetC?_2 New Net Name=NetC11_2
Change Net Name : Old Net Name=NetIC?_6 New Net Name=NetIC1_6
Change Net Name : Old Net Name=NetIC?_6 New Net Name=NetIC2_6
Change Net Name : Old Net Name=NetIC?_6 New Net Name=NetIC3_6
Change Net Name : Old Net Name=NetIC?_6 New Net Name=NetIC4_6
Change Net Name : Old Net Name=NetR?_1 New Net Name=NetR4_1
Change Net Name : Old Net Name=NetR?_1 New Net Name=NetR8_1
Change Net Name : Old Net Name=NetR?_1 New Net Name=NetR9_1
Change Net Name : Old Net Name=NetR?_1 New Net Name=NetR12_1
Change Net Name : Old Net Name=NetR?_1 New Net Name=NetR14_1
Change Net Name : Old Net Name=NetR?_1 New Net Name=NetR18_1
Change Net Name : Old Net Name=NetR?_1 New Net Name=NetR19_1
Change Net Name : Old Net Name=NetR?_1 New Net Name=NetR22_1
Change Net Name : Old Net Name=NetR?_2 New Net Name=NetR5_2
Change Net Name : Old Net Name=NetR?_2 New Net Name=NetR7_2
Change Net Name : Old Net Name=NetR?_2 New Net Name=NetR15_2
Change Net Name : Old Net Name=NetR?_2 New Net Name=NetR17_2
Change Net Name : Old Net Name=NetU?_1 New Net Name=NetU4_1
Change Net Name : Old Net Name=NetU?_1 New Net Name=NetU8_1
Change Net Name : Old Net Name=NetU?_6 New Net Name=NetU4_6
Change Net Name : Old Net Name=NetU?_6 New Net Name=NetU8_6
Add Class: Class already exists: Designator
Added Member To Class: ClassName=Designator Member=Component C? 2.2nF/50V
Added Member To Class: ClassName=Designator Member=Component C? 2.2nF/50V
Added Member To Class: ClassName=Designator Member=Component C? 2.2nF/50V
Added Member To Class: ClassName=Designator Member=Component C? 2.2nF/50V
Added Member To Class: ClassName=Designator Member=Component C? 2.2nF/50V
Added Member To Class: ClassName=Designator Member=Component C? 2.2nF/50V
Added Member To Class: ClassName=Designator Member=Component C? 2.2nF/50V
Added Member To Class: ClassName=U_RTC Member=Component C? 0.1uF
Added Member To Class: ClassName=Designator Member=Component D? SM15T33CA
Added Member To Class: ClassName=Designator Member=Component D? SM15T33CA
Added Member To Class: ClassName=Designator Member=Component D? SM15T33CA
Added Member To Class: ClassName=Designator Member=Component D? SM15T33CA
Added Member To Class: ClassName=Designator Member=Component D? SM15T33CA
Added Member To Class: ClassName=Designator Member=Component D? SM15T33CA
Added Member To Class: ClassName=Designator Member=Component D? SM15T33CA
Added Member To Class: ClassName=U_MCU Member=Component Q? MMBT2222A-G
Added Member To Class: ClassName=Designator Member=Component R1 6.2K
Added Member To Class: ClassName=Designator Member=Component R2 2.4K
Added Member To Class: ClassName=Designator Member=Component R3 6.2K
Added Member To Class: ClassName=Designator Member=Component R? 6.2K
Added Member To Class: ClassName=Designator Member=Component R? 2.4K
Added Member To Class: ClassName=Designator Member=Component R? 2.4K
Added Member To Class: ClassName=Designator Member=Component R? 6.2K
Added Member To Class: ClassName=Designator Member=Component R? 2.4K
Added Member To Class: ClassName=Designator Member=Component R? 2.4K
Added Member To Class: ClassName=Designator Member=Component R? 6.2K
Added Member To Class: ClassName=Designator Member=Component R? 6.2K
Added Member To Class: ClassName=Designator Member=Component R? 2.4K
Added Member To Class: ClassName=Designator Member=Component R? 6.2K
Added Member To Class: ClassName=Designator Member=Component R? 6.2K
Added Member To Class: ClassName=Designator Member=Component R? 2.4K
Added Member To Class: ClassName=U_MCU Member=Component R? 0R
Added Member To Class: ClassName=U_MCU Member=Component R? 12K
Added Member To Class: ClassName=U_MCU Member=Component R? 4.7K
Added Member To Class: ClassName=U_MCU Member=Component R? 4.7K
Added Member To Class: ClassName=U_MCU Member=Component R? 4.7K
Added Member To Class: ClassName=U_MCU Member=Component R? 4.7K
Added Member To Class: ClassName=U_MCU Member=Component SW? SPST
