Removed Pin From Net: NetName=VDD Pin=R2-2
Removed Member From Class: ClassName=Designator Member=R7
Change Component Designator: OldDesignator=R3 NewDesignator=R2
Change Component Designator: OldDesignator=R4 NewDesignator=R3
Change Component Designator: OldDesignator=R5 NewDesignator=R4
Change Component Designator: OldDesignator=R6 NewDesignator=R5
Change Component Designator: OldDesignator=R7 NewDesignator=R6
Change Component Designator: OldDesignator=R8 NewDesignator=R7
Change Component Designator: OldDesignator=R9 NewDesignator=R8
Change Component Designator: OldDesignator=R10 NewDesignator=R9
Change Component Designator: OldDesignator=R11 NewDesignator=R10
Change Component Designator: OldDesignator=R12 NewDesignator=R11
Change Component Designator: OldDesignator=R13 NewDesignator=R12
Change Component Designator: OldDesignator=R14 NewDesignator=R13
Change Component Designator: OldDesignator=R15 NewDesignator=R14
Change Component Designator: OldDesignator=R16 NewDesignator=R15
Change Component Designator: OldDesignator=R17 NewDesignator=R16
Change Component Designator: OldDesignator=R18 NewDesignator=R17
Change Component Designator: OldDesignator=R19 NewDesignator=R18
Change Component Designator: OldDesignator=R20 NewDesignator=R19
Change Component Designator: OldDesignator=R21 NewDesignator=R20
Change Component Designator: OldDesignator=R22 NewDesignator=R21
Change Component Designator: OldDesignator=R23 NewDesignator=R22
Change Component Designator: OldDesignator=R24 NewDesignator=R23
Change Component Designator: OldDesignator=R25 NewDesignator=R24
Change Component Designator: OldDesignator=R26 NewDesignator=R25
Change Component Designator: OldDesignator=R27 NewDesignator=R26
Change Component Designator: OldDesignator=R28 NewDesignator=R27
Change Component Designator: OldDesignator=R29 NewDesignator=R28
Change Component Designator: OldDesignator=R30 NewDesignator=R29
Change Component Designator: OldDesignator=R31 NewDesignator=R30
Change Component Designator: OldDesignator=R32 NewDesignator=R31
Change Component Designator: OldDesignator=R33 NewDesignator=R32
Change Component Designator: OldDesignator=R34 NewDesignator=R33
Change Component Designator: OldDesignator=R35 NewDesignator=R34
Change Component Designator: OldDesignator=R36 NewDesignator=R35
Change Component Designator: OldDesignator=R37 NewDesignator=R36
Change Component Designator: OldDesignator=R38 NewDesignator=R37
Change Component Designator: OldDesignator=R39 NewDesignator=R38
Change Component Designator: OldDesignator=R40 NewDesignator=R39
Change Component Designator: OldDesignator=R41 NewDesignator=R40
Change Component Designator: OldDesignator=R42 NewDesignator=R41
Change Component Designator: OldDesignator=R43 NewDesignator=R42
Change Component Designator: OldDesignator=R44 NewDesignator=R43
Change Component Designator: OldDesignator=R45 NewDesignator=R44
Change Component Designator: OldDesignator=R46 NewDesignator=R45
Change Component Designator: OldDesignator=R47 NewDesignator=R46
Change Component Designator: OldDesignator=R48 NewDesignator=R47
Change Component Designator: OldDesignator=R49 NewDesignator=R48
Change Component Designator: OldDesignator=R50 NewDesignator=R49
Change Component Designator: OldDesignator=R51 NewDesignator=R50
Change Component Designator: OldDesignator=R52 NewDesignator=R51
Change Component Designator: OldDesignator=R53 NewDesignator=R52
Change Component Designator: OldDesignator=R54 NewDesignator=R53
Change Component Designator: OldDesignator=R55 NewDesignator=R54
Change Component Designator: OldDesignator=R56 NewDesignator=R55
Change Component Designator: OldDesignator=R57 NewDesignator=R56
Change Component Designator: OldDesignator=R58 NewDesignator=R57
Change Component Designator: OldDesignator=R59 NewDesignator=R58
Change Component Designator: OldDesignator=R60 NewDesignator=R59
Change Component Designator: OldDesignator=R61 NewDesignator=R60
Change Component Designator: OldDesignator=R62 NewDesignator=R61
Change Component Designator: OldDesignator=R63 NewDesignator=R62
Change Component Designator: OldDesignator=R64 NewDesignator=R63
Change Component Designator: OldDesignator=R65 NewDesignator=R64
Change Component Designator: OldDesignator=R66 NewDesignator=R65
Change Component Designator: OldDesignator=R67 NewDesignator=R66
Change Component Designator: OldDesignator=R68 NewDesignator=R67
Added Pin To Net: NetName=VDD Pin=C12-2
Added Pin To Net: NetName=VDD Pin=U2-2
Change Net Name : Old Net Name=NetR25_1 New Net Name=NetR24_1
Change Net Name : Old Net Name=NetR26_2 New Net Name=NetR25_2
Change Net Name : Old Net Name=NetR28_2 New Net Name=NetR27_2
Change Net Name : Old Net Name=NetR29_1 New Net Name=NetR28_1
Change Net Name : Old Net Name=NetR30_1 New Net Name=NetR29_1
Change Net Name : Old Net Name=NetR33_1 New Net Name=NetR32_1
Change Net Name : Old Net Name=NetR35_1 New Net Name=NetR34_1
Change Net Name : Old Net Name=NetR36_2 New Net Name=NetR35_2
Change Net Name : Old Net Name=NetR38_2 New Net Name=NetR37_2
Change Net Name : Old Net Name=NetR39_1 New Net Name=NetR38_1
Change Net Name : Old Net Name=NetR40_1 New Net Name=NetR39_1
Change Net Name : Old Net Name=NetR43_1 New Net Name=NetR42_1
Change Net Name : Old Net Name=VDD New Net Name=3.3V_MCU
Add Class: Class already exists: Designator
Add Class: Class already exists: Designator
