Removed Member From Class: ClassName=Designator Member=R22
Add Class: Class already exists: Designator
Add Class: Class already exists: Designator
Added Member To Class: ClassName=Designator Member=Component R7 6.2K
Added Member To Class: ClassName=Designator Member=Component R9 2.4K
Added Member To Class: ClassName=Designator Member=Component R11 6.2K
Added Member To Class: ClassName=Designator Member=Component R13 2.4K
Added Member To Class: ClassName=Designator Member=Component R15 6.2K
Added Member To Class: ClassName=Designator Member=Component R17 2.4K
Added Member To Class: ClassName=Designator Member=Component R19 6.2K
Added Member To Class: ClassName=Designator Member=Component R21 2.4K
Added Member To Class: ClassName=Designator Member=Component R23 499R 0.1%
Added Member To Class: ClassName=Designator Member=Component R25 499R 0.1%
Added Member To Class: ClassName=Designator Member=Component R27 499R 0.1%
Added Member To Class: ClassName=Designator Member=Component R29 167K 0.1%
Added Member To Class: ClassName=Designator Member=Component R31 55.6K 0.1%
Added Member To Class: ClassName=Designator Member=Component R33 499R 0.1%
Added Member To Class: ClassName=Designator Member=Component R35 499R 0.1%
Added Member To Class: ClassName=Designator Member=Component R37 499R 0.1%
Added Member To Class: ClassName=Designator Member=Component R39 167K 0.1%
Added Member To Class: ClassName=Designator Member=Component R41 55.6K 0.1%
Added Member To Class: ClassName=Designator Member=Component R44 1K
Added Member To Class: ClassName=Designator Member=Component R47 10K
Added Member To Class: ClassName=Designator Member=Component R48 1K
Added Member To Class: ClassName=Designator Member=Component R52 1K
Added Member To Class: ClassName=Designator Member=Component R54 10K
Added Member To Class: ClassName=Designator Member=Component R57 1K
