Removed Pin From Net: NetName=GND Pin=D15-2
Removed Pin From Net: NetName=GND Pin=D16-2
Removed Pin From Net: NetName=+24V Pin=J4-1
Removed Pin From Net: NetName=+24V Pin=J4-3
Removed Pin From Net: NetName=+24V Pin=J4-5
Removed Pin From Net: NetName=NetD14_3 Pin=J4-6
Removed Pin From Net: NetName=+24V Pin=J4-7
Removed Pin From Net: NetName=NetD13_3 Pin=J4-8
Removed Member From Class: ClassName=Designator Member=J4
Added Component: Designator=J?(1844236)
Add component (AddParameter): Name = "Arrow Part Number"; Value = "1844236"; VariantName = "[No Variations]"
Add component (AddParameter): Name = "Arrow Price/Stock"; Value = "https://www.arrow.com/en/products/1844236/phoenix-contact?region=nac"; VariantName = "[No Variations]"
Add component (AddParameter): Name = "Datasheet Link"; Value = "http://www.phoenixcontact.com/gb/produkte/1844236"; VariantName = "[No Variations]"
Add component (AddParameter): Name = "Height"; Value = "8.25mm"; VariantName = "[No Variations]"
Add component (AddParameter): Name = "Manufacturer_Name"; Value = "Phoenix Contact"; VariantName = "[No Variations]"
Add component (AddParameter): Name = "Manufacturer_Part_Number"; Value = "1844236"; VariantName = "[No Variations]"
Add component (AddParameter): Name = "Mouser Part Number"; Value = "651-1844236"; VariantName = "[No Variations]"
Add component (AddParameter): Name = "Mouser Price/Stock"; Value = "https://www.mouser.co.uk/ProductDetail/Phoenix-Contact/1844236?qs=DAHzmYU9cu1YEny1XwXz6g%3D%3D"; VariantName = "[No Variations]"
Added Pin To Net: NetName=+24V Pin=J?-1
Added Pin To Net: NetName=NetD14_3 Pin=J?-2
Added Pin To Net: NetName=+24V Pin=J?-3
Added Pin To Net: NetName=NetD13_3 Pin=J?-4
Add Class: Class already exists: Designator
Added Member To Class: ClassName=Designator Member=Component J? 1844236
