Removed Pin From Net: NetName=+V_EXT Pin=C2-1
Removed Pin From Net: NetName=GND0 Pin=C2-2
Removed Pin From Net: NetName=+5V_ISO Pin=C6-1
Removed Pin From Net: NetName=GND0 Pin=C6-2
Removed Member From Class: ClassName=Designator Member=C10
Removed Member From Class: ClassName=Designator Member=C11
Change Component Designator: OldDesignator=C3 NewDesignator=C2
Change Component Designator: OldDesignator=C4 NewDesignator=C3
Change Component Designator: OldDesignator=C5 NewDesignator=C4
Change Component Designator: OldDesignator=C7 NewDesignator=C5
Change Component Designator: OldDesignator=C8 NewDesignator=C6
Change Component Designator: OldDesignator=C9 NewDesignator=C7
Change Component Designator: OldDesignator=C10 NewDesignator=C8
Change Component Designator: OldDesignator=C11 NewDesignator=C9
Change Component Designator: OldDesignator=C12 NewDesignator=C10
Change Component Designator: OldDesignator=C13 NewDesignator=C11
Change Component Designator: OldDesignator=C14 NewDesignator=C12
Change Component Designator: OldDesignator=C15 NewDesignator=C13
Change Component Designator: OldDesignator=C16 NewDesignator=C14
Change Component Designator: OldDesignator=C17 NewDesignator=C15
Change Component Designator: OldDesignator=C18 NewDesignator=C16
Change Component Designator: OldDesignator=C19 NewDesignator=C17
Change Component Designator: OldDesignator=C20 NewDesignator=C18
Change Component Designator: OldDesignator=C21 NewDesignator=C19
Change Component Designator: OldDesignator=C22 NewDesignator=C20
Change Component Designator: OldDesignator=C23 NewDesignator=C21
Change Component Designator: OldDesignator=C24 NewDesignator=C22
Change Component Designator: OldDesignator=C25 NewDesignator=C23
Change Component Designator: OldDesignator=C26 NewDesignator=C24
Change Net Name : Old Net Name=NetC3_1 New Net Name=NetC2_1
Change Net Name : Old Net Name=NetC3_2 New Net Name=NetC2_2
Change Net Name : Old Net Name=NetC11_1 New Net Name=NetC9_1
Change Net Name : Old Net Name=NetC23_1 New Net Name=NetC21_1
Change Net Name : Old Net Name=NetC23_2 New Net Name=NetC21_2
Change Net Name : Old Net Name=NetC24_1 New Net Name=NetC22_1
Change Net Name : Old Net Name=NetC24_2 New Net Name=NetC22_2
Change Net Name : Old Net Name=NetC25_1 New Net Name=NetC23_1
Change Net Name : Old Net Name=NetC25_2 New Net Name=NetC23_2
Change Net Name : Old Net Name=NetC26_1 New Net Name=NetC24_1
Change Net Name : Old Net Name=NetC26_2 New Net Name=NetC24_2
Add Class: Class already exists: Designator
