Removed Pin From Net: NetName=NetC1_1 Pin=C1-1
Removed Pin From Net: NetName=NetC1_2 Pin=C1-2
Removed Member From Class: ClassName=Top_level Member=C2
Removed Member From Class: ClassName=Designator Member=R7
Removed Member From Class: ClassName=Designator Member=R23
Change Component Designator: OldDesignator=C2 NewDesignator=C1
Change Component Designator: OldDesignator=C3 NewDesignator=C2
Change Component Designator: OldDesignator=C4 NewDesignator=C3
Change Component Designator: OldDesignator=C5 NewDesignator=C4
Change Component Designator: OldDesignator=C6 NewDesignator=C5
Change Component Designator: OldDesignator=C7 NewDesignator=C6
Change Component Designator: OldDesignator=C8 NewDesignator=C7
Change Component Designator: OldDesignator=C9 NewDesignator=C8
Change Component Designator: OldDesignator=C10 NewDesignator=C9
Change Component Designator: OldDesignator=C11 NewDesignator=C10
Change Component Designator: OldDesignator=C12 NewDesignator=C11
Change Component Designator: OldDesignator=C13 NewDesignator=C12
Change Component Designator: OldDesignator=C14 NewDesignator=C13
Change Component Designator: OldDesignator=C15 NewDesignator=C14
Change Component Designator: OldDesignator=C16 NewDesignator=C15
Change Component Designator: OldDesignator=C17 NewDesignator=C16
Change Component Designator: OldDesignator=C18 NewDesignator=C17
Change Component Designator: OldDesignator=C19 NewDesignator=C18
Change Component Designator: OldDesignator=C20 NewDesignator=C19
Change Component Designator: OldDesignator=C21 NewDesignator=C20
Change Component Designator: OldDesignator=C22 NewDesignator=C21
Change Component Designator: OldDesignator=C23 NewDesignator=C22
Change Component Designator: OldDesignator=C24 NewDesignator=C23
Change Component Designator: OldDesignator=C25 NewDesignator=C24
Change Component Designator: OldDesignator=C26 NewDesignator=C25
Change Component Designator: OldDesignator=C27 NewDesignator=C26
Change Net Name : Old Net Name=NetC10_1 New Net Name=NetC9_1
Change Net Name : Old Net Name=NetC14_1 New Net Name=NetC13_1
Change Net Name : Old Net Name=NetC24_1 New Net Name=NetC23_1
Change Net Name : Old Net Name=NetC24_2 New Net Name=NetC23_2
Change Net Name : Old Net Name=NetC25_1 New Net Name=NetC24_1
Change Net Name : Old Net Name=NetC25_2 New Net Name=NetC24_2
Change Net Name : Old Net Name=NetC26_1 New Net Name=NetC25_1
Change Net Name : Old Net Name=NetC26_2 New Net Name=NetC25_2
Change Net Name : Old Net Name=NetC27_1 New Net Name=NetC26_1
Change Net Name : Old Net Name=NetC27_2 New Net Name=NetC26_2
Add Class: Class already exists: Designator
Add Class: Class already exists: Designator
Added Member To Class: ClassName=Designator Member=Component R2 4.7K
Added Member To Class: ClassName=Designator Member=Component R4 4.7K
Added Member To Class: ClassName=Designator Member=Component R6 12K
Added Member To Class: ClassName=Designator Member=Component R8 6.2K
Added Member To Class: ClassName=Designator Member=Component R10 2.4K
Added Member To Class: ClassName=Designator Member=Component R12 6.2K
Added Member To Class: ClassName=Designator Member=Component R14 2.4K
Added Member To Class: ClassName=Designator Member=Component R16 6.2K
Added Member To Class: ClassName=Designator Member=Component R18 2.4K
Added Member To Class: ClassName=Designator Member=Component R20 6.2K
Added Member To Class: ClassName=Designator Member=Component R22 2.4K
Added Member To Class: ClassName=Designator Member=Component R24 499R 0.1%
Added Member To Class: ClassName=Designator Member=Component R26 499R 0.1%
Added Member To Class: ClassName=Designator Member=Component R28 499R 0.1%
Added Member To Class: ClassName=Designator Member=Component R30 167K 0.1%
Added Member To Class: ClassName=Designator Member=Component R32 55.6K 0.1%
Added Member To Class: ClassName=Designator Member=Component R34 499R 0.1%
Added Member To Class: ClassName=Designator Member=Component R36 499R 0.1%
Added Member To Class: ClassName=Designator Member=Component R38 499R 0.1%
Added Member To Class: ClassName=Designator Member=Component R40 167K 0.1%
Added Member To Class: ClassName=Designator Member=Component R42 55.6K 0.1%
Added Member To Class: ClassName=Designator Member=Component R45 1K
Added Member To Class: ClassName=Designator Member=Component R48 10K
Added Member To Class: ClassName=Designator Member=Component R49 1K
Added Member To Class: ClassName=Designator Member=Component R53 1K
Added Member To Class: ClassName=Designator Member=Component R55 10K
Added Member To Class: ClassName=Designator Member=Component R58 1K
