Removed Member From Class: ClassName=Designator Member=R49
Removed Member From Class: ClassName=Designator Member=R49
Removed Member From Class: ClassName=Designator Member=R49
Removed Member From Class: ClassName=Designator Member=R49
Removed Member From Class: ClassName=Designator Member=R50
Removed Member From Class: ClassName=Designator Member=R50
Removed Member From Class: ClassName=Designator Member=R50
Removed Member From Class: ClassName=Designator Member=R50
Removed Member From Class: ClassName=Designator Member=R69
Added Component: Designator=J13(HDRV2W67P254_2X1_254X483X858P)
Add component (AddParameter): Name = "Arrow Part Number"; Value = "67997-200HLF"; VariantName = "[No Variations]"
Add component (AddParameter): Name = "Arrow Price/Stock"; Value = "https://www.arrow.com/en/products/67997-200hlf/amphenol-fci"; VariantName = "[No Variations]"
Add component (AddParameter): Name = "Datasheet Link"; Value = "https://cdn.amphenol-cs.com/media/wysiwyg/files/drawing/67996.pdf"; VariantName = "[No Variations]"
Add component (AddParameter): Name = "Height"; Value = "8.58mm"; VariantName = "[No Variations]"
Add component (AddParameter): Name = "Manufacturer_Name"; Value = "Amphenol Communications Solutions"; VariantName = "[No Variations]"
Add component (AddParameter): Name = "Manufacturer_Part_Number"; Value = "67997-200HLF"; VariantName = "[No Variations]"
Add component (AddParameter): Name = "Mouser Part Number"; Value = "649-67997-200HLF"; VariantName = "[No Variations]"
Add component (AddParameter): Name = "Mouser Price/Stock"; Value = "https://www.mouser.co.uk/ProductDetail/Amphenol-FCI/67997-200HLF?qs=cpLrBgdhsoGV8OGn4cOuWg%3D%3D"; VariantName = "[No Variations]"
Added Pin To Net: NetName=GND Pin=J13-2
Added Pin To Net: NetName=NetJ13_1 Pin=J13-1
Added Pin To Net: NetName=NetJ13_1 Pin=U2-37
Added Net: Name=NetJ13_1
Add Class: Class already exists: Designator
Added Member To Class: ClassName=Designator Member=Component J13 67997-200HLF
Added Member To Class: ClassName=Designator Member=Component R1 1K
Added Member To Class: ClassName=Designator Member=Component R3 22.1K
Added Member To Class: ClassName=Designator Member=Component R4 1K
Added Member To Class: ClassName=Designator Member=Component R5 4.7K
Added Member To Class: ClassName=Designator Member=Component R6 1K
Added Member To Class: ClassName=Designator Member=Component R7 10K
Added Member To Class: ClassName=Designator Member=Component R8 4.7K
Added Member To Class: ClassName=Designator Member=Component R9 12K
Added Member To Class: ClassName=Designator Member=Component R10 12K
Added Member To Class: ClassName=Designator Member=Component R11 6.2K
Added Member To Class: ClassName=Designator Member=Component R12 6.2K
Added Member To Class: ClassName=Designator Member=Component R13 2.4K
Added Member To Class: ClassName=Designator Member=Component R14 2.4K
Added Member To Class: ClassName=Designator Member=Component R15 6.2K
Added Member To Class: ClassName=Designator Member=Component R16 6.2K
Added Member To Class: ClassName=Designator Member=Component R17 2.4K
Added Member To Class: ClassName=Designator Member=Component R18 2.4K
Added Member To Class: ClassName=Designator Member=Component R19 6.2K
Added Member To Class: ClassName=Designator Member=Component R20 6.2K
Added Member To Class: ClassName=Designator Member=Component R21 2.4K
Added Member To Class: ClassName=Designator Member=Component R22 2.4K
Added Member To Class: ClassName=Designator Member=Component R23 6.2K
Added Member To Class: ClassName=Designator Member=Component R24 6.2K
Added Member To Class: ClassName=Designator Member=Component R25 2.4K
Added Member To Class: ClassName=Designator Member=Component R26 2.4K
Added Member To Class: ClassName=Designator Member=Component R27 400R 0.1%
Added Member To Class: ClassName=Designator Member=Component R28 220R
Added Member To Class: ClassName=Designator Member=Component R29 100R 0.1%
Added Member To Class: ClassName=Designator Member=Component R30 220R
Added Member To Class: ClassName=Designator Member=Component R31 400R 0.1%
Added Member To Class: ClassName=Designator Member=Component R32 54.9K 0.1%
Added Member To Class: ClassName=Designator Member=Component R33 33.3K 0.1%
Added Member To Class: ClassName=Designator Member=Component R34 100R 0.1%
Added Member To Class: ClassName=Designator Member=Component R35 54.9K 0.1%
Added Member To Class: ClassName=Designator Member=Component R36 33.3K 0.1%
Added Member To Class: ClassName=Designator Member=Component R37 400R 0.1%
Added Member To Class: ClassName=Designator Member=Component R38 220R
Added Member To Class: ClassName=Designator Member=Component R39 100R 0.1%
Added Member To Class: ClassName=Designator Member=Component R40 220R
Added Member To Class: ClassName=Designator Member=Component R41 400R 0.1%
Added Member To Class: ClassName=Designator Member=Component R42 54.9K 0.1%
Added Member To Class: ClassName=Designator Member=Component R43 33.3K 0.1%
Added Member To Class: ClassName=Designator Member=Component R44 100R 0.1%
Added Member To Class: ClassName=Designator Member=Component R45 54.9K 0.1%
Added Member To Class: ClassName=Designator Member=Component R46 33.3K 0.1%
Added Member To Class: ClassName=Designator Member=Component R47 10K
Added Member To Class: ClassName=Designator Member=Component R48 1K
Added Member To Class: ClassName=Designator Member=Component R51 10K
Added Member To Class: ClassName=Designator Member=Component R52 1K
Added Member To Class: ClassName=Designator Member=Component R53 1K
Added Member To Class: ClassName=Designator Member=Component R55 10K
Added Member To Class: ClassName=Designator Member=Component R56 1K
Added Member To Class: ClassName=Designator Member=Component R58 10K
Added Member To Class: ClassName=Designator Member=Component R59 10K
Added Member To Class: ClassName=Designator Member=Component R60 1K
Added Member To Class: ClassName=Designator Member=Component R61 1K
