Change Component Designator: OldDesignator=J3 NewDesignator=J4
Change Component Designator: OldDesignator=J4 NewDesignator=J5
Change Component Designator: OldDesignator=J5 NewDesignator=J6
Change Component Designator: OldDesignator=J6 NewDesignator=J7
Change Component Designator: OldDesignator=J7 NewDesignator=J8
Change Component Designator: OldDesignator=J8 NewDesignator=J9
Change Component Designator: OldDesignator=J9 NewDesignator=J10
Added Component: Designator=J3(7460307)
Add component (AddParameter): Name = "Arrow Part Number"; Value = ""; VariantName = "[No Variations]"
Add component (AddParameter): Name = "Arrow Price/Stock"; Value = ""; VariantName = "[No Variations]"
Add component (AddParameter): Name = "Datasheet Link"; Value = "https://katalog.we-online.com/em/datasheet/7460307.pdf"; VariantName = "[No Variations]"
Add component (AddParameter): Name = "Height"; Value = "7mm"; VariantName = "[No Variations]"
Add component (AddParameter): Name = "Manufacturer_Name"; Value = "Wurth Elektronik"; VariantName = "[No Variations]"
Add component (AddParameter): Name = "Manufacturer_Part_Number"; Value = "7460307"; VariantName = "[No Variations]"
Add component (AddParameter): Name = "Mouser Part Number"; Value = "710-7460307"; VariantName = "[No Variations]"
Add component (AddParameter): Name = "Mouser Price/Stock"; Value = "https://www.mouser.co.uk/ProductDetail/Wurth-Elektronik/7460307?qs=lykWx4dhCCG1TLZtVq%252B8cQ%3D%3D"; VariantName = "[No Variations]"
Added Pin To Net: NetName=ETH Pin=J3-1
Added Pin To Net: NetName=ETH Pin=J3-2
Added Pin To Net: NetName=ETH Pin=J3-3
Added Pin To Net: NetName=ETH Pin=J3-4
Added Pin To Net: NetName=ETH Pin=J3-5
Added Pin To Net: NetName=ETH Pin=J3-6
Added Pin To Net: NetName=ETH Pin=J3-7
Added Pin To Net: NetName=ETH Pin=J3-8
Change Net Name : Old Net Name=NetJ8_1 New Net Name=NetJ9_1
Change Net Name : Old Net Name=NetJ8_2 New Net Name=NetJ9_2
Add Class: Class already exists: Designator
Add Class: Class already exists: Designator
Added Member To Class: ClassName=Top_level Member=Component J3 7460307
