Removed Member From Class: ClassName=Designator Member=C3
Removed Member From Class: ClassName=Designator Member=C4
Removed Member From Class: ClassName=Designator Member=C5
Removed Member From Class: ClassName=Designator Member=C6
Removed Member From Class: ClassName=Designator Member=C7
Removed Member From Class: ClassName=Designator Member=J6
Removed Member From Class: ClassName=Designator Member=J7
Removed Member From Class: ClassName=Top_level Member=J8
Removed Member From Class: ClassName=Designator Member=Q11
Removed Member From Class: ClassName=Designator Member=Q12
Removed Member From Class: ClassName=Designator Member=Q13
Removed Member From Class: ClassName=Designator Member=Q14
Removed Member From Class: ClassName=Designator Member=R61
Removed Member From Class: ClassName=Designator Member=R62
Removed Member From Class: ClassName=Designator Member=R63
Removed Member From Class: ClassName=Designator Member=R64
Removed Member From Class: ClassName=Designator Member=R65
Removed Member From Class: ClassName=Designator Member=R66
Removed Member From Class: ClassName=Designator Member=R67
Removed Member From Class: ClassName=Designator Member=R68
Add Class: Class already exists: Designator
Add Class: Class already exists: Designator
Added Member To Class: ClassName=Top_level Member=Component J2 455-2247-ND
Added Member To Class: ClassName=Designator Member=Component J5 691322110008
Added Member To Class: ClassName=Designator Member=Component J6 691322110008
