Removed Pin From Net: NetName=NetR2_2 Pin=U2-33
Removed Pin From Net: NetName=uC_DO3 Pin=U2-37
Removed Member From Class: ClassName=Designator Member=C19
Removed Member From Class: ClassName=Designator Member=C20
Removed Member From Class: ClassName=Designator Member=Q6
Removed Member From Class: ClassName=Designator Member=Q12
Added Pin To Net: NetName=uC_DO3 Pin=U2-33
Added Pin To Net: NetName=NetR2_2 Pin=U2-36
Add Class: Class already exists: Designator
Added Member To Class: ClassName=Designator Member=Component C13 2.2nF/50V
Added Member To Class: ClassName=Designator Member=Component C14 2.2nF/50V
Added Member To Class: ClassName=Designator Member=Component C19 2.2nF/50V
Added Member To Class: ClassName=Designator Member=Component C20 2.2nF/50V
Added Member To Class: ClassName=Designator Member=Component C23 100pF/16V
Added Member To Class: ClassName=Designator Member=Component C24 100pF/16V
Added Member To Class: ClassName=Designator Member=Component Q1 MMBT2222A-G
Added Member To Class: ClassName=Designator Member=Component Q4 TLX9291A_GBTPL,F
Added Member To Class: ClassName=Designator Member=Component Q5 BC807-40,215
Added Member To Class: ClassName=Designator Member=Component Q7 BC807-40,215
Added Member To Class: ClassName=Designator Member=Component Q8 TLX9291A_GBTPL,F
Added Member To Class: ClassName=Designator Member=Component Q10 TLX9291A_GBTPL,F
Added Member To Class: ClassName=Designator Member=Component Q11 BC807-40,215
Added Member To Class: ClassName=Designator Member=Component U3 LM358ADT
Added Member To Class: ClassName=Designator Member=Component U4 LOC111P
Added Member To Class: ClassName=Designator Member=Component U6 LOC111P
Added Member To Class: ClassName=Designator Member=Component U8 LOC111P
Added Member To Class: ClassName=Designator Member=Component U10 LOC111P
