Removed Pin From Net: NetName=GND Pin=BT1-NEG
Removed Pin From Net: NetName=3.3V_MCU Pin=C13-1
Removed Pin From Net: NetName=GND Pin=C13-2
Removed Pin From Net: NetName=GND Pin=C14-2
Removed Pin From Net: NetName=3.3V_MCU Pin=R2-2
Removed Pin From Net: NetName=3.3V_MCU Pin=R3-2
Removed Pin From Net: NetName=3.3V_MCU Pin=U3-2
Removed Pin From Net: NetName=GND Pin=U3-13
Removed Member From Class: ClassName=Designator Member=BT1
Remove Class Member: Failed to remove class member
Removed Member From Class: ClassName=Designator Member=C13
Remove Class Member: Failed to remove class member
Removed Member From Class: ClassName=Designator Member=C14
Remove Class Member: Failed to remove class member
Removed Member From Class: ClassName=Designator Member=U3
Remove Class Member: Failed to remove class member
Change Component Comment : Designator=R2 Old Comment=4.7K New Comment=1K
Change Component Comment : Designator=R3 Old Comment=4.7K New Comment=10K
Change Component Designator: OldDesignator=C15 NewDesignator=C13
Change Component Designator: OldDesignator=C16 NewDesignator=C14
Change Component Designator: OldDesignator=C17 NewDesignator=C15
Change Component Designator: OldDesignator=C18 NewDesignator=C16
Change Component Designator: OldDesignator=C19 NewDesignator=C17
Change Component Designator: OldDesignator=C20 NewDesignator=C18
Change Component Designator: OldDesignator=C21 NewDesignator=C19
Change Component Designator: OldDesignator=C22 NewDesignator=C20
Change Component Designator: OldDesignator=C23 NewDesignator=C21
Change Component Designator: OldDesignator=C24 NewDesignator=C22
Change Component Designator: OldDesignator=C25 NewDesignator=C23
Change Component Designator: OldDesignator=C26 NewDesignator=C24
Change Component Designator: OldDesignator=Q1 NewDesignator=Q2
Change Component Designator: OldDesignator=Q2 NewDesignator=Q3
Change Component Designator: OldDesignator=Q3 NewDesignator=Q4
Change Component Designator: OldDesignator=Q4 NewDesignator=Q5
Change Component Designator: OldDesignator=Q5 NewDesignator=Q6
Change Component Designator: OldDesignator=Q6 NewDesignator=Q7
Change Component Designator: OldDesignator=Q7 NewDesignator=Q8
Change Component Designator: OldDesignator=Q8 NewDesignator=Q9
Change Component Designator: OldDesignator=Q9 NewDesignator=Q10
Change Component Designator: OldDesignator=Q10 NewDesignator=Q11
Change Component Designator: OldDesignator=Q11 NewDesignator=Q12
Change Component Designator: OldDesignator=Q12 NewDesignator=Q13
Change Component Designator: OldDesignator=Q13 NewDesignator=Q14
Change Component Designator: OldDesignator=Q14 NewDesignator=Q15
Change Component Designator: OldDesignator=U4 NewDesignator=U3
Change Component Designator: OldDesignator=U5 NewDesignator=U4
Change Component Designator: OldDesignator=U6 NewDesignator=U5
Change Component Designator: OldDesignator=U7 NewDesignator=U6
Change Component Designator: OldDesignator=U8 NewDesignator=U7
Change Component Designator: OldDesignator=U9 NewDesignator=U8
Change Component Designator: OldDesignator=U10 NewDesignator=U9
Change Component Designator: OldDesignator=U11 NewDesignator=U10
Added Component: Designator=J11(HDRV2W67P254_2X1_254X483X858P)
Add component (AddParameter): Name = "Arrow Part Number"; Value = "67997-200HLF"; VariantName = "[No Variations]"
Add component (AddParameter): Name = "Arrow Price/Stock"; Value = "https://www.arrow.com/en/products/67997-200hlf/amphenol-fci"; VariantName = "[No Variations]"
Add component (AddParameter): Name = "Datasheet Link"; Value = "https://cdn.amphenol-cs.com/media/wysiwyg/files/drawing/67996.pdf"; VariantName = "[No Variations]"
Add component (AddParameter): Name = "Height"; Value = "8.58mm"; VariantName = "[No Variations]"
Add component (AddParameter): Name = "Manufacturer_Name"; Value = "Amphenol Communications Solutions"; VariantName = "[No Variations]"
Add component (AddParameter): Name = "Manufacturer_Part_Number"; Value = "67997-200HLF"; VariantName = "[No Variations]"
Add component (AddParameter): Name = "Mouser Part Number"; Value = "649-67997-200HLF"; VariantName = "[No Variations]"
Add component (AddParameter): Name = "Mouser Price/Stock"; Value = "https://www.mouser.co.uk/ProductDetail/Amphenol-FCI/67997-200HLF?qs=cpLrBgdhsoGV8OGn4cOuWg%3D%3D"; VariantName = "[No Variations]"
Added Component: Designator=Q1(SOT95P240X115-3N)
Add component (AddParameter): Name = "Arrow Part Number"; Value = "MMBT2222A-G"; VariantName = "[No Variations]"
Add component (AddParameter): Name = "Arrow Price/Stock"; Value = "https://www.arrow.com/en/products/mmbt2222a-g/comchip-technology?region=nac"; VariantName = "[No Variations]"
Add component (AddParameter): Name = "Datasheet Link"; Value = "https://datasheet.datasheetarchive.com/originals/distributors/Datasheets-7/DSA-138996.pdf"; VariantName = "[No Variations]"
Add component (AddParameter): Name = "Height"; Value = "1.15mm"; VariantName = "[No Variations]"
Add component (AddParameter): Name = "Manufacturer_Name"; Value = "Comchip Technology"; VariantName = "[No Variations]"
Add component (AddParameter): Name = "Manufacturer_Part_Number"; Value = "MMBT2222A-G"; VariantName = "[No Variations]"
Add component (AddParameter): Name = "Mouser Part Number"; Value = "750-MMBT2222A-G"; VariantName = "[No Variations]"
Add component (AddParameter): Name = "Mouser Price/Stock"; Value = "https://www.mouser.co.uk/ProductDetail/Comchip-Technology/MMBT2222A-G?qs=2qJf6qQ4IOIM%2FSE9iCL8gQ%3D%3D"; VariantName = "[No Variations]"
Added Pin To Net: NetName=GND Pin=Q1-2
Added Pin To Net: NetName=GND Pin=R3-1
Change Net Name : Old Net Name=NetC23_1 New Net Name=NetC21_1
Change Net Name : Old Net Name=NetC23_2 New Net Name=NetC21_2
Change Net Name : Old Net Name=NetC24_1 New Net Name=NetC22_1
Change Net Name : Old Net Name=NetC24_2 New Net Name=NetC22_2
Change Net Name : Old Net Name=NetC25_1 New Net Name=NetC23_1
Change Net Name : Old Net Name=NetC25_2 New Net Name=NetC23_2
Change Net Name : Old Net Name=NetC26_1 New Net Name=NetC24_1
Change Net Name : Old Net Name=NetC26_2 New Net Name=NetC24_2
Change Net Name : Old Net Name=NetQ1_1 New Net Name=NetQ2_1
Change Net Name : Old Net Name=NetQ2_1 New Net Name=NetQ3_1
Change Net Name : Old Net Name=NetQ3_1 New Net Name=NetQ4_1
Change Net Name : Old Net Name=NetQ3_4 New Net Name=NetQ4_4
Change Net Name : Old Net Name=NetQ4_1 New Net Name=NetQ5_1
Change Net Name : Old Net Name=NetQ5_1 New Net Name=NetQ6_1
Change Net Name : Old Net Name=NetQ5_4 New Net Name=NetQ6_4
Change Net Name : Old Net Name=NetQ6_1 New Net Name=NetQ7_1
Change Net Name : Old Net Name=NetQ7_1 New Net Name=NetQ8_1
Change Net Name : Old Net Name=NetQ7_4 New Net Name=NetQ8_4
Change Net Name : Old Net Name=NetQ8_1 New Net Name=NetQ9_1
Change Net Name : Old Net Name=NetQ9_1 New Net Name=NetQ10_1
Change Net Name : Old Net Name=NetQ9_4 New Net Name=NetQ10_4
Change Net Name : Old Net Name=NetQ10_1 New Net Name=NetQ11_1
Change Net Name : Old Net Name=NetQ11_1 New Net Name=NetQ12_1
Change Net Name : Old Net Name=NetQ12_1 New Net Name=NetQ13_1
Change Net Name : Old Net Name=NetQ12_4 New Net Name=NetQ13_4
Change Net Name : Old Net Name=NetQ13_1 New Net Name=NetQ14_1
Change Net Name : Old Net Name=NetQ14_1 New Net Name=NetQ15_1
Change Net Name : Old Net Name=NetQ14_4 New Net Name=NetQ15_4
Added Pin To Net: NetName=NetJ11_1 Pin=J11-1
Added Pin To Net: NetName=NetJ11_1 Pin=Q1-3
Added Net: Name=NetJ11_1
Added Pin To Net: NetName=NetQ1_1 Pin=Q1-1
Added Pin To Net: NetName=NetQ1_1 Pin=R2-1
Added Pin To Net: NetName=NetQ1_1 Pin=R3-2
Added Net: Name=NetQ1_1
Added Pin To Net: NetName=NetR2_2 Pin=R2-2
Added Pin To Net: NetName=NetR2_2 Pin=U2-33
Added Net: Name=NetR2_2
Added Member To Class: ClassName=Designator Member=Component C2 0.1uF
Added Member To Class: ClassName=Designator Member=Component C3 1uF
Added Member To Class: ClassName=Designator Member=Component C4 2.2uF
Added Member To Class: ClassName=Designator Member=Component C5 0.1uF
Added Member To Class: ClassName=Designator Member=Component C6 22uF
Added Member To Class: ClassName=Designator Member=Component C7 0.1uF
Added Member To Class: ClassName=Designator Member=Component C8 T493X227K010BH6420_220uF
Added Member To Class: ClassName=Designator Member=Component C9 10nF
Added Member To Class: ClassName=Designator Member=Component IC1 MIC3490-5.0YM5-TR
Added Member To Class: ClassName=Designator Member=Component J4 1-1123723-2
Added Member To Class: ClassName=Designator Member=Component J5 1-1123723-2
Added Member To Class: ClassName=Designator Member=Component J11 67997-200HLF
Added Member To Class: ClassName=Designator Member=Component Q3 MMBT2222A-G
Added Member To Class: ClassName=Designator Member=Component Q12 BC807-40,215
Added Member To Class: ClassName=Designator Member=Component Q13 TLX9291A_GBTPL,F
Added Member To Class: ClassName=Designator Member=Component Q14 BC807-40,215
Added Member To Class: ClassName=Designator Member=Component Q15 TLX9291A_GBTPL,F
Added Member To Class: ClassName=Designator Member=Component R59 10K
Added Member To Class: ClassName=Designator Member=Component R60 1K
Added Member To Class: ClassName=Designator Member=Component R61 10K
Added Member To Class: ClassName=Designator Member=Component R62 10K
Added Member To Class: ClassName=Designator Member=Component R63 10K
Added Member To Class: ClassName=Designator Member=Component R64 1K
Added Member To Class: ClassName=Designator Member=Component R65 10K
Added Member To Class: ClassName=Designator Member=Component R66 10K
Added Member To Class: ClassName=Designator Member=Component U1 SPX3819M5-L-3-3/TR
