Change Component Footprint: Designator=Power / LED in1 Old Footprint=282836-3 New Footprint=282836-3
Change Component Footprint: Designator=Power / LED out1 Old Footprint=282836-3 New Footprint=282836-3
Change Component Footprint: Designator=C1 Old Footprint=CAPC1005X56X25NL10T15 New Footprint=CAPC1005X56X25NL10T15
Change Component Footprint: Designator=C2 Old Footprint=CAPC1005X56X25NL10T15 New Footprint=CAPC1005X56X25NL10T15
Change Component Footprint: Designator=C3 Old Footprint=CAPC1005X56X25NL10T15 New Footprint=CAPC1005X56X25NL10T15
Change Component Footprint: Designator=C4 Old Footprint=CAPC1005X56X25NL10T15 New Footprint=CAPC1005X56X25NL10T15
Change Component Footprint: Designator=C5 Old Footprint=CAPC1005X56X25NL10T15 New Footprint=CAPC1005X56X25NL10T15
Change Component Footprint: Designator=C6 Old Footprint=CAPC1005X56X25NL10T15 New Footprint=CAPC1005X56X25NL10T15
Change Component Footprint: Designator=C7 Old Footprint=CAPC1005X56X25NL10T15 New Footprint=CAPC1005X56X25NL10T15
Change Component Footprint: Designator=C8 Old Footprint=CAPC1005X56X25NL10T15 New Footprint=CAPC1005X56X25NL10T15
Change Component Footprint: Designator=C9 Old Footprint=CAPC1005X56X25NL10T15 New Footprint=CAPC1005X56X25NL10T15
Change Component Footprint: Designator=C10 Old Footprint=CAPC1005X56X25NL10T15 New Footprint=CAPC1005X56X25NL10T15
Change Component Footprint: Designator=C11 Old Footprint=CAPC1005X56X25NL10T15 New Footprint=CAPC1005X56X25NL10T15
Change Component Footprint: Designator=C12 Old Footprint=CAPC1005X56X25NL10T15 New Footprint=CAPC1005X56X25NL10T15
Change Component Footprint: Designator=C13 Old Footprint=CAPC1005X56X25NL10T15 New Footprint=CAPC1005X56X25NL10T15
Change Component Footprint: Designator=C14 Old Footprint=CAPC1005X56X25NL10T15 New Footprint=CAPC1005X56X25NL10T15
Change Component Footprint: Designator=C15 Old Footprint=CAPC1005X56X25NL10T15 New Footprint=CAPC1005X56X25NL10T15
Change Component Footprint: Designator=C16 Old Footprint=CAPC1005X56X25NL10T15 New Footprint=CAPC1005X56X25NL10T15
Change Component Footprint: Designator=C17 Old Footprint=CAPC1005X56X25NL10T15 New Footprint=CAPC1005X56X25NL10T15
Change Component Footprint: Designator=C18 Old Footprint=CAPC1005X56X25NL10T15 New Footprint=CAPC1005X56X25NL10T15
Change Component Footprint: Designator=C19 Old Footprint=CAPC1005X56X25NL10T15 New Footprint=CAPC1005X56X25NL10T15
Change Component Footprint: Designator=C20 Old Footprint=CAPC1005X56X25NL10T15 New Footprint=CAPC1005X56X25NL10T15
Change Component Footprint: Designator=C21 Old Footprint=CAPC1005X56X25NL10T15 New Footprint=CAPC1005X56X25NL10T15
Change Component Footprint: Designator=C22 Old Footprint=CAPC1005X56X25NL10T15 New Footprint=CAPC1005X56X25NL10T15
Change Component Footprint: Designator=C23 Old Footprint=CAPC1005X56X25NL10T15 New Footprint=CAPC1005X56X25NL10T15
Change Component Footprint: Designator=C24 Old Footprint=CAPC1005X56X25NL10T15 New Footprint=CAPC1005X56X25NL10T15
Change Component Footprint: Designator=C25 Old Footprint=CAPC1005X56X25NL10T15 New Footprint=CAPC1005X56X25NL10T15
Change Component Footprint: Designator=C26 Old Footprint=CAPC1005X56X25NL10T15 New Footprint=CAPC1005X56X25NL10T15
Change Component Footprint: Designator=C27 Old Footprint=CAPC1005X56X25NL10T15 New Footprint=CAPC1005X56X25NL10T15
Change Component Footprint: Designator=C28 Old Footprint=CAPC1005X56X25NL10T15 New Footprint=CAPC1005X56X25NL10T15
Change Component Footprint: Designator=C29 Old Footprint=CAPC1005X56X25NL10T15 New Footprint=CAPC1005X56X25NL10T15
Change Component Footprint: Designator=C30 Old Footprint=CAPC1005X56X25NL10T15 New Footprint=CAPC1005X56X25NL10T15
Change Component Footprint: Designator=C31 Old Footprint=CAPC1005X56X25NL10T15 New Footprint=CAPC1005X56X25NL10T15
Change Component Footprint: Designator=C32 Old Footprint=CAPC1005X56X25NL10T15 New Footprint=CAPC1005X56X25NL10T15
Change Component Footprint: Designator=C33 Old Footprint=CAPC1005X56X25NL10T15 New Footprint=CAPC1005X56X25NL10T15
Change Component Footprint: Designator=C34 Old Footprint=CAPC1005X56X25NL10T15 New Footprint=CAPC1005X56X25NL10T15
Change Component Footprint: Designator=C35 Old Footprint=CAPC1005X56X25NL10T15 New Footprint=CAPC1005X56X25NL10T15
Change Component Footprint: Designator=C36 Old Footprint=CAPC1005X56X25NL10T15 New Footprint=CAPC1005X56X25NL10T15
Change Component Footprint: Designator=C37 Old Footprint=CAPC1005X56X25NL10T15 New Footprint=CAPC1005X56X25NL10T15
Change Component Footprint: Designator=C38 Old Footprint=CAPC1005X56X25NL10T15 New Footprint=CAPC1005X56X25NL10T15
Change Component Footprint: Designator=C39 Old Footprint=CAPC1005X56X25NL10T15 New Footprint=CAPC1005X56X25NL10T15
Change Component Footprint: Designator=C40 Old Footprint=CAPC1005X56X25NL10T15 New Footprint=CAPC1005X56X25NL10T15
Change Component Footprint: Designator=C41 Old Footprint=CAPC1005X56X25NL10T15 New Footprint=CAPC1005X56X25NL10T15
Change Component Footprint: Designator=C42 Old Footprint=CAPC1005X56X25NL10T15 New Footprint=CAPC1005X56X25NL10T15
Change Component Footprint: Designator=C43 Old Footprint=CAPC1005X56X25NL10T15 New Footprint=CAPC1005X56X25NL10T15
Change Component Footprint: Designator=C44 Old Footprint=CAPC1005X56X25NL10T15 New Footprint=CAPC1005X56X25NL10T15
Change Component Footprint: Designator=C45 Old Footprint=CAPC1005X56X25NL10T15 New Footprint=CAPC1005X56X25NL10T15
Change Component Footprint: Designator=C46 Old Footprint=CAPC1005X56X25NL10T15 New Footprint=CAPC1005X56X25NL10T15
Change Component Footprint: Designator=C47 Old Footprint=CAPC1005X56X25NL10T15 New Footprint=CAPC1005X56X25NL10T15
Change Component Footprint: Designator=C48 Old Footprint=CAPC1005X56X25NL10T15 New Footprint=CAPC1005X56X25NL10T15
Change Component Footprint: Designator=C49 Old Footprint=CAPC1005X56X25NL10T15 New Footprint=CAPC1005X56X25NL10T15
Change Component Footprint: Designator=C50 Old Footprint=CAPC1005X56X25NL10T15 New Footprint=CAPC1005X56X25NL10T15
Change Component Footprint: Designator=C51 Old Footprint=CAPC1005X56X25NL10T15 New Footprint=CAPC1005X56X25NL10T15
Change Component Footprint: Designator=C52 Old Footprint=CAPC1005X56X25NL10T15 New Footprint=CAPC1005X56X25NL10T15
Change Component Footprint: Designator=C53 Old Footprint=CAPC1005X56X25NL10T15 New Footprint=CAPC1005X56X25NL10T15
Change Component Footprint: Designator=C54 Old Footprint=CAPC1005X56X25NL10T15 New Footprint=CAPC1005X56X25NL10T15
Change Component Footprint: Designator=C55 Old Footprint=CAPC1005X56X25NL10T15 New Footprint=CAPC1005X56X25NL10T15
Change Component Footprint: Designator=C56 Old Footprint=CAPC1005X56X25NL10T15 New Footprint=CAPC1005X56X25NL10T15
Change Component Footprint: Designator=C57 Old Footprint=CAPC1005X56X25NL10T15 New Footprint=CAPC1005X56X25NL10T15
Change Component Footprint: Designator=R1 Old Footprint=CAPC1608X90X35NL15T15 New Footprint=CAPC1608X90X35NL15T15
Change Component Footprint: Designator=R2 Old Footprint=CAPC1608X90X35NL15T15 New Footprint=CAPC1608X90X35NL15T15
Change Component Footprint: Designator=CPU Con1 Old Footprint=Harwin 40 pin Female New Footprint=Harwin 40 pin Female
Change Component Footprint: Designator=USB-C1 Old Footprint=Hooya USB-310M-B-SU-Footprint-1 New Footprint=Hooya USB-310M-B-SU-Footprint-1
Change Component Footprint: Designator=CPU-Con1 Old Footprint=Liansheng_FH-00148_Footprint_01 New Footprint=Liansheng_FH-00148_Footprint_01
Change Component Footprint: Designator=U2 Old Footprint=PCB-4n9l8bvb0hxmq9svv09s-1 New Footprint=PCB-4n9l8bvb0hxmq9svv09s-1
Change Component Footprint: Designator=IFR Old Footprint=PCB-18681qzhn4j348g96a9l-1 New Footprint=PCB-18681qzhn4j348g96a9l-1
Change Component Footprint: Designator=INVALID Old Footprint=PCB-18681qzhn4j348g96a9l-1 New Footprint=PCB-18681qzhn4j348g96a9l-1
Change Component Footprint: Designator=LIFR Old Footprint=PCB-18681qzhn4j348g96a9l-1 New Footprint=PCB-18681qzhn4j348g96a9l-1
Change Component Footprint: Designator=MVFR Old Footprint=PCB-18681qzhn4j348g96a9l-1 New Footprint=PCB-18681qzhn4j348g96a9l-1
Change Component Footprint: Designator=PAAK Old Footprint=PCB-18681qzhn4j348g96a9l-1 New Footprint=PCB-18681qzhn4j348g96a9l-1
Change Component Footprint: Designator=PAAQ Old Footprint=PCB-18681qzhn4j348g96a9l-1 New Footprint=PCB-18681qzhn4j348g96a9l-1
Change Component Footprint: Designator=PABE Old Footprint=PCB-18681qzhn4j348g96a9l-1 New Footprint=PCB-18681qzhn4j348g96a9l-1
Change Component Footprint: Designator=PABV Old Footprint=PCB-18681qzhn4j348g96a9l-1 New Footprint=PCB-18681qzhn4j348g96a9l-1
Change Component Footprint: Designator=PADL Old Footprint=PCB-18681qzhn4j348g96a9l-1 New Footprint=PCB-18681qzhn4j348g96a9l-1
Change Component Footprint: Designator=PADQ Old Footprint=PCB-18681qzhn4j348g96a9l-1 New Footprint=PCB-18681qzhn4j348g96a9l-1
Change Component Footprint: Designator=PAED Old Footprint=PCB-18681qzhn4j348g96a9l-1 New Footprint=PCB-18681qzhn4j348g96a9l-1
Change Component Footprint: Designator=PAEH Old Footprint=PCB-18681qzhn4j348g96a9l-1 New Footprint=PCB-18681qzhn4j348g96a9l-1
Change Component Footprint: Designator=PAEN Old Footprint=PCB-18681qzhn4j348g96a9l-1 New Footprint=PCB-18681qzhn4j348g96a9l-1
Change Component Footprint: Designator=PAFR Old Footprint=PCB-18681qzhn4j348g96a9l-1 New Footprint=PCB-18681qzhn4j348g96a9l-1
Change Component Footprint: Designator=PAHO Old Footprint=PCB-18681qzhn4j348g96a9l-1 New Footprint=PCB-18681qzhn4j348g96a9l-1
Change Component Footprint: Designator=PAIG Old Footprint=PCB-18681qzhn4j348g96a9l-1 New Footprint=PCB-18681qzhn4j348g96a9l-1
Change Component Footprint: Designator=PAIL Old Footprint=PCB-18681qzhn4j348g96a9l-1 New Footprint=PCB-18681qzhn4j348g96a9l-1
Change Component Footprint: Designator=PAJC Old Footprint=PCB-18681qzhn4j348g96a9l-1 New Footprint=PCB-18681qzhn4j348g96a9l-1
Change Component Footprint: Designator=PAJZ Old Footprint=PCB-18681qzhn4j348g96a9l-1 New Footprint=PCB-18681qzhn4j348g96a9l-1
Change Component Footprint: Designator=PAKH Old Footprint=PCB-18681qzhn4j348g96a9l-1 New Footprint=PCB-18681qzhn4j348g96a9l-1
Change Component Footprint: Designator=PAKN Old Footprint=PCB-18681qzhn4j348g96a9l-1 New Footprint=PCB-18681qzhn4j348g96a9l-1
Change Component Footprint: Designator=PAKX Old Footprint=PCB-18681qzhn4j348g96a9l-1 New Footprint=PCB-18681qzhn4j348g96a9l-1
Change Component Footprint: Designator=PALG Old Footprint=PCB-18681qzhn4j348g96a9l-1 New Footprint=PCB-18681qzhn4j348g96a9l-1
Change Component Footprint: Designator=PALH Old Footprint=PCB-18681qzhn4j348g96a9l-1 New Footprint=PCB-18681qzhn4j348g96a9l-1
Change Component Footprint: Designator=PAMB Old Footprint=PCB-18681qzhn4j348g96a9l-1 New Footprint=PCB-18681qzhn4j348g96a9l-1
Change Component Footprint: Designator=PAMR Old Footprint=PCB-18681qzhn4j348g96a9l-1 New Footprint=PCB-18681qzhn4j348g96a9l-1
Change Component Footprint: Designator=PANI Old Footprint=PCB-18681qzhn4j348g96a9l-1 New Footprint=PCB-18681qzhn4j348g96a9l-1
Change Component Footprint: Designator=PANW Old Footprint=PCB-18681qzhn4j348g96a9l-1 New Footprint=PCB-18681qzhn4j348g96a9l-1
Change Component Footprint: Designator=PAOO Old Footprint=PCB-18681qzhn4j348g96a9l-1 New Footprint=PCB-18681qzhn4j348g96a9l-1
Change Component Footprint: Designator=PAOU Old Footprint=PCB-18681qzhn4j348g96a9l-1 New Footprint=PCB-18681qzhn4j348g96a9l-1
Change Component Footprint: Designator=PAPE Old Footprint=PCB-18681qzhn4j348g96a9l-1 New Footprint=PCB-18681qzhn4j348g96a9l-1
Change Component Footprint: Designator=PAPH Old Footprint=PCB-18681qzhn4j348g96a9l-1 New Footprint=PCB-18681qzhn4j348g96a9l-1
Change Component Footprint: Designator=PAPM Old Footprint=PCB-18681qzhn4j348g96a9l-1 New Footprint=PCB-18681qzhn4j348g96a9l-1
Change Component Footprint: Designator=PAPN Old Footprint=PCB-18681qzhn4j348g96a9l-1 New Footprint=PCB-18681qzhn4j348g96a9l-1
Change Component Footprint: Designator=PAQH Old Footprint=PCB-18681qzhn4j348g96a9l-1 New Footprint=PCB-18681qzhn4j348g96a9l-1
Change Component Footprint: Designator=PASD Old Footprint=PCB-18681qzhn4j348g96a9l-1 New Footprint=PCB-18681qzhn4j348g96a9l-1
Change Component Footprint: Designator=PASL Old Footprint=PCB-18681qzhn4j348g96a9l-1 New Footprint=PCB-18681qzhn4j348g96a9l-1
Change Component Footprint: Designator=PASO Old Footprint=PCB-18681qzhn4j348g96a9l-1 New Footprint=PCB-18681qzhn4j348g96a9l-1
Change Component Footprint: Designator=PASV Old Footprint=PCB-18681qzhn4j348g96a9l-1 New Footprint=PCB-18681qzhn4j348g96a9l-1
Change Component Footprint: Designator=PASX Old Footprint=PCB-18681qzhn4j348g96a9l-1 New Footprint=PCB-18681qzhn4j348g96a9l-1
Change Component Footprint: Designator=PATG Old Footprint=PCB-18681qzhn4j348g96a9l-1 New Footprint=PCB-18681qzhn4j348g96a9l-1
Change Component Footprint: Designator=PATK Old Footprint=PCB-18681qzhn4j348g96a9l-1 New Footprint=PCB-18681qzhn4j348g96a9l-1
Change Component Footprint: Designator=PAVC Old Footprint=PCB-18681qzhn4j348g96a9l-1 New Footprint=PCB-18681qzhn4j348g96a9l-1
Change Component Footprint: Designator=PAWD Old Footprint=PCB-18681qzhn4j348g96a9l-1 New Footprint=PCB-18681qzhn4j348g96a9l-1
Change Component Footprint: Designator=PAWR Old Footprint=PCB-18681qzhn4j348g96a9l-1 New Footprint=PCB-18681qzhn4j348g96a9l-1
Change Component Footprint: Designator=PAWS Old Footprint=PCB-18681qzhn4j348g96a9l-1 New Footprint=PCB-18681qzhn4j348g96a9l-1
Change Component Footprint: Designator=PFCL Old Footprint=PCB-18681qzhn4j348g96a9l-1 New Footprint=PCB-18681qzhn4j348g96a9l-1
Change Component Footprint: Designator=PFKW Old Footprint=PCB-18681qzhn4j348g96a9l-1 New Footprint=PCB-18681qzhn4j348g96a9l-1
Change Component Footprint: Designator=PFWS Old Footprint=PCB-18681qzhn4j348g96a9l-1 New Footprint=PCB-18681qzhn4j348g96a9l-1
Change Component Footprint: Designator=PFZK Old Footprint=PCB-18681qzhn4j348g96a9l-1 New Footprint=PCB-18681qzhn4j348g96a9l-1
Change Component Footprint: Designator=VFR Old Footprint=PCB-18681qzhn4j348g96a9l-1 New Footprint=PCB-18681qzhn4j348g96a9l-1
Change Component Footprint: Designator=U1 Old Footprint=PCB-19361381-1 New Footprint=PCB-19361381-1
Change Component Footprint: Designator=Power Conn1 Old Footprint=PCB-h5dulpljww4oyv25n50t-1 New Footprint=PCB-h5dulpljww4oyv25n50t-1
Change Component Footprint: Designator=Mount_foot1 Old Footprint=PCB-q0vxx67e01kaxtvhakkm-1 New Footprint=PCB-q0vxx67e01kaxtvhakkm-1
Change Component Footprint: Designator=Mount_Foot2 Old Footprint=PCB-q0vxx67e01kaxtvhakkm-1 New Footprint=PCB-q0vxx67e01kaxtvhakkm-1
Change Component Footprint: Designator=Mounting Case 1 Old Footprint=PCB-q0vxx67e01kaxtvhakkm-1 New Footprint=PCB-q0vxx67e01kaxtvhakkm-1
Change Component Footprint: Designator=Mounting Case 2 Old Footprint=PCB-q0vxx67e01kaxtvhakkm-1 New Footprint=PCB-q0vxx67e01kaxtvhakkm-1
Change Component Footprint: Designator=Mounting Case 3 Old Footprint=PCB-q0vxx67e01kaxtvhakkm-1 New Footprint=PCB-q0vxx67e01kaxtvhakkm-1
Change Component Footprint: Designator=Mounting Case 4 Old Footprint=PCB-q0vxx67e01kaxtvhakkm-1 New Footprint=PCB-q0vxx67e01kaxtvhakkm-1
Change Component Footprint: Designator=Mounting Frame 1 Old Footprint=PCB-q0vxx67e01kaxtvhakkm-1 New Footprint=PCB-q0vxx67e01kaxtvhakkm-1
Change Component Footprint: Designator=Mounting Frame 2 Old Footprint=PCB-q0vxx67e01kaxtvhakkm-1 New Footprint=PCB-q0vxx67e01kaxtvhakkm-1
Change Component Footprint: Designator=Mounting Frame 3 Old Footprint=PCB-q0vxx67e01kaxtvhakkm-1 New Footprint=PCB-q0vxx67e01kaxtvhakkm-1
Change Component Footprint: Designator=Mounting Frame 4 Old Footprint=PCB-q0vxx67e01kaxtvhakkm-1 New Footprint=PCB-q0vxx67e01kaxtvhakkm-1
Change Component Footprint: Designator=Mounting Frame 5 Old Footprint=PCB-q0vxx67e01kaxtvhakkm-1 New Footprint=PCB-q0vxx67e01kaxtvhakkm-1
Change Component Footprint: Designator=Mounting Frame 6 Old Footprint=PCB-q0vxx67e01kaxtvhakkm-1 New Footprint=PCB-q0vxx67e01kaxtvhakkm-1
Change Component Footprint: Designator=Mounting Frame 7 Old Footprint=PCB-q0vxx67e01kaxtvhakkm-1 New Footprint=PCB-q0vxx67e01kaxtvhakkm-1
Change Component Footprint: Designator=Mounting Frame 8 Old Footprint=PCB-q0vxx67e01kaxtvhakkm-1 New Footprint=PCB-q0vxx67e01kaxtvhakkm-1
Change Component Footprint: Designator=Mounting Frame 9 Old Footprint=PCB-q0vxx67e01kaxtvhakkm-1 New Footprint=PCB-q0vxx67e01kaxtvhakkm-1
Change Component Footprint: Designator=Mounting Frame 10 Old Footprint=PCB-q0vxx67e01kaxtvhakkm-1 New Footprint=PCB-q0vxx67e01kaxtvhakkm-1
Change Component Footprint: Designator=Mounting Frame 11 Old Footprint=PCB-q0vxx67e01kaxtvhakkm-1 New Footprint=PCB-q0vxx67e01kaxtvhakkm-1
Change Component Footprint: Designator=Mounting Frame 12 Old Footprint=PCB-q0vxx67e01kaxtvhakkm-1 New Footprint=PCB-q0vxx67e01kaxtvhakkm-1
Change Component Footprint: Designator=Side1 Old Footprint=PCB-q0vxx67e01kaxtvhakkm-1 New Footprint=PCB-q0vxx67e01kaxtvhakkm-1
Change Component Footprint: Designator=Side2 Old Footprint=PCB-q0vxx67e01kaxtvhakkm-1 New Footprint=PCB-q0vxx67e01kaxtvhakkm-1
Change Component Footprint: Designator=Side3 Old Footprint=PCB-q0vxx67e01kaxtvhakkm-1 New Footprint=PCB-q0vxx67e01kaxtvhakkm-1
Change Component Footprint: Designator=Side4 Old Footprint=PCB-q0vxx67e01kaxtvhakkm-1 New Footprint=PCB-q0vxx67e01kaxtvhakkm-1
Change Component Footprint: Designator=Side5 Old Footprint=PCB-q0vxx67e01kaxtvhakkm-1 New Footprint=PCB-q0vxx67e01kaxtvhakkm-1
Change Component Footprint: Designator=Side6 Old Footprint=PCB-q0vxx67e01kaxtvhakkm-1 New Footprint=PCB-q0vxx67e01kaxtvhakkm-1
Change Component Footprint: Designator=Side7 Old Footprint=PCB-q0vxx67e01kaxtvhakkm-1 New Footprint=PCB-q0vxx67e01kaxtvhakkm-1
Change Component Footprint: Designator=Side8 Old Footprint=PCB-q0vxx67e01kaxtvhakkm-1 New Footprint=PCB-q0vxx67e01kaxtvhakkm-1
Added Component: Designator=MH29(Mounting Hole 14mm)
Added Member To Class: ClassName=Alaska 2-1 Member=Component MH29 Hole 14mm diameter
