Change Component Designator: Old Designator=C? New Designator=C1
Change Component Designator: Old Designator=C? New Designator=C2
Change Component Designator: Old Designator=C? New Designator=C3
Change Component Designator: Old Designator=C? New Designator=C4
Change Component Designator: Old Designator=C? New Designator=C5
Change Component Designator: Old Designator=C? New Designator=C6
Change Component Designator: Old Designator=C? New Designator=C7
Change Component Designator: Old Designator=C? New Designator=C8
Change Component Designator: Old Designator=C? New Designator=C9
Change Component Designator: Old Designator=C? New Designator=C10
Change Component Designator: Old Designator=C? New Designator=C11
Change Component Designator: Old Designator=C? New Designator=C12
Change Component Designator: Old Designator=C? New Designator=C13
Change Component Designator: Old Designator=C? New Designator=C14
Change Component Designator: Old Designator=C? New Designator=C15
Change Component Designator: Old Designator=C? New Designator=C16
Change Component Designator: Old Designator=C? New Designator=C17
Change Component Designator: Old Designator=C? New Designator=C18
Change Component Designator: Old Designator=C? New Designator=C19
Change Component Designator: Old Designator=C? New Designator=C20
Change Component Designator: Old Designator=C? New Designator=C21
Change Component Designator: Old Designator=C? New Designator=C22
Change Component Designator: Old Designator=C? New Designator=C23
Change Component Designator: Old Designator=C? New Designator=C24
Change Component Designator: Old Designator=C? New Designator=C25
Change Component Designator: Old Designator=C? New Designator=C26
Change Component Designator: Old Designator=C? New Designator=C27
Change Component Designator: Old Designator=C? New Designator=C28
Change Component Designator: Old Designator=C? New Designator=C29
Change Component Designator: Old Designator=C? New Designator=C30
Change Component Designator: Old Designator=C? New Designator=C31
Change Component Designator: Old Designator=C? New Designator=C32
Change Component Designator: Old Designator=C? New Designator=C33
Change Component Designator: Old Designator=C? New Designator=C34
Change Component Designator: Old Designator=C? New Designator=C35
Change Component Designator: Old Designator=C? New Designator=C36
Change Component Designator: Old Designator=C? New Designator=C37
Change Component Designator: Old Designator=C? New Designator=C38
Change Component Designator: Old Designator=C? New Designator=C39
Change Component Designator: Old Designator=C? New Designator=C40
Change Component Designator: Old Designator=C? New Designator=C41
Change Component Designator: Old Designator=C? New Designator=C42
Change Component Designator: Old Designator=C? New Designator=C43
Change Component Designator: Old Designator=C? New Designator=C44
Change Component Designator: Old Designator=C? New Designator=C45
Change Component Designator: Old Designator=C? New Designator=C46
Change Component Designator: Old Designator=C? New Designator=C47
Change Component Designator: Old Designator=C? New Designator=C48
Change Component Designator: Old Designator=C? New Designator=C49
Change Component Designator: Old Designator=C? New Designator=C50
Change Component Designator: Old Designator=C? New Designator=C51
Change Component Designator: Old Designator=C? New Designator=C52
Change Component Designator: Old Designator=C? New Designator=C53
Change Component Designator: Old Designator=C? New Designator=C54
Change Component Designator: Old Designator=C? New Designator=C55
Change Component Designator: Old Designator=C? New Designator=C56
Change Component Designator: Old Designator=C? New Designator=C57
Change Component Designator: Old Designator=Connector In? New Designator=Connector In1
Change Component Designator: Old Designator=Connector Out? New Designator=Connector Out1
Change Component Designator: Old Designator=CPU-Con? New Designator=CPU-Con1
Change Component Designator: Old Designator=CPU Con? New Designator=CPU Con1
Change Component Designator: Old Designator=MH? New Designator=MH1
Change Component Designator: Old Designator=MH? New Designator=MH2
Change Component Designator: Old Designator=MH? New Designator=MH3
Change Component Designator: Old Designator=MH? New Designator=MH4
Change Component Designator: Old Designator=MH? New Designator=MH5
Change Component Designator: Old Designator=MH? New Designator=MH6
Change Component Designator: Old Designator=MH? New Designator=MH7
Change Component Designator: Old Designator=MH? New Designator=MH8
Change Component Designator: Old Designator=MH? New Designator=MH9
Change Component Designator: Old Designator=MH? New Designator=MH10
Change Component Designator: Old Designator=MH? New Designator=MH11
Change Component Designator: Old Designator=MH? New Designator=MH12
Change Component Designator: Old Designator=MH? New Designator=MH13
Change Component Designator: Old Designator=MH? New Designator=MH14
Change Component Designator: Old Designator=MH? New Designator=MH15
Change Component Designator: Old Designator=MH? New Designator=MH16
Change Component Designator: Old Designator=MH? New Designator=MH17
Change Component Designator: Old Designator=MH? New Designator=MH18
Change Component Designator: Old Designator=MH? New Designator=MH19
Change Component Designator: Old Designator=MH? New Designator=MH20
Change Component Designator: Old Designator=MH? New Designator=MH21
Change Component Designator: Old Designator=MH? New Designator=MH22
Change Component Designator: Old Designator=MH? New Designator=MH23
Change Component Designator: Old Designator=MH? New Designator=MH24
Change Component Designator: Old Designator=MH? New Designator=MH25
Change Component Designator: Old Designator=MH? New Designator=MH26
Change Component Designator: Old Designator=MH? New Designator=MH27
Change Component Designator: Old Designator=MH? New Designator=MH28
Change Component Designator: Old Designator=Mount_foot? New Designator=Mount_foot1
Change Component Designator: Old Designator=Mount_Foot? New Designator=Mount_Foot2
Change Component Designator: Old Designator=Mounting Case ? New Designator=Mounting Case 1
Change Component Designator: Old Designator=Mounting Case ? New Designator=Mounting Case 2
Change Component Designator: Old Designator=Mounting Case ? New Designator=Mounting Case 3
Change Component Designator: Old Designator=Mounting Case ? New Designator=Mounting Case 4
Change Component Designator: Old Designator=Mounting Frame ? New Designator=Mounting Frame 1
Change Component Designator: Old Designator=Mounting Frame ? New Designator=Mounting Frame 2
Change Component Designator: Old Designator=Mounting Frame ? New Designator=Mounting Frame 3
Change Component Designator: Old Designator=Mounting Frame ? New Designator=Mounting Frame 4
Change Component Designator: Old Designator=Mounting Frame ? New Designator=Mounting Frame 5
Change Component Designator: Old Designator=Mounting Frame ? New Designator=Mounting Frame 6
Change Component Designator: Old Designator=Mounting Frame ? New Designator=Mounting Frame 7
Change Component Designator: Old Designator=Mounting Frame ? New Designator=Mounting Frame 8
Change Component Designator: Old Designator=Mounting Frame ? New Designator=Mounting Frame 9
Change Component Designator: Old Designator=Mounting Frame ? New Designator=Mounting Frame 10
Change Component Designator: Old Designator=Mounting Frame ? New Designator=Mounting Frame 11
Change Component Designator: Old Designator=Mounting Frame ? New Designator=Mounting Frame 12
Change Component Designator: Old Designator=Power / LED in? New Designator=Power / LED in1
Change Component Designator: Old Designator=Power / LED out? New Designator=Power / LED out1
Change Component Designator: Old Designator=Power Conn? New Designator=Power Conn1
Change Component Designator: Old Designator=R? New Designator=R1
Change Component Designator: Old Designator=R? New Designator=R2
Change Component Designator: Old Designator=Side? New Designator=Side1
Change Component Designator: Old Designator=Side? New Designator=Side2
Change Component Designator: Old Designator=Side? New Designator=Side3
Change Component Designator: Old Designator=Side? New Designator=Side4
Change Component Designator: Old Designator=Side? New Designator=Side5
Change Component Designator: Old Designator=Side? New Designator=Side6
Change Component Designator: Old Designator=Side? New Designator=Side7
Change Component Designator: Old Designator=Side? New Designator=Side8
Change Component Designator: Old Designator=U? New Designator=U1
Change Component Designator: Old Designator=U? New Designator=U2
Change Component Designator: Old Designator=USB-C? New Designator=USB-C1
