Added Component: Designator=D30(RCLAMP0512TQTCT)
Add component (AddParameter): Name = "Arrow Part Number"; Value = "RCLAMP0512TQTCT"; VariantName = "[No Variations]"
Add component (AddParameter): Name = "Arrow Price/Stock"; Value = "https://www.arrow.com/en/products/rclamp0512tqtct/semtech?region=europe"; VariantName = "[No Variations]"
Add component (AddParameter): Name = "Datasheet Link"; Value = "https://media.digikey.com/pdf/Data%20Sheets/Semtech%20PDFs/RCLAMP0512TQ_Rev6_12-17-15.pdf"; VariantName = "[No Variations]"
Add component (AddParameter): Name = "Height"; Value = "0.45mm"; VariantName = "[No Variations]"
Add component (AddParameter): Name = "Manufacturer_Name"; Value = "SEMTECH"; VariantName = "[No Variations]"
Add component (AddParameter): Name = "Manufacturer_Part_Number"; Value = "RCLAMP0512TQTCT"; VariantName = "[No Variations]"
Add component (AddParameter): Name = "Mouser Part Number"; Value = "947-RCLAMP0512TQTCT"; VariantName = "[No Variations]"
Add component (AddParameter): Name = "Mouser Price/Stock"; Value = "https://www.mouser.co.uk/ProductDetail/Semtech/RCLAMP0512TQTCT?qs=rBWM4%252BvDhIfq7vcNOg1BvQ%3D%3D"; VariantName = "[No Variations]"
Added Component: Designator=D31(RCLAMP0512TQTCT)
Add component (AddParameter): Name = "Arrow Part Number"; Value = "RCLAMP0512TQTCT"; VariantName = "[No Variations]"
Add component (AddParameter): Name = "Arrow Price/Stock"; Value = "https://www.arrow.com/en/products/rclamp0512tqtct/semtech?region=europe"; VariantName = "[No Variations]"
Add component (AddParameter): Name = "Datasheet Link"; Value = "https://media.digikey.com/pdf/Data%20Sheets/Semtech%20PDFs/RCLAMP0512TQ_Rev6_12-17-15.pdf"; VariantName = "[No Variations]"
Add component (AddParameter): Name = "Height"; Value = "0.45mm"; VariantName = "[No Variations]"
Add component (AddParameter): Name = "Manufacturer_Name"; Value = "SEMTECH"; VariantName = "[No Variations]"
Add component (AddParameter): Name = "Manufacturer_Part_Number"; Value = "RCLAMP0512TQTCT"; VariantName = "[No Variations]"
Add component (AddParameter): Name = "Mouser Part Number"; Value = "947-RCLAMP0512TQTCT"; VariantName = "[No Variations]"
Add component (AddParameter): Name = "Mouser Price/Stock"; Value = "https://www.mouser.co.uk/ProductDetail/Semtech/RCLAMP0512TQTCT?qs=rBWM4%252BvDhIfq7vcNOg1BvQ%3D%3D"; VariantName = "[No Variations]"
Added Component: Designator=D32(RCLAMP0512TQTCT)
Add component (AddParameter): Name = "Arrow Part Number"; Value = "RCLAMP0512TQTCT"; VariantName = "[No Variations]"
Add component (AddParameter): Name = "Arrow Price/Stock"; Value = "https://www.arrow.com/en/products/rclamp0512tqtct/semtech?region=europe"; VariantName = "[No Variations]"
Add component (AddParameter): Name = "Datasheet Link"; Value = "https://media.digikey.com/pdf/Data%20Sheets/Semtech%20PDFs/RCLAMP0512TQ_Rev6_12-17-15.pdf"; VariantName = "[No Variations]"
Add component (AddParameter): Name = "Height"; Value = "0.45mm"; VariantName = "[No Variations]"
Add component (AddParameter): Name = "Manufacturer_Name"; Value = "SEMTECH"; VariantName = "[No Variations]"
Add component (AddParameter): Name = "Manufacturer_Part_Number"; Value = "RCLAMP0512TQTCT"; VariantName = "[No Variations]"
Add component (AddParameter): Name = "Mouser Part Number"; Value = "947-RCLAMP0512TQTCT"; VariantName = "[No Variations]"
Add component (AddParameter): Name = "Mouser Price/Stock"; Value = "https://www.mouser.co.uk/ProductDetail/Semtech/RCLAMP0512TQTCT?qs=rBWM4%252BvDhIfq7vcNOg1BvQ%3D%3D"; VariantName = "[No Variations]"
Added Component: Designator=D33(RCLAMP0512TQTCT)
Add component (AddParameter): Name = "Arrow Part Number"; Value = "RCLAMP0512TQTCT"; VariantName = "[No Variations]"
Add component (AddParameter): Name = "Arrow Price/Stock"; Value = "https://www.arrow.com/en/products/rclamp0512tqtct/semtech?region=europe"; VariantName = "[No Variations]"
Add component (AddParameter): Name = "Datasheet Link"; Value = "https://media.digikey.com/pdf/Data%20Sheets/Semtech%20PDFs/RCLAMP0512TQ_Rev6_12-17-15.pdf"; VariantName = "[No Variations]"
Add component (AddParameter): Name = "Height"; Value = "0.45mm"; VariantName = "[No Variations]"
Add component (AddParameter): Name = "Manufacturer_Name"; Value = "SEMTECH"; VariantName = "[No Variations]"
Add component (AddParameter): Name = "Manufacturer_Part_Number"; Value = "RCLAMP0512TQTCT"; VariantName = "[No Variations]"
Add component (AddParameter): Name = "Mouser Part Number"; Value = "947-RCLAMP0512TQTCT"; VariantName = "[No Variations]"
Add component (AddParameter): Name = "Mouser Price/Stock"; Value = "https://www.mouser.co.uk/ProductDetail/Semtech/RCLAMP0512TQTCT?qs=rBWM4%252BvDhIfq7vcNOg1BvQ%3D%3D"; VariantName = "[No Variations]"
Added Component: Designator=D34(RCLAMP0512TQTCT)
Add component (AddParameter): Name = "Arrow Part Number"; Value = "RCLAMP0512TQTCT"; VariantName = "[No Variations]"
Add component (AddParameter): Name = "Arrow Price/Stock"; Value = "https://www.arrow.com/en/products/rclamp0512tqtct/semtech?region=europe"; VariantName = "[No Variations]"
Add component (AddParameter): Name = "Datasheet Link"; Value = "https://media.digikey.com/pdf/Data%20Sheets/Semtech%20PDFs/RCLAMP0512TQ_Rev6_12-17-15.pdf"; VariantName = "[No Variations]"
Add component (AddParameter): Name = "Height"; Value = "0.45mm"; VariantName = "[No Variations]"
Add component (AddParameter): Name = "Manufacturer_Name"; Value = "SEMTECH"; VariantName = "[No Variations]"
Add component (AddParameter): Name = "Manufacturer_Part_Number"; Value = "RCLAMP0512TQTCT"; VariantName = "[No Variations]"
Add component (AddParameter): Name = "Mouser Part Number"; Value = "947-RCLAMP0512TQTCT"; VariantName = "[No Variations]"
Add component (AddParameter): Name = "Mouser Price/Stock"; Value = "https://www.mouser.co.uk/ProductDetail/Semtech/RCLAMP0512TQTCT?qs=rBWM4%252BvDhIfq7vcNOg1BvQ%3D%3D"; VariantName = "[No Variations]"
Added Component: Designator=D35(RCLAMP0512TQTCT)
Add component (AddParameter): Name = "Arrow Part Number"; Value = "RCLAMP0512TQTCT"; VariantName = "[No Variations]"
Add component (AddParameter): Name = "Arrow Price/Stock"; Value = "https://www.arrow.com/en/products/rclamp0512tqtct/semtech?region=europe"; VariantName = "[No Variations]"
Add component (AddParameter): Name = "Datasheet Link"; Value = "https://media.digikey.com/pdf/Data%20Sheets/Semtech%20PDFs/RCLAMP0512TQ_Rev6_12-17-15.pdf"; VariantName = "[No Variations]"
Add component (AddParameter): Name = "Height"; Value = "0.45mm"; VariantName = "[No Variations]"
Add component (AddParameter): Name = "Manufacturer_Name"; Value = "SEMTECH"; VariantName = "[No Variations]"
Add component (AddParameter): Name = "Manufacturer_Part_Number"; Value = "RCLAMP0512TQTCT"; VariantName = "[No Variations]"
Add component (AddParameter): Name = "Mouser Part Number"; Value = "947-RCLAMP0512TQTCT"; VariantName = "[No Variations]"
Add component (AddParameter): Name = "Mouser Price/Stock"; Value = "https://www.mouser.co.uk/ProductDetail/Semtech/RCLAMP0512TQTCT?qs=rBWM4%252BvDhIfq7vcNOg1BvQ%3D%3D"; VariantName = "[No Variations]"
Added Component: Designator=D36(RCLAMP0512TQTCT)
Add component (AddParameter): Name = "Arrow Part Number"; Value = "RCLAMP0512TQTCT"; VariantName = "[No Variations]"
Add component (AddParameter): Name = "Arrow Price/Stock"; Value = "https://www.arrow.com/en/products/rclamp0512tqtct/semtech?region=europe"; VariantName = "[No Variations]"
Add component (AddParameter): Name = "Datasheet Link"; Value = "https://media.digikey.com/pdf/Data%20Sheets/Semtech%20PDFs/RCLAMP0512TQ_Rev6_12-17-15.pdf"; VariantName = "[No Variations]"
Add component (AddParameter): Name = "Height"; Value = "0.45mm"; VariantName = "[No Variations]"
Add component (AddParameter): Name = "Manufacturer_Name"; Value = "SEMTECH"; VariantName = "[No Variations]"
Add component (AddParameter): Name = "Manufacturer_Part_Number"; Value = "RCLAMP0512TQTCT"; VariantName = "[No Variations]"
Add component (AddParameter): Name = "Mouser Part Number"; Value = "947-RCLAMP0512TQTCT"; VariantName = "[No Variations]"
Add component (AddParameter): Name = "Mouser Price/Stock"; Value = "https://www.mouser.co.uk/ProductDetail/Semtech/RCLAMP0512TQTCT?qs=rBWM4%252BvDhIfq7vcNOg1BvQ%3D%3D"; VariantName = "[No Variations]"
Added Component: Designator=D37(RCLAMP0512TQTCT)
Add component (AddParameter): Name = "Arrow Part Number"; Value = "RCLAMP0512TQTCT"; VariantName = "[No Variations]"
Add component (AddParameter): Name = "Arrow Price/Stock"; Value = "https://www.arrow.com/en/products/rclamp0512tqtct/semtech?region=europe"; VariantName = "[No Variations]"
Add component (AddParameter): Name = "Datasheet Link"; Value = "https://media.digikey.com/pdf/Data%20Sheets/Semtech%20PDFs/RCLAMP0512TQ_Rev6_12-17-15.pdf"; VariantName = "[No Variations]"
Add component (AddParameter): Name = "Height"; Value = "0.45mm"; VariantName = "[No Variations]"
Add component (AddParameter): Name = "Manufacturer_Name"; Value = "SEMTECH"; VariantName = "[No Variations]"
Add component (AddParameter): Name = "Manufacturer_Part_Number"; Value = "RCLAMP0512TQTCT"; VariantName = "[No Variations]"
Add component (AddParameter): Name = "Mouser Part Number"; Value = "947-RCLAMP0512TQTCT"; VariantName = "[No Variations]"
Add component (AddParameter): Name = "Mouser Price/Stock"; Value = "https://www.mouser.co.uk/ProductDetail/Semtech/RCLAMP0512TQTCT?qs=rBWM4%252BvDhIfq7vcNOg1BvQ%3D%3D"; VariantName = "[No Variations]"
Added Component: Designator=D38(RCLAMP0512TQTCT)
Add component (AddParameter): Name = "Arrow Part Number"; Value = "RCLAMP0512TQTCT"; VariantName = "[No Variations]"
Add component (AddParameter): Name = "Arrow Price/Stock"; Value = "https://www.arrow.com/en/products/rclamp0512tqtct/semtech?region=europe"; VariantName = "[No Variations]"
Add component (AddParameter): Name = "Datasheet Link"; Value = "https://media.digikey.com/pdf/Data%20Sheets/Semtech%20PDFs/RCLAMP0512TQ_Rev6_12-17-15.pdf"; VariantName = "[No Variations]"
Add component (AddParameter): Name = "Height"; Value = "0.45mm"; VariantName = "[No Variations]"
Add component (AddParameter): Name = "Manufacturer_Name"; Value = "SEMTECH"; VariantName = "[No Variations]"
Add component (AddParameter): Name = "Manufacturer_Part_Number"; Value = "RCLAMP0512TQTCT"; VariantName = "[No Variations]"
Add component (AddParameter): Name = "Mouser Part Number"; Value = "947-RCLAMP0512TQTCT"; VariantName = "[No Variations]"
Add component (AddParameter): Name = "Mouser Price/Stock"; Value = "https://www.mouser.co.uk/ProductDetail/Semtech/RCLAMP0512TQTCT?qs=rBWM4%252BvDhIfq7vcNOg1BvQ%3D%3D"; VariantName = "[No Variations]"
Added Component: Designator=D39(RCLAMP0512TQTCT)
Add component (AddParameter): Name = "Arrow Part Number"; Value = "RCLAMP0512TQTCT"; VariantName = "[No Variations]"
Add component (AddParameter): Name = "Arrow Price/Stock"; Value = "https://www.arrow.com/en/products/rclamp0512tqtct/semtech?region=europe"; VariantName = "[No Variations]"
Add component (AddParameter): Name = "Datasheet Link"; Value = "https://media.digikey.com/pdf/Data%20Sheets/Semtech%20PDFs/RCLAMP0512TQ_Rev6_12-17-15.pdf"; VariantName = "[No Variations]"
Add component (AddParameter): Name = "Height"; Value = "0.45mm"; VariantName = "[No Variations]"
Add component (AddParameter): Name = "Manufacturer_Name"; Value = "SEMTECH"; VariantName = "[No Variations]"
Add component (AddParameter): Name = "Manufacturer_Part_Number"; Value = "RCLAMP0512TQTCT"; VariantName = "[No Variations]"
Add component (AddParameter): Name = "Mouser Part Number"; Value = "947-RCLAMP0512TQTCT"; VariantName = "[No Variations]"
Add component (AddParameter): Name = "Mouser Price/Stock"; Value = "https://www.mouser.co.uk/ProductDetail/Semtech/RCLAMP0512TQTCT?qs=rBWM4%252BvDhIfq7vcNOg1BvQ%3D%3D"; VariantName = "[No Variations]"
Added Component: Designator=D40(RCLAMP0512TQTCT)
Add component (AddParameter): Name = "Arrow Part Number"; Value = "RCLAMP0512TQTCT"; VariantName = "[No Variations]"
Add component (AddParameter): Name = "Arrow Price/Stock"; Value = "https://www.arrow.com/en/products/rclamp0512tqtct/semtech?region=europe"; VariantName = "[No Variations]"
Add component (AddParameter): Name = "Datasheet Link"; Value = "https://media.digikey.com/pdf/Data%20Sheets/Semtech%20PDFs/RCLAMP0512TQ_Rev6_12-17-15.pdf"; VariantName = "[No Variations]"
Add component (AddParameter): Name = "Height"; Value = "0.45mm"; VariantName = "[No Variations]"
Add component (AddParameter): Name = "Manufacturer_Name"; Value = "SEMTECH"; VariantName = "[No Variations]"
Add component (AddParameter): Name = "Manufacturer_Part_Number"; Value = "RCLAMP0512TQTCT"; VariantName = "[No Variations]"
Add component (AddParameter): Name = "Mouser Part Number"; Value = "947-RCLAMP0512TQTCT"; VariantName = "[No Variations]"
Add component (AddParameter): Name = "Mouser Price/Stock"; Value = "https://www.mouser.co.uk/ProductDetail/Semtech/RCLAMP0512TQTCT?qs=rBWM4%252BvDhIfq7vcNOg1BvQ%3D%3D"; VariantName = "[No Variations]"
Added Component: Designator=D41(RCLAMP0512TQTCT)
Add component (AddParameter): Name = "Arrow Part Number"; Value = "RCLAMP0512TQTCT"; VariantName = "[No Variations]"
Add component (AddParameter): Name = "Arrow Price/Stock"; Value = "https://www.arrow.com/en/products/rclamp0512tqtct/semtech?region=europe"; VariantName = "[No Variations]"
Add component (AddParameter): Name = "Datasheet Link"; Value = "https://media.digikey.com/pdf/Data%20Sheets/Semtech%20PDFs/RCLAMP0512TQ_Rev6_12-17-15.pdf"; VariantName = "[No Variations]"
Add component (AddParameter): Name = "Height"; Value = "0.45mm"; VariantName = "[No Variations]"
Add component (AddParameter): Name = "Manufacturer_Name"; Value = "SEMTECH"; VariantName = "[No Variations]"
Add component (AddParameter): Name = "Manufacturer_Part_Number"; Value = "RCLAMP0512TQTCT"; VariantName = "[No Variations]"
Add component (AddParameter): Name = "Mouser Part Number"; Value = "947-RCLAMP0512TQTCT"; VariantName = "[No Variations]"
Add component (AddParameter): Name = "Mouser Price/Stock"; Value = "https://www.mouser.co.uk/ProductDetail/Semtech/RCLAMP0512TQTCT?qs=rBWM4%252BvDhIfq7vcNOg1BvQ%3D%3D"; VariantName = "[No Variations]"
Added Component: Designator=D42(RCLAMP0512TQTCT)
Add component (AddParameter): Name = "Arrow Part Number"; Value = "RCLAMP0512TQTCT"; VariantName = "[No Variations]"
Add component (AddParameter): Name = "Arrow Price/Stock"; Value = "https://www.arrow.com/en/products/rclamp0512tqtct/semtech?region=europe"; VariantName = "[No Variations]"
Add component (AddParameter): Name = "Datasheet Link"; Value = "https://media.digikey.com/pdf/Data%20Sheets/Semtech%20PDFs/RCLAMP0512TQ_Rev6_12-17-15.pdf"; VariantName = "[No Variations]"
Add component (AddParameter): Name = "Height"; Value = "0.45mm"; VariantName = "[No Variations]"
Add component (AddParameter): Name = "Manufacturer_Name"; Value = "SEMTECH"; VariantName = "[No Variations]"
Add component (AddParameter): Name = "Manufacturer_Part_Number"; Value = "RCLAMP0512TQTCT"; VariantName = "[No Variations]"
Add component (AddParameter): Name = "Mouser Part Number"; Value = "947-RCLAMP0512TQTCT"; VariantName = "[No Variations]"
Add component (AddParameter): Name = "Mouser Price/Stock"; Value = "https://www.mouser.co.uk/ProductDetail/Semtech/RCLAMP0512TQTCT?qs=rBWM4%252BvDhIfq7vcNOg1BvQ%3D%3D"; VariantName = "[No Variations]"
Added Component: Designator=D43(RCLAMP0512TQTCT)
Add component (AddParameter): Name = "Arrow Part Number"; Value = "RCLAMP0512TQTCT"; VariantName = "[No Variations]"
Add component (AddParameter): Name = "Arrow Price/Stock"; Value = "https://www.arrow.com/en/products/rclamp0512tqtct/semtech?region=europe"; VariantName = "[No Variations]"
Add component (AddParameter): Name = "Datasheet Link"; Value = "https://media.digikey.com/pdf/Data%20Sheets/Semtech%20PDFs/RCLAMP0512TQ_Rev6_12-17-15.pdf"; VariantName = "[No Variations]"
Add component (AddParameter): Name = "Height"; Value = "0.45mm"; VariantName = "[No Variations]"
Add component (AddParameter): Name = "Manufacturer_Name"; Value = "SEMTECH"; VariantName = "[No Variations]"
Add component (AddParameter): Name = "Manufacturer_Part_Number"; Value = "RCLAMP0512TQTCT"; VariantName = "[No Variations]"
Add component (AddParameter): Name = "Mouser Part Number"; Value = "947-RCLAMP0512TQTCT"; VariantName = "[No Variations]"
Add component (AddParameter): Name = "Mouser Price/Stock"; Value = "https://www.mouser.co.uk/ProductDetail/Semtech/RCLAMP0512TQTCT?qs=rBWM4%252BvDhIfq7vcNOg1BvQ%3D%3D"; VariantName = "[No Variations]"
Added Component: Designator=D44(RCLAMP0512TQTCT)
Add component (AddParameter): Name = "Arrow Part Number"; Value = "RCLAMP0512TQTCT"; VariantName = "[No Variations]"
Add component (AddParameter): Name = "Arrow Price/Stock"; Value = "https://www.arrow.com/en/products/rclamp0512tqtct/semtech?region=europe"; VariantName = "[No Variations]"
Add component (AddParameter): Name = "Datasheet Link"; Value = "https://media.digikey.com/pdf/Data%20Sheets/Semtech%20PDFs/RCLAMP0512TQ_Rev6_12-17-15.pdf"; VariantName = "[No Variations]"
Add component (AddParameter): Name = "Height"; Value = "0.45mm"; VariantName = "[No Variations]"
Add component (AddParameter): Name = "Manufacturer_Name"; Value = "SEMTECH"; VariantName = "[No Variations]"
Add component (AddParameter): Name = "Manufacturer_Part_Number"; Value = "RCLAMP0512TQTCT"; VariantName = "[No Variations]"
Add component (AddParameter): Name = "Mouser Part Number"; Value = "947-RCLAMP0512TQTCT"; VariantName = "[No Variations]"
Add component (AddParameter): Name = "Mouser Price/Stock"; Value = "https://www.mouser.co.uk/ProductDetail/Semtech/RCLAMP0512TQTCT?qs=rBWM4%252BvDhIfq7vcNOg1BvQ%3D%3D"; VariantName = "[No Variations]"
Added Component: Designator=D45(RCLAMP0512TQTCT)
Add component (AddParameter): Name = "Arrow Part Number"; Value = "RCLAMP0512TQTCT"; VariantName = "[No Variations]"
Add component (AddParameter): Name = "Arrow Price/Stock"; Value = "https://www.arrow.com/en/products/rclamp0512tqtct/semtech?region=europe"; VariantName = "[No Variations]"
Add component (AddParameter): Name = "Datasheet Link"; Value = "https://media.digikey.com/pdf/Data%20Sheets/Semtech%20PDFs/RCLAMP0512TQ_Rev6_12-17-15.pdf"; VariantName = "[No Variations]"
Add component (AddParameter): Name = "Height"; Value = "0.45mm"; VariantName = "[No Variations]"
Add component (AddParameter): Name = "Manufacturer_Name"; Value = "SEMTECH"; VariantName = "[No Variations]"
Add component (AddParameter): Name = "Manufacturer_Part_Number"; Value = "RCLAMP0512TQTCT"; VariantName = "[No Variations]"
Add component (AddParameter): Name = "Mouser Part Number"; Value = "947-RCLAMP0512TQTCT"; VariantName = "[No Variations]"
Add component (AddParameter): Name = "Mouser Price/Stock"; Value = "https://www.mouser.co.uk/ProductDetail/Semtech/RCLAMP0512TQTCT?qs=rBWM4%252BvDhIfq7vcNOg1BvQ%3D%3D"; VariantName = "[No Variations]"
Added Component: Designator=D46(RCLAMP0512TQTCT)
Add component (AddParameter): Name = "Arrow Part Number"; Value = "RCLAMP0512TQTCT"; VariantName = "[No Variations]"
Add component (AddParameter): Name = "Arrow Price/Stock"; Value = "https://www.arrow.com/en/products/rclamp0512tqtct/semtech?region=europe"; VariantName = "[No Variations]"
Add component (AddParameter): Name = "Datasheet Link"; Value = "https://media.digikey.com/pdf/Data%20Sheets/Semtech%20PDFs/RCLAMP0512TQ_Rev6_12-17-15.pdf"; VariantName = "[No Variations]"
Add component (AddParameter): Name = "Height"; Value = "0.45mm"; VariantName = "[No Variations]"
Add component (AddParameter): Name = "Manufacturer_Name"; Value = "SEMTECH"; VariantName = "[No Variations]"
Add component (AddParameter): Name = "Manufacturer_Part_Number"; Value = "RCLAMP0512TQTCT"; VariantName = "[No Variations]"
Add component (AddParameter): Name = "Mouser Part Number"; Value = "947-RCLAMP0512TQTCT"; VariantName = "[No Variations]"
Add component (AddParameter): Name = "Mouser Price/Stock"; Value = "https://www.mouser.co.uk/ProductDetail/Semtech/RCLAMP0512TQTCT?qs=rBWM4%252BvDhIfq7vcNOg1BvQ%3D%3D"; VariantName = "[No Variations]"
Added Component: Designator=D47(RCLAMP0512TQTCT)
Add component (AddParameter): Name = "Arrow Part Number"; Value = "RCLAMP0512TQTCT"; VariantName = "[No Variations]"
Add component (AddParameter): Name = "Arrow Price/Stock"; Value = "https://www.arrow.com/en/products/rclamp0512tqtct/semtech?region=europe"; VariantName = "[No Variations]"
Add component (AddParameter): Name = "Datasheet Link"; Value = "https://media.digikey.com/pdf/Data%20Sheets/Semtech%20PDFs/RCLAMP0512TQ_Rev6_12-17-15.pdf"; VariantName = "[No Variations]"
Add component (AddParameter): Name = "Height"; Value = "0.45mm"; VariantName = "[No Variations]"
Add component (AddParameter): Name = "Manufacturer_Name"; Value = "SEMTECH"; VariantName = "[No Variations]"
Add component (AddParameter): Name = "Manufacturer_Part_Number"; Value = "RCLAMP0512TQTCT"; VariantName = "[No Variations]"
Add component (AddParameter): Name = "Mouser Part Number"; Value = "947-RCLAMP0512TQTCT"; VariantName = "[No Variations]"
Add component (AddParameter): Name = "Mouser Price/Stock"; Value = "https://www.mouser.co.uk/ProductDetail/Semtech/RCLAMP0512TQTCT?qs=rBWM4%252BvDhIfq7vcNOg1BvQ%3D%3D"; VariantName = "[No Variations]"
Added Component: Designator=D48(RCLAMP0512TQTCT)
Add component (AddParameter): Name = "Arrow Part Number"; Value = "RCLAMP0512TQTCT"; VariantName = "[No Variations]"
Add component (AddParameter): Name = "Arrow Price/Stock"; Value = "https://www.arrow.com/en/products/rclamp0512tqtct/semtech?region=europe"; VariantName = "[No Variations]"
Add component (AddParameter): Name = "Datasheet Link"; Value = "https://media.digikey.com/pdf/Data%20Sheets/Semtech%20PDFs/RCLAMP0512TQ_Rev6_12-17-15.pdf"; VariantName = "[No Variations]"
Add component (AddParameter): Name = "Height"; Value = "0.45mm"; VariantName = "[No Variations]"
Add component (AddParameter): Name = "Manufacturer_Name"; Value = "SEMTECH"; VariantName = "[No Variations]"
Add component (AddParameter): Name = "Manufacturer_Part_Number"; Value = "RCLAMP0512TQTCT"; VariantName = "[No Variations]"
Add component (AddParameter): Name = "Mouser Part Number"; Value = "947-RCLAMP0512TQTCT"; VariantName = "[No Variations]"
Add component (AddParameter): Name = "Mouser Price/Stock"; Value = "https://www.mouser.co.uk/ProductDetail/Semtech/RCLAMP0512TQTCT?qs=rBWM4%252BvDhIfq7vcNOg1BvQ%3D%3D"; VariantName = "[No Variations]"
Added Component: Designator=D49(RCLAMP0512TQTCT)
Add component (AddParameter): Name = "Arrow Part Number"; Value = "RCLAMP0512TQTCT"; VariantName = "[No Variations]"
Add component (AddParameter): Name = "Arrow Price/Stock"; Value = "https://www.arrow.com/en/products/rclamp0512tqtct/semtech?region=europe"; VariantName = "[No Variations]"
Add component (AddParameter): Name = "Datasheet Link"; Value = "https://media.digikey.com/pdf/Data%20Sheets/Semtech%20PDFs/RCLAMP0512TQ_Rev6_12-17-15.pdf"; VariantName = "[No Variations]"
Add component (AddParameter): Name = "Height"; Value = "0.45mm"; VariantName = "[No Variations]"
Add component (AddParameter): Name = "Manufacturer_Name"; Value = "SEMTECH"; VariantName = "[No Variations]"
Add component (AddParameter): Name = "Manufacturer_Part_Number"; Value = "RCLAMP0512TQTCT"; VariantName = "[No Variations]"
Add component (AddParameter): Name = "Mouser Part Number"; Value = "947-RCLAMP0512TQTCT"; VariantName = "[No Variations]"
Add component (AddParameter): Name = "Mouser Price/Stock"; Value = "https://www.mouser.co.uk/ProductDetail/Semtech/RCLAMP0512TQTCT?qs=rBWM4%252BvDhIfq7vcNOg1BvQ%3D%3D"; VariantName = "[No Variations]"
Added Pin To Net: NetName=ESW_TXV_D_P4_N Pin=D30-1
Added Pin To Net: NetName=ESW_TXV_D_P4_P Pin=D30-2
Added Pin To Net: NetName=GND Pin=D30-3
Added Pin To Net: NetName=ESW_TXV_C_P4_N Pin=D31-1
Added Pin To Net: NetName=ESW_TXV_C_P4_P Pin=D31-2
Added Pin To Net: NetName=GND Pin=D31-3
Added Pin To Net: NetName=ESW_TXV_B_P4_N Pin=D32-1
Added Pin To Net: NetName=ESW_TXV_B_P4_P Pin=D32-2
Added Pin To Net: NetName=GND Pin=D32-3
Added Pin To Net: NetName=ESW_TXV_A_P4_N Pin=D33-1
Added Pin To Net: NetName=ESW_TXV_A_P4_P Pin=D33-2
Added Pin To Net: NetName=GND Pin=D33-3
Added Pin To Net: NetName=ESW_TXV_D_P3_N Pin=D34-1
Added Pin To Net: NetName=ESW_TXV_D_P3_P Pin=D34-2
Added Pin To Net: NetName=GND Pin=D34-3
Added Pin To Net: NetName=ESW_TXV_C_P3_N Pin=D35-1
Added Pin To Net: NetName=ESW_TXV_C_P3_P Pin=D35-2
Added Pin To Net: NetName=GND Pin=D35-3
Added Pin To Net: NetName=ESW_TXV_B_P3_N Pin=D36-1
Added Pin To Net: NetName=ESW_TXV_B_P3_P Pin=D36-2
Added Pin To Net: NetName=GND Pin=D36-3
Added Pin To Net: NetName=ESW_TXV_A_P3_N Pin=D37-1
Added Pin To Net: NetName=ESW_TXV_A_P3_P Pin=D37-2
Added Pin To Net: NetName=GND Pin=D37-3
Added Pin To Net: NetName=ESW_TXV_D_P2_N Pin=D38-1
Added Pin To Net: NetName=ESW_TXV_D_P2_P Pin=D38-2
Added Pin To Net: NetName=GND Pin=D38-3
Added Pin To Net: NetName=ESW_TXV_C_P2_N Pin=D39-1
Added Pin To Net: NetName=ESW_TXV_C_P2_P Pin=D39-2
Added Pin To Net: NetName=GND Pin=D39-3
Added Pin To Net: NetName=ESW_TXV_B_P2_N Pin=D40-1
Added Pin To Net: NetName=ESW_TXV_B_P2_P Pin=D40-2
Added Pin To Net: NetName=GND Pin=D40-3
Added Pin To Net: NetName=ESW_TXV_A_P2_N Pin=D41-1
Added Pin To Net: NetName=ESW_TXV_A_P2_P Pin=D41-2
Added Pin To Net: NetName=GND Pin=D41-3
Added Pin To Net: NetName=ESW_TXV_D_P1_N Pin=D42-1
Added Pin To Net: NetName=ESW_TXV_D_P1_P Pin=D42-2
Added Pin To Net: NetName=GND Pin=D42-3
Added Pin To Net: NetName=ESW_TXV_C_P1_N Pin=D43-1
Added Pin To Net: NetName=ESW_TXV_C_P1_P Pin=D43-2
Added Pin To Net: NetName=GND Pin=D43-3
Added Pin To Net: NetName=ESW_TXV_B_P1_N Pin=D44-1
Added Pin To Net: NetName=ESW_TXV_B_P1_P Pin=D44-2
Added Pin To Net: NetName=GND Pin=D44-3
Added Pin To Net: NetName=ESW_TXV_A_P1_N Pin=D45-1
Added Pin To Net: NetName=ESW_TXV_A_P1_P Pin=D45-2
Added Pin To Net: NetName=GND Pin=D45-3
Added Pin To Net: NetName=ESW_TXV_D_P0_N Pin=D46-1
Added Pin To Net: NetName=ESW_TXV_D_P0_P Pin=D46-2
Added Pin To Net: NetName=GND Pin=D46-3
Added Pin To Net: NetName=ESW_TXV_C_P0_N Pin=D47-1
Added Pin To Net: NetName=ESW_TXV_C_P0_P Pin=D47-2
Added Pin To Net: NetName=GND Pin=D47-3
Added Pin To Net: NetName=ESW_TXV_A_P0_N Pin=D48-1
Added Pin To Net: NetName=ESW_TXV_A_P0_P Pin=D48-2
Added Pin To Net: NetName=GND Pin=D48-3
Added Pin To Net: NetName=ESW_TXV_B_P0_N Pin=D49-1
Added Pin To Net: NetName=ESW_TXV_B_P0_P Pin=D49-2
Added Pin To Net: NetName=GND Pin=D49-3
Added Member To Class: ClassName=TRANSFORMER_RJ45 Member=Component D30 RCLAMP0512TQTCT
Added Member To Class: ClassName=TRANSFORMER_RJ45 Member=Component D31 RCLAMP0512TQTCT
Added Member To Class: ClassName=TRANSFORMER_RJ45 Member=Component D32 RCLAMP0512TQTCT
Added Member To Class: ClassName=TRANSFORMER_RJ45 Member=Component D33 RCLAMP0512TQTCT
Added Member To Class: ClassName=TRANSFORMER_RJ45 Member=Component D34 RCLAMP0512TQTCT
Added Member To Class: ClassName=TRANSFORMER_RJ45 Member=Component D35 RCLAMP0512TQTCT
Added Member To Class: ClassName=TRANSFORMER_RJ45 Member=Component D36 RCLAMP0512TQTCT
Added Member To Class: ClassName=TRANSFORMER_RJ45 Member=Component D37 RCLAMP0512TQTCT
Added Member To Class: ClassName=TRANSFORMER_RJ45 Member=Component D38 RCLAMP0512TQTCT
Added Member To Class: ClassName=TRANSFORMER_RJ45 Member=Component D39 RCLAMP0512TQTCT
Added Member To Class: ClassName=TRANSFORMER_RJ45 Member=Component D40 RCLAMP0512TQTCT
Added Member To Class: ClassName=TRANSFORMER_RJ45 Member=Component D41 RCLAMP0512TQTCT
Added Member To Class: ClassName=TRANSFORMER_RJ45 Member=Component D42 RCLAMP0512TQTCT
Added Member To Class: ClassName=TRANSFORMER_RJ45 Member=Component D43 RCLAMP0512TQTCT
Added Member To Class: ClassName=TRANSFORMER_RJ45 Member=Component D44 RCLAMP0512TQTCT
Added Member To Class: ClassName=TRANSFORMER_RJ45 Member=Component D45 RCLAMP0512TQTCT
Added Member To Class: ClassName=TRANSFORMER_RJ45 Member=Component D46 RCLAMP0512TQTCT
Added Member To Class: ClassName=TRANSFORMER_RJ45 Member=Component D47 RCLAMP0512TQTCT
Added Member To Class: ClassName=TRANSFORMER_RJ45 Member=Component D48 RCLAMP0512TQTCT
Added Member To Class: ClassName=TRANSFORMER_RJ45 Member=Component D49 RCLAMP0512TQTCT
