Added Component: Designator=J6(GCT_SIM7100-6-1-15-00-A_REVC)
Add component (AddParameter): Name = "Availability"; Value = "Unavailable"; VariantName = "[No Variations]"
Add component (AddParameter): Name = "MF"; Value = "Global Connector Technology"; VariantName = "[No Variations]"
Add component (AddParameter): Name = "MP"; Value = "SIM7100-6-1-15-00-A"; VariantName = "[No Variations]"
Add component (AddParameter): Name = "Package"; Value = "None"; VariantName = "[No Variations]"
Add component (AddParameter): Name = "Price"; Value = "None"; VariantName = "[No Variations]"
Add component (AddParameter): Name = "SnapEDA_Link"; Value = "https://www.snapeda.com/parts/SIM7100-6-1-15-00-A/Global%20Connector%20Technology/view-part/449163/?ref=snap"; VariantName = "[No Variations]"
Add component (AddParameter): Name = "Value"; Value = ""; VariantName = "[No Variations]"
Added Pin To Net: NetName=GND Pin=J6-1
Added Pin To Net: NetName=GND Pin=J6-2
Added Pin To Net: NetName=GND Pin=J6-3
Added Pin To Net: NetName=GND Pin=J6-4
Added Pin To Net: NetName=VSIM Pin=J6-C1
Added Pin To Net: NetName=SIM_RST Pin=J6-C2
Added Pin To Net: NetName=SIM_CLK Pin=J6-C3
Added Pin To Net: NetName=GND Pin=J6-C5
Added Pin To Net: NetName=SIM_DATA Pin=J6-C7
Added Pin To Net: NetName=SIM_P Pin=J6-CD
Added Pin To Net: NetName=NetJ6_C6 Pin=J6-C6
Added Pin To Net: NetName=NetJ6_C6 Pin=R19-2
Added Net: Name=NetJ6_C6
Added Member To Class: ClassName=PCIe Slot Member=Component J6 SIM7100-6-1-15-00-A_REVC
