Added Component: Designator=J10(SoM)
Add component (AddParameter): Name = "System"; Value = "connector"; VariantName = "[No Variations]"
Added Pin To Net: NetName=PCIE_RX2_N Pin=J10-A1
Added Pin To Net: NetName=PCIE_RX2_P Pin=J10-A2
Added Pin To Net: NetName=GND Pin=J10-A3
Added Pin To Net: NetName=GND Pin=J10-A4
Added Pin To Net: NetName=PCIE_CK2_N Pin=J10-A5
Added Pin To Net: NetName=PCIE_CK2_P Pin=J10-A6
Added Pin To Net: NetName=GND Pin=J10-A7
Added Pin To Net: NetName=GND Pin=J10-A8
Added Pin To Net: NetName=GND Pin=J10-A10
Added Pin To Net: NetName=GND Pin=J10-A11
Added Pin To Net: NetName=GND Pin=J10-A12
Added Pin To Net: NetName=GND Pin=J10-A14
Added Pin To Net: NetName=GND Pin=J10-A15
Added Pin To Net: NetName=TXD2 Pin=J10-A16
Added Pin To Net: NetName=GND Pin=J10-A17
Added Pin To Net: NetName=GND Pin=J10-A18
Added Pin To Net: NetName=PCIE2_RST Pin=J10-A20
Added Pin To Net: NetName=WDT_RST_N Pin=J10-A21
Added Pin To Net: NetName=RTS3_N Pin=J10-A22
Added Pin To Net: NetName=ND_D3 Pin=J10-A34
Added Pin To Net: NetName=ND_D2 Pin=J10-A35
Added Pin To Net: NetName=ND_D1 Pin=J10-B1
Added Pin To Net: NetName=ND_D0 Pin=J10-B2
Added Pin To Net: NetName=ND_RB_N Pin=J10-B3
Added Pin To Net: NetName=ND_ALE Pin=J10-B6
Added Pin To Net: NetName=ND_WP Pin=J10-B7
Added Pin To Net: NetName=ND_CLE Pin=J10-B9
Added Pin To Net: NetName=GND Pin=J10-B10
Added Pin To Net: NetName=TXD3 Pin=J10-B11
Added Pin To Net: NetName=RXD2 Pin=J10-B15
Added Pin To Net: NetName=RXD3 Pin=J10-B16
Added Pin To Net: NetName=USB_D_1P_N Pin=J10-B17
Added Pin To Net: NetName=USB_D_1P_P Pin=J10-B18
Added Pin To Net: NetName=GND Pin=J10-B19
Added Pin To Net: NetName=SSUSB_TX_P Pin=J10-B20
Added Pin To Net: NetName=SSUSB_TX_N Pin=J10-B21
Added Pin To Net: NetName=SSUSB_RX_N Pin=J10-B22
Added Pin To Net: NetName=SSUSB_RX_P Pin=J10-B23
Added Pin To Net: NetName=GND Pin=J10-B24
Added Pin To Net: NetName=USB3_D_N Pin=J10-B25
Added Pin To Net: NetName=USB3_D_P Pin=J10-B26
Added Pin To Net: NetName=GND Pin=J10-B27
Added Pin To Net: NetName=ESW_TXV_A_P0_P Pin=J10-B28
Added Pin To Net: NetName=ESW_TXV_A_P0_N Pin=J10-B29
Added Pin To Net: NetName=ESW_TXV_B_P0_P Pin=J10-B30
Added Pin To Net: NetName=ESW_TXV_B_P0_N Pin=J10-B31
Added Pin To Net: NetName=ESW_TXV_C_P0_P Pin=J10-B32
Added Pin To Net: NetName=ESW_TXV_C_P0_N Pin=J10-B33
Added Pin To Net: NetName=ESW_TXV_D_P0_P Pin=J10-B34
Added Pin To Net: NetName=ESW_TXV_D_P0_N Pin=J10-B35
Added Pin To Net: NetName=ESW_TXV_A_P1_P Pin=J10-C1
Added Pin To Net: NetName=ESW_TXV_A_P1_N Pin=J10-C2
Added Pin To Net: NetName=ESW_TXV_B_P1_P Pin=J10-C3
Added Pin To Net: NetName=ESW_TXV_B_P1_N Pin=J10-C4
Added Pin To Net: NetName=ESW_TXV_C_P1_P Pin=J10-C5
Added Pin To Net: NetName=ESW_TXV_C_P1_N Pin=J10-C6
Added Pin To Net: NetName=ESW_TXV_D_P1_P Pin=J10-C7
Added Pin To Net: NetName=ESW_TXV_D_P1_N Pin=J10-C8
Added Pin To Net: NetName=GND Pin=J10-C9
Added Pin To Net: NetName=ESW_TXV_A_P2_P Pin=J10-C10
Added Pin To Net: NetName=ESW_TXV_A_P2_N Pin=J10-C11
Added Pin To Net: NetName=ESW_TXV_B_P2_P Pin=J10-C12
Added Pin To Net: NetName=ESW_TXV_B_P2_N Pin=J10-C13
Added Pin To Net: NetName=ESW_TXV_C_P2_P Pin=J10-C14
Added Pin To Net: NetName=ESW_TXV_C_P2_N Pin=J10-C15
Added Pin To Net: NetName=ESW_TXV_D_P2_P Pin=J10-C16
Added Pin To Net: NetName=ESW_TXV_D_P2_N Pin=J10-C17
Added Pin To Net: NetName=GND Pin=J10-C18
Added Pin To Net: NetName=ESW_TXV_A_P3_P Pin=J10-C19
Added Pin To Net: NetName=ESW_TXV_A_P3_N Pin=J10-C20
Added Pin To Net: NetName=ESW_TXV_B_P3_P Pin=J10-C21
Added Pin To Net: NetName=ESW_TXV_B_P3_N Pin=J10-C22
Added Pin To Net: NetName=ESW_TXV_C_P3_P Pin=J10-C23
Added Pin To Net: NetName=ESW_TXV_C_P3_N Pin=J10-C24
Added Pin To Net: NetName=ESW_TXV_D_P3_P Pin=J10-C25
Added Pin To Net: NetName=ESW_TXV_D_P3_N Pin=J10-C26
Added Pin To Net: NetName=GND Pin=J10-C27
Added Pin To Net: NetName=ESW_TXV_A_P4_P Pin=J10-C28
Added Pin To Net: NetName=ESW_TXV_A_P4_N Pin=J10-C29
Added Pin To Net: NetName=ESW_TXV_B_P4_P Pin=J10-C30
Added Pin To Net: NetName=ESW_TXV_B_P4_N Pin=J10-C31
Added Pin To Net: NetName=ESW_TXV_C_P4_P Pin=J10-C32
Added Pin To Net: NetName=ESW_TXV_C_P4_N Pin=J10-C33
Added Pin To Net: NetName=ESW_TXV_D_P4_P Pin=J10-C34
Added Pin To Net: NetName=ESW_TXV_D_P4_N Pin=J10-C35
Added Pin To Net: NetName=ESW_P4_LED_0 Pin=J10-D1
Added Pin To Net: NetName=ESW_P3_LED_0 Pin=J10-D2
Added Pin To Net: NetName=ESW_P2_LED_0 Pin=J10-D3
Added Pin To Net: NetName=ESW_P1_LED_0 Pin=J10-D4
Added Pin To Net: NetName=ESW_P0_LED_0 Pin=J10-D5
Added Pin To Net: NetName=MODEM_RST Pin=J10-D9
Added Pin To Net: NetName=USR_LED_2 Pin=J10-D10
Added Pin To Net: NetName=GND Pin=J10-D11
Added Pin To Net: NetName=USR_LED_1 Pin=J10-D15
Added Pin To Net: NetName=USR_LED_0 Pin=J10-D16
Added Pin To Net: NetName=BMS_STAT Pin=J10-D17
Added Pin To Net: NetName=BMS_STDBY Pin=J10-D18
Added Pin To Net: NetName=BMS_CHRG Pin=J10-D19
Added Pin To Net: NetName=FAULT_USB3.0 Pin=J10-D20
Added Pin To Net: NetName=SYS_RST Pin=J10-D21
Added Pin To Net: NetName=GND Pin=J10-D22
Added Pin To Net: NetName=UART0_RXD Pin=J10-D23
Added Pin To Net: NetName=UART0_TXD Pin=J10-D24
Added Pin To Net: NetName=PORST_N Pin=J10-D25
Added Pin To Net: NetName=I2C_SCLK Pin=J10-D26
Added Pin To Net: NetName=I2C_SD Pin=J10-D27
Added Pin To Net: NetName=PCIE_TX2_N Pin=J10-D28
Added Pin To Net: NetName=PCIE_TX2_P Pin=J10-D29
Added Pin To Net: NetName=GND Pin=J10-D30
Added Pin To Net: NetName=GND Pin=J10-D31
Added Pin To Net: NetName=GND Pin=J10-D32
Added Pin To Net: NetName=3.3VD Pin=J10-D33
Added Pin To Net: NetName=3.3VD Pin=J10-D34
Added Pin To Net: NetName=3.3VD Pin=J10-D35
Added Member To Class: ClassName=TTP Member=Component J10 SoM
