Removed Pin From Net: NetName=PGND Pin=IC11-4
Added Component: Designator=R118(0603_R)
Add component (AddParameter): Name = "Availability"; Value = "Unavailable"; VariantName = "[No Variations]"
Add component (AddParameter): Name = "MF"; Value = ""; VariantName = "[No Variations]"
Add component (AddParameter): Name = "MP"; Value = "3-1879460-6"; VariantName = "[No Variations]"
Add component (AddParameter): Name = "Package"; Value = "None"; VariantName = "[No Variations]"
Add component (AddParameter): Name = "Price"; Value = "None"; VariantName = "[No Variations]"
Add component (AddParameter): Name = "Value"; Value = ""; VariantName = "[No Variations]"
Added Component: Designator=SB1(SB_0603)
Add component (AddParameter): Name = "Published"; Value = "24-Mar-1999"; VariantName = "[No Variations]"
Add component (AddParameter): Name = "Publisher"; Value = "Altium Limited"; VariantName = "[No Variations]"
Add component (AddParameter): Name = "Revision"; Value = "July-2002: Re-released for DXP Platform."; VariantName = "[No Variations]"
Added Pin To Net: NetName=NetIC11_3 Pin=R118-2
Added Pin To Net: NetName=PGND Pin=SB1-1
Added Pin To Net: NetName=NetIC11_4 Pin=IC11-4
Added Pin To Net: NetName=NetIC11_4 Pin=R118-1
Added Pin To Net: NetName=NetIC11_4 Pin=SB1-2
Added Net: Name=NetIC11_4
Added Member To Class: ClassName=DC_DC_ISO Member=Component R118 NC
Added Member To Class: ClassName=DC_DC_ISO Member=Component SB1 Closed
