Change Component Designator: Old Designator=C23 New Designator=C1
Change Component Designator: Old Designator=C27 New Designator=C2
Change Component Designator: Old Designator=C28 New Designator=C3
Change Component Designator: Old Designator=C29 New Designator=C4
Change Component Designator: Old Designator=C30 New Designator=C5
Change Component Designator: Old Designator=C31 New Designator=C6
Change Component Designator: Old Designator=C32 New Designator=C7
Change Component Designator: Old Designator=C33 New Designator=C8
Change Component Designator: Old Designator=D4 New Designator=D1
Change Component Designator: Old Designator=IC4 New Designator=IC1
Change Component Designator: Old Designator=IC5 New Designator=IC2
Change Component Designator: Old Designator=IC6 New Designator=IC3
Change Component Designator: Old Designator=IC7 New Designator=IC4
Change Component Designator: Old Designator=IC8 New Designator=IC5
Change Component Designator: Old Designator=IC9 New Designator=IC6
Change Component Designator: Old Designator=J? New Designator=J1
Change Component Designator: Old Designator=J? New Designator=J2
Change Component Designator: Old Designator=L3 New Designator=L1
Change Component Designator: Old Designator=P3 New Designator=P1
Change Component Designator: Old Designator=Q4 New Designator=Q1
Change Component Designator: Old Designator=R35 New Designator=R3
Change Component Designator: Old Designator=R37 New Designator=R4
Change Component Designator: Old Designator=R38 New Designator=R5
Change Component Designator: Old Designator=R39 New Designator=R6
Change Component Designator: Old Designator=R40 New Designator=R7
Change Component Designator: Old Designator=R41 New Designator=R8
Change Component Designator: Old Designator=R42 New Designator=R9
Change Component Designator: Old Designator=R43 New Designator=R10
Change Component Designator: Old Designator=R44 New Designator=R11
Change Component Designator: Old Designator=R? New Designator=R1
Change Component Designator: Old Designator=R? New Designator=R2
Change Component Designator: Old Designator=TB4 New Designator=TB1
Change Component Designator: Old Designator=TB5 New Designator=TB2
Change Component Designator: Old Designator=TB6 New Designator=TB3
Change Component Designator: Old Designator=TB7 New Designator=TB4
