Removed Pin From Net: NetName=ND_D2 Pin=CN1-1
Removed Pin From Net: NetName=ND_D3 Pin=CN1-2
Removed Pin From Net: NetName=ND_ALE Pin=CN1-3
Removed Pin From Net: NetName=3.3VD Pin=CN1-4
Removed Pin From Net: NetName=ND_RB_N Pin=CN1-5
Removed Pin From Net: NetName=GND Pin=CN1-6
Removed Pin From Net: NetName=ND_D0 Pin=CN1-7
Removed Pin From Net: NetName=ND_D1 Pin=CN1-8
Removed Pin From Net: NetName=GND Pin=CN1-10
Removed Pin From Net: NetName=GND Pin=CN1-11
Removed Pin From Net: NetName=GND Pin=CN1-12
Removed Pin From Net: NetName=GND Pin=CN1-13
Removed Member From Class: ClassName=uSD Member=CN1
Added Component: Designator=J15(GCT_MEM2052-00-195-00-A_REVA)
Add component (AddParameter): Name = "Availability"; Value = "Not in stock"; VariantName = "[No Variations]"
Add component (AddParameter): Name = "Check_prices"; Value = "https://www.snapeda.com/parts/MEM2052-00-195-00-A/Global+Connector+Technology/view-part/?ref=eda"; VariantName = "[No Variations]"
Add component (AddParameter): Name = "MF"; Value = "Global Connector Technology"; VariantName = "[No Variations]"
Add component (AddParameter): Name = "MP"; Value = "MEM2052-00-195-00-A"; VariantName = "[No Variations]"
Add component (AddParameter): Name = "Package"; Value = "None"; VariantName = "[No Variations]"
Add component (AddParameter): Name = "Price"; Value = "None"; VariantName = "[No Variations]"
Add component (AddParameter): Name = "SnapEDA_Link"; Value = "https://www.snapeda.com/parts/MEM2052-00-195-00-A/Global+Connector+Technology/view-part/?ref=snap"; VariantName = "[No Variations]"
Add component (AddParameter): Name = "Value"; Value = ""; VariantName = "[No Variations]"
Added Pin To Net: NetName=GND Pin=J15-G1
Added Pin To Net: NetName=GND Pin=J15-G2
Added Pin To Net: NetName=GND Pin=J15-G3
Added Pin To Net: NetName=GND Pin=J15-G4
Added Pin To Net: NetName=ND_D2 Pin=J15-P1
Added Pin To Net: NetName=ND_D3 Pin=J15-P2
Added Pin To Net: NetName=ND_ALE Pin=J15-P3
Added Pin To Net: NetName=3.3VD Pin=J15-P4
Added Pin To Net: NetName=ND_RB_N Pin=J15-P5
Added Pin To Net: NetName=GND Pin=J15-P6
Added Pin To Net: NetName=ND_D0 Pin=J15-P7
Added Pin To Net: NetName=ND_D1 Pin=J15-P8
Added Pin To Net: NetName=NetJ15_P9 Pin=J15-P9
Added Pin To Net: NetName=NetJ15_P9 Pin=R10-2
Added Pin To Net: NetName=NetJ15_P9 Pin=R11-2
Added Net: Name=NetJ15_P9
Added Member To Class: ClassName=uSD Member=Component J15 MEM2052-00-195-00-A_REVA
