Removed Pin From Net: NetName=MODEM_RST Pin=R25-2
Change Component Comment : Designator=R25 Old Comment=0R/NI New Comment=10K
Added Component: Designator=Q8(SOT95P240X115-3N)
Add component (AddParameter): Name = "Arrow Part Number"; Value = "MMBT2222A-G"; VariantName = "[No Variations]"
Add component (AddParameter): Name = "Arrow Price/Stock"; Value = "https://www.arrow.com/en/products/mmbt2222a-g/comchip-technology?region=nac"; VariantName = "[No Variations]"
Add component (AddParameter): Name = "Datasheet Link"; Value = "https://datasheet.datasheetarchive.com/originals/distributors/Datasheets-7/DSA-138996.pdf"; VariantName = "[No Variations]"
Add component (AddParameter): Name = "Height"; Value = "1.15mm"; VariantName = "[No Variations]"
Add component (AddParameter): Name = "Manufacturer_Name"; Value = "Comchip Technology"; VariantName = "[No Variations]"
Add component (AddParameter): Name = "Manufacturer_Part_Number"; Value = "MMBT2222A-G"; VariantName = "[No Variations]"
Add component (AddParameter): Name = "Mouser Part Number"; Value = "750-MMBT2222A-G"; VariantName = "[No Variations]"
Add component (AddParameter): Name = "Mouser Price/Stock"; Value = "https://www.mouser.co.uk/ProductDetail/Comchip-Technology/MMBT2222A-G?qs=2qJf6qQ4IOIM%2FSE9iCL8gQ%3D%3D"; VariantName = "[No Variations]"
Added Component: Designator=R119(0402-R)
Added Pin To Net: NetName=GND Pin=Q8-2
Added Pin To Net: NetName=GND Pin=R25-2
Added Pin To Net: NetName=MODEM_RST Pin=R119-1
Added Pin To Net: NetName=NetQ8_1 Pin=Q8-1
Added Pin To Net: NetName=NetQ8_1 Pin=R25-1
Added Pin To Net: NetName=NetQ8_1 Pin=R119-2
Added Net: Name=NetQ8_1
Added Pin To Net: NetName=NetQ8_3 Pin=Q8-3
Added Pin To Net: NetName=NetQ8_3 Pin=U3-22
Added Net: Name=NetQ8_3
Added Member To Class: ClassName=PCIe Slot Member=Component Q8 MMBT2222A-G
Added Member To Class: ClassName=PCIe Slot Member=Component R119 1K
